req_id:1495684332979492,date:2017-05-25 11:52:12,qt:login,msg:query info : null
req_id:1495684357870117,date:2017-05-25 11:52:37,qt:login,msg:db_conf_key db1 Connect success !
req_id:1495684357870117,date:2017-05-25 11:52:37,qt:login,msg:SELECT `id`, `account`, `passwd`, `name`, `parent_id` FROM `eval_department` WHERE account = 'suzhou' 
req_id:1495684357870117,date:2017-05-25 11:52:37,qt:login,msg:query info : null
req_id:1495684367338867,date:2017-05-25 11:52:47,qt:login,msg:db_conf_key db1 Connect success !
req_id:1495684367338867,date:2017-05-25 11:52:47,qt:login,msg:SELECT `id`, `account`, `passwd`, `name`, `parent_id` FROM `eval_department` WHERE account = 'suzhou' 
req_id:1495684367338867,date:2017-05-25 11:52:47,qt:login,msg:query info : null
req_id:1495684367588867,date:2017-05-25 11:52:47,qt:login,msg:query info : null
req_id:1495684367620117,date:2017-05-25 11:52:47,qt:list,msg:db_conf_key db1 Connect success !
req_id:1495684367620117,date:2017-05-25 11:52:47,qt:list,msg:SELECT `id`, `content`, `weight`, `parent_id` FROM `eval_index`
req_id:1495684367620117,date:2017-05-25 11:52:47,qt:list,msg:query info : null
req_id:1495684367682617,date:2017-05-25 11:52:47,qt:navigate,msg:redis connect success
req_id:1495684367682617,date:2017-05-25 11:52:47,qt:navigate,msg:db_conf_key db1 Connect success !
req_id:1495684367682617,date:2017-05-25 11:52:47,qt:navigate,msg:SELECT `id`, `name` FROM `eval_department` WHERE parent_id = '5' 
req_id:1495684367682617,date:2017-05-25 11:52:47,qt:navigate,msg:db_conf_key db1 Connect success !
req_id:1495684367682617,date:2017-05-25 11:52:47,qt:navigate,msg:SELECT `id`, `name` FROM `eval_school`
req_id:1495684367682617,date:2017-05-25 11:52:47,qt:navigate,msg:db_conf_key db1 Connect success !
req_id:1495684367682617,date:2017-05-25 11:52:47,qt:navigate,msg:SELECT distinct `edu_depart_id`, `school_id`, `grade`, `class` FROM `eval_evaluation` WHERE edu_depart_id = '6' 
req_id:1495684367682617,date:2017-05-25 11:52:47,qt:navigate,msg:query info : null
req_id:1495684367776367,date:2017-05-25 11:52:47,qt:login,msg:query info : null
req_id:1495684367823242,date:2017-05-25 11:52:47,qt:evaluation,msg:redis connect success
req_id:1495684367823242,date:2017-05-25 11:52:47,qt:evaluation,msg:db_conf_key db1 Connect success !
req_id:1495684367823242,date:2017-05-25 11:52:47,qt:evaluation,msg:SELECT `id`, `name` FROM `eval_department` WHERE parent_id = '5' 
req_id:1495684367823242,date:2017-05-25 11:52:47,qt:evaluation,msg:db_conf_key db1 Connect success !
req_id:1495684367823242,date:2017-05-25 11:52:47,qt:evaluation,msg:SELECT `score`, `gender`, `test_times`, `edu_depart_id`, `school_id`, `grade`, `class`, `sno` FROM `eval_evaluation` WHERE edu_depart_id = 6  AND test_times = '1' 
req_id:1495684367823242,date:2017-05-25 11:52:47,qt:evaluation,msg:db_conf_key db1 Connect success !
req_id:1495684367823242,date:2017-05-25 11:52:47,qt:evaluation,msg:SELECT `id`, `content`, `weight`, `parent_id` FROM `eval_index`
req_id:1495684367823242,date:2017-05-25 11:52:47,qt:evaluation,msg:query info : null
req_id:1495684368776367,date:2017-05-25 11:52:48,qt:login,msg:query info : null
req_id:1495684384698242,date:2017-05-25 11:53:04,qt:login,msg:query info : null
req_id:1495684384713867,date:2017-05-25 11:53:04,qt:evaluation,msg:redis connect success
req_id:1495684384713867,date:2017-05-25 11:53:04,qt:evaluation,msg:db_conf_key db1 Connect success !
req_id:1495684384713867,date:2017-05-25 11:53:04,qt:evaluation,msg:SELECT `id`, `name` FROM `eval_department` WHERE parent_id = '5' 
req_id:1495684384713867,date:2017-05-25 11:53:04,qt:evaluation,msg:db_conf_key db1 Connect success !
req_id:1495684384713867,date:2017-05-25 11:53:04,qt:evaluation,msg:SELECT `score`, `gender`, `test_times`, `edu_depart_id`, `school_id`, `grade`, `class`, `sno` FROM `eval_evaluation` WHERE edu_depart_id = 6  AND test_times = '1' 
req_id:1495684384713867,date:2017-05-25 11:53:04,qt:evaluation,msg:db_conf_key db1 Connect success !
req_id:1495684384713867,date:2017-05-25 11:53:04,qt:evaluation,msg:SELECT `id`, `name` FROM `eval_school`
req_id:1495684384713867,date:2017-05-25 11:53:04,qt:evaluation,msg:db_conf_key db1 Connect success !
req_id:1495684384713867,date:2017-05-25 11:53:04,qt:evaluation,msg:SELECT `id`, `content`, `weight`, `parent_id` FROM `eval_index`
req_id:1495684384713867,date:2017-05-25 11:53:04,qt:evaluation,msg:query info : null
req_id:1495684414651367,date:2017-05-25 11:53:34,qt:login,msg:query info : null
req_id:1495684414682617,date:2017-05-25 11:53:34,qt:evaluation,msg:redis connect success
req_id:1495684414682617,date:2017-05-25 11:53:34,qt:evaluation,msg:db_conf_key db1 Connect success !
req_id:1495684414682617,date:2017-05-25 11:53:34,qt:evaluation,msg:SELECT `id`, `name` FROM `eval_department` WHERE parent_id = '5' 
req_id:1495684414682617,date:2017-05-25 11:53:34,qt:evaluation,msg:db_conf_key db1 Connect success !
req_id:1495684414682617,date:2017-05-25 11:53:34,qt:evaluation,msg:SELECT `score`, `gender`, `test_times`, `edu_depart_id`, `school_id`, `grade`, `class`, `sno` FROM `eval_evaluation` WHERE edu_depart_id = 6  AND test_times = '1' 
req_id:1495684414682617,date:2017-05-25 11:53:34,qt:evaluation,msg:db_conf_key db1 Connect success !
req_id:1495684414682617,date:2017-05-25 11:53:34,qt:evaluation,msg:SELECT `id`, `name` FROM `eval_school`
req_id:1495684414682617,date:2017-05-25 11:53:34,qt:evaluation,msg:db_conf_key db1 Connect success !
req_id:1495684414682617,date:2017-05-25 11:53:34,qt:evaluation,msg:SELECT `id`, `content`, `weight`, `parent_id` FROM `eval_index`
req_id:1495684414682617,date:2017-05-25 11:53:34,qt:evaluation,msg:query info : null
