req_id:1505619038714726,date:2017-09-17 11:30:38,qt:login,msg:query info : null
req_id:1505619042105351,date:2017-09-17 11:30:42,qt:login,msg:db_conf_key db1 Connect success !
req_id:1505619042105351,date:2017-09-17 11:30:42,qt:login,msg:SELECT `id`, `account`, `passwd`, `name`, `parent_id` FROM `eval_department` WHERE account = 'yanshi' 
req_id:1505619042105351,date:2017-09-17 11:30:42,qt:login,msg:query info : null
req_id:1505619042230351,date:2017-09-17 11:30:42,qt:login,msg:query info : null
req_id:1505619042261601,date:2017-09-17 11:30:42,qt:list,msg:db_conf_key db1 Connect success !
req_id:1505619042261601,date:2017-09-17 11:30:42,qt:list,msg:SELECT `id`, `content`, `weight`, `parent_id` FROM `eval_index`
req_id:1505619042261601,date:2017-09-17 11:30:42,qt:list,msg:query info : null
req_id:1505619042292851,date:2017-09-17 11:30:42,qt:navigate,msg:redis connect success
req_id:1505619042292851,date:2017-09-17 11:30:42,qt:navigate,msg:db_conf_key db1 Connect success !
req_id:1505619042292851,date:2017-09-17 11:30:42,qt:navigate,msg:SELECT `id`, `name` FROM `eval_department` WHERE parent_id = '5' 
req_id:1505619042292851,date:2017-09-17 11:30:42,qt:navigate,msg:db_conf_key db1 Connect success !
req_id:1505619042292851,date:2017-09-17 11:30:42,qt:navigate,msg:SELECT `id`, `name` FROM `eval_school`
req_id:1505619042292851,date:2017-09-17 11:30:42,qt:navigate,msg:db_conf_key db1 Connect success !
req_id:1505619042292851,date:2017-09-17 11:30:42,qt:navigate,msg:SELECT distinct `edu_depart_id`, `school_id`, `grade`, `class` FROM `eval_evaluation` WHERE edu_depart_id = '6' 
req_id:1505619042292851,date:2017-09-17 11:30:42,qt:navigate,msg:query info : null
req_id:1505619042386601,date:2017-09-17 11:30:42,qt:login,msg:query info : null
req_id:1505619042402226,date:2017-09-17 11:30:42,qt:evaluation,msg:redis connect success
req_id:1505619042402226,date:2017-09-17 11:30:42,qt:evaluation,msg:db_conf_key db1 Connect success !
req_id:1505619042402226,date:2017-09-17 11:30:42,qt:evaluation,msg:SELECT `id`, `name` FROM `eval_department` WHERE parent_id = '5' 
req_id:1505619042402226,date:2017-09-17 11:30:42,qt:evaluation,msg:db_conf_key db1 Connect success !
req_id:1505619042402226,date:2017-09-17 11:30:42,qt:evaluation,msg:SELECT `score`, `gender`, `test_times`, `edu_depart_id`, `school_id`, `grade`, `class`, `sno` FROM `eval_evaluation` WHERE edu_depart_id = 6  AND test_times = '1' 
req_id:1505619042402226,date:2017-09-17 11:30:42,qt:evaluation,msg:db_conf_key db1 Connect success !
req_id:1505619042402226,date:2017-09-17 11:30:42,qt:evaluation,msg:SELECT `id`, `content`, `weight`, `parent_id` FROM `eval_index`
req_id:1505619042402226,date:2017-09-17 11:30:42,qt:evaluation,msg:query info : null
req_id:150561904358476,date:2017-09-17 11:30:43,qt:login,msg:query info : null
req_id:1505626279417851,date:2017-09-17 13:31:19,qt:login,msg:query info : null
req_id:1505626290386601,date:2017-09-17 13:31:30,qt:login,msg:db_conf_key db1 Connect success !
req_id:1505626290386601,date:2017-09-17 13:31:30,qt:login,msg:SELECT `id`, `account`, `passwd`, `name`, `parent_id` FROM `eval_department` WHERE account = 'yanshi' 
req_id:1505626290386601,date:2017-09-17 13:31:30,qt:login,msg:query info : null
req_id:1505626296683476,date:2017-09-17 13:31:36,qt:login,msg:db_conf_key db1 Connect success !
req_id:1505626296683476,date:2017-09-17 13:31:36,qt:login,msg:SELECT `id`, `account`, `passwd`, `name`, `parent_id` FROM `eval_department` WHERE account = 'yanshi' 
req_id:1505626296683476,date:2017-09-17 13:31:36,qt:login,msg:query info : null
req_id:1505629232949101,date:2017-09-17 14:20:32,qt:login,msg:db_conf_key db1 Connect success !
req_id:1505629232949101,date:2017-09-17 14:20:32,qt:login,msg:SELECT `id`, `account`, `passwd`, `name`, `parent_id` FROM `eval_department` WHERE account = 'yanshi' 
req_id:1505629232949101,date:2017-09-17 14:20:32,qt:login,msg:query info : null
req_id:1505629245245976,date:2017-09-17 14:20:45,qt:login,msg:db_conf_key db1 Connect success !
req_id:1505629245245976,date:2017-09-17 14:20:45,qt:login,msg:SELECT `id`, `account`, `passwd`, `name`, `parent_id` FROM `eval_department` WHERE account = 'yanshi' 
req_id:1505629245245976,date:2017-09-17 14:20:45,qt:login,msg:query info : null
req_id:1505632795386601,date:2017-09-17 15:19:55,qt:login,msg:db_conf_key db1 Connect success !
req_id:1505632795386601,date:2017-09-17 15:19:55,qt:login,msg:SELECT `id`, `account`, `passwd`, `name`, `parent_id` FROM `eval_department` WHERE account = 'yanshi' 
req_id:1505632795386601,date:2017-09-17 15:19:55,qt:login,msg:query info : null
req_id:1505632804386601,date:2017-09-17 15:20:04,qt:login,msg:db_conf_key db1 Connect success !
req_id:1505632804386601,date:2017-09-17 15:20:04,qt:login,msg:SELECT `id`, `account`, `passwd`, `name`, `parent_id` FROM `eval_department` WHERE account = 'yanshi' 
req_id:1505632804386601,date:2017-09-17 15:20:04,qt:login,msg:query info : null
req_id:1505632804652226,date:2017-09-17 15:20:04,qt:login,msg:query info : null
req_id:1505632804667851,date:2017-09-17 15:20:04,qt:list,msg:db_conf_key db1 Connect success !
req_id:1505632804667851,date:2017-09-17 15:20:04,qt:list,msg:SELECT `id`, `content`, `weight`, `parent_id` FROM `eval_index`
req_id:1505632804667851,date:2017-09-17 15:20:04,qt:list,msg:query info : null
req_id:1505632804714726,date:2017-09-17 15:20:04,qt:navigate,msg:redis connect success
req_id:1505632804714726,date:2017-09-17 15:20:04,qt:navigate,msg:db_conf_key db1 Connect success !
req_id:1505632804714726,date:2017-09-17 15:20:04,qt:navigate,msg:SELECT `id`, `name` FROM `eval_department` WHERE parent_id = '5' 
req_id:1505632804714726,date:2017-09-17 15:20:04,qt:navigate,msg:db_conf_key db1 Connect success !
req_id:1505632804714726,date:2017-09-17 15:20:04,qt:navigate,msg:SELECT `id`, `name` FROM `eval_school`
req_id:1505632804714726,date:2017-09-17 15:20:04,qt:navigate,msg:db_conf_key db1 Connect success !
req_id:1505632804714726,date:2017-09-17 15:20:04,qt:navigate,msg:SELECT distinct `edu_depart_id`, `school_id`, `grade`, `class` FROM `eval_evaluation` WHERE edu_depart_id = '6' 
req_id:1505632804714726,date:2017-09-17 15:20:04,qt:navigate,msg:query info : null
req_id:1505632804792851,date:2017-09-17 15:20:04,qt:login,msg:query info : null
req_id:1505632804808476,date:2017-09-17 15:20:04,qt:evaluation,msg:redis connect success
req_id:1505632804808476,date:2017-09-17 15:20:04,qt:evaluation,msg:db_conf_key db1 Connect success !
req_id:1505632804808476,date:2017-09-17 15:20:04,qt:evaluation,msg:SELECT `id`, `name` FROM `eval_department` WHERE parent_id = '5' 
req_id:1505632804808476,date:2017-09-17 15:20:04,qt:evaluation,msg:db_conf_key db1 Connect success !
req_id:1505632804808476,date:2017-09-17 15:20:04,qt:evaluation,msg:SELECT `score`, `gender`, `test_times`, `edu_depart_id`, `school_id`, `grade`, `class`, `sno` FROM `eval_evaluation` WHERE edu_depart_id = 6  AND test_times = '1' 
req_id:1505632804808476,date:2017-09-17 15:20:04,qt:evaluation,msg:db_conf_key db1 Connect success !
req_id:1505632804808476,date:2017-09-17 15:20:04,qt:evaluation,msg:SELECT `id`, `content`, `weight`, `parent_id` FROM `eval_index`
req_id:1505632804808476,date:2017-09-17 15:20:04,qt:evaluation,msg:query info : null
req_id:1505632805292851,date:2017-09-17 15:20:05,qt:login,msg:query info : null
req_id:1505632832667851,date:2017-09-17 15:20:32,qt:login,msg:query info : null
req_id:1505632832683476,date:2017-09-17 15:20:32,qt:evaluation,msg:redis connect success
req_id:1505632832683476,date:2017-09-17 15:20:32,qt:evaluation,msg:db_conf_key db1 Connect success !
req_id:1505632832683476,date:2017-09-17 15:20:32,qt:evaluation,msg:SELECT `id`, `name` FROM `eval_department` WHERE parent_id = '5' 
req_id:1505632832683476,date:2017-09-17 15:20:32,qt:evaluation,msg:db_conf_key db1 Connect success !
req_id:1505632832683476,date:2017-09-17 15:20:32,qt:evaluation,msg:SELECT `score`, `gender`, `test_times`, `edu_depart_id`, `school_id`, `grade`, `class`, `sno` FROM `eval_evaluation` WHERE edu_depart_id = 6  AND test_times = '1' 
req_id:1505632832683476,date:2017-09-17 15:20:32,qt:evaluation,msg:db_conf_key db1 Connect success !
req_id:1505632832683476,date:2017-09-17 15:20:32,qt:evaluation,msg:SELECT `id`, `content`, `weight`, `parent_id` FROM `eval_index`
req_id:1505632832683476,date:2017-09-17 15:20:32,qt:evaluation,msg:query info : null
req_id:1505632862183476,date:2017-09-17 15:21:02,qt:login,msg:query info : null
req_id:1505632862230351,date:2017-09-17 15:21:02,qt:list,msg:db_conf_key db1 Connect success !
req_id:1505632862230351,date:2017-09-17 15:21:02,qt:list,msg:SELECT `id`, `content`, `weight`, `parent_id` FROM `eval_index`
req_id:1505632862230351,date:2017-09-17 15:21:02,qt:list,msg:query info : null
req_id:1505632862292851,date:2017-09-17 15:21:02,qt:navigate,msg:redis connect success
req_id:1505632862292851,date:2017-09-17 15:21:02,qt:navigate,msg:query info : null
req_id:1505632862417851,date:2017-09-17 15:21:02,qt:login,msg:query info : null
req_id:1505633113480351,date:2017-09-17 15:25:13,qt:login,msg:query info : null
req_id:1505633113495976,date:2017-09-17 15:25:13,qt:list,msg:db_conf_key db1 Connect success !
req_id:1505633113495976,date:2017-09-17 15:25:13,qt:list,msg:SELECT `id`, `content`, `weight`, `parent_id` FROM `eval_index`
req_id:1505633113495976,date:2017-09-17 15:25:13,qt:list,msg:query info : null
req_id:1505633113511601,date:2017-09-17 15:25:13,qt:navigate,msg:redis connect success
req_id:1505633113511601,date:2017-09-17 15:25:13,qt:navigate,msg:query info : null
req_id:1505633113542851,date:2017-09-17 15:25:13,qt:login,msg:query info : null
req_id:1505633113542851,date:2017-09-17 15:25:13,qt:evaluation,msg:redis connect success
req_id:1505633113542851,date:2017-09-17 15:25:13,qt:evaluation,msg:query info : null
req_id:1505633113714726,date:2017-09-17 15:25:13,qt:login,msg:query info : null
