req_id:1507881792999563,date:2017-10-13 16:03:13,qt:login,msg:query info : null
req_id:1507881807563084,date:2017-10-13 16:03:27,qt:login,msg:db_conf_key db1 Connect success !
req_id:1507881807563084,date:2017-10-13 16:03:27,qt:login,msg:SELECT `id`, `account`, `passwd`, `name`, `parent_id` FROM `eval_department` WHERE account = 'yanshi' 
req_id:1507881807563084,date:2017-10-13 16:03:27,qt:login,msg:query info : null
req_id:1507881807689728,date:2017-10-13 16:03:27,qt:login,msg:query info : null
req_id:1507881807699879,date:2017-10-13 16:03:27,qt:list,msg:db_conf_key db1 Connect success !
req_id:1507881807699879,date:2017-10-13 16:03:27,qt:list,msg:SELECT `id`, `content`, `weight`, `parent_id` FROM `eval_index`
req_id:1507881807699879,date:2017-10-13 16:03:27,qt:list,msg:query info : null
req_id:1507881807776649,date:2017-10-13 16:03:27,qt:navigate,msg:redis connect success
req_id:1507881807776649,date:2017-10-13 16:03:27,qt:navigate,msg:db_conf_key db1 Connect success !
req_id:1507881807776649,date:2017-10-13 16:03:27,qt:navigate,msg:SELECT `id`, `name` FROM `eval_department` WHERE parent_id = '5' 
req_id:1507881807776649,date:2017-10-13 16:03:27,qt:navigate,msg:db_conf_key db1 Connect success !
req_id:1507881807776649,date:2017-10-13 16:03:27,qt:navigate,msg:SELECT `id`, `name` FROM `eval_school`
req_id:1507881807776649,date:2017-10-13 16:03:27,qt:navigate,msg:db_conf_key db1 Connect success !
req_id:1507881807776649,date:2017-10-13 16:03:27,qt:navigate,msg:SELECT distinct `edu_depart_id`, `school_id`, `grade`, `class` FROM `eval_evaluation` WHERE edu_depart_id = '6' 
req_id:1507881807776649,date:2017-10-13 16:03:27,qt:navigate,msg:query info : null
req_id:1507881807924263,date:2017-10-13 16:03:27,qt:login,msg:query info : null
req_id:1507881807935425,date:2017-10-13 16:03:27,qt:evaluation,msg:redis connect success
req_id:1507881807935425,date:2017-10-13 16:03:28,qt:evaluation,msg:db_conf_key db1 Connect success !
req_id:1507881807935425,date:2017-10-13 16:03:28,qt:evaluation,msg:SELECT `id`, `name` FROM `eval_department` WHERE parent_id = '5' 
req_id:1507881807935425,date:2017-10-13 16:03:28,qt:evaluation,msg:db_conf_key db1 Connect success !
req_id:1507881807935425,date:2017-10-13 16:03:28,qt:evaluation,msg:SELECT `score`, `gender`, `test_times`, `edu_depart_id`, `school_id`, `grade`, `class`, `sno` FROM `eval_evaluation` WHERE edu_depart_id = 6  AND test_times = '1' 
req_id:1507881807935425,date:2017-10-13 16:03:28,qt:evaluation,msg:db_conf_key db1 Connect success !
req_id:1507881807935425,date:2017-10-13 16:03:28,qt:evaluation,msg:SELECT `id`, `content`, `weight`, `parent_id` FROM `eval_index`
req_id:1507881807935425,date:2017-10-13 16:03:28,qt:evaluation,msg:query info : null
req_id:1507881808992931,date:2017-10-13 16:03:28,qt:login,msg:query info : null
req_id:1507881840344739,date:2017-10-13 16:04:00,qt:login,msg:query info : null
req_id:1507881840359253,date:2017-10-13 16:04:00,qt:list,msg:db_conf_key db1 Connect success !
req_id:1507881840359253,date:2017-10-13 16:04:00,qt:list,msg:SELECT `id`, `content`, `weight`, `parent_id` FROM `eval_index`
req_id:1507881840359253,date:2017-10-13 16:04:00,qt:list,msg:query info : null
req_id:1507881840381198,date:2017-10-13 16:04:00,qt:navigate,msg:redis connect success
req_id:1507881840381198,date:2017-10-13 16:04:00,qt:navigate,msg:query info : null
req_id:1507881840397351,date:2017-10-13 16:04:00,qt:evaluation,msg:redis connect success
req_id:1507881840397351,date:2017-10-13 16:04:00,qt:evaluation,msg:db_conf_key db1 Connect success !
req_id:1507881840397351,date:2017-10-13 16:04:00,qt:evaluation,msg:SELECT `id`, `name` FROM `eval_department` WHERE parent_id = '5' 
req_id:1507881840397351,date:2017-10-13 16:04:00,qt:evaluation,msg:db_conf_key db1 Connect success !
req_id:1507881840397351,date:2017-10-13 16:04:00,qt:evaluation,msg:SELECT `score`, `gender`, `test_times`, `edu_depart_id`, `school_id`, `grade`, `class`, `sno` FROM `eval_evaluation` WHERE edu_depart_id = 6  AND test_times = '1' 
req_id:1507881840397351,date:2017-10-13 16:04:00,qt:evaluation,msg:db_conf_key db1 Connect success !
req_id:1507881840397351,date:2017-10-13 16:04:00,qt:evaluation,msg:SELECT `id`, `content`, `weight`, `parent_id` FROM `eval_index`
req_id:1507881840397351,date:2017-10-13 16:04:00,qt:evaluation,msg:query info : null
req_id:1507881840494242,date:2017-10-13 16:04:00,qt:login,msg:query info : null
req_id:1507881867823294,date:2017-10-13 16:04:27,qt:login,msg:query info : null
req_id:1507881867835475,date:2017-10-13 16:04:27,qt:list,msg:db_conf_key db1 Connect success !
req_id:1507881867835475,date:2017-10-13 16:04:27,qt:list,msg:SELECT `id`, `content`, `weight`, `parent_id` FROM `eval_index`
req_id:1507881867835475,date:2017-10-13 16:04:27,qt:list,msg:query info : null
req_id:1507881867856767,date:2017-10-13 16:04:27,qt:navigate,msg:redis connect success
req_id:1507881867856767,date:2017-10-13 16:04:27,qt:navigate,msg:query info : null
req_id:1507881867877014,date:2017-10-13 16:04:27,qt:login,msg:query info : null
req_id:1507881867886675,date:2017-10-13 16:04:27,qt:evaluation,msg:redis connect success
req_id:1507881867886675,date:2017-10-13 16:04:27,qt:evaluation,msg:query info : null
req_id:1507881868101338,date:2017-10-13 16:04:28,qt:login,msg:query info : null
