req_id:1504178608782828,date:2017-08-31 19:23:28,qt:login,msg:query info : null
req_id:1504178623298453,date:2017-08-31 19:23:43,qt:login,msg:db_conf_key db1 Connect success !
req_id:1504178623298453,date:2017-08-31 19:23:43,qt:login,msg:SELECT `id`, `account`, `passwd`, `name`, `parent_id` FROM `eval_department` WHERE account = 'yanshi' 
req_id:1504178623298453,date:2017-08-31 19:23:43,qt:login,msg:query info : null
req_id:1504178623532828,date:2017-08-31 19:23:43,qt:login,msg:query info : null
req_id:1504178623548453,date:2017-08-31 19:23:43,qt:list,msg:db_conf_key db1 Connect success !
req_id:1504178623548453,date:2017-08-31 19:23:43,qt:list,msg:SELECT `id`, `content`, `weight`, `parent_id` FROM `eval_index`
req_id:1504178623548453,date:2017-08-31 19:23:43,qt:list,msg:query info : null
req_id:1504178623626578,date:2017-08-31 19:23:43,qt:navigate,msg:redis connect success
req_id:1504178623626578,date:2017-08-31 19:23:43,qt:navigate,msg:db_conf_key db1 Connect success !
req_id:1504178623626578,date:2017-08-31 19:23:43,qt:navigate,msg:SELECT `id`, `name` FROM `eval_department` WHERE parent_id = '5' 
req_id:1504178623626578,date:2017-08-31 19:23:43,qt:navigate,msg:db_conf_key db1 Connect success !
req_id:1504178623626578,date:2017-08-31 19:23:43,qt:navigate,msg:SELECT `id`, `name` FROM `eval_school`
req_id:1504178623626578,date:2017-08-31 19:23:43,qt:navigate,msg:db_conf_key db1 Connect success !
req_id:1504178623626578,date:2017-08-31 19:23:43,qt:navigate,msg:SELECT distinct `edu_depart_id`, `school_id`, `grade`, `class` FROM `eval_evaluation` WHERE edu_depart_id = '6' 
req_id:1504178623626578,date:2017-08-31 19:23:43,qt:navigate,msg:query info : null
req_id:1504178623720328,date:2017-08-31 19:23:43,qt:login,msg:query info : null
req_id:1504178623720328,date:2017-08-31 19:23:43,qt:evaluation,msg:redis connect success
req_id:1504178623720328,date:2017-08-31 19:23:43,qt:evaluation,msg:db_conf_key db1 Connect success !
req_id:1504178623720328,date:2017-08-31 19:23:43,qt:evaluation,msg:SELECT `id`, `name` FROM `eval_department` WHERE parent_id = '5' 
req_id:1504178623720328,date:2017-08-31 19:23:43,qt:evaluation,msg:db_conf_key db1 Connect success !
req_id:1504178623720328,date:2017-08-31 19:23:43,qt:evaluation,msg:SELECT `score`, `gender`, `test_times`, `edu_depart_id`, `school_id`, `grade`, `class`, `sno` FROM `eval_evaluation` WHERE edu_depart_id = 6  AND test_times = '1' 
req_id:1504178623720328,date:2017-08-31 19:23:43,qt:evaluation,msg:db_conf_key db1 Connect success !
req_id:1504178623720328,date:2017-08-31 19:23:43,qt:evaluation,msg:SELECT `id`, `content`, `weight`, `parent_id` FROM `eval_index`
req_id:1504178623720328,date:2017-08-31 19:23:43,qt:evaluation,msg:query info : null
req_id:1504178624282828,date:2017-08-31 19:23:44,qt:login,msg:query info : null
req_id:1504178632407828,date:2017-08-31 19:23:52,qt:login,msg:query info : null
req_id:1504178632423453,date:2017-08-31 19:23:52,qt:evaluation,msg:redis connect success
req_id:1504178632423453,date:2017-08-31 19:23:52,qt:evaluation,msg:db_conf_key db1 Connect success !
req_id:1504178632423453,date:2017-08-31 19:23:52,qt:evaluation,msg:SELECT `id`, `name` FROM `eval_department` WHERE parent_id = '5' 
req_id:1504178632423453,date:2017-08-31 19:23:52,qt:evaluation,msg:db_conf_key db1 Connect success !
req_id:1504178632423453,date:2017-08-31 19:23:52,qt:evaluation,msg:SELECT `score`, `gender`, `test_times`, `edu_depart_id`, `school_id`, `grade`, `class`, `sno` FROM `eval_evaluation` WHERE edu_depart_id = 6  AND test_times = '1' 
req_id:1504178632423453,date:2017-08-31 19:23:52,qt:evaluation,msg:db_conf_key db1 Connect success !
req_id:1504178632423453,date:2017-08-31 19:23:52,qt:evaluation,msg:SELECT `id`, `content`, `weight`, `parent_id` FROM `eval_index`
req_id:1504178632423453,date:2017-08-31 19:23:52,qt:evaluation,msg:query info : null
req_id:1504178643751578,date:2017-08-31 19:24:03,qt:login,msg:query info : null
req_id:1504178643767203,date:2017-08-31 19:24:03,qt:evaluation,msg:redis connect success
req_id:1504178643767203,date:2017-08-31 19:24:03,qt:evaluation,msg:db_conf_key db1 Connect success !
req_id:1504178643767203,date:2017-08-31 19:24:03,qt:evaluation,msg:SELECT `id`, `name` FROM `eval_department` WHERE parent_id = '5' 
req_id:1504178643767203,date:2017-08-31 19:24:03,qt:evaluation,msg:db_conf_key db1 Connect success !
req_id:1504178643767203,date:2017-08-31 19:24:03,qt:evaluation,msg:SELECT `score`, `gender`, `test_times`, `edu_depart_id`, `school_id`, `grade`, `class`, `sno` FROM `eval_evaluation` WHERE edu_depart_id = 6  AND test_times = '1' 
req_id:1504178643767203,date:2017-08-31 19:24:03,qt:evaluation,msg:db_conf_key db1 Connect success !
req_id:1504178643767203,date:2017-08-31 19:24:03,qt:evaluation,msg:SELECT `id`, `content`, `weight`, `parent_id` FROM `eval_index`
req_id:1504178643767203,date:2017-08-31 19:24:03,qt:evaluation,msg:query info : null
req_id:1504178654532828,date:2017-08-31 19:24:14,qt:login,msg:query info : null
req_id:1504178654532828,date:2017-08-31 19:24:14,qt:evaluation,msg:redis connect success
req_id:1504178654532828,date:2017-08-31 19:24:14,qt:evaluation,msg:db_conf_key db1 Connect success !
req_id:1504178654532828,date:2017-08-31 19:24:14,qt:evaluation,msg:SELECT `id`, `name` FROM `eval_department` WHERE parent_id = '5' 
req_id:1504178654532828,date:2017-08-31 19:24:14,qt:evaluation,msg:db_conf_key db1 Connect success !
req_id:1504178654532828,date:2017-08-31 19:24:14,qt:evaluation,msg:SELECT `score`, `gender`, `test_times`, `edu_depart_id`, `school_id`, `grade`, `class`, `sno` FROM `eval_evaluation` WHERE edu_depart_id = 6  AND test_times = '1' 
req_id:1504178654532828,date:2017-08-31 19:24:14,qt:evaluation,msg:db_conf_key db1 Connect success !
req_id:1504178654532828,date:2017-08-31 19:24:14,qt:evaluation,msg:SELECT `id`, `content`, `weight`, `parent_id` FROM `eval_index`
req_id:1504178654532828,date:2017-08-31 19:24:14,qt:evaluation,msg:query info : null
req_id:1504178658251578,date:2017-08-31 19:24:18,qt:login,msg:query info : null
req_id:1504178658267203,date:2017-08-31 19:24:18,qt:evaluation,msg:redis connect success
req_id:1504178658267203,date:2017-08-31 19:24:18,qt:evaluation,msg:query info : null
req_id:150417866164078,date:2017-08-31 19:24:21,qt:login,msg:query info : null
req_id:150417866179703,date:2017-08-31 19:24:21,qt:list,msg:db_conf_key db1 Connect success !
req_id:150417866179703,date:2017-08-31 19:24:21,qt:list,msg:SELECT `id`, `content`, `weight`, `parent_id` FROM `eval_index`
req_id:150417866179703,date:2017-08-31 19:24:21,qt:list,msg:query info : null
req_id:150417866195328,date:2017-08-31 19:24:21,qt:navigate,msg:redis connect success
req_id:150417866195328,date:2017-08-31 19:24:21,qt:navigate,msg:query info : null
req_id:1504178661110953,date:2017-08-31 19:24:21,qt:evaluation,msg:redis connect success
req_id:1504178661110953,date:2017-08-31 19:24:21,qt:evaluation,msg:db_conf_key db1 Connect success !
req_id:1504178661110953,date:2017-08-31 19:24:21,qt:evaluation,msg:SELECT `id`, `name` FROM `eval_department` WHERE parent_id = '5' 
req_id:1504178661110953,date:2017-08-31 19:24:21,qt:evaluation,msg:db_conf_key db1 Connect success !
req_id:1504178661110953,date:2017-08-31 19:24:21,qt:evaluation,msg:SELECT `score`, `gender`, `test_times`, `edu_depart_id`, `school_id`, `grade`, `class`, `sno` FROM `eval_evaluation` WHERE edu_depart_id = 6  AND test_times = '1' 
req_id:1504178661110953,date:2017-08-31 19:24:21,qt:evaluation,msg:db_conf_key db1 Connect success !
req_id:1504178661110953,date:2017-08-31 19:24:21,qt:evaluation,msg:SELECT `id`, `content`, `weight`, `parent_id` FROM `eval_index`
req_id:1504178661110953,date:2017-08-31 19:24:21,qt:evaluation,msg:query info : null
req_id:1504178661329703,date:2017-08-31 19:24:21,qt:login,msg:query info : null
req_id:1504178668579703,date:2017-08-31 19:24:28,qt:evaluation,msg:redis connect success
req_id:1504178668579703,date:2017-08-31 19:24:28,qt:evaluation,msg:db_conf_key db1 Connect success !
req_id:1504178668579703,date:2017-08-31 19:24:28,qt:evaluation,msg:SELECT `id`, `name` FROM `eval_department` WHERE parent_id = '5' 
req_id:1504178668579703,date:2017-08-31 19:24:28,qt:evaluation,msg:db_conf_key db1 Connect success !
req_id:1504178668579703,date:2017-08-31 19:24:28,qt:evaluation,msg:SELECT `score`, `gender`, `test_times`, `edu_depart_id`, `school_id`, `grade`, `class`, `sno` FROM `eval_evaluation` WHERE edu_depart_id = 6  AND test_times = '1' 
req_id:1504178668579703,date:2017-08-31 19:24:28,qt:evaluation,msg:db_conf_key db1 Connect success !
req_id:1504178668579703,date:2017-08-31 19:24:28,qt:evaluation,msg:SELECT `id`, `content`, `weight`, `parent_id` FROM `eval_index`
req_id:1504178668579703,date:2017-08-31 19:24:28,qt:evaluation,msg:query info : null
req_id:1504178670751578,date:2017-08-31 19:24:30,qt:evaluation,msg:redis connect success
req_id:1504178670751578,date:2017-08-31 19:24:30,qt:evaluation,msg:db_conf_key db1 Connect success !
req_id:1504178670751578,date:2017-08-31 19:24:30,qt:evaluation,msg:SELECT `id`, `name` FROM `eval_department` WHERE parent_id = '5' 
req_id:1504178670751578,date:2017-08-31 19:24:30,qt:evaluation,msg:db_conf_key db1 Connect success !
req_id:1504178670751578,date:2017-08-31 19:24:30,qt:evaluation,msg:SELECT `score`, `gender`, `test_times`, `edu_depart_id`, `school_id`, `grade`, `class`, `sno` FROM `eval_evaluation` WHERE edu_depart_id = 6  AND test_times = '1' 
req_id:1504178670751578,date:2017-08-31 19:24:30,qt:evaluation,msg:db_conf_key db1 Connect success !
req_id:1504178670751578,date:2017-08-31 19:24:30,qt:evaluation,msg:SELECT `id`, `content`, `weight`, `parent_id` FROM `eval_index`
req_id:1504178670751578,date:2017-08-31 19:24:30,qt:evaluation,msg:query info : null
req_id:1504178673189078,date:2017-08-31 19:24:33,qt:evaluation,msg:redis connect success
req_id:1504178673189078,date:2017-08-31 19:24:33,qt:evaluation,msg:db_conf_key db1 Connect success !
req_id:1504178673189078,date:2017-08-31 19:24:33,qt:evaluation,msg:SELECT `id`, `name` FROM `eval_department` WHERE parent_id = '5' 
req_id:1504178673189078,date:2017-08-31 19:24:33,qt:evaluation,msg:db_conf_key db1 Connect success !
req_id:1504178673189078,date:2017-08-31 19:24:33,qt:evaluation,msg:SELECT `score`, `gender`, `test_times`, `edu_depart_id`, `school_id`, `grade`, `class`, `sno` FROM `eval_evaluation` WHERE edu_depart_id = 6  AND test_times = '1' 
req_id:1504178673189078,date:2017-08-31 19:24:33,qt:evaluation,msg:db_conf_key db1 Connect success !
req_id:1504178673189078,date:2017-08-31 19:24:33,qt:evaluation,msg:SELECT `id`, `name` FROM `eval_school`
req_id:1504178673189078,date:2017-08-31 19:24:33,qt:evaluation,msg:db_conf_key db1 Connect success !
req_id:1504178673189078,date:2017-08-31 19:24:33,qt:evaluation,msg:SELECT `id`, `content`, `weight`, `parent_id` FROM `eval_index`
req_id:1504178673189078,date:2017-08-31 19:24:33,qt:evaluation,msg:query info : null
req_id:150417867632828,date:2017-08-31 19:24:36,qt:evaluation,msg:redis connect success
req_id:150417867632828,date:2017-08-31 19:24:36,qt:evaluation,msg:db_conf_key db1 Connect success !
req_id:150417867632828,date:2017-08-31 19:24:36,qt:evaluation,msg:SELECT `id`, `name` FROM `eval_department` WHERE parent_id = '5' 
req_id:150417867632828,date:2017-08-31 19:24:36,qt:evaluation,msg:db_conf_key db1 Connect success !
req_id:150417867632828,date:2017-08-31 19:24:36,qt:evaluation,msg:SELECT `score`, `gender`, `test_times`, `edu_depart_id`, `school_id`, `grade`, `class`, `sno` FROM `eval_evaluation` WHERE edu_depart_id = 6  AND test_times = '1' 
req_id:150417867632828,date:2017-08-31 19:24:36,qt:evaluation,msg:db_conf_key db1 Connect success !
req_id:150417867632828,date:2017-08-31 19:24:36,qt:evaluation,msg:SELECT `id`, `name` FROM `eval_department` WHERE parent_id = '5' 
req_id:150417867632828,date:2017-08-31 19:24:36,qt:evaluation,msg:db_conf_key db1 Connect success !
req_id:150417867632828,date:2017-08-31 19:24:36,qt:evaluation,msg:SELECT `id`, `content`, `weight`, `parent_id` FROM `eval_index`
req_id:150417867632828,date:2017-08-31 19:24:36,qt:evaluation,msg:query info : null
req_id:1504178679282828,date:2017-08-31 19:24:39,qt:evaluation,msg:redis connect success
req_id:1504178679282828,date:2017-08-31 19:24:39,qt:evaluation,msg:query info : null
req_id:1504178681798453,date:2017-08-31 19:24:41,qt:evaluation,msg:redis connect success
req_id:1504178681798453,date:2017-08-31 19:24:41,qt:evaluation,msg:query info : null
req_id:150417869264078,date:2017-08-31 19:24:52,qt:evaluation,msg:redis connect success
req_id:150417869264078,date:2017-08-31 19:24:52,qt:evaluation,msg:query info : null
req_id:1504178693314078,date:2017-08-31 19:24:53,qt:evaluation,msg:redis connect success
req_id:1504178693314078,date:2017-08-31 19:24:53,qt:evaluation,msg:query info : null
req_id:150417869417203,date:2017-08-31 19:24:54,qt:evaluation,msg:redis connect success
req_id:150417869417203,date:2017-08-31 19:24:54,qt:evaluation,msg:query info : null
req_id:1504178694423453,date:2017-08-31 19:24:54,qt:evaluation,msg:redis connect success
req_id:1504178694423453,date:2017-08-31 19:24:54,qt:evaluation,msg:query info : null
req_id:1504178696220328,date:2017-08-31 19:24:56,qt:evaluation,msg:redis connect success
req_id:1504178696220328,date:2017-08-31 19:24:56,qt:evaluation,msg:query info : null
req_id:1504178701314078,date:2017-08-31 19:25:01,qt:login,msg:query info : null
req_id:1504178701329703,date:2017-08-31 19:25:01,qt:result,msg:redis connect success
req_id:1504178701329703,date:2017-08-31 19:25:01,qt:result,msg:db_conf_key db1 Connect success !
req_id:1504178701329703,date:2017-08-31 19:25:01,qt:result,msg:SELECT `id`, `name` FROM `eval_department` WHERE parent_id = '5' 
req_id:1504178701329703,date:2017-08-31 19:25:01,qt:result,msg:db_conf_key db1 Connect success !
req_id:1504178701329703,date:2017-08-31 19:25:01,qt:result,msg:SELECT `score`, `gender`, `test_times`, `edu_depart_id`, `school_id`, `grade`, `class`, `sno` FROM `eval_evaluation` WHERE edu_depart_id = 6  AND test_times = 1 
req_id:1504178701329703,date:2017-08-31 19:25:01,qt:result,msg:db_conf_key db1 Connect success !
req_id:1504178701329703,date:2017-08-31 19:25:01,qt:result,msg:SELECT `id`, `name` FROM `eval_department` WHERE parent_id = '5' 
req_id:1504178701329703,date:2017-08-31 19:25:01,qt:result,msg:db_conf_key db1 Connect success !
req_id:1504178701329703,date:2017-08-31 19:25:01,qt:result,msg:SELECT `id`, `content`, `weight`, `parent_id` FROM `eval_index`
req_id:1504178701329703,date:2017-08-31 19:25:01,qt:result,msg:query info : null
req_id:1504178701517203,date:2017-08-31 19:25:01,qt:login,msg:query info : null
req_id:1504178703532828,date:2017-08-31 19:25:03,qt:login,msg:query info : null
req_id:1504178703532828,date:2017-08-31 19:25:03,qt:list,msg:db_conf_key db1 Connect success !
req_id:1504178703532828,date:2017-08-31 19:25:03,qt:list,msg:SELECT `id`, `content`, `weight`, `parent_id` FROM `eval_index`
req_id:1504178703532828,date:2017-08-31 19:25:03,qt:list,msg:query info : null
req_id:1504178703548453,date:2017-08-31 19:25:03,qt:navigate,msg:redis connect success
req_id:1504178703548453,date:2017-08-31 19:25:03,qt:navigate,msg:query info : null
req_id:1504178703579703,date:2017-08-31 19:25:03,qt:login,msg:query info : null
req_id:1504178703595328,date:2017-08-31 19:25:03,qt:evaluation,msg:redis connect success
req_id:1504178703595328,date:2017-08-31 19:25:03,qt:evaluation,msg:query info : null
req_id:1504178703829703,date:2017-08-31 19:25:03,qt:login,msg:query info : null
req_id:1504178712579703,date:2017-08-31 19:25:12,qt:login,msg:query info : null
req_id:1504178712595328,date:2017-08-31 19:25:12,qt:evaluation,msg:redis connect success
req_id:1504178712595328,date:2017-08-31 19:25:12,qt:evaluation,msg:db_conf_key db1 Connect success !
req_id:1504178712595328,date:2017-08-31 19:25:12,qt:evaluation,msg:SELECT `id`, `name` FROM `eval_department` WHERE parent_id = '5' 
req_id:1504178712595328,date:2017-08-31 19:25:12,qt:evaluation,msg:db_conf_key db1 Connect success !
req_id:1504178712595328,date:2017-08-31 19:25:12,qt:evaluation,msg:SELECT `score`, `gender`, `test_times`, `edu_depart_id`, `school_id`, `grade`, `class`, `sno` FROM `eval_evaluation` WHERE edu_depart_id = 6  AND test_times = '1' 
req_id:1504178712595328,date:2017-08-31 19:25:12,qt:evaluation,msg:db_conf_key db1 Connect success !
req_id:1504178712595328,date:2017-08-31 19:25:12,qt:evaluation,msg:SELECT `id`, `content`, `weight`, `parent_id` FROM `eval_index`
req_id:1504178712595328,date:2017-08-31 19:25:12,qt:evaluation,msg:query info : null
