req_id:1502154826374335,date:2017-08-08 09:13:46,qt:login,msg:query info : null
req_id:1502154833514960,date:2017-08-08 09:13:53,qt:login,msg:query info : null
req_id:1502154849280585,date:2017-08-08 09:14:09,qt:login,msg:query info : null
req_id:1502154858374335,date:2017-08-08 09:14:18,qt:login,msg:db_conf_key db1 Connect success !
req_id:1502154858374335,date:2017-08-08 09:14:18,qt:login,msg:SELECT `id`, `account`, `passwd`, `name`, `parent_id` FROM `eval_department` WHERE account = 'suzhou' 
req_id:1502154858374335,date:2017-08-08 09:14:18,qt:login,msg:query info : null
req_id:1502154858561835,date:2017-08-08 09:14:18,qt:login,msg:query info : null
req_id:1502154858577460,date:2017-08-08 09:14:18,qt:list,msg:db_conf_key db1 Connect success !
req_id:1502154858577460,date:2017-08-08 09:14:18,qt:list,msg:SELECT `id`, `content`, `weight`, `parent_id` FROM `eval_index`
req_id:1502154858577460,date:2017-08-08 09:14:18,qt:list,msg:query info : null
req_id:1502154858593085,date:2017-08-08 09:14:18,qt:navigate,msg:redis connect success
req_id:1502154858593085,date:2017-08-08 09:14:18,qt:navigate,msg:db_conf_key db1 Connect success !
req_id:1502154858593085,date:2017-08-08 09:14:18,qt:navigate,msg:SELECT `id`, `name` FROM `eval_department` WHERE parent_id = '5' 
req_id:1502154858593085,date:2017-08-08 09:14:18,qt:navigate,msg:db_conf_key db1 Connect success !
req_id:1502154858593085,date:2017-08-08 09:14:18,qt:navigate,msg:SELECT `id`, `name` FROM `eval_school`
req_id:1502154858593085,date:2017-08-08 09:14:18,qt:navigate,msg:db_conf_key db1 Connect success !
req_id:1502154858593085,date:2017-08-08 09:14:18,qt:navigate,msg:SELECT distinct `edu_depart_id`, `school_id`, `grade`, `class` FROM `eval_evaluation` WHERE edu_depart_id = '6' 
req_id:1502154858593085,date:2017-08-08 09:14:18,qt:navigate,msg:query info : null
req_id:1502154858671210,date:2017-08-08 09:14:18,qt:login,msg:query info : null
req_id:1502154858671210,date:2017-08-08 09:14:18,qt:evaluation,msg:redis connect success
req_id:1502154858671210,date:2017-08-08 09:14:18,qt:evaluation,msg:db_conf_key db1 Connect success !
req_id:1502154858671210,date:2017-08-08 09:14:18,qt:evaluation,msg:SELECT `id`, `name` FROM `eval_department` WHERE parent_id = '5' 
req_id:1502154858671210,date:2017-08-08 09:14:18,qt:evaluation,msg:db_conf_key db1 Connect success !
req_id:1502154858671210,date:2017-08-08 09:14:18,qt:evaluation,msg:SELECT `score`, `gender`, `test_times`, `edu_depart_id`, `school_id`, `grade`, `class`, `sno` FROM `eval_evaluation` WHERE edu_depart_id = 6  AND test_times = '1' 
req_id:1502154858671210,date:2017-08-08 09:14:18,qt:evaluation,msg:db_conf_key db1 Connect success !
req_id:1502154858671210,date:2017-08-08 09:14:18,qt:evaluation,msg:SELECT `id`, `content`, `weight`, `parent_id` FROM `eval_index`
req_id:1502154858671210,date:2017-08-08 09:14:18,qt:evaluation,msg:query info : null
req_id:1502154859155585,date:2017-08-08 09:14:19,qt:login,msg:query info : null
req_id:1502154868155585,date:2017-08-08 09:14:28,qt:login,msg:query info : null
req_id:1502154868171210,date:2017-08-08 09:14:28,qt:evaluation,msg:redis connect success
req_id:1502154868171210,date:2017-08-08 09:14:28,qt:evaluation,msg:db_conf_key db1 Connect success !
req_id:1502154868171210,date:2017-08-08 09:14:28,qt:evaluation,msg:SELECT `id`, `name` FROM `eval_department` WHERE parent_id = '5' 
req_id:1502154868171210,date:2017-08-08 09:14:28,qt:evaluation,msg:db_conf_key db1 Connect success !
req_id:1502154868171210,date:2017-08-08 09:14:28,qt:evaluation,msg:SELECT `score`, `gender`, `test_times`, `edu_depart_id`, `school_id`, `grade`, `class`, `sno` FROM `eval_evaluation` WHERE edu_depart_id = 6  AND test_times = '1' 
req_id:1502154868171210,date:2017-08-08 09:14:28,qt:evaluation,msg:db_conf_key db1 Connect success !
req_id:1502154868171210,date:2017-08-08 09:14:28,qt:evaluation,msg:SELECT `id`, `content`, `weight`, `parent_id` FROM `eval_index`
req_id:1502154868171210,date:2017-08-08 09:14:28,qt:evaluation,msg:query info : null
req_id:1502154904139960,date:2017-08-08 09:15:04,qt:login,msg:query info : null
req_id:1502154904155585,date:2017-08-08 09:15:04,qt:evaluation,msg:redis connect success
req_id:1502154904155585,date:2017-08-08 09:15:04,qt:evaluation,msg:db_conf_key db1 Connect success !
req_id:1502154904155585,date:2017-08-08 09:15:04,qt:evaluation,msg:SELECT `id`, `name` FROM `eval_department` WHERE parent_id = '5' 
req_id:1502154904155585,date:2017-08-08 09:15:04,qt:evaluation,msg:db_conf_key db1 Connect success !
req_id:1502154904155585,date:2017-08-08 09:15:04,qt:evaluation,msg:SELECT `score`, `gender`, `test_times`, `edu_depart_id`, `school_id`, `grade`, `class`, `sno` FROM `eval_evaluation` WHERE edu_depart_id = 6  AND test_times = '1' 
req_id:1502154904155585,date:2017-08-08 09:15:04,qt:evaluation,msg:db_conf_key db1 Connect success !
req_id:1502154904155585,date:2017-08-08 09:15:04,qt:evaluation,msg:SELECT `id`, `name` FROM `eval_school`
req_id:1502154904155585,date:2017-08-08 09:15:04,qt:evaluation,msg:db_conf_key db1 Connect success !
req_id:1502154904155585,date:2017-08-08 09:15:04,qt:evaluation,msg:SELECT `id`, `content`, `weight`, `parent_id` FROM `eval_index`
req_id:1502154904155585,date:2017-08-08 09:15:04,qt:evaluation,msg:query info : null
req_id:1502154915202460,date:2017-08-08 09:15:15,qt:login,msg:query info : null
req_id:1502154915218085,date:2017-08-08 09:15:15,qt:evaluation,msg:redis connect success
req_id:1502154915218085,date:2017-08-08 09:15:15,qt:evaluation,msg:query info : null
req_id:1502154918452460,date:2017-08-08 09:15:18,qt:login,msg:query info : null
req_id:1502154918468085,date:2017-08-08 09:15:18,qt:evaluation,msg:redis connect success
req_id:1502154918468085,date:2017-08-08 09:15:18,qt:evaluation,msg:db_conf_key db1 Connect success !
req_id:1502154918468085,date:2017-08-08 09:15:18,qt:evaluation,msg:SELECT `id`, `name` FROM `eval_department` WHERE parent_id = '5' 
req_id:1502154918468085,date:2017-08-08 09:15:18,qt:evaluation,msg:db_conf_key db1 Connect success !
req_id:1502154918468085,date:2017-08-08 09:15:18,qt:evaluation,msg:SELECT `score`, `gender`, `test_times`, `edu_depart_id`, `school_id`, `grade`, `class`, `sno` FROM `eval_evaluation` WHERE edu_depart_id = 6  AND test_times = '1' 
req_id:1502154918468085,date:2017-08-08 09:15:18,qt:evaluation,msg:db_conf_key db1 Connect success !
req_id:1502154918468085,date:2017-08-08 09:15:18,qt:evaluation,msg:SELECT `id`, `name` FROM `eval_school`
req_id:1502154918468085,date:2017-08-08 09:15:18,qt:evaluation,msg:db_conf_key db1 Connect success !
req_id:1502154918468085,date:2017-08-08 09:15:18,qt:evaluation,msg:SELECT `id`, `content`, `weight`, `parent_id` FROM `eval_index`
req_id:1502154918468085,date:2017-08-08 09:15:18,qt:evaluation,msg:query info : null
req_id:1502154922249335,date:2017-08-08 09:15:22,qt:login,msg:query info : null
req_id:1502154922249335,date:2017-08-08 09:15:22,qt:list,msg:db_conf_key db1 Connect success !
req_id:1502154922249335,date:2017-08-08 09:15:22,qt:list,msg:SELECT `id`, `content`, `weight`, `parent_id` FROM `eval_index`
req_id:1502154922249335,date:2017-08-08 09:15:22,qt:list,msg:query info : null
req_id:1502154922280585,date:2017-08-08 09:15:22,qt:navigate,msg:redis connect success
req_id:1502154922280585,date:2017-08-08 09:15:22,qt:navigate,msg:query info : null
req_id:1502154922280585,date:2017-08-08 09:15:22,qt:evaluation,msg:redis connect success
req_id:1502154922280585,date:2017-08-08 09:15:22,qt:evaluation,msg:db_conf_key db1 Connect success !
req_id:1502154922280585,date:2017-08-08 09:15:22,qt:evaluation,msg:SELECT `id`, `name` FROM `eval_department` WHERE parent_id = '5' 
req_id:1502154922280585,date:2017-08-08 09:15:22,qt:evaluation,msg:db_conf_key db1 Connect success !
req_id:1502154922280585,date:2017-08-08 09:15:22,qt:evaluation,msg:SELECT `score`, `gender`, `test_times`, `edu_depart_id`, `school_id`, `grade`, `class`, `sno` FROM `eval_evaluation` WHERE edu_depart_id = 6  AND test_times = '1' 
req_id:1502154922280585,date:2017-08-08 09:15:22,qt:evaluation,msg:db_conf_key db1 Connect success !
req_id:1502154922280585,date:2017-08-08 09:15:22,qt:evaluation,msg:SELECT `id`, `content`, `weight`, `parent_id` FROM `eval_index`
req_id:1502154922280585,date:2017-08-08 09:15:22,qt:evaluation,msg:query info : null
req_id:1502154922468085,date:2017-08-08 09:15:22,qt:login,msg:query info : null
req_id:150215492714960,date:2017-08-08 09:15:27,qt:evaluation,msg:redis connect success
req_id:150215492714960,date:2017-08-08 09:15:27,qt:evaluation,msg:db_conf_key db1 Connect success !
req_id:150215492714960,date:2017-08-08 09:15:27,qt:evaluation,msg:SELECT `id`, `name` FROM `eval_department` WHERE parent_id = '5' 
req_id:150215492714960,date:2017-08-08 09:15:27,qt:evaluation,msg:db_conf_key db1 Connect success !
req_id:150215492714960,date:2017-08-08 09:15:27,qt:evaluation,msg:SELECT `score`, `gender`, `test_times`, `edu_depart_id`, `school_id`, `grade`, `class`, `sno` FROM `eval_evaluation` WHERE edu_depart_id = 6  AND test_times = '1' 
req_id:150215492714960,date:2017-08-08 09:15:27,qt:evaluation,msg:db_conf_key db1 Connect success !
req_id:150215492714960,date:2017-08-08 09:15:27,qt:evaluation,msg:SELECT `id`, `name` FROM `eval_school`
req_id:150215492714960,date:2017-08-08 09:15:27,qt:evaluation,msg:db_conf_key db1 Connect success !
req_id:150215492714960,date:2017-08-08 09:15:27,qt:evaluation,msg:SELECT `id`, `content`, `weight`, `parent_id` FROM `eval_index`
req_id:150215492714960,date:2017-08-08 09:15:27,qt:evaluation,msg:query info : null
req_id:1502154930311835,date:2017-08-08 09:15:30,qt:evaluation,msg:redis connect success
req_id:1502154930311835,date:2017-08-08 09:15:30,qt:evaluation,msg:query info : null
req_id:150215493277460,date:2017-08-08 09:15:32,qt:login,msg:query info : null
req_id:150215493293085,date:2017-08-08 09:15:32,qt:result,msg:redis connect success
req_id:150215493293085,date:2017-08-08 09:15:32,qt:result,msg:db_conf_key db1 Connect success !
req_id:150215493293085,date:2017-08-08 09:15:32,qt:result,msg:SELECT `id`, `name` FROM `eval_department` WHERE parent_id = '5' 
req_id:150215493293085,date:2017-08-08 09:15:32,qt:result,msg:db_conf_key db1 Connect success !
req_id:150215493293085,date:2017-08-08 09:15:32,qt:result,msg:SELECT `score`, `gender`, `test_times`, `edu_depart_id`, `school_id`, `grade`, `class`, `sno` FROM `eval_evaluation` WHERE edu_depart_id = 6  AND test_times = 1 
req_id:150215493293085,date:2017-08-08 09:15:32,qt:result,msg:db_conf_key db1 Connect success !
req_id:150215493293085,date:2017-08-08 09:15:32,qt:result,msg:SELECT `id`, `name` FROM `eval_department` WHERE parent_id = '5' 
req_id:150215493293085,date:2017-08-08 09:15:32,qt:result,msg:db_conf_key db1 Connect success !
req_id:150215493293085,date:2017-08-08 09:15:32,qt:result,msg:SELECT `id`, `content`, `weight`, `parent_id` FROM `eval_index`
req_id:150215493293085,date:2017-08-08 09:15:32,qt:result,msg:query info : null
req_id:1502154932280585,date:2017-08-08 09:15:32,qt:login,msg:query info : null
req_id:1502154934718085,date:2017-08-08 09:15:34,qt:login,msg:query info : null
req_id:1502154934718085,date:2017-08-08 09:15:34,qt:list,msg:db_conf_key db1 Connect success !
req_id:1502154934718085,date:2017-08-08 09:15:34,qt:list,msg:SELECT `id`, `content`, `weight`, `parent_id` FROM `eval_index`
req_id:1502154934718085,date:2017-08-08 09:15:34,qt:list,msg:query info : null
req_id:1502154934749335,date:2017-08-08 09:15:34,qt:navigate,msg:redis connect success
req_id:1502154934749335,date:2017-08-08 09:15:34,qt:navigate,msg:query info : null
req_id:1502154934780585,date:2017-08-08 09:15:34,qt:login,msg:query info : null
req_id:1502154934780585,date:2017-08-08 09:15:34,qt:evaluation,msg:redis connect success
req_id:1502154934780585,date:2017-08-08 09:15:34,qt:evaluation,msg:query info : null
req_id:150215493514960,date:2017-08-08 09:15:35,qt:login,msg:query info : null
req_id:1502154995624335,date:2017-08-08 09:16:35,qt:login,msg:query info : null
req_id:1502154995639960,date:2017-08-08 09:16:35,qt:login,msg:query info : null
req_id:1502154995764960,date:2017-08-08 09:16:35,qt:login,msg:query info : null
req_id:1502155004608710,date:2017-08-08 09:16:44,qt:login,msg:db_conf_key db1 Connect success !
req_id:1502155004608710,date:2017-08-08 09:16:44,qt:login,msg:SELECT `id`, `account`, `passwd`, `name`, `parent_id` FROM `eval_department` WHERE account = 'yanshi' 
req_id:1502155004608710,date:2017-08-08 09:16:44,qt:login,msg:query info : null
req_id:1502155004718085,date:2017-08-08 09:16:44,qt:login,msg:query info : null
req_id:1502155004718085,date:2017-08-08 09:16:44,qt:list,msg:db_conf_key db1 Connect success !
req_id:1502155004718085,date:2017-08-08 09:16:44,qt:list,msg:SELECT `id`, `content`, `weight`, `parent_id` FROM `eval_index`
req_id:1502155004718085,date:2017-08-08 09:16:44,qt:list,msg:query info : null
req_id:1502155004733710,date:2017-08-08 09:16:44,qt:navigate,msg:redis connect success
req_id:1502155004733710,date:2017-08-08 09:16:44,qt:navigate,msg:db_conf_key db1 Connect success !
req_id:1502155004733710,date:2017-08-08 09:16:44,qt:navigate,msg:SELECT `id`, `name` FROM `eval_department` WHERE parent_id = '7' 
req_id:1502155004733710,date:2017-08-08 09:16:44,qt:navigate,msg:db_conf_key db1 Connect success !
req_id:1502155004733710,date:2017-08-08 09:16:44,qt:navigate,msg:SELECT `id`, `name` FROM `eval_school`
req_id:1502155004733710,date:2017-08-08 09:16:44,qt:navigate,msg:db_conf_key db1 Connect success !
req_id:1502155004733710,date:2017-08-08 09:16:44,qt:navigate,msg:SELECT distinct `edu_depart_id`, `school_id`, `grade`, `class` FROM `eval_evaluation` WHERE edu_depart_id = '7' 
req_id:1502155004733710,date:2017-08-08 09:16:44,qt:navigate,msg:query info : null
req_id:1502155004764960,date:2017-08-08 09:16:44,qt:evaluation,msg:redis connect success
req_id:1502155004764960,date:2017-08-08 09:16:44,qt:evaluation,msg:db_conf_key db1 Connect success !
req_id:1502155004764960,date:2017-08-08 09:16:44,qt:evaluation,msg:SELECT `score`, `gender`, `test_times`, `edu_depart_id`, `school_id`, `grade`, `class`, `sno` FROM `eval_evaluation` WHERE edu_depart_id = '7'  AND test_times = '1' 
req_id:1502155004764960,date:2017-08-08 09:16:44,qt:evaluation,msg:db_conf_key db1 Connect success !
req_id:1502155004764960,date:2017-08-08 09:16:44,qt:evaluation,msg:SELECT `id`, `content`, `weight`, `parent_id` FROM `eval_index`
req_id:1502155004764960,date:2017-08-08 09:16:44,qt:evaluation,msg:query info : null
req_id:1502155004858710,date:2017-08-08 09:16:44,qt:login,msg:query info : null
req_id:1502155008796210,date:2017-08-08 09:16:48,qt:login,msg:query info : null
req_id:1502155008796210,date:2017-08-08 09:16:48,qt:list,msg:db_conf_key db1 Connect success !
req_id:1502155008796210,date:2017-08-08 09:16:48,qt:list,msg:SELECT `id`, `content`, `weight`, `parent_id` FROM `eval_index`
req_id:1502155008796210,date:2017-08-08 09:16:48,qt:list,msg:query info : null
req_id:1502155008811835,date:2017-08-08 09:16:48,qt:navigate,msg:redis connect success
req_id:1502155008811835,date:2017-08-08 09:16:48,qt:navigate,msg:query info : null
req_id:1502155008827460,date:2017-08-08 09:16:48,qt:evaluation,msg:redis connect success
req_id:1502155008827460,date:2017-08-08 09:16:48,qt:evaluation,msg:query info : null
req_id:1502155008874335,date:2017-08-08 09:16:48,qt:login,msg:query info : null
req_id:1502155016311835,date:2017-08-08 09:16:56,qt:evaluation,msg:redis connect success
req_id:1502155016311835,date:2017-08-08 09:16:56,qt:evaluation,msg:db_conf_key db1 Connect success !
req_id:1502155016311835,date:2017-08-08 09:16:56,qt:evaluation,msg:SELECT `score`, `gender`, `test_times`, `edu_depart_id`, `school_id`, `grade`, `class`, `sno` FROM `eval_evaluation` WHERE edu_depart_id = '7'  AND test_times = '1' 
req_id:1502155016311835,date:2017-08-08 09:16:56,qt:evaluation,msg:db_conf_key db1 Connect success !
req_id:1502155016311835,date:2017-08-08 09:16:56,qt:evaluation,msg:SELECT `id`, `content`, `weight`, `parent_id` FROM `eval_index`
req_id:1502155016311835,date:2017-08-08 09:16:56,qt:evaluation,msg:query info : null
req_id:1502155027452460,date:2017-08-08 09:17:07,qt:login,msg:query info : null
req_id:1502155027468085,date:2017-08-08 09:17:07,qt:login,msg:query info : null
req_id:1502155027530585,date:2017-08-08 09:17:07,qt:login,msg:query info : null
req_id:1502155036608710,date:2017-08-08 09:17:16,qt:login,msg:db_conf_key db1 Connect success !
req_id:1502155036608710,date:2017-08-08 09:17:16,qt:login,msg:SELECT `id`, `account`, `passwd`, `name`, `parent_id` FROM `eval_department` WHERE account = 'wuzhong' 
req_id:1502155036608710,date:2017-08-08 09:17:16,qt:login,msg:query info : null
req_id:1502155036686835,date:2017-08-08 09:17:16,qt:login,msg:query info : null
req_id:1502155036702460,date:2017-08-08 09:17:16,qt:list,msg:db_conf_key db1 Connect success !
req_id:1502155036702460,date:2017-08-08 09:17:16,qt:list,msg:SELECT `id`, `content`, `weight`, `parent_id` FROM `eval_index`
req_id:1502155036702460,date:2017-08-08 09:17:16,qt:list,msg:query info : null
req_id:1502155036718085,date:2017-08-08 09:17:16,qt:navigate,msg:redis connect success
req_id:1502155036718085,date:2017-08-08 09:17:16,qt:navigate,msg:db_conf_key db1 Connect success !
req_id:1502155036718085,date:2017-08-08 09:17:16,qt:navigate,msg:SELECT `id`, `name` FROM `eval_department` WHERE parent_id = '6' 
req_id:1502155036718085,date:2017-08-08 09:17:16,qt:navigate,msg:db_conf_key db1 Connect success !
req_id:1502155036718085,date:2017-08-08 09:17:16,qt:navigate,msg:SELECT `id`, `name` FROM `eval_school`
req_id:1502155036718085,date:2017-08-08 09:17:16,qt:navigate,msg:db_conf_key db1 Connect success !
req_id:1502155036718085,date:2017-08-08 09:17:16,qt:navigate,msg:SELECT distinct `edu_depart_id`, `school_id`, `grade`, `class` FROM `eval_evaluation` WHERE edu_depart_id = '6' 
req_id:1502155036718085,date:2017-08-08 09:17:16,qt:navigate,msg:query info : null
req_id:1502155036749335,date:2017-08-08 09:17:16,qt:evaluation,msg:redis connect success
req_id:1502155036749335,date:2017-08-08 09:17:16,qt:evaluation,msg:db_conf_key db1 Connect success !
req_id:1502155036749335,date:2017-08-08 09:17:16,qt:evaluation,msg:SELECT `score`, `gender`, `test_times`, `edu_depart_id`, `school_id`, `grade`, `class`, `sno` FROM `eval_evaluation` WHERE edu_depart_id = '6'  AND test_times = '1' 
req_id:1502155036749335,date:2017-08-08 09:17:16,qt:evaluation,msg:db_conf_key db1 Connect success !
req_id:1502155036749335,date:2017-08-08 09:17:16,qt:evaluation,msg:SELECT `id`, `content`, `weight`, `parent_id` FROM `eval_index`
req_id:1502155036749335,date:2017-08-08 09:17:16,qt:evaluation,msg:query info : null
req_id:1502155037124335,date:2017-08-08 09:17:17,qt:login,msg:query info : null
req_id:1502155054624335,date:2017-08-08 09:17:34,qt:login,msg:query info : null
req_id:1502155054639960,date:2017-08-08 09:17:34,qt:login,msg:query info : null
req_id:1502155054733710,date:2017-08-08 09:17:34,qt:login,msg:query info : null
req_id:1502155062124335,date:2017-08-08 09:17:42,qt:login,msg:db_conf_key db1 Connect success !
req_id:1502155062124335,date:2017-08-08 09:17:42,qt:login,msg:SELECT `id`, `account`, `passwd`, `name`, `parent_id` FROM `eval_department` WHERE account = 'yanshi' 
req_id:1502155062124335,date:2017-08-08 09:17:42,qt:login,msg:query info : null
req_id:1502155068749335,date:2017-08-08 09:17:48,qt:login,msg:db_conf_key db1 Connect success !
req_id:1502155068749335,date:2017-08-08 09:17:48,qt:login,msg:SELECT `id`, `account`, `passwd`, `name`, `parent_id` FROM `eval_department` WHERE account = 'yanshi' 
req_id:1502155068749335,date:2017-08-08 09:17:48,qt:login,msg:query info : null
req_id:1502155068811835,date:2017-08-08 09:17:48,qt:login,msg:query info : null
req_id:1502155068827460,date:2017-08-08 09:17:48,qt:list,msg:db_conf_key db1 Connect success !
req_id:1502155068827460,date:2017-08-08 09:17:48,qt:list,msg:SELECT `id`, `content`, `weight`, `parent_id` FROM `eval_index`
req_id:1502155068827460,date:2017-08-08 09:17:48,qt:list,msg:query info : null
req_id:1502155068843085,date:2017-08-08 09:17:48,qt:navigate,msg:redis connect success
req_id:1502155068843085,date:2017-08-08 09:17:48,qt:navigate,msg:query info : null
req_id:1502155068874335,date:2017-08-08 09:17:48,qt:login,msg:query info : null
req_id:1502155068889960,date:2017-08-08 09:17:48,qt:evaluation,msg:redis connect success
req_id:1502155068889960,date:2017-08-08 09:17:48,qt:evaluation,msg:query info : null
req_id:1502155069171210,date:2017-08-08 09:17:49,qt:login,msg:query info : null
req_id:150215507614960,date:2017-08-08 09:17:56,qt:login,msg:query info : null
req_id:150215507614960,date:2017-08-08 09:17:56,qt:evaluation,msg:redis connect success
req_id:150215507614960,date:2017-08-08 09:17:56,qt:evaluation,msg:query info : null
req_id:1502155237874335,date:2017-08-08 09:20:37,qt:login,msg:query info : null
req_id:1502155237889960,date:2017-08-08 09:20:37,qt:login,msg:query info : null
req_id:1502155237999335,date:2017-08-08 09:20:37,qt:login,msg:query info : null
req_id:1502155340843085,date:2017-08-08 09:22:20,qt:login,msg:db_conf_key db1 Connect success !
req_id:1502155340843085,date:2017-08-08 09:22:20,qt:login,msg:SELECT `id`, `account`, `passwd`, `name`, `parent_id` FROM `eval_department` WHERE account = 'yanshi' 
req_id:1502155340843085,date:2017-08-08 09:22:20,qt:login,msg:query info : null
req_id:1502155340921210,date:2017-08-08 09:22:20,qt:login,msg:query info : null
req_id:1502155340921210,date:2017-08-08 09:22:20,qt:list,msg:db_conf_key db1 Connect success !
req_id:1502155340921210,date:2017-08-08 09:22:20,qt:list,msg:SELECT `id`, `content`, `weight`, `parent_id` FROM `eval_index`
req_id:1502155340921210,date:2017-08-08 09:22:20,qt:list,msg:query info : null
req_id:1502155340936835,date:2017-08-08 09:22:20,qt:navigate,msg:redis connect success
req_id:1502155340936835,date:2017-08-08 09:22:20,qt:navigate,msg:query info : null
req_id:1502155340968085,date:2017-08-08 09:22:20,qt:login,msg:query info : null
req_id:1502155340968085,date:2017-08-08 09:22:20,qt:evaluation,msg:redis connect success
req_id:1502155340968085,date:2017-08-08 09:22:20,qt:evaluation,msg:query info : null
req_id:1502155341249335,date:2017-08-08 09:22:21,qt:login,msg:query info : null
req_id:1502155397311835,date:2017-08-08 09:23:17,qt:login,msg:query info : null
req_id:1502155397327460,date:2017-08-08 09:23:17,qt:evaluation,msg:redis connect success
req_id:1502155397327460,date:2017-08-08 09:23:17,qt:evaluation,msg:db_conf_key db1 Connect success !
req_id:1502155397327460,date:2017-08-08 09:23:17,qt:evaluation,msg:SELECT `id`, `name` FROM `eval_department` WHERE parent_id = '5' 
req_id:1502155397327460,date:2017-08-08 09:23:17,qt:evaluation,msg:db_conf_key db1 Connect success !
req_id:1502155397327460,date:2017-08-08 09:23:17,qt:evaluation,msg:SELECT `score`, `gender`, `test_times`, `edu_depart_id`, `school_id`, `grade`, `class`, `sno` FROM `eval_evaluation` WHERE edu_depart_id = 6  AND test_times = '1' 
req_id:1502155397327460,date:2017-08-08 09:23:17,qt:evaluation,msg:db_conf_key db1 Connect success !
req_id:1502155397327460,date:2017-08-08 09:23:17,qt:evaluation,msg:SELECT `id`, `content`, `weight`, `parent_id` FROM `eval_index`
req_id:1502155397327460,date:2017-08-08 09:23:17,qt:evaluation,msg:query info : null
req_id:1502155564280585,date:2017-08-08 09:26:04,qt:login,msg:query info : null
req_id:1502155564280585,date:2017-08-08 09:26:04,qt:list,msg:db_conf_key db1 Connect success !
req_id:1502155564280585,date:2017-08-08 09:26:04,qt:list,msg:SELECT `id`, `content`, `weight`, `parent_id` FROM `eval_index`
req_id:1502155564280585,date:2017-08-08 09:26:04,qt:list,msg:query info : null
req_id:1502155564296210,date:2017-08-08 09:26:04,qt:navigate,msg:redis connect success
req_id:1502155564296210,date:2017-08-08 09:26:04,qt:navigate,msg:query info : null
req_id:1502155564311835,date:2017-08-08 09:26:04,qt:evaluation,msg:redis connect success
req_id:1502155564311835,date:2017-08-08 09:26:04,qt:evaluation,msg:query info : null
req_id:1502155564389960,date:2017-08-08 09:26:04,qt:login,msg:query info : null
req_id:1502155677483710,date:2017-08-08 09:27:57,qt:login,msg:query info : null
req_id:1502155677499335,date:2017-08-08 09:27:57,qt:result,msg:redis connect success
req_id:1502155677499335,date:2017-08-08 09:27:57,qt:result,msg:query info : null
req_id:1502155677546210,date:2017-08-08 09:27:57,qt:login,msg:query info : null
req_id:1502179590272773,date:2017-08-08 16:06:30,qt:login,msg:query info : null
req_id:1502179595859687,date:2017-08-08 16:06:35,qt:login,msg:query info : null
req_id:1502179605697578,date:2017-08-08 16:06:45,qt:login,msg:db_conf_key db1 Connect success !
req_id:1502179605697578,date:2017-08-08 16:06:45,qt:login,msg:SELECT `id`, `account`, `passwd`, `name`, `parent_id` FROM `eval_department` WHERE account = 'suzhou' 
req_id:1502179605697578,date:2017-08-08 16:06:45,qt:login,msg:query info : null
req_id:1502179619647773,date:2017-08-08 16:06:59,qt:login,msg:query info : null
req_id:1502179625100898,date:2017-08-08 16:07:05,qt:login,msg:query info : null
req_id:1502179638305976,date:2017-08-08 16:07:18,qt:login,msg:db_conf_key db1 Connect success !
req_id:1502179638305976,date:2017-08-08 16:07:18,qt:login,msg:SELECT `id`, `account`, `passwd`, `name`, `parent_id` FROM `eval_department` WHERE account = 'suzhou' 
req_id:1502179638305976,date:2017-08-08 16:07:18,qt:login,msg:query info : null
req_id:1502179638618476,date:2017-08-08 16:07:18,qt:login,msg:query info : null
req_id:1502179638649726,date:2017-08-08 16:07:18,qt:list,msg:db_conf_key db1 Connect success !
req_id:1502179638649726,date:2017-08-08 16:07:18,qt:list,msg:SELECT `id`, `content`, `weight`, `parent_id` FROM `eval_index`
req_id:1502179638649726,date:2017-08-08 16:07:18,qt:list,msg:query info : null
req_id:1502179638759101,date:2017-08-08 16:07:18,qt:navigate,msg:redis connect success
req_id:1502179638759101,date:2017-08-08 16:07:18,qt:navigate,msg:db_conf_key db1 Connect success !
req_id:1502179638759101,date:2017-08-08 16:07:18,qt:navigate,msg:SELECT `id`, `name` FROM `eval_department` WHERE parent_id = '8' 
req_id:1502179638759101,date:2017-08-08 16:07:18,qt:navigate,msg:db_conf_key db1 Connect success !
req_id:1502179638759101,date:2017-08-08 16:07:18,qt:navigate,msg:SELECT `id`, `name` FROM `eval_school`
req_id:1502179638759101,date:2017-08-08 16:07:18,qt:navigate,msg:db_conf_key db1 Connect success !
req_id:1502179638759101,date:2017-08-08 16:07:18,qt:navigate,msg:SELECT distinct `edu_depart_id`, `school_id`, `grade`, `class` FROM `eval_evaluation` WHERE edu_depart_id = '8' 
req_id:1502179638759101,date:2017-08-08 16:07:18,qt:navigate,msg:query info : null
req_id:1502179638993476,date:2017-08-08 16:07:18,qt:evaluation,msg:redis connect success
req_id:1502179638993476,date:2017-08-08 16:07:18,qt:evaluation,msg:db_conf_key db1 Connect success !
req_id:1502179638993476,date:2017-08-08 16:07:18,qt:evaluation,msg:SELECT `score`, `gender`, `test_times`, `edu_depart_id`, `school_id`, `grade`, `class`, `sno` FROM `eval_evaluation` WHERE edu_depart_id = '8'  AND test_times = '1' 
req_id:1502179638993476,date:2017-08-08 16:07:18,qt:evaluation,msg:db_conf_key db1 Connect success !
req_id:1502179638993476,date:2017-08-08 16:07:18,qt:evaluation,msg:SELECT `id`, `content`, `weight`, `parent_id` FROM `eval_index`
req_id:1502179638993476,date:2017-08-08 16:07:18,qt:evaluation,msg:query info : null
req_id:150217963942304,date:2017-08-08 16:07:19,qt:login,msg:query info : null
req_id:1502179667616523,date:2017-08-08 16:07:47,qt:login,msg:query info : null
req_id:1502179667647773,date:2017-08-08 16:07:47,qt:list,msg:db_conf_key db1 Connect success !
req_id:1502179667647773,date:2017-08-08 16:07:47,qt:list,msg:SELECT `id`, `content`, `weight`, `parent_id` FROM `eval_index`
req_id:1502179667647773,date:2017-08-08 16:07:47,qt:list,msg:query info : null
req_id:1502179667679023,date:2017-08-08 16:07:47,qt:navigate,msg:redis connect success
req_id:1502179667679023,date:2017-08-08 16:07:47,qt:navigate,msg:query info : null
req_id:1502179667694648,date:2017-08-08 16:07:47,qt:evaluation,msg:redis connect success
req_id:1502179667694648,date:2017-08-08 16:07:47,qt:evaluation,msg:db_conf_key db1 Connect success !
req_id:1502179667694648,date:2017-08-08 16:07:47,qt:evaluation,msg:SELECT `score`, `gender`, `test_times`, `edu_depart_id`, `school_id`, `grade`, `class`, `sno` FROM `eval_evaluation` WHERE edu_depart_id = '8'  AND test_times = '1' 
req_id:1502179667694648,date:2017-08-08 16:07:47,qt:evaluation,msg:db_conf_key db1 Connect success !
req_id:1502179667694648,date:2017-08-08 16:07:47,qt:evaluation,msg:SELECT `id`, `content`, `weight`, `parent_id` FROM `eval_index`
req_id:1502179667694648,date:2017-08-08 16:07:47,qt:evaluation,msg:query info : null
req_id:1502179668819648,date:2017-08-08 16:07:48,qt:login,msg:query info : null
req_id:1502179725810859,date:2017-08-08 16:08:45,qt:login,msg:query info : null
req_id:1502179725842109,date:2017-08-08 16:08:45,qt:result,msg:redis connect success
req_id:1502179725842109,date:2017-08-08 16:08:45,qt:result,msg:db_conf_key db1 Connect success !
req_id:1502179725842109,date:2017-08-08 16:08:45,qt:result,msg:SELECT `id`, `name` FROM `eval_department` WHERE parent_id = '8' 
req_id:1502179725842109,date:2017-08-08 16:08:45,qt:result,msg:db_conf_key db1 Connect success !
req_id:1502179725842109,date:2017-08-08 16:08:45,qt:result,msg:SELECT `id`, `content`, `weight`, `parent_id` FROM `eval_index`
req_id:1502179725842109,date:2017-08-08 16:08:45,qt:result,msg:query info : null
req_id:1502179725888984,date:2017-08-08 16:08:45,qt:login,msg:query info : null
req_id:1502179756546210,date:2017-08-08 16:09:16,qt:login,msg:query info : null
req_id:1502179756561835,date:2017-08-08 16:09:16,qt:list,msg:db_conf_key db1 Connect success !
req_id:1502179756561835,date:2017-08-08 16:09:16,qt:list,msg:SELECT `id`, `content`, `weight`, `parent_id` FROM `eval_index`
req_id:1502179756561835,date:2017-08-08 16:09:16,qt:list,msg:query info : null
req_id:1502179756593085,date:2017-08-08 16:09:16,qt:navigate,msg:redis connect success
req_id:1502179756593085,date:2017-08-08 16:09:16,qt:navigate,msg:query info : null
req_id:1502179756639960,date:2017-08-08 16:09:16,qt:evaluation,msg:redis connect success
req_id:1502179756639960,date:2017-08-08 16:09:16,qt:evaluation,msg:query info : null
req_id:1502179756686835,date:2017-08-08 16:09:16,qt:login,msg:query info : null
req_id:1502179760218085,date:2017-08-08 16:09:20,qt:login,msg:query info : null
req_id:1502179760264960,date:2017-08-08 16:09:20,qt:login,msg:query info : null
req_id:1502179760468085,date:2017-08-08 16:09:20,qt:login,msg:query info : null
req_id:1502179770934882,date:2017-08-08 16:09:30,qt:login,msg:db_conf_key db1 Connect success !
req_id:1502179770934882,date:2017-08-08 16:09:30,qt:login,msg:SELECT `account`, `passwd`, `name`, `level` FROM `eval_admin` WHERE account = 'admin' 
req_id:1502179770934882,date:2017-08-08 16:09:30,qt:login,msg:query info : null
req_id:1502179771231757,date:2017-08-08 16:09:31,qt:list,msg:db_conf_key db1 Connect success !
req_id:1502179771231757,date:2017-08-08 16:09:31,qt:list,msg:SELECT `id`, `title` FROM `que_title` limit 0, 20
req_id:1502179771231757,date:2017-08-08 16:09:31,qt:list,msg:query info : null
req_id:1502179771278632,date:2017-08-08 16:09:31,qt:status,msg:db_conf_key db1 Connect success !
req_id:1502179771278632,date:2017-08-08 16:09:31,qt:status,msg:SELECT count(*) num FROM que_question
req_id:1502179771278632,date:2017-08-08 16:09:31,qt:status,msg:db_conf_key db1 Connect success !
req_id:1502179771278632,date:2017-08-08 16:09:31,qt:status,msg:SELECT count(*) num FROM que_title
req_id:1502179771278632,date:2017-08-08 16:09:31,qt:status,msg:query info : null
req_id:1502179771372382,date:2017-08-08 16:09:31,qt:login,msg:query info : null
req_id:1502179773656562,date:2017-08-08 16:09:33,qt:questionnaire,msg:redis connect success
req_id:1502179773656562,date:2017-08-08 16:09:33,qt:questionnaire,msg:db_conf_key db1 Connect success !
req_id:1502179773656562,date:2017-08-08 16:09:33,qt:questionnaire,msg:SELECT `id`, `title` FROM `que_title` WHERE id = '1' 
req_id:1502179773656562,date:2017-08-08 16:09:33,qt:questionnaire,msg:SELECT `questionnaire_id`, `question_id` FROM `que_title_question` WHERE questionnaire_id = '1' 
req_id:1502179773656562,date:2017-08-08 16:09:33,qt:questionnaire,msg:db_conf_key db1 Connect success !
req_id:1502179773656562,date:2017-08-08 16:09:33,qt:questionnaire,msg:SELECT `id`, `content`, `type` FROM `que_question` WHERE id in (1,3,4,5,6,7,8,9,10,11,12,13,14,15,16,17,18,19,20,21,22,23,24,25,26,27,28,29,30,31,32,33,34,35,36,37,38,39,40,41,42,43,44,45,46,47,48,49,50,51,52,53,54,55,56,57,58,59,60,61,62,63,64,65,66,67,68,69,70,71,75) 
req_id:1502179773656562,date:2017-08-08 16:09:33,qt:questionnaire,msg:db_conf_key db1 Connect success !
req_id:1502179773656562,date:2017-08-08 16:09:33,qt:questionnaire,msg:SELECT `id`, `content`, `question_id`, `order` FROM `que_option` WHERE question_id in (1,3,4,5,6,7,8,9,10,11,12,13,14,15,16,17,18,19,20,21,22,23,24,25,26,27,28,29,30,31,32,33,34,35,36,37,38,39,40,41,42,43,44,45,46,47,48,49,50,51,52,53,54,55,56,57,58,59,60,61,62,63,64,65,66,67,68,69,70,71,75) 
req_id:1502179773656562,date:2017-08-08 16:09:33,qt:questionnaire,msg:query info : null
req_id:1502179774689765,date:2017-08-08 16:09:34,qt:login,msg:query info : null
req_id:1502179779518867,date:2017-08-08 16:09:39,qt:questionnaire,msg:redis connect success
req_id:1502179779518867,date:2017-08-08 16:09:39,qt:questionnaire,msg:db_conf_key db1 Connect success !
req_id:1502179779518867,date:2017-08-08 16:09:39,qt:questionnaire,msg:SELECT `id`, `title` FROM `que_title` WHERE id = '1' 
req_id:1502179779518867,date:2017-08-08 16:09:39,qt:questionnaire,msg:SELECT `questionnaire_id`, `question_id` FROM `que_title_question` WHERE questionnaire_id = '1' 
req_id:1502179779518867,date:2017-08-08 16:09:39,qt:questionnaire,msg:db_conf_key db1 Connect success !
req_id:1502179779518867,date:2017-08-08 16:09:39,qt:questionnaire,msg:SELECT `id`, `content`, `type` FROM `que_question` WHERE id in (1,3,4,5,6,7,8,9,10,11,12,13,14,15,16,17,18,19,20,21,22,23,24,25,26,27,28,29,30,31,32,33,34,35,36,37,38,39,40,41,42,43,44,45,46,47,48,49,50,51,52,53,54,55,56,57,58,59,60,61,62,63,64,65,66,67,68,69,70,71,75) 
req_id:1502179779518867,date:2017-08-08 16:09:39,qt:questionnaire,msg:db_conf_key db1 Connect success !
req_id:1502179779518867,date:2017-08-08 16:09:39,qt:questionnaire,msg:SELECT `id`, `content`, `question_id`, `order` FROM `que_option` WHERE question_id in (1,3,4,5,6,7,8,9,10,11,12,13,14,15,16,17,18,19,20,21,22,23,24,25,26,27,28,29,30,31,32,33,34,35,36,37,38,39,40,41,42,43,44,45,46,47,48,49,50,51,52,53,54,55,56,57,58,59,60,61,62,63,64,65,66,67,68,69,70,71,75) 
req_id:1502179779518867,date:2017-08-08 16:09:39,qt:questionnaire,msg:query info : null
req_id:1502179780565742,date:2017-08-08 16:09:40,qt:login,msg:query info : null
req_id:1502179792419257,date:2017-08-08 16:09:52,qt:status,msg:db_conf_key db1 Connect success !
req_id:1502179792419257,date:2017-08-08 16:09:52,qt:status,msg:SELECT count(*) num FROM que_question
req_id:1502179792419257,date:2017-08-08 16:09:52,qt:status,msg:db_conf_key db1 Connect success !
req_id:1502179792419257,date:2017-08-08 16:09:52,qt:status,msg:SELECT max(test_times) max_times FROM que_test_times WHERE questionnaire_id = 1
req_id:1502179792419257,date:2017-08-08 16:09:52,qt:status,msg:db_conf_key db1 Connect success !
req_id:1502179792419257,date:2017-08-08 16:09:52,qt:status,msg:SELECT count(*) num FROM que_title_question WHERE questionnaire_id = 1
req_id:1502179792419257,date:2017-08-08 16:09:52,qt:status,msg:query info : null
req_id:1502179792450507,date:2017-08-08 16:09:52,qt:questionnaire,msg:redis connect success
req_id:1502179792450507,date:2017-08-08 16:09:52,qt:questionnaire,msg:db_conf_key db1 Connect success !
req_id:1502179792450507,date:2017-08-08 16:09:52,qt:questionnaire,msg:SELECT `id`, `title` FROM `que_title` WHERE id = '1' 
req_id:1502179792450507,date:2017-08-08 16:09:52,qt:questionnaire,msg:SELECT `questionnaire_id`, `question_id` FROM `que_title_question` WHERE questionnaire_id = '1' 
req_id:1502179792450507,date:2017-08-08 16:09:52,qt:questionnaire,msg:db_conf_key db1 Connect success !
req_id:1502179792450507,date:2017-08-08 16:09:52,qt:questionnaire,msg:SELECT `id`, `content`, `type` FROM `que_question` WHERE id in (1,3,4,5,6,7,8,9,10,11,12,13,14,15,16,17,18,19,20,21,22,23,24,25,26,27,28,29,30,31,32,33,34,35,36,37,38,39,40,41,42,43,44,45,46,47,48,49,50,51,52,53,54,55,56,57,58,59,60,61,62,63,64,65,66,67,68,69,70,71,75) 
req_id:1502179792450507,date:2017-08-08 16:09:52,qt:questionnaire,msg:db_conf_key db1 Connect success !
req_id:1502179792450507,date:2017-08-08 16:09:52,qt:questionnaire,msg:SELECT `id`, `content`, `question_id`, `order` FROM `que_option` WHERE question_id in (1,3,4,5,6,7,8,9,10,11,12,13,14,15,16,17,18,19,20,21,22,23,24,25,26,27,28,29,30,31,32,33,34,35,36,37,38,39,40,41,42,43,44,45,46,47,48,49,50,51,52,53,54,55,56,57,58,59,60,61,62,63,64,65,66,67,68,69,70,71,75) 
req_id:1502179792450507,date:2017-08-08 16:09:52,qt:questionnaire,msg:query info : null
req_id:1502179792497382,date:2017-08-08 16:09:52,qt:list,msg:db_conf_key db1 Connect success !
req_id:1502179792497382,date:2017-08-08 16:09:52,qt:list,msg:SELECT `id`, `content`, `type` FROM que_question WHERE `id` NOT IN ( SELECT `question_id` FROM que_title_question WHERE `questionnaire_id` =1) LIMIT 0, 15
req_id:1502179792497382,date:2017-08-08 16:09:52,qt:list,msg:query info : null
req_id:1502179792544257,date:2017-08-08 16:09:52,qt:login,msg:query info : null
req_id:1502179797413398,date:2017-08-08 16:09:57,qt:login,msg:query info : null
req_id:1502179797444648,date:2017-08-08 16:09:57,qt:login,msg:query info : null
req_id:1502179797600898,date:2017-08-08 16:09:57,qt:login,msg:query info : null
req_id:1502179806663398,date:2017-08-08 16:10:06,qt:login,msg:db_conf_key db1 Connect success !
req_id:1502179806663398,date:2017-08-08 16:10:06,qt:login,msg:SELECT `id`, `account`, `passwd`, `name`, `parent_id` FROM `eval_department` WHERE account = 'suzhou' 
req_id:1502179806663398,date:2017-08-08 16:10:06,qt:login,msg:query info : null
req_id:1502179806835273,date:2017-08-08 16:10:06,qt:login,msg:query info : null
req_id:1502179806866523,date:2017-08-08 16:10:06,qt:list,msg:db_conf_key db1 Connect success !
req_id:1502179806866523,date:2017-08-08 16:10:06,qt:list,msg:SELECT `id`, `content`, `weight`, `parent_id` FROM `eval_index`
req_id:1502179806866523,date:2017-08-08 16:10:06,qt:list,msg:query info : null
req_id:1502179806897773,date:2017-08-08 16:10:06,qt:navigate,msg:redis connect success
req_id:1502179806897773,date:2017-08-08 16:10:06,qt:navigate,msg:query info : null
req_id:1502179806929023,date:2017-08-08 16:10:06,qt:evaluation,msg:redis connect success
req_id:1502179806929023,date:2017-08-08 16:10:06,qt:evaluation,msg:query info : null
req_id:1502179806991523,date:2017-08-08 16:10:06,qt:login,msg:query info : null
req_id:150217983252070,date:2017-08-08 16:10:32,qt:login,msg:query info : null
req_id:150217983267695,date:2017-08-08 16:10:32,qt:list,msg:db_conf_key db1 Connect success !
req_id:150217983267695,date:2017-08-08 16:10:32,qt:list,msg:SELECT `id`, `content`, `weight`, `parent_id` FROM `eval_index`
req_id:150217983267695,date:2017-08-08 16:10:32,qt:list,msg:query info : null
req_id:1502179832145820,date:2017-08-08 16:10:32,qt:navigate,msg:redis connect success
req_id:1502179832145820,date:2017-08-08 16:10:32,qt:navigate,msg:query info : null
req_id:1502179832192695,date:2017-08-08 16:10:32,qt:evaluation,msg:redis connect success
req_id:1502179832192695,date:2017-08-08 16:10:32,qt:evaluation,msg:query info : null
req_id:1502179832239570,date:2017-08-08 16:10:32,qt:login,msg:query info : null
req_id:1502179837350898,date:2017-08-08 16:10:37,qt:login,msg:query info : null
req_id:1502179837382148,date:2017-08-08 16:10:37,qt:login,msg:query info : null
req_id:1502179837522773,date:2017-08-08 16:10:37,qt:login,msg:query info : null
req_id:1502179848518867,date:2017-08-08 16:10:48,qt:login,msg:db_conf_key db1 Connect success !
req_id:1502179848518867,date:2017-08-08 16:10:48,qt:login,msg:SELECT `id`, `account`, `passwd`, `name`, `parent_id` FROM `eval_department` WHERE account = 'yanshi' 
req_id:1502179848518867,date:2017-08-08 16:10:48,qt:login,msg:query info : null
req_id:1502179848768867,date:2017-08-08 16:10:48,qt:login,msg:query info : null
req_id:1502179848800117,date:2017-08-08 16:10:48,qt:list,msg:db_conf_key db1 Connect success !
req_id:1502179848800117,date:2017-08-08 16:10:48,qt:list,msg:SELECT `id`, `content`, `weight`, `parent_id` FROM `eval_index`
req_id:1502179848800117,date:2017-08-08 16:10:48,qt:list,msg:query info : null
req_id:1502179848815742,date:2017-08-08 16:10:48,qt:navigate,msg:redis connect success
req_id:1502179848815742,date:2017-08-08 16:10:48,qt:navigate,msg:db_conf_key db1 Connect success !
req_id:1502179848815742,date:2017-08-08 16:10:48,qt:navigate,msg:SELECT `id`, `name` FROM `eval_department` WHERE parent_id = '5' 
req_id:1502179848815742,date:2017-08-08 16:10:48,qt:navigate,msg:db_conf_key db1 Connect success !
req_id:1502179848815742,date:2017-08-08 16:10:48,qt:navigate,msg:SELECT `id`, `name` FROM `eval_school`
req_id:1502179848815742,date:2017-08-08 16:10:48,qt:navigate,msg:db_conf_key db1 Connect success !
req_id:1502179848815742,date:2017-08-08 16:10:48,qt:navigate,msg:SELECT distinct `edu_depart_id`, `school_id`, `grade`, `class` FROM `eval_evaluation` WHERE edu_depart_id = '6' 
req_id:1502179848815742,date:2017-08-08 16:10:48,qt:navigate,msg:query info : null
req_id:1502179848940742,date:2017-08-08 16:10:48,qt:login,msg:query info : null
req_id:1502179848956367,date:2017-08-08 16:10:48,qt:evaluation,msg:redis connect success
req_id:1502179848956367,date:2017-08-08 16:10:48,qt:evaluation,msg:db_conf_key db1 Connect success !
req_id:1502179848956367,date:2017-08-08 16:10:48,qt:evaluation,msg:SELECT `id`, `name` FROM `eval_department` WHERE parent_id = '5' 
req_id:1502179848956367,date:2017-08-08 16:10:48,qt:evaluation,msg:db_conf_key db1 Connect success !
req_id:1502179848956367,date:2017-08-08 16:10:48,qt:evaluation,msg:SELECT `score`, `gender`, `test_times`, `edu_depart_id`, `school_id`, `grade`, `class`, `sno` FROM `eval_evaluation` WHERE edu_depart_id = 6  AND test_times = '1' 
req_id:1502179848956367,date:2017-08-08 16:10:49,qt:evaluation,msg:db_conf_key db1 Connect success !
req_id:1502179848956367,date:2017-08-08 16:10:49,qt:evaluation,msg:SELECT `id`, `content`, `weight`, `parent_id` FROM `eval_index`
req_id:1502179848956367,date:2017-08-08 16:10:49,qt:evaluation,msg:query info : null
req_id:1502179849721992,date:2017-08-08 16:10:49,qt:login,msg:query info : null
req_id:1502179858440742,date:2017-08-08 16:10:58,qt:login,msg:query info : null
req_id:1502179858487617,date:2017-08-08 16:10:58,qt:evaluation,msg:redis connect success
req_id:1502179858487617,date:2017-08-08 16:10:58,qt:evaluation,msg:db_conf_key db1 Connect success !
req_id:1502179858487617,date:2017-08-08 16:10:58,qt:evaluation,msg:SELECT `id`, `name` FROM `eval_department` WHERE parent_id = '5' 
req_id:1502179858487617,date:2017-08-08 16:10:58,qt:evaluation,msg:db_conf_key db1 Connect success !
req_id:1502179858487617,date:2017-08-08 16:10:58,qt:evaluation,msg:SELECT `score`, `gender`, `test_times`, `edu_depart_id`, `school_id`, `grade`, `class`, `sno` FROM `eval_evaluation` WHERE edu_depart_id = 6  AND test_times = '1' 
req_id:1502179858487617,date:2017-08-08 16:10:58,qt:evaluation,msg:db_conf_key db1 Connect success !
req_id:1502179858487617,date:2017-08-08 16:10:58,qt:evaluation,msg:SELECT `id`, `content`, `weight`, `parent_id` FROM `eval_index`
req_id:1502179858487617,date:2017-08-08 16:10:58,qt:evaluation,msg:query info : null
req_id:1502179866560859,date:2017-08-08 16:11:06,qt:login,msg:query info : null
req_id:1502179866592109,date:2017-08-08 16:11:06,qt:evaluation,msg:redis connect success
req_id:1502179866592109,date:2017-08-08 16:11:06,qt:evaluation,msg:db_conf_key db1 Connect success !
req_id:1502179866592109,date:2017-08-08 16:11:06,qt:evaluation,msg:SELECT `id`, `name` FROM `eval_department` WHERE parent_id = '5' 
req_id:1502179866592109,date:2017-08-08 16:11:06,qt:evaluation,msg:db_conf_key db1 Connect success !
req_id:1502179866592109,date:2017-08-08 16:11:06,qt:evaluation,msg:SELECT `score`, `gender`, `test_times`, `edu_depart_id`, `school_id`, `grade`, `class`, `sno` FROM `eval_evaluation` WHERE edu_depart_id = 6  AND test_times = '1' 
req_id:1502179866592109,date:2017-08-08 16:11:06,qt:evaluation,msg:db_conf_key db1 Connect success !
req_id:1502179866592109,date:2017-08-08 16:11:06,qt:evaluation,msg:SELECT `id`, `content`, `weight`, `parent_id` FROM `eval_index`
req_id:1502179866592109,date:2017-08-08 16:11:06,qt:evaluation,msg:query info : null
req_id:1502179869875312,date:2017-08-08 16:11:09,qt:login,msg:query info : null
req_id:1502179869922187,date:2017-08-08 16:11:09,qt:evaluation,msg:redis connect success
req_id:1502179869922187,date:2017-08-08 16:11:09,qt:evaluation,msg:db_conf_key db1 Connect success !
req_id:1502179869922187,date:2017-08-08 16:11:09,qt:evaluation,msg:SELECT `id`, `name` FROM `eval_department` WHERE parent_id = '5' 
req_id:1502179869922187,date:2017-08-08 16:11:09,qt:evaluation,msg:db_conf_key db1 Connect success !
req_id:1502179869922187,date:2017-08-08 16:11:09,qt:evaluation,msg:SELECT `score`, `gender`, `test_times`, `edu_depart_id`, `school_id`, `grade`, `class`, `sno` FROM `eval_evaluation` WHERE edu_depart_id = 6  AND test_times = '1' 
req_id:1502179869922187,date:2017-08-08 16:11:09,qt:evaluation,msg:db_conf_key db1 Connect success !
req_id:1502179869922187,date:2017-08-08 16:11:09,qt:evaluation,msg:SELECT `id`, `content`, `weight`, `parent_id` FROM `eval_index`
req_id:1502179869922187,date:2017-08-08 16:11:09,qt:evaluation,msg:query info : null
req_id:1502179871390937,date:2017-08-08 16:11:11,qt:login,msg:query info : null
req_id:1502179871406562,date:2017-08-08 16:11:11,qt:list,msg:db_conf_key db1 Connect success !
req_id:1502179871406562,date:2017-08-08 16:11:11,qt:list,msg:SELECT `id`, `content`, `weight`, `parent_id` FROM `eval_index`
req_id:1502179871406562,date:2017-08-08 16:11:11,qt:list,msg:query info : null
req_id:1502179871422187,date:2017-08-08 16:11:11,qt:navigate,msg:redis connect success
req_id:1502179871422187,date:2017-08-08 16:11:11,qt:navigate,msg:query info : null
req_id:1502179871453437,date:2017-08-08 16:11:11,qt:evaluation,msg:redis connect success
req_id:1502179871453437,date:2017-08-08 16:11:11,qt:evaluation,msg:db_conf_key db1 Connect success !
req_id:1502179871453437,date:2017-08-08 16:11:11,qt:evaluation,msg:SELECT `id`, `name` FROM `eval_department` WHERE parent_id = '5' 
req_id:1502179871453437,date:2017-08-08 16:11:11,qt:evaluation,msg:db_conf_key db1 Connect success !
req_id:1502179871453437,date:2017-08-08 16:11:11,qt:evaluation,msg:SELECT `score`, `gender`, `test_times`, `edu_depart_id`, `school_id`, `grade`, `class`, `sno` FROM `eval_evaluation` WHERE edu_depart_id = 6  AND test_times = '1' 
req_id:1502179871453437,date:2017-08-08 16:11:11,qt:evaluation,msg:db_conf_key db1 Connect success !
req_id:1502179871453437,date:2017-08-08 16:11:11,qt:evaluation,msg:SELECT `id`, `content`, `weight`, `parent_id` FROM `eval_index`
req_id:1502179871453437,date:2017-08-08 16:11:11,qt:evaluation,msg:query info : null
req_id:1502179871687812,date:2017-08-08 16:11:11,qt:login,msg:query info : null
req_id:1502179874439765,date:2017-08-08 16:11:14,qt:login,msg:query info : null
req_id:1502179874471015,date:2017-08-08 16:11:14,qt:result,msg:redis connect success
req_id:1502179874471015,date:2017-08-08 16:11:14,qt:result,msg:db_conf_key db1 Connect success !
req_id:1502179874471015,date:2017-08-08 16:11:14,qt:result,msg:SELECT `id`, `name` FROM `eval_department` WHERE parent_id = '5' 
req_id:1502179874471015,date:2017-08-08 16:11:14,qt:result,msg:db_conf_key db1 Connect success !
req_id:1502179874471015,date:2017-08-08 16:11:14,qt:result,msg:SELECT `score`, `gender`, `test_times`, `edu_depart_id`, `school_id`, `grade`, `class`, `sno` FROM `eval_evaluation` WHERE edu_depart_id = 6  AND test_times = 1 
req_id:1502179874471015,date:2017-08-08 16:11:14,qt:result,msg:db_conf_key db1 Connect success !
req_id:1502179874471015,date:2017-08-08 16:11:14,qt:result,msg:SELECT `id`, `name` FROM `eval_department` WHERE parent_id = '5' 
req_id:1502179874471015,date:2017-08-08 16:11:14,qt:result,msg:db_conf_key db1 Connect success !
req_id:1502179874471015,date:2017-08-08 16:11:14,qt:result,msg:SELECT `id`, `content`, `weight`, `parent_id` FROM `eval_index`
req_id:1502179874471015,date:2017-08-08 16:11:14,qt:result,msg:query info : null
req_id:1502179874611640,date:2017-08-08 16:11:14,qt:login,msg:query info : null
req_id:1502179875986640,date:2017-08-08 16:11:15,qt:login,msg:query info : null
req_id:150217987617890,date:2017-08-08 16:11:16,qt:list,msg:db_conf_key db1 Connect success !
req_id:150217987617890,date:2017-08-08 16:11:16,qt:list,msg:SELECT `id`, `content`, `weight`, `parent_id` FROM `eval_index`
req_id:150217987617890,date:2017-08-08 16:11:16,qt:list,msg:query info : null
req_id:150217987649140,date:2017-08-08 16:11:16,qt:navigate,msg:redis connect success
req_id:150217987649140,date:2017-08-08 16:11:16,qt:navigate,msg:query info : null
req_id:150217987680390,date:2017-08-08 16:11:16,qt:evaluation,msg:redis connect success
req_id:150217987680390,date:2017-08-08 16:11:16,qt:evaluation,msg:query info : null
req_id:1502179876142890,date:2017-08-08 16:11:16,qt:login,msg:query info : null
req_id:1502179876799140,date:2017-08-08 16:11:16,qt:login,msg:query info : null
req_id:1502179876814765,date:2017-08-08 16:11:16,qt:list,msg:db_conf_key db1 Connect success !
req_id:1502179876814765,date:2017-08-08 16:11:16,qt:list,msg:SELECT `id`, `content`, `weight`, `parent_id` FROM `eval_index`
req_id:1502179876814765,date:2017-08-08 16:11:16,qt:list,msg:query info : null
req_id:1502179876846015,date:2017-08-08 16:11:16,qt:navigate,msg:redis connect success
req_id:1502179876846015,date:2017-08-08 16:11:16,qt:navigate,msg:query info : null
req_id:1502179876877265,date:2017-08-08 16:11:16,qt:login,msg:query info : null
req_id:1502179876892890,date:2017-08-08 16:11:16,qt:evaluation,msg:redis connect success
req_id:1502179876892890,date:2017-08-08 16:11:16,qt:evaluation,msg:query info : null
req_id:1502179877268867,date:2017-08-08 16:11:17,qt:login,msg:query info : null
req_id:1502179881649726,date:2017-08-08 16:11:21,qt:login,msg:query info : null
req_id:1502179881680976,date:2017-08-08 16:11:21,qt:list,msg:db_conf_key db1 Connect success !
req_id:1502179881680976,date:2017-08-08 16:11:21,qt:list,msg:SELECT `id`, `content`, `weight`, `parent_id` FROM `eval_index`
req_id:1502179881680976,date:2017-08-08 16:11:21,qt:list,msg:query info : null
req_id:1502179881712226,date:2017-08-08 16:11:21,qt:navigate,msg:redis connect success
req_id:1502179881712226,date:2017-08-08 16:11:21,qt:navigate,msg:query info : null
req_id:1502179881727851,date:2017-08-08 16:11:21,qt:evaluation,msg:redis connect success
req_id:1502179881727851,date:2017-08-08 16:11:21,qt:evaluation,msg:query info : null
req_id:1502179881805976,date:2017-08-08 16:11:21,qt:login,msg:query info : null
req_id:1502179882759101,date:2017-08-08 16:11:22,qt:login,msg:query info : null
req_id:1502179882790351,date:2017-08-08 16:11:22,qt:result,msg:redis connect success
req_id:1502179882790351,date:2017-08-08 16:11:22,qt:result,msg:query info : null
req_id:1502179882837226,date:2017-08-08 16:11:22,qt:login,msg:query info : null
req_id:1502179883571601,date:2017-08-08 16:11:23,qt:login,msg:query info : null
req_id:1502179883587226,date:2017-08-08 16:11:23,qt:list,msg:db_conf_key db1 Connect success !
req_id:1502179883587226,date:2017-08-08 16:11:23,qt:list,msg:SELECT `id`, `content`, `weight`, `parent_id` FROM `eval_index`
req_id:1502179883587226,date:2017-08-08 16:11:23,qt:list,msg:query info : null
req_id:1502179883618476,date:2017-08-08 16:11:23,qt:navigate,msg:redis connect success
req_id:1502179883618476,date:2017-08-08 16:11:23,qt:navigate,msg:query info : null
req_id:1502179883649726,date:2017-08-08 16:11:23,qt:evaluation,msg:redis connect success
req_id:1502179883649726,date:2017-08-08 16:11:23,qt:evaluation,msg:query info : null
req_id:1502179883712226,date:2017-08-08 16:11:23,qt:login,msg:query info : null
req_id:150217988424726,date:2017-08-08 16:11:24,qt:login,msg:query info : null
req_id:150217988440351,date:2017-08-08 16:11:24,qt:list,msg:db_conf_key db1 Connect success !
req_id:150217988440351,date:2017-08-08 16:11:24,qt:list,msg:SELECT `id`, `content`, `weight`, `parent_id` FROM `eval_index`
req_id:150217988440351,date:2017-08-08 16:11:24,qt:list,msg:query info : null
req_id:150217988471601,date:2017-08-08 16:11:24,qt:navigate,msg:redis connect success
req_id:150217988471601,date:2017-08-08 16:11:24,qt:navigate,msg:query info : null
req_id:1502179884118476,date:2017-08-08 16:11:24,qt:login,msg:query info : null
req_id:1502179884134101,date:2017-08-08 16:11:24,qt:evaluation,msg:redis connect success
req_id:1502179884134101,date:2017-08-08 16:11:24,qt:evaluation,msg:query info : null
req_id:1502179884509101,date:2017-08-08 16:11:24,qt:login,msg:query info : null
