req_id:1505513040633671,date:2017-09-16 06:04:00,qt:login,msg:query info : null
req_id:1505520900196171,date:2017-09-16 08:15:00,qt:login,msg:query info : null
req_id:1505520900227421,date:2017-09-16 08:15:00,qt:list,msg:db_conf_key db1 Connect success !
req_id:1505520900227421,date:2017-09-16 08:15:00,qt:list,msg:SELECT `id`, `content`, `weight`, `parent_id` FROM `eval_index`
req_id:1505520900227421,date:2017-09-16 08:15:00,qt:list,msg:query info : null
req_id:1505520900274296,date:2017-09-16 08:15:00,qt:navigate,msg:redis connect success
req_id:1505520900274296,date:2017-09-16 08:15:00,qt:navigate,msg:query info : null
req_id:1505520900368046,date:2017-09-16 08:15:00,qt:login,msg:query info : null
req_id:1505520955258671,date:2017-09-16 08:15:55,qt:login,msg:query info : null
req_id:1505520955289921,date:2017-09-16 08:15:55,qt:login,msg:query info : null
req_id:1505520955493046,date:2017-09-16 08:15:55,qt:login,msg:query info : null
req_id:1505520959243046,date:2017-09-16 08:15:59,qt:login,msg:db_conf_key db1 Connect success !
req_id:1505520959243046,date:2017-09-16 08:15:59,qt:login,msg:SELECT `id`, `account`, `passwd`, `name`, `parent_id` FROM `eval_department` WHERE account = 'yanshi' 
req_id:1505520959243046,date:2017-09-16 08:15:59,qt:login,msg:query info : null
req_id:1505520959368046,date:2017-09-16 08:15:59,qt:login,msg:query info : null
req_id:1505520959399296,date:2017-09-16 08:15:59,qt:list,msg:db_conf_key db1 Connect success !
req_id:1505520959399296,date:2017-09-16 08:15:59,qt:list,msg:SELECT `id`, `content`, `weight`, `parent_id` FROM `eval_index`
req_id:1505520959399296,date:2017-09-16 08:15:59,qt:list,msg:query info : null
req_id:1505520959446171,date:2017-09-16 08:15:59,qt:navigate,msg:redis connect success
req_id:1505520959446171,date:2017-09-16 08:15:59,qt:navigate,msg:db_conf_key db1 Connect success !
req_id:1505520959446171,date:2017-09-16 08:15:59,qt:navigate,msg:SELECT `id`, `name` FROM `eval_department` WHERE parent_id = '5' 
req_id:1505520959446171,date:2017-09-16 08:15:59,qt:navigate,msg:db_conf_key db1 Connect success !
req_id:1505520959446171,date:2017-09-16 08:15:59,qt:navigate,msg:SELECT `id`, `name` FROM `eval_school`
req_id:1505520959446171,date:2017-09-16 08:15:59,qt:navigate,msg:db_conf_key db1 Connect success !
req_id:1505520959446171,date:2017-09-16 08:15:59,qt:navigate,msg:SELECT distinct `edu_depart_id`, `school_id`, `grade`, `class` FROM `eval_evaluation` WHERE edu_depart_id = '6' 
req_id:1505520959446171,date:2017-09-16 08:15:59,qt:navigate,msg:query info : null
req_id:1505520959508671,date:2017-09-16 08:15:59,qt:login,msg:query info : null
req_id:1505520959524296,date:2017-09-16 08:15:59,qt:evaluation,msg:redis connect success
req_id:1505520959524296,date:2017-09-16 08:15:59,qt:evaluation,msg:db_conf_key db1 Connect success !
req_id:1505520959524296,date:2017-09-16 08:15:59,qt:evaluation,msg:SELECT `id`, `name` FROM `eval_department` WHERE parent_id = '5' 
req_id:1505520959524296,date:2017-09-16 08:15:59,qt:evaluation,msg:db_conf_key db1 Connect success !
req_id:1505520959524296,date:2017-09-16 08:15:59,qt:evaluation,msg:SELECT `score`, `gender`, `test_times`, `edu_depart_id`, `school_id`, `grade`, `class`, `sno` FROM `eval_evaluation` WHERE edu_depart_id = 6  AND test_times = '1' 
req_id:1505520959524296,date:2017-09-16 08:15:59,qt:evaluation,msg:db_conf_key db1 Connect success !
req_id:1505520959524296,date:2017-09-16 08:15:59,qt:evaluation,msg:SELECT `id`, `content`, `weight`, `parent_id` FROM `eval_index`
req_id:1505520959524296,date:2017-09-16 08:15:59,qt:evaluation,msg:query info : null
req_id:1505520960133671,date:2017-09-16 08:16:00,qt:login,msg:query info : null
req_id:1505527659211796,date:2017-09-16 10:07:39,qt:login,msg:query info : null
req_id:1505527659211796,date:2017-09-16 10:07:39,qt:evaluation,msg:redis connect success
req_id:1505527659211796,date:2017-09-16 10:07:39,qt:evaluation,msg:db_conf_key db1 Connect success !
req_id:1505527659211796,date:2017-09-16 10:07:39,qt:evaluation,msg:SELECT `id`, `name` FROM `eval_department` WHERE parent_id = '5' 
req_id:1505527659211796,date:2017-09-16 10:07:39,qt:evaluation,msg:db_conf_key db1 Connect success !
req_id:1505527659211796,date:2017-09-16 10:07:39,qt:evaluation,msg:SELECT `score`, `gender`, `test_times`, `edu_depart_id`, `school_id`, `grade`, `class`, `sno` FROM `eval_evaluation` WHERE edu_depart_id = 6  AND test_times = '1' 
req_id:1505527659211796,date:2017-09-16 10:07:39,qt:evaluation,msg:db_conf_key db1 Connect success !
req_id:1505527659211796,date:2017-09-16 10:07:39,qt:evaluation,msg:SELECT `id`, `content`, `weight`, `parent_id` FROM `eval_index`
req_id:1505527659211796,date:2017-09-16 10:07:39,qt:evaluation,msg:query info : null
req_id:1505527660930546,date:2017-09-16 10:07:40,qt:login,msg:query info : null
req_id:1505527660946171,date:2017-09-16 10:07:40,qt:evaluation,msg:redis connect success
req_id:1505527660946171,date:2017-09-16 10:07:40,qt:evaluation,msg:db_conf_key db1 Connect success !
req_id:1505527660946171,date:2017-09-16 10:07:40,qt:evaluation,msg:SELECT `id`, `name` FROM `eval_department` WHERE parent_id = '5' 
req_id:1505527660946171,date:2017-09-16 10:07:40,qt:evaluation,msg:db_conf_key db1 Connect success !
req_id:1505527660946171,date:2017-09-16 10:07:40,qt:evaluation,msg:SELECT `score`, `gender`, `test_times`, `edu_depart_id`, `school_id`, `grade`, `class`, `sno` FROM `eval_evaluation` WHERE edu_depart_id = 6  AND test_times = '1' 
req_id:1505527660946171,date:2017-09-16 10:07:41,qt:evaluation,msg:db_conf_key db1 Connect success !
req_id:1505527660946171,date:2017-09-16 10:07:41,qt:evaluation,msg:SELECT `id`, `content`, `weight`, `parent_id` FROM `eval_index`
req_id:1505527660946171,date:2017-09-16 10:07:41,qt:evaluation,msg:query info : null
req_id:1505533122274296,date:2017-09-16 11:38:42,qt:login,msg:query info : null
req_id:1505534196633671,date:2017-09-16 11:56:36,qt:login,msg:query info : null
req_id:1505534216789921,date:2017-09-16 11:56:56,qt:login,msg:db_conf_key db1 Connect success !
req_id:1505534216789921,date:2017-09-16 11:56:56,qt:login,msg:SELECT `id`, `account`, `passwd`, `name`, `parent_id` FROM `eval_department` WHERE account = 'yanshi' 
req_id:1505534216789921,date:2017-09-16 11:56:56,qt:login,msg:query info : null
req_id:1505534217102421,date:2017-09-16 11:56:57,qt:login,msg:query info : null
req_id:1505534217118046,date:2017-09-16 11:56:57,qt:list,msg:db_conf_key db1 Connect success !
req_id:1505534217118046,date:2017-09-16 11:56:57,qt:list,msg:SELECT `id`, `content`, `weight`, `parent_id` FROM `eval_index`
req_id:1505534217118046,date:2017-09-16 11:56:57,qt:list,msg:query info : null
req_id:1505534217133671,date:2017-09-16 11:56:57,qt:navigate,msg:redis connect success
req_id:1505534217133671,date:2017-09-16 11:56:57,qt:navigate,msg:db_conf_key db1 Connect success !
req_id:1505534217133671,date:2017-09-16 11:56:57,qt:navigate,msg:SELECT `id`, `name` FROM `eval_department` WHERE parent_id = '5' 
req_id:1505534217133671,date:2017-09-16 11:56:57,qt:navigate,msg:db_conf_key db1 Connect success !
req_id:1505534217133671,date:2017-09-16 11:56:57,qt:navigate,msg:SELECT `id`, `name` FROM `eval_school`
req_id:1505534217133671,date:2017-09-16 11:56:57,qt:navigate,msg:db_conf_key db1 Connect success !
req_id:1505534217133671,date:2017-09-16 11:56:57,qt:navigate,msg:SELECT distinct `edu_depart_id`, `school_id`, `grade`, `class` FROM `eval_evaluation` WHERE edu_depart_id = '6' 
req_id:1505534217133671,date:2017-09-16 11:56:57,qt:navigate,msg:query info : null
req_id:1505534217196171,date:2017-09-16 11:56:57,qt:login,msg:query info : null
req_id:1505534217211796,date:2017-09-16 11:56:57,qt:evaluation,msg:redis connect success
req_id:1505534217211796,date:2017-09-16 11:56:57,qt:evaluation,msg:db_conf_key db1 Connect success !
req_id:1505534217211796,date:2017-09-16 11:56:57,qt:evaluation,msg:SELECT `id`, `name` FROM `eval_department` WHERE parent_id = '5' 
req_id:1505534217211796,date:2017-09-16 11:56:57,qt:evaluation,msg:db_conf_key db1 Connect success !
req_id:1505534217211796,date:2017-09-16 11:56:57,qt:evaluation,msg:SELECT `score`, `gender`, `test_times`, `edu_depart_id`, `school_id`, `grade`, `class`, `sno` FROM `eval_evaluation` WHERE edu_depart_id = 6  AND test_times = '1' 
req_id:1505534217211796,date:2017-09-16 11:56:57,qt:evaluation,msg:db_conf_key db1 Connect success !
req_id:1505534217211796,date:2017-09-16 11:56:57,qt:evaluation,msg:SELECT `id`, `content`, `weight`, `parent_id` FROM `eval_index`
req_id:1505534217211796,date:2017-09-16 11:56:57,qt:evaluation,msg:query info : null
req_id:1505534217868046,date:2017-09-16 11:56:57,qt:login,msg:query info : null
req_id:1505534225883671,date:2017-09-16 11:57:05,qt:login,msg:query info : null
req_id:1505534225899296,date:2017-09-16 11:57:05,qt:list,msg:db_conf_key db1 Connect success !
req_id:1505534225899296,date:2017-09-16 11:57:05,qt:list,msg:SELECT `id`, `content`, `weight`, `parent_id` FROM `eval_index`
req_id:1505534225899296,date:2017-09-16 11:57:05,qt:list,msg:query info : null
req_id:1505534225930546,date:2017-09-16 11:57:05,qt:navigate,msg:redis connect success
req_id:1505534225930546,date:2017-09-16 11:57:05,qt:navigate,msg:query info : null
req_id:1505534225961796,date:2017-09-16 11:57:05,qt:evaluation,msg:redis connect success
req_id:1505534225961796,date:2017-09-16 11:57:05,qt:evaluation,msg:db_conf_key db1 Connect success !
req_id:1505534225961796,date:2017-09-16 11:57:05,qt:evaluation,msg:SELECT `id`, `name` FROM `eval_department` WHERE parent_id = '5' 
req_id:1505534225961796,date:2017-09-16 11:57:06,qt:evaluation,msg:db_conf_key db1 Connect success !
req_id:1505534225961796,date:2017-09-16 11:57:06,qt:evaluation,msg:SELECT `score`, `gender`, `test_times`, `edu_depart_id`, `school_id`, `grade`, `class`, `sno` FROM `eval_evaluation` WHERE edu_depart_id = 6  AND test_times = '1' 
req_id:1505534225961796,date:2017-09-16 11:57:06,qt:evaluation,msg:db_conf_key db1 Connect success !
req_id:1505534225961796,date:2017-09-16 11:57:06,qt:evaluation,msg:SELECT `id`, `content`, `weight`, `parent_id` FROM `eval_index`
req_id:1505534225961796,date:2017-09-16 11:57:06,qt:evaluation,msg:query info : null
req_id:1505534226180546,date:2017-09-16 11:57:06,qt:login,msg:query info : null
req_id:1505534233633671,date:2017-09-16 11:57:13,qt:evaluation,msg:redis connect success
req_id:1505534233633671,date:2017-09-16 11:57:13,qt:evaluation,msg:db_conf_key db1 Connect success !
req_id:1505534233633671,date:2017-09-16 11:57:13,qt:evaluation,msg:SELECT `id`, `name` FROM `eval_department` WHERE parent_id = '5' 
req_id:1505534233633671,date:2017-09-16 11:57:13,qt:evaluation,msg:db_conf_key db1 Connect success !
req_id:1505534233633671,date:2017-09-16 11:57:13,qt:evaluation,msg:SELECT `score`, `gender`, `test_times`, `edu_depart_id`, `school_id`, `grade`, `class`, `sno` FROM `eval_evaluation` WHERE edu_depart_id = 6  AND test_times = '1' 
req_id:1505534233633671,date:2017-09-16 11:57:13,qt:evaluation,msg:db_conf_key db1 Connect success !
req_id:1505534233633671,date:2017-09-16 11:57:13,qt:evaluation,msg:SELECT `id`, `name` FROM `eval_school`
req_id:1505534233633671,date:2017-09-16 11:57:13,qt:evaluation,msg:db_conf_key db1 Connect success !
req_id:1505534233633671,date:2017-09-16 11:57:13,qt:evaluation,msg:SELECT `id`, `content`, `weight`, `parent_id` FROM `eval_index`
req_id:1505534233633671,date:2017-09-16 11:57:13,qt:evaluation,msg:query info : null
req_id:1505534239243046,date:2017-09-16 11:57:19,qt:login,msg:query info : null
req_id:1505534239243046,date:2017-09-16 11:57:19,qt:list,msg:db_conf_key db1 Connect success !
req_id:1505534239243046,date:2017-09-16 11:57:19,qt:list,msg:SELECT `id`, `content`, `weight`, `parent_id` FROM `eval_index`
req_id:1505534239243046,date:2017-09-16 11:57:19,qt:list,msg:query info : null
req_id:1505534239258671,date:2017-09-16 11:57:19,qt:navigate,msg:redis connect success
req_id:1505534239258671,date:2017-09-16 11:57:19,qt:navigate,msg:query info : null
req_id:1505534239289921,date:2017-09-16 11:57:19,qt:login,msg:query info : null
req_id:1505534239305546,date:2017-09-16 11:57:19,qt:evaluation,msg:redis connect success
req_id:1505534239305546,date:2017-09-16 11:57:19,qt:evaluation,msg:query info : null
req_id:1505534239586796,date:2017-09-16 11:57:19,qt:login,msg:query info : null
req_id:1505534248664921,date:2017-09-16 11:57:28,qt:login,msg:query info : null
req_id:1505534248680546,date:2017-09-16 11:57:28,qt:evaluation,msg:redis connect success
req_id:1505534248680546,date:2017-09-16 11:57:28,qt:evaluation,msg:db_conf_key db1 Connect success !
req_id:1505534248680546,date:2017-09-16 11:57:28,qt:evaluation,msg:SELECT `id`, `name` FROM `eval_department` WHERE parent_id = '5' 
req_id:1505534248680546,date:2017-09-16 11:57:28,qt:evaluation,msg:db_conf_key db1 Connect success !
req_id:1505534248680546,date:2017-09-16 11:57:28,qt:evaluation,msg:SELECT `score`, `gender`, `test_times`, `edu_depart_id`, `school_id`, `grade`, `class`, `sno` FROM `eval_evaluation` WHERE edu_depart_id = 6  AND test_times = '1' 
req_id:1505534248680546,date:2017-09-16 11:57:28,qt:evaluation,msg:db_conf_key db1 Connect success !
req_id:1505534248680546,date:2017-09-16 11:57:28,qt:evaluation,msg:SELECT `id`, `content`, `weight`, `parent_id` FROM `eval_index`
req_id:1505534248680546,date:2017-09-16 11:57:28,qt:evaluation,msg:query info : null
req_id:1505534254555546,date:2017-09-16 11:57:34,qt:login,msg:query info : null
req_id:1505534254555546,date:2017-09-16 11:57:34,qt:list,msg:db_conf_key db1 Connect success !
req_id:1505534254555546,date:2017-09-16 11:57:34,qt:list,msg:SELECT `id`, `content`, `weight`, `parent_id` FROM `eval_index`
req_id:1505534254555546,date:2017-09-16 11:57:34,qt:list,msg:query info : null
req_id:1505534254586796,date:2017-09-16 11:57:34,qt:navigate,msg:redis connect success
req_id:1505534254586796,date:2017-09-16 11:57:34,qt:navigate,msg:query info : null
req_id:1505534254618046,date:2017-09-16 11:57:34,qt:evaluation,msg:redis connect success
req_id:1505534254618046,date:2017-09-16 11:57:34,qt:evaluation,msg:query info : null
req_id:1505534254711796,date:2017-09-16 11:57:34,qt:login,msg:query info : null
req_id:1505534257711796,date:2017-09-16 11:57:37,qt:evaluation,msg:redis connect success
req_id:1505534257711796,date:2017-09-16 11:57:37,qt:evaluation,msg:query info : null
req_id:1505535830539921,date:2017-09-16 12:23:50,qt:login,msg:query info : null
req_id:1505535830571171,date:2017-09-16 12:23:50,qt:list,msg:db_conf_key db1 Connect success !
req_id:1505535830571171,date:2017-09-16 12:23:50,qt:list,msg:SELECT `id`, `content`, `weight`, `parent_id` FROM `eval_index`
req_id:1505535830571171,date:2017-09-16 12:23:50,qt:list,msg:query info : null
req_id:1505535830602421,date:2017-09-16 12:23:50,qt:navigate,msg:redis connect success
req_id:1505535830602421,date:2017-09-16 12:23:50,qt:navigate,msg:query info : null
req_id:1505535830664921,date:2017-09-16 12:23:50,qt:login,msg:query info : null
req_id:1505535830696171,date:2017-09-16 12:23:50,qt:evaluation,msg:redis connect success
req_id:1505535830696171,date:2017-09-16 12:23:50,qt:evaluation,msg:query info : null
req_id:15055358318671,date:2017-09-16 12:23:51,qt:login,msg:query info : null
req_id:1505535875977421,date:2017-09-16 12:24:35,qt:login,msg:query info : null
req_id:1505535875993046,date:2017-09-16 12:24:36,qt:result,msg:redis connect success
req_id:1505535875993046,date:2017-09-16 12:24:36,qt:result,msg:db_conf_key db1 Connect success !
req_id:1505535875993046,date:2017-09-16 12:24:36,qt:result,msg:SELECT `id`, `name` FROM `eval_department` WHERE parent_id = '5' 
req_id:1505535875993046,date:2017-09-16 12:24:36,qt:result,msg:db_conf_key db1 Connect success !
req_id:1505535875993046,date:2017-09-16 12:24:36,qt:result,msg:SELECT `score`, `gender`, `test_times`, `edu_depart_id`, `school_id`, `grade`, `class`, `sno` FROM `eval_evaluation` WHERE edu_depart_id = 6  AND test_times = 1 
req_id:1505535875993046,date:2017-09-16 12:24:36,qt:result,msg:db_conf_key db1 Connect success !
req_id:1505535875993046,date:2017-09-16 12:24:36,qt:result,msg:SELECT `id`, `name` FROM `eval_department` WHERE parent_id = '5' 
req_id:1505535875993046,date:2017-09-16 12:24:36,qt:result,msg:db_conf_key db1 Connect success !
req_id:1505535875993046,date:2017-09-16 12:24:36,qt:result,msg:SELECT `id`, `content`, `weight`, `parent_id` FROM `eval_index`
req_id:1505535875993046,date:2017-09-16 12:24:36,qt:result,msg:query info : null
req_id:1505535876274296,date:2017-09-16 12:24:36,qt:login,msg:query info : null
req_id:1505535876977421,date:2017-09-16 12:24:36,qt:login,msg:query info : null
req_id:1505535876993046,date:2017-09-16 12:24:36,qt:login,msg:query info : null
req_id:150553587771171,date:2017-09-16 12:24:37,qt:login,msg:query info : null
req_id:1505535888899296,date:2017-09-16 12:24:48,qt:login,msg:db_conf_key db1 Connect success !
req_id:1505535888899296,date:2017-09-16 12:24:48,qt:login,msg:SELECT `account`, `passwd`, `name`, `level` FROM `eval_admin` WHERE account = 'admin' 
req_id:1505535888899296,date:2017-09-16 12:24:48,qt:login,msg:query info : null
req_id:150553588939921,date:2017-09-16 12:24:49,qt:list,msg:db_conf_key db1 Connect success !
req_id:150553588939921,date:2017-09-16 12:24:49,qt:list,msg:SELECT `id`, `title` FROM `que_title` limit 0, 20
req_id:150553588939921,date:2017-09-16 12:24:49,qt:list,msg:query info : null
req_id:150553588971171,date:2017-09-16 12:24:49,qt:status,msg:db_conf_key db1 Connect success !
req_id:150553588971171,date:2017-09-16 12:24:49,qt:status,msg:SELECT count(*) num FROM que_question
req_id:150553588971171,date:2017-09-16 12:24:49,qt:status,msg:db_conf_key db1 Connect success !
req_id:150553588971171,date:2017-09-16 12:24:49,qt:status,msg:SELECT count(*) num FROM que_title
req_id:150553588971171,date:2017-09-16 12:24:49,qt:status,msg:query info : null
req_id:1505535889133671,date:2017-09-16 12:24:49,qt:login,msg:query info : null
req_id:1505535891258671,date:2017-09-16 12:24:51,qt:list,msg:db_conf_key db1 Connect success !
req_id:1505535891258671,date:2017-09-16 12:24:51,qt:list,msg:SELECT `id`, `content`, `type` FROM `que_question` limit 0, 10
req_id:1505535891258671,date:2017-09-16 12:24:51,qt:list,msg:db_conf_key db1 Connect success !
req_id:1505535891258671,date:2017-09-16 12:24:51,qt:list,msg:SELECT `id`, `content`, `question_id`, `order` FROM `que_option` WHERE question_id in (1,2,3,4,5,6,7,8,9,10) 
req_id:1505535891258671,date:2017-09-16 12:24:51,qt:list,msg:query info : null
req_id:1505535891321171,date:2017-09-16 12:24:51,qt:status,msg:db_conf_key db1 Connect success !
req_id:1505535891321171,date:2017-09-16 12:24:51,qt:status,msg:SELECT count(*) num FROM que_question
req_id:1505535891321171,date:2017-09-16 12:24:51,qt:status,msg:db_conf_key db1 Connect success !
req_id:1505535891321171,date:2017-09-16 12:24:51,qt:status,msg:SELECT count(*) num FROM que_title
req_id:1505535891321171,date:2017-09-16 12:24:51,qt:status,msg:query info : null
req_id:1505535891399296,date:2017-09-16 12:24:51,qt:login,msg:query info : null
req_id:1505535892727421,date:2017-09-16 12:24:52,qt:list,msg:db_conf_key db1 Connect success !
req_id:1505535892727421,date:2017-09-16 12:24:52,qt:list,msg:SELECT `id`, `title` FROM `que_title` limit 0, 20
req_id:1505535892727421,date:2017-09-16 12:24:52,qt:list,msg:query info : null
req_id:1505535892774296,date:2017-09-16 12:24:52,qt:status,msg:db_conf_key db1 Connect success !
req_id:1505535892774296,date:2017-09-16 12:24:52,qt:status,msg:SELECT count(*) num FROM que_question
req_id:1505535892774296,date:2017-09-16 12:24:52,qt:status,msg:db_conf_key db1 Connect success !
req_id:1505535892774296,date:2017-09-16 12:24:52,qt:status,msg:SELECT count(*) num FROM que_title
req_id:1505535892774296,date:2017-09-16 12:24:52,qt:status,msg:query info : null
req_id:1505535892852421,date:2017-09-16 12:24:52,qt:login,msg:query info : null
req_id:1505535894305546,date:2017-09-16 12:24:54,qt:login,msg:query info : null
req_id:1505535895305546,date:2017-09-16 12:24:55,qt:questionnaire,msg:redis connect success
req_id:1505535895305546,date:2017-09-16 12:24:55,qt:questionnaire,msg:db_conf_key db1 Connect success !
req_id:1505535895305546,date:2017-09-16 12:24:55,qt:questionnaire,msg:SELECT `id`, `title` FROM `que_title` WHERE id = '1' 
req_id:1505535895305546,date:2017-09-16 12:24:55,qt:questionnaire,msg:SELECT `questionnaire_id`, `question_id` FROM `que_title_question` WHERE questionnaire_id = '1' 
req_id:1505535895305546,date:2017-09-16 12:24:55,qt:questionnaire,msg:db_conf_key db1 Connect success !
req_id:1505535895305546,date:2017-09-16 12:24:55,qt:questionnaire,msg:SELECT `id`, `content`, `type` FROM `que_question` WHERE id in (1,3,4,5,6,7,8,9,10,11,12,13,14,15,16,17,18,19,20,21,22,23,24,25,26,27,28,29,30,31,32,33,34,35,36,37,38,39,40,41,42,43,44,45,46,47,48,49,50,51,52,53,54,55,56,57,58,59,60,61,62,63,64,65,66,67,68,69,70,71,75) 
req_id:1505535895305546,date:2017-09-16 12:24:55,qt:questionnaire,msg:db_conf_key db1 Connect success !
req_id:1505535895305546,date:2017-09-16 12:24:55,qt:questionnaire,msg:SELECT `id`, `content`, `question_id`, `order` FROM `que_option` WHERE question_id in (1,3,4,5,6,7,8,9,10,11,12,13,14,15,16,17,18,19,20,21,22,23,24,25,26,27,28,29,30,31,32,33,34,35,36,37,38,39,40,41,42,43,44,45,46,47,48,49,50,51,52,53,54,55,56,57,58,59,60,61,62,63,64,65,66,67,68,69,70,71,75) 
req_id:1505535895305546,date:2017-09-16 12:24:55,qt:questionnaire,msg:query info : null
req_id:1505535903993046,date:2017-09-16 12:25:04,qt:list,msg:db_conf_key db1 Connect success !
req_id:1505535903993046,date:2017-09-16 12:25:04,qt:list,msg:SELECT `id`, `content`, `type` FROM `que_question` limit 0, 10
req_id:1505535903993046,date:2017-09-16 12:25:04,qt:list,msg:db_conf_key db1 Connect success !
req_id:1505535903993046,date:2017-09-16 12:25:04,qt:list,msg:SELECT `id`, `content`, `question_id`, `order` FROM `que_option` WHERE question_id in (1,2,3,4,5,6,7,8,9,10) 
req_id:1505535903993046,date:2017-09-16 12:25:04,qt:list,msg:query info : null
req_id:150553590424296,date:2017-09-16 12:25:04,qt:status,msg:db_conf_key db1 Connect success !
req_id:150553590424296,date:2017-09-16 12:25:04,qt:status,msg:SELECT count(*) num FROM que_question
req_id:150553590424296,date:2017-09-16 12:25:04,qt:status,msg:db_conf_key db1 Connect success !
req_id:150553590424296,date:2017-09-16 12:25:04,qt:status,msg:SELECT count(*) num FROM que_title
req_id:150553590424296,date:2017-09-16 12:25:04,qt:status,msg:query info : null
req_id:150553590486796,date:2017-09-16 12:25:04,qt:login,msg:query info : null
req_id:1505535915602421,date:2017-09-16 12:25:15,qt:login,msg:query info : null
req_id:1505535916899296,date:2017-09-16 12:25:16,qt:list,msg:db_conf_key db1 Connect success !
req_id:1505535916899296,date:2017-09-16 12:25:16,qt:list,msg:SELECT `id`, `content`, `type` FROM `que_question` limit 0, 10
req_id:1505535916899296,date:2017-09-16 12:25:16,qt:list,msg:db_conf_key db1 Connect success !
req_id:1505535916899296,date:2017-09-16 12:25:16,qt:list,msg:SELECT `id`, `content`, `question_id`, `order` FROM `que_option` WHERE question_id in (1,2,3,4,5,6,7,8,9,10) 
req_id:1505535916899296,date:2017-09-16 12:25:16,qt:list,msg:query info : null
req_id:1505535916930546,date:2017-09-16 12:25:16,qt:status,msg:db_conf_key db1 Connect success !
req_id:1505535916930546,date:2017-09-16 12:25:16,qt:status,msg:SELECT count(*) num FROM que_question
req_id:1505535916930546,date:2017-09-16 12:25:16,qt:status,msg:db_conf_key db1 Connect success !
req_id:1505535916930546,date:2017-09-16 12:25:16,qt:status,msg:SELECT count(*) num FROM que_title
req_id:1505535916930546,date:2017-09-16 12:25:16,qt:status,msg:query info : null
req_id:15055359178671,date:2017-09-16 12:25:17,qt:login,msg:query info : null
req_id:1505536031680546,date:2017-09-16 12:27:11,qt:login,msg:query info : null
req_id:1505536031696171,date:2017-09-16 12:27:11,qt:login,msg:query info : null
req_id:1505536031805546,date:2017-09-16 12:27:11,qt:login,msg:query info : null
req_id:1505536050493046,date:2017-09-16 12:27:30,qt:login,msg:query info : null
req_id:1505536052211796,date:2017-09-16 12:27:32,qt:login,msg:db_conf_key db1 Connect success !
req_id:1505536052211796,date:2017-09-16 12:27:32,qt:login,msg:SELECT `account`, `passwd`, `name` FROM `eval_student` WHERE account = '2142009604' 
req_id:1505536052211796,date:2017-09-16 12:27:32,qt:login,msg:query info : null
req_id:1505536064914921,date:2017-09-16 12:27:44,qt:login,msg:db_conf_key db1 Connect success !
req_id:1505536064914921,date:2017-09-16 12:27:44,qt:login,msg:SELECT `account`, `passwd`, `name` FROM `eval_student` WHERE account = '01010101' 
req_id:1505536064914921,date:2017-09-16 12:27:44,qt:login,msg:query info : null
req_id:150553606571171,date:2017-09-16 12:27:45,qt:login,msg:query info : null
req_id:1505536070352421,date:2017-09-16 12:27:50,qt:login,msg:query info : null
req_id:1505536070383671,date:2017-09-16 12:27:50,qt:result,msg:redis connect success
req_id:1505536070383671,date:2017-09-16 12:27:50,qt:result,msg:db_conf_key db1 Connect success !
req_id:1505536070383671,date:2017-09-16 12:27:50,qt:result,msg:SELECT `answer`, `test_times` FROM `que_answer` WHERE sno = '01010101'  AND test_times = 1 
req_id:1505536070383671,date:2017-09-16 12:27:50,qt:result,msg:db_conf_key db1 Connect success !
req_id:1505536070383671,date:2017-09-16 12:27:50,qt:result,msg:SELECT `id`, `content`, `weight`, `parent_id` FROM `eval_index`
req_id:1505536070383671,date:2017-09-16 12:27:50,qt:result,msg:SELECT `question_id`, `index_id` FROM `eval_question_index`
req_id:1505536070383671,date:2017-09-16 12:27:50,qt:result,msg:db_conf_key db1 Connect success !
req_id:1505536070383671,date:2017-09-16 12:27:50,qt:result,msg:SELECT `id`, `content`, `weight`, `parent_id` FROM `eval_index`
req_id:1505536070383671,date:2017-09-16 12:27:50,qt:result,msg:SELECT `question_id`, `index_id` FROM `eval_question_index`
req_id:1505536070383671,date:2017-09-16 12:27:50,qt:result,msg:query info : null
req_id:1505536070711796,date:2017-09-16 12:27:50,qt:login,msg:query info : null
req_id:1505536072274296,date:2017-09-16 12:27:52,qt:login,msg:query info : null
req_id:1505536073539921,date:2017-09-16 12:27:53,qt:questionnaire,msg:redis connect success
req_id:1505536073539921,date:2017-09-16 12:27:53,qt:questionnaire,msg:db_conf_key db1 Connect success !
req_id:1505536073539921,date:2017-09-16 12:27:53,qt:questionnaire,msg:SELECT `id`, `title` FROM `que_title` WHERE id = '1' 
req_id:1505536073539921,date:2017-09-16 12:27:53,qt:questionnaire,msg:SELECT `questionnaire_id`, `question_id` FROM `que_title_question` WHERE questionnaire_id = '1' 
req_id:1505536073539921,date:2017-09-16 12:27:53,qt:questionnaire,msg:db_conf_key db1 Connect success !
req_id:1505536073539921,date:2017-09-16 12:27:53,qt:questionnaire,msg:SELECT `id`, `content`, `type` FROM `que_question` WHERE id in (1,3,4,5,6,7,8,9,10,11,12,13,14,15,16,17,18,19,20,21,22,23,24,25,26,27,28,29,30,31,32,33,34,35,36,37,38,39,40,41,42,43,44,45,46,47,48,49,50,51,52,53,54,55,56,57,58,59,60,61,62,63,64,65,66,67,68,69,70,71,75) 
req_id:1505536073539921,date:2017-09-16 12:27:53,qt:questionnaire,msg:db_conf_key db1 Connect success !
req_id:1505536073539921,date:2017-09-16 12:27:53,qt:questionnaire,msg:SELECT `id`, `content`, `question_id`, `order` FROM `que_option` WHERE question_id in (1,3,4,5,6,7,8,9,10,11,12,13,14,15,16,17,18,19,20,21,22,23,24,25,26,27,28,29,30,31,32,33,34,35,36,37,38,39,40,41,42,43,44,45,46,47,48,49,50,51,52,53,54,55,56,57,58,59,60,61,62,63,64,65,66,67,68,69,70,71,75) 
req_id:1505536073539921,date:2017-09-16 12:27:53,qt:questionnaire,msg:query info : null
req_id:1505536074555546,date:2017-09-16 12:27:54,qt:login,msg:query info : null
req_id:1505541929868046,date:2017-09-16 14:05:29,qt:login,msg:query info : null
