req_id:1504318356939078,date:2017-09-02 10:12:37,qt:default,msg:query info : null
req_id:1504333757671500,date:2017-09-02 14:29:17,qt:login,msg:query info : null
req_id:1504333779968375,date:2017-09-02 14:29:39,qt:login,msg:db_conf_key db1 Connect success !
req_id:1504333779968375,date:2017-09-02 14:29:39,qt:login,msg:SELECT `account`, `passwd`, `name`, `level` FROM `eval_admin` WHERE account = 'yanshi' 
req_id:1504333779968375,date:2017-09-02 14:29:40,qt:login,msg:query info : null
req_id:1504333786702750,date:2017-09-02 14:29:46,qt:login,msg:db_conf_key db1 Connect success !
req_id:1504333786702750,date:2017-09-02 14:29:46,qt:login,msg:SELECT `id`, `account`, `passwd`, `name`, `parent_id` FROM `eval_department` WHERE account = 'yanshi' 
req_id:1504333786702750,date:2017-09-02 14:29:46,qt:login,msg:query info : null
req_id:150433378777750,date:2017-09-02 14:29:47,qt:login,msg:query info : null
req_id:150433378777750,date:2017-09-02 14:29:47,qt:list,msg:db_conf_key db1 Connect success !
req_id:150433378777750,date:2017-09-02 14:29:47,qt:list,msg:SELECT `id`, `content`, `weight`, `parent_id` FROM `eval_index`
req_id:150433378777750,date:2017-09-02 14:29:47,qt:list,msg:query info : null
req_id:1504333787187125,date:2017-09-02 14:29:47,qt:navigate,msg:redis connect success
req_id:1504333787187125,date:2017-09-02 14:29:47,qt:navigate,msg:db_conf_key db1 Connect success !
req_id:1504333787187125,date:2017-09-02 14:29:47,qt:navigate,msg:SELECT `id`, `name` FROM `eval_department` WHERE parent_id = '5' 
req_id:1504333787187125,date:2017-09-02 14:29:47,qt:navigate,msg:db_conf_key db1 Connect success !
req_id:1504333787187125,date:2017-09-02 14:29:47,qt:navigate,msg:SELECT `id`, `name` FROM `eval_school`
req_id:1504333787187125,date:2017-09-02 14:29:47,qt:navigate,msg:db_conf_key db1 Connect success !
req_id:1504333787187125,date:2017-09-02 14:29:47,qt:navigate,msg:SELECT distinct `edu_depart_id`, `school_id`, `grade`, `class` FROM `eval_evaluation` WHERE edu_depart_id = '6' 
req_id:1504333787187125,date:2017-09-02 14:29:47,qt:navigate,msg:query info : null
req_id:1504333787546500,date:2017-09-02 14:29:47,qt:login,msg:query info : null
req_id:1504333787562125,date:2017-09-02 14:29:47,qt:evaluation,msg:redis connect success
req_id:1504333787562125,date:2017-09-02 14:29:47,qt:evaluation,msg:db_conf_key db1 Connect success !
req_id:1504333787562125,date:2017-09-02 14:29:47,qt:evaluation,msg:SELECT `id`, `name` FROM `eval_department` WHERE parent_id = '5' 
req_id:1504333787562125,date:2017-09-02 14:29:47,qt:evaluation,msg:db_conf_key db1 Connect success !
req_id:1504333787562125,date:2017-09-02 14:29:47,qt:evaluation,msg:SELECT `score`, `gender`, `test_times`, `edu_depart_id`, `school_id`, `grade`, `class`, `sno` FROM `eval_evaluation` WHERE edu_depart_id = 6  AND test_times = '1' 
req_id:1504333787562125,date:2017-09-02 14:29:47,qt:evaluation,msg:db_conf_key db1 Connect success !
req_id:1504333787562125,date:2017-09-02 14:29:47,qt:evaluation,msg:SELECT `id`, `content`, `weight`, `parent_id` FROM `eval_index`
req_id:1504333787562125,date:2017-09-02 14:29:47,qt:evaluation,msg:query info : null
req_id:1504333788327750,date:2017-09-02 14:29:48,qt:login,msg:query info : null
req_id:1504333811655875,date:2017-09-02 14:30:11,qt:login,msg:query info : null
req_id:1504333817280875,date:2017-09-02 14:30:17,qt:login,msg:db_conf_key db1 Connect success !
req_id:1504333817280875,date:2017-09-02 14:30:17,qt:login,msg:SELECT `id`, `account`, `passwd`, `name`, `parent_id` FROM `eval_department` WHERE account = 'yanshi' 
req_id:1504333817280875,date:2017-09-02 14:30:17,qt:login,msg:query info : null
req_id:1504333817405875,date:2017-09-02 14:30:17,qt:login,msg:query info : null
req_id:1504333817421500,date:2017-09-02 14:30:17,qt:list,msg:db_conf_key db1 Connect success !
req_id:1504333817421500,date:2017-09-02 14:30:17,qt:list,msg:SELECT `id`, `content`, `weight`, `parent_id` FROM `eval_index`
req_id:1504333817421500,date:2017-09-02 14:30:17,qt:list,msg:query info : null
req_id:1504333817437125,date:2017-09-02 14:30:17,qt:navigate,msg:redis connect success
req_id:1504333817437125,date:2017-09-02 14:30:17,qt:navigate,msg:query info : null
req_id:1504333817515250,date:2017-09-02 14:30:17,qt:login,msg:query info : null
req_id:1504333817530875,date:2017-09-02 14:30:17,qt:evaluation,msg:redis connect success
req_id:1504333817530875,date:2017-09-02 14:30:17,qt:evaluation,msg:query info : null
req_id:150433381846500,date:2017-09-02 14:30:18,qt:login,msg:query info : null
