req_id:1495596639338867,date:2017-05-24 11:30:39,qt:login,msg:query info : null
req_id:1495596647870117,date:2017-05-24 11:30:47,qt:login,msg:db_conf_key db1 Connect success !
req_id:1495596647870117,date:2017-05-24 11:30:47,qt:login,msg:SELECT `account`, `passwd`, `name`, `level` FROM `eval_admin` WHERE account = 'admin' 
req_id:1495596647870117,date:2017-05-24 11:30:47,qt:login,msg:query info : null
req_id:1495596648229492,date:2017-05-24 11:30:48,qt:list,msg:db_conf_key db1 Connect success !
req_id:1495596648229492,date:2017-05-24 11:30:48,qt:list,msg:SELECT `id`, `title` FROM `que_title` limit 0, 20
req_id:1495596648229492,date:2017-05-24 11:30:48,qt:list,msg:query info : null
req_id:1495596648291992,date:2017-05-24 11:30:48,qt:status,msg:db_conf_key db1 Connect success !
req_id:1495596648291992,date:2017-05-24 11:30:48,qt:status,msg:SELECT count(*) num FROM que_question
req_id:1495596648291992,date:2017-05-24 11:30:48,qt:status,msg:db_conf_key db1 Connect success !
req_id:1495596648291992,date:2017-05-24 11:30:48,qt:status,msg:SELECT count(*) num FROM que_title
req_id:1495596648291992,date:2017-05-24 11:30:48,qt:status,msg:query info : null
req_id:1495596648432617,date:2017-05-24 11:30:48,qt:login,msg:query info : null
req_id:1495596656479492,date:2017-05-24 11:30:56,qt:list,msg:db_conf_key db1 Connect success !
req_id:1495596656479492,date:2017-05-24 11:30:56,qt:list,msg:SELECT `id`, `title` FROM `que_title` limit 0, 20
req_id:1495596656479492,date:2017-05-24 11:30:56,qt:list,msg:query info : null
req_id:1495596656526367,date:2017-05-24 11:30:56,qt:status,msg:db_conf_key db1 Connect success !
req_id:1495596656526367,date:2017-05-24 11:30:56,qt:status,msg:SELECT count(*) num FROM que_question
req_id:1495596656526367,date:2017-05-24 11:30:56,qt:status,msg:db_conf_key db1 Connect success !
req_id:1495596656526367,date:2017-05-24 11:30:56,qt:status,msg:SELECT count(*) num FROM que_title
req_id:1495596656526367,date:2017-05-24 11:30:56,qt:status,msg:query info : null
req_id:1495596656620117,date:2017-05-24 11:30:56,qt:login,msg:query info : null
req_id:1495596666791992,date:2017-05-24 11:31:06,qt:list,msg:db_conf_key db1 Connect success !
req_id:1495596666791992,date:2017-05-24 11:31:06,qt:list,msg:SELECT `id`, `content`, `type` FROM `que_question` limit 0, 10
req_id:1495596666791992,date:2017-05-24 11:31:06,qt:list,msg:db_conf_key db1 Connect success !
req_id:1495596666791992,date:2017-05-24 11:31:06,qt:list,msg:SELECT `id`, `content`, `question_id`, `order` FROM `que_option` WHERE question_id in (1,2,3,4,5,6,7,8,9,10) 
req_id:1495596666791992,date:2017-05-24 11:31:06,qt:list,msg:query info : null
req_id:1495596666838867,date:2017-05-24 11:31:06,qt:status,msg:db_conf_key db1 Connect success !
req_id:1495596666838867,date:2017-05-24 11:31:06,qt:status,msg:SELECT count(*) num FROM que_question
req_id:1495596666838867,date:2017-05-24 11:31:06,qt:status,msg:db_conf_key db1 Connect success !
req_id:1495596666838867,date:2017-05-24 11:31:06,qt:status,msg:SELECT count(*) num FROM que_title
req_id:1495596666838867,date:2017-05-24 11:31:06,qt:status,msg:query info : null
req_id:1495596666995117,date:2017-05-24 11:31:06,qt:login,msg:query info : null
req_id:1495596986307617,date:2017-05-24 11:36:26,qt:login,msg:query info : null
req_id:1495596986338867,date:2017-05-24 11:36:26,qt:login,msg:query info : null
req_id:1495596986463867,date:2017-05-24 11:36:26,qt:login,msg:query info : null
req_id:1495596998151367,date:2017-05-24 11:36:38,qt:login,msg:db_conf_key db1 Connect success !
req_id:1495596998151367,date:2017-05-24 11:36:38,qt:login,msg:SELECT `id`, `account`, `passwd`, `name`, `parent_id` FROM `eval_department` WHERE account = 'wuzhong' 
req_id:1495596998151367,date:2017-05-24 11:36:38,qt:login,msg:query info : null
req_id:1495596998354492,date:2017-05-24 11:36:38,qt:login,msg:query info : null
req_id:1495596998370117,date:2017-05-24 11:36:38,qt:list,msg:db_conf_key db1 Connect success !
req_id:1495596998370117,date:2017-05-24 11:36:38,qt:list,msg:SELECT `id`, `content`, `weight`, `parent_id` FROM `eval_index`
req_id:1495596998370117,date:2017-05-24 11:36:38,qt:list,msg:query info : null
req_id:1495596998401367,date:2017-05-24 11:36:38,qt:navigate,msg:redis connect success
req_id:1495596998401367,date:2017-05-24 11:36:38,qt:navigate,msg:db_conf_key db1 Connect success !
req_id:1495596998401367,date:2017-05-24 11:36:38,qt:navigate,msg:SELECT `id`, `name` FROM `eval_department` WHERE parent_id = '6' 
req_id:1495596998401367,date:2017-05-24 11:36:38,qt:navigate,msg:db_conf_key db1 Connect success !
req_id:1495596998401367,date:2017-05-24 11:36:38,qt:navigate,msg:SELECT `id`, `name` FROM `eval_school`
req_id:1495596998401367,date:2017-05-24 11:36:38,qt:navigate,msg:db_conf_key db1 Connect success !
req_id:1495596998401367,date:2017-05-24 11:36:38,qt:navigate,msg:SELECT distinct `edu_depart_id`, `school_id`, `grade`, `class` FROM `eval_evaluation` WHERE edu_depart_id = '6' 
req_id:1495596998401367,date:2017-05-24 11:36:38,qt:navigate,msg:query info : null
req_id:1495596998479492,date:2017-05-24 11:36:38,qt:evaluation,msg:redis connect success
req_id:1495596998479492,date:2017-05-24 11:36:38,qt:evaluation,msg:db_conf_key db1 Connect success !
req_id:1495596998479492,date:2017-05-24 11:36:38,qt:evaluation,msg:SELECT `score`, `gender`, `test_times`, `edu_depart_id`, `school_id`, `grade`, `class`, `sno` FROM `eval_evaluation` WHERE edu_depart_id = '6'  AND test_times = '1' 
req_id:1495596998479492,date:2017-05-24 11:36:38,qt:evaluation,msg:db_conf_key db1 Connect success !
req_id:1495596998479492,date:2017-05-24 11:36:38,qt:evaluation,msg:SELECT `id`, `content`, `weight`, `parent_id` FROM `eval_index`
req_id:1495596998479492,date:2017-05-24 11:36:38,qt:evaluation,msg:query info : null
req_id:1495596999354492,date:2017-05-24 11:36:39,qt:login,msg:query info : null
req_id:1495596999557617,date:2017-05-24 11:36:39,qt:login,msg:query info : null
req_id:1495596999573242,date:2017-05-24 11:36:39,qt:result,msg:redis connect success
req_id:1495596999573242,date:2017-05-24 11:36:39,qt:result,msg:db_conf_key db1 Connect success !
req_id:1495596999573242,date:2017-05-24 11:36:39,qt:result,msg:SELECT `id`, `account`, `name`, `parent_id` FROM `eval_department` WHERE id = '6' 
req_id:1495596999573242,date:2017-05-24 11:36:39,qt:result,msg:db_conf_key db1 Connect success !
req_id:1495596999573242,date:2017-05-24 11:36:39,qt:result,msg:SELECT `id`, `name` FROM `eval_department` WHERE parent_id = '5' 
req_id:1495596999573242,date:2017-05-24 11:36:39,qt:result,msg:db_conf_key db1 Connect success !
req_id:1495596999573242,date:2017-05-24 11:36:39,qt:result,msg:SELECT `score`, `gender`, `test_times`, `edu_depart_id`, `school_id`, `grade`, `class`, `sno` FROM `eval_evaluation` WHERE edu_depart_id = 6  AND test_times = 1 
req_id:1495596999573242,date:2017-05-24 11:36:39,qt:result,msg:db_conf_key db1 Connect success !
req_id:1495596999573242,date:2017-05-24 11:36:39,qt:result,msg:SELECT `id`, `name` FROM `eval_department` WHERE parent_id = '5' 
req_id:1495596999573242,date:2017-05-24 11:36:39,qt:result,msg:db_conf_key db1 Connect success !
req_id:1495596999573242,date:2017-05-24 11:36:39,qt:result,msg:SELECT `id`, `content`, `weight`, `parent_id` FROM `eval_index`
req_id:1495596999573242,date:2017-05-24 11:36:39,qt:result,msg:query info : null
req_id:1495596999745117,date:2017-05-24 11:36:39,qt:login,msg:query info : null
req_id:149560493626367,date:2017-05-24 13:48:56,qt:login,msg:query info : null
req_id:149560493641992,date:2017-05-24 13:48:56,qt:list,msg:db_conf_key db1 Connect success !
req_id:149560493641992,date:2017-05-24 13:48:56,qt:list,msg:SELECT `id`, `content`, `weight`, `parent_id` FROM `eval_index`
req_id:149560493641992,date:2017-05-24 13:48:56,qt:list,msg:query info : null
req_id:149560493688867,date:2017-05-24 13:48:56,qt:navigate,msg:redis connect success
req_id:149560493688867,date:2017-05-24 13:48:56,qt:navigate,msg:db_conf_key db1 Connect success !
req_id:149560493688867,date:2017-05-24 13:48:56,qt:navigate,msg:SELECT `id`, `name` FROM `eval_department` WHERE parent_id = '6' 
req_id:149560493688867,date:2017-05-24 13:48:56,qt:navigate,msg:db_conf_key db1 Connect success !
req_id:149560493688867,date:2017-05-24 13:48:56,qt:navigate,msg:SELECT `id`, `name` FROM `eval_school`
req_id:149560493688867,date:2017-05-24 13:48:56,qt:navigate,msg:db_conf_key db1 Connect success !
req_id:149560493688867,date:2017-05-24 13:48:56,qt:navigate,msg:SELECT distinct `edu_depart_id`, `school_id`, `grade`, `class` FROM `eval_evaluation` WHERE edu_depart_id = '6' 
req_id:149560493688867,date:2017-05-24 13:48:56,qt:navigate,msg:query info : null
req_id:1495604936135742,date:2017-05-24 13:48:56,qt:evaluation,msg:redis connect success
req_id:1495604936135742,date:2017-05-24 13:48:56,qt:evaluation,msg:db_conf_key db1 Connect success !
req_id:1495604936135742,date:2017-05-24 13:48:56,qt:evaluation,msg:SELECT `score`, `gender`, `test_times`, `edu_depart_id`, `school_id`, `grade`, `class`, `sno` FROM `eval_evaluation` WHERE edu_depart_id = '6'  AND test_times = '1' 
req_id:1495604936135742,date:2017-05-24 13:48:56,qt:evaluation,msg:db_conf_key db1 Connect success !
req_id:1495604936135742,date:2017-05-24 13:48:56,qt:evaluation,msg:SELECT `id`, `content`, `weight`, `parent_id` FROM `eval_index`
req_id:1495604936135742,date:2017-05-24 13:48:56,qt:evaluation,msg:query info : null
req_id:1495604936370117,date:2017-05-24 13:48:56,qt:login,msg:query info : null
req_id:1495604937370117,date:2017-05-24 13:48:57,qt:login,msg:query info : null
req_id:1495604937385742,date:2017-05-24 13:48:57,qt:list,msg:db_conf_key db1 Connect success !
req_id:1495604937385742,date:2017-05-24 13:48:57,qt:list,msg:SELECT `id`, `content`, `weight`, `parent_id` FROM `eval_index`
req_id:1495604937385742,date:2017-05-24 13:48:57,qt:list,msg:query info : null
req_id:1495604937416992,date:2017-05-24 13:48:57,qt:navigate,msg:redis connect success
req_id:1495604937416992,date:2017-05-24 13:48:57,qt:navigate,msg:query info : null
req_id:1495604937448242,date:2017-05-24 13:48:57,qt:evaluation,msg:redis connect success
req_id:1495604937448242,date:2017-05-24 13:48:57,qt:evaluation,msg:db_conf_key db1 Connect success !
req_id:1495604937448242,date:2017-05-24 13:48:57,qt:evaluation,msg:SELECT `score`, `gender`, `test_times`, `edu_depart_id`, `school_id`, `grade`, `class`, `sno` FROM `eval_evaluation` WHERE edu_depart_id = '6'  AND test_times = '1' 
req_id:1495604937448242,date:2017-05-24 13:48:57,qt:evaluation,msg:db_conf_key db1 Connect success !
req_id:1495604937448242,date:2017-05-24 13:48:57,qt:evaluation,msg:SELECT `id`, `content`, `weight`, `parent_id` FROM `eval_index`
req_id:1495604937448242,date:2017-05-24 13:48:57,qt:evaluation,msg:query info : null
req_id:1495604938135742,date:2017-05-24 13:48:58,qt:login,msg:query info : null
req_id:1495604938291992,date:2017-05-24 13:48:58,qt:login,msg:query info : null
req_id:1495604938307617,date:2017-05-24 13:48:58,qt:list,msg:db_conf_key db1 Connect success !
req_id:1495604938307617,date:2017-05-24 13:48:58,qt:list,msg:SELECT `id`, `content`, `weight`, `parent_id` FROM `eval_index`
req_id:1495604938307617,date:2017-05-24 13:48:58,qt:list,msg:query info : null
req_id:1495604938338867,date:2017-05-24 13:48:58,qt:navigate,msg:redis connect success
req_id:1495604938338867,date:2017-05-24 13:48:58,qt:navigate,msg:query info : null
req_id:1495604938401367,date:2017-05-24 13:48:58,qt:evaluation,msg:redis connect success
req_id:1495604938401367,date:2017-05-24 13:48:58,qt:evaluation,msg:query info : null
req_id:1495604938463867,date:2017-05-24 13:48:58,qt:login,msg:query info : null
req_id:149560493957617,date:2017-05-24 13:48:59,qt:login,msg:query info : null
req_id:149560493988867,date:2017-05-24 13:48:59,qt:result,msg:redis connect success
req_id:149560493988867,date:2017-05-24 13:48:59,qt:result,msg:db_conf_key db1 Connect success !
req_id:149560493988867,date:2017-05-24 13:48:59,qt:result,msg:SELECT `id`, `account`, `name`, `parent_id` FROM `eval_department` WHERE id = '6' 
req_id:149560493988867,date:2017-05-24 13:48:59,qt:result,msg:db_conf_key db1 Connect success !
req_id:149560493988867,date:2017-05-24 13:48:59,qt:result,msg:SELECT `id`, `name` FROM `eval_department` WHERE parent_id = '5' 
req_id:149560493988867,date:2017-05-24 13:48:59,qt:result,msg:db_conf_key db1 Connect success !
req_id:149560493988867,date:2017-05-24 13:48:59,qt:result,msg:SELECT `score`, `gender`, `test_times`, `edu_depart_id`, `school_id`, `grade`, `class`, `sno` FROM `eval_evaluation` WHERE edu_depart_id = 6  AND test_times = 1 
req_id:149560493988867,date:2017-05-24 13:48:59,qt:result,msg:db_conf_key db1 Connect success !
req_id:149560493988867,date:2017-05-24 13:48:59,qt:result,msg:SELECT `id`, `name` FROM `eval_department` WHERE parent_id = '5' 
req_id:149560493988867,date:2017-05-24 13:48:59,qt:result,msg:db_conf_key db1 Connect success !
req_id:149560493988867,date:2017-05-24 13:48:59,qt:result,msg:SELECT `id`, `content`, `weight`, `parent_id` FROM `eval_index`
req_id:149560493988867,date:2017-05-24 13:48:59,qt:result,msg:query info : null
req_id:1495604939291992,date:2017-05-24 13:48:59,qt:login,msg:query info : null
req_id:1495621722666992,date:2017-05-24 18:28:42,qt:login,msg:query info : null
req_id:1495621747557617,date:2017-05-24 18:29:07,qt:login,msg:db_conf_key db1 Connect success !
req_id:1495621747557617,date:2017-05-24 18:29:07,qt:login,msg:SELECT `id`, `account`, `passwd`, `name`, `parent_id` FROM `eval_department` WHERE account = 'suzhou' 
req_id:1495621747557617,date:2017-05-24 18:29:07,qt:login,msg:query info : null
req_id:1495621747713867,date:2017-05-24 18:29:07,qt:login,msg:query info : null
req_id:1495621747745117,date:2017-05-24 18:29:07,qt:list,msg:db_conf_key db1 Connect success !
req_id:1495621747745117,date:2017-05-24 18:29:07,qt:list,msg:SELECT `id`, `content`, `weight`, `parent_id` FROM `eval_index`
req_id:1495621747745117,date:2017-05-24 18:29:07,qt:list,msg:query info : null
req_id:1495621747807617,date:2017-05-24 18:29:07,qt:navigate,msg:redis connect success
req_id:1495621747807617,date:2017-05-24 18:29:07,qt:navigate,msg:db_conf_key db1 Connect success !
req_id:1495621747807617,date:2017-05-24 18:29:07,qt:navigate,msg:SELECT `id`, `name` FROM `eval_department` WHERE parent_id = '5' 
req_id:1495621747807617,date:2017-05-24 18:29:07,qt:navigate,msg:db_conf_key db1 Connect success !
req_id:1495621747807617,date:2017-05-24 18:29:07,qt:navigate,msg:SELECT `id`, `name` FROM `eval_school`
req_id:1495621747807617,date:2017-05-24 18:29:07,qt:navigate,msg:db_conf_key db1 Connect success !
req_id:1495621747807617,date:2017-05-24 18:29:07,qt:navigate,msg:SELECT distinct `edu_depart_id`, `school_id`, `grade`, `class` FROM `eval_evaluation` WHERE edu_depart_id = '6' 
req_id:1495621747807617,date:2017-05-24 18:29:07,qt:navigate,msg:query info : null
req_id:1495621747870117,date:2017-05-24 18:29:07,qt:login,msg:query info : null
req_id:1495621747885742,date:2017-05-24 18:29:07,qt:evaluation,msg:redis connect success
req_id:1495621747885742,date:2017-05-24 18:29:07,qt:evaluation,msg:db_conf_key db1 Connect success !
req_id:1495621747885742,date:2017-05-24 18:29:07,qt:evaluation,msg:SELECT `id`, `name` FROM `eval_department` WHERE parent_id = '5' 
req_id:1495621747885742,date:2017-05-24 18:29:07,qt:evaluation,msg:db_conf_key db1 Connect success !
req_id:1495621747885742,date:2017-05-24 18:29:07,qt:evaluation,msg:SELECT `score`, `gender`, `test_times`, `edu_depart_id`, `school_id`, `grade`, `class`, `sno` FROM `eval_evaluation` WHERE edu_depart_id = 6  AND test_times = '1' 
req_id:1495621747885742,date:2017-05-24 18:29:07,qt:evaluation,msg:db_conf_key db1 Connect success !
req_id:1495621747885742,date:2017-05-24 18:29:07,qt:evaluation,msg:SELECT `id`, `content`, `weight`, `parent_id` FROM `eval_index`
req_id:1495621747885742,date:2017-05-24 18:29:07,qt:evaluation,msg:query info : null
req_id:1495621748698242,date:2017-05-24 18:29:08,qt:login,msg:query info : null
req_id:1495621773823242,date:2017-05-24 18:29:33,qt:login,msg:query info : null
req_id:1495621773838867,date:2017-05-24 18:29:33,qt:evaluation,msg:redis connect success
req_id:1495621773838867,date:2017-05-24 18:29:33,qt:evaluation,msg:db_conf_key db1 Connect success !
req_id:1495621773838867,date:2017-05-24 18:29:33,qt:evaluation,msg:SELECT `id`, `name` FROM `eval_department` WHERE parent_id = '5' 
req_id:1495621773838867,date:2017-05-24 18:29:33,qt:evaluation,msg:db_conf_key db1 Connect success !
req_id:1495621773838867,date:2017-05-24 18:29:33,qt:evaluation,msg:SELECT `score`, `gender`, `test_times`, `edu_depart_id`, `school_id`, `grade`, `class`, `sno` FROM `eval_evaluation` WHERE edu_depart_id = 6  AND test_times = '1' 
req_id:1495621773838867,date:2017-05-24 18:29:33,qt:evaluation,msg:db_conf_key db1 Connect success !
req_id:1495621773838867,date:2017-05-24 18:29:33,qt:evaluation,msg:SELECT `id`, `name` FROM `eval_school`
req_id:1495621773838867,date:2017-05-24 18:29:33,qt:evaluation,msg:db_conf_key db1 Connect success !
req_id:1495621773838867,date:2017-05-24 18:29:33,qt:evaluation,msg:SELECT `id`, `content`, `weight`, `parent_id` FROM `eval_index`
req_id:1495621773838867,date:2017-05-24 18:29:33,qt:evaluation,msg:query info : null
req_id:1495621782588867,date:2017-05-24 18:29:42,qt:login,msg:query info : null
req_id:1495621782604492,date:2017-05-24 18:29:42,qt:list,msg:db_conf_key db1 Connect success !
req_id:1495621782604492,date:2017-05-24 18:29:42,qt:list,msg:SELECT `id`, `content`, `weight`, `parent_id` FROM `eval_index`
req_id:1495621782604492,date:2017-05-24 18:29:42,qt:list,msg:query info : null
req_id:1495621782635742,date:2017-05-24 18:29:42,qt:navigate,msg:redis connect success
req_id:1495621782635742,date:2017-05-24 18:29:42,qt:navigate,msg:query info : null
req_id:1495621782698242,date:2017-05-24 18:29:42,qt:evaluation,msg:redis connect success
req_id:1495621782698242,date:2017-05-24 18:29:42,qt:evaluation,msg:db_conf_key db1 Connect success !
req_id:1495621782698242,date:2017-05-24 18:29:42,qt:evaluation,msg:SELECT `id`, `name` FROM `eval_department` WHERE parent_id = '5' 
req_id:1495621782698242,date:2017-05-24 18:29:42,qt:evaluation,msg:db_conf_key db1 Connect success !
req_id:1495621782698242,date:2017-05-24 18:29:42,qt:evaluation,msg:SELECT `score`, `gender`, `test_times`, `edu_depart_id`, `school_id`, `grade`, `class`, `sno` FROM `eval_evaluation` WHERE edu_depart_id = 6  AND test_times = '1' 
req_id:1495621782698242,date:2017-05-24 18:29:42,qt:evaluation,msg:db_conf_key db1 Connect success !
req_id:1495621782698242,date:2017-05-24 18:29:42,qt:evaluation,msg:SELECT `id`, `content`, `weight`, `parent_id` FROM `eval_index`
req_id:1495621782698242,date:2017-05-24 18:29:42,qt:evaluation,msg:query info : null
req_id:1495621782948242,date:2017-05-24 18:29:42,qt:login,msg:query info : null
req_id:149562180241992,date:2017-05-24 18:30:02,qt:evaluation,msg:redis connect success
req_id:149562180241992,date:2017-05-24 18:30:02,qt:evaluation,msg:db_conf_key db1 Connect success !
req_id:149562180241992,date:2017-05-24 18:30:02,qt:evaluation,msg:SELECT `id`, `name` FROM `eval_department` WHERE parent_id = '5' 
req_id:149562180241992,date:2017-05-24 18:30:02,qt:evaluation,msg:db_conf_key db1 Connect success !
req_id:149562180241992,date:2017-05-24 18:30:02,qt:evaluation,msg:SELECT `score`, `gender`, `test_times`, `edu_depart_id`, `school_id`, `grade`, `class`, `sno` FROM `eval_evaluation` WHERE edu_depart_id = 6  AND test_times = '1' 
req_id:149562180241992,date:2017-05-24 18:30:02,qt:evaluation,msg:db_conf_key db1 Connect success !
req_id:149562180241992,date:2017-05-24 18:30:02,qt:evaluation,msg:SELECT `id`, `name` FROM `eval_school`
req_id:149562180241992,date:2017-05-24 18:30:02,qt:evaluation,msg:db_conf_key db1 Connect success !
req_id:149562180241992,date:2017-05-24 18:30:02,qt:evaluation,msg:SELECT `id`, `content`, `weight`, `parent_id` FROM `eval_index`
req_id:149562180241992,date:2017-05-24 18:30:02,qt:evaluation,msg:query info : null
