req_id:1505959849502127,date:2017-09-21 10:10:49,qt:login,msg:query info : null
req_id:1505959910690335,date:2017-09-21 10:11:50,qt:login,msg:db_conf_key db1 Connect success !
req_id:1505959910690335,date:2017-09-21 10:11:50,qt:login,msg:SELECT `id`, `account`, `passwd`, `name`, `parent_id` FROM `eval_department` WHERE account = 'yanshi' 
req_id:1505959910690335,date:2017-09-21 10:11:51,qt:login,msg:query info : null
req_id:1505960009913347,date:2017-09-21 10:13:29,qt:login,msg:query info : null
req_id:1505960021358543,date:2017-09-21 10:13:41,qt:login,msg:query info : null
req_id:1505960044529316,date:2017-09-21 10:14:04,qt:login,msg:db_conf_key db1 Connect success !
req_id:1505960044529316,date:2017-09-21 10:14:04,qt:login,msg:SELECT `id`, `account`, `passwd`, `name`, `parent_id` FROM `eval_department` WHERE account = 'yanshi' 
req_id:1505960044529316,date:2017-09-21 10:14:04,qt:login,msg:query info : null
req_id:1505962340705585,date:2017-09-21 10:52:20,qt:login,msg:query info : null
req_id:150596234956507,date:2017-09-21 10:52:29,qt:login,msg:db_conf_key db1 Connect success !
req_id:150596234956507,date:2017-09-21 10:52:29,qt:login,msg:SELECT `id`, `account`, `passwd`, `name`, `parent_id` FROM `eval_department` WHERE account = 'yanshi' 
req_id:150596234956507,date:2017-09-21 10:52:29,qt:login,msg:query info : null
req_id:1505962349338125,date:2017-09-21 10:52:29,qt:login,msg:query info : null
req_id:1505962349352179,date:2017-09-21 10:52:29,qt:list,msg:db_conf_key db1 Connect success !
req_id:1505962349352179,date:2017-09-21 10:52:29,qt:list,msg:SELECT `id`, `content`, `weight`, `parent_id` FROM `eval_index`
req_id:1505962349352179,date:2017-09-21 10:52:29,qt:list,msg:query info : null
req_id:1505962349498808,date:2017-09-21 10:52:29,qt:navigate,msg:redis connect success
req_id:1505962349498808,date:2017-09-21 10:52:29,qt:navigate,msg:db_conf_key db1 Connect success !
req_id:1505962349498808,date:2017-09-21 10:52:29,qt:navigate,msg:SELECT `id`, `name` FROM `eval_department` WHERE parent_id = '5' 
req_id:1505962349498808,date:2017-09-21 10:52:29,qt:navigate,msg:db_conf_key db1 Connect success !
req_id:1505962349498808,date:2017-09-21 10:52:29,qt:navigate,msg:SELECT `id`, `name` FROM `eval_school`
req_id:1505962349498808,date:2017-09-21 10:52:29,qt:navigate,msg:db_conf_key db1 Connect success !
req_id:1505962349498808,date:2017-09-21 10:52:29,qt:navigate,msg:SELECT distinct `edu_depart_id`, `school_id`, `grade`, `class` FROM `eval_evaluation` WHERE edu_depart_id = '6' 
req_id:1505962349498808,date:2017-09-21 10:52:29,qt:navigate,msg:query info : null
req_id:1505962349853500,date:2017-09-21 10:52:29,qt:login,msg:query info : null
req_id:1505962349873990,date:2017-09-21 10:52:29,qt:evaluation,msg:redis connect success
req_id:1505962349873990,date:2017-09-21 10:52:30,qt:evaluation,msg:db_conf_key db1 Connect success !
req_id:1505962349873990,date:2017-09-21 10:52:30,qt:evaluation,msg:SELECT `id`, `name` FROM `eval_department` WHERE parent_id = '5' 
req_id:1505962349873990,date:2017-09-21 10:52:30,qt:evaluation,msg:db_conf_key db1 Connect success !
req_id:1505962349873990,date:2017-09-21 10:52:30,qt:evaluation,msg:SELECT `score`, `gender`, `test_times`, `edu_depart_id`, `school_id`, `grade`, `class`, `sno` FROM `eval_evaluation` WHERE edu_depart_id = 6  AND test_times = '1' 
req_id:1505962349873990,date:2017-09-21 10:52:30,qt:evaluation,msg:db_conf_key db1 Connect success !
req_id:1505962349873990,date:2017-09-21 10:52:30,qt:evaluation,msg:SELECT `id`, `content`, `weight`, `parent_id` FROM `eval_index`
req_id:1505962349873990,date:2017-09-21 10:52:30,qt:evaluation,msg:query info : null
req_id:1505962350986609,date:2017-09-21 10:52:30,qt:login,msg:query info : null
req_id:1505962363616093,date:2017-09-21 10:52:43,qt:login,msg:query info : null
req_id:1505962363627508,date:2017-09-21 10:52:43,qt:evaluation,msg:redis connect success
req_id:1505962363627508,date:2017-09-21 10:52:43,qt:evaluation,msg:db_conf_key db1 Connect success !
req_id:1505962363627508,date:2017-09-21 10:52:43,qt:evaluation,msg:SELECT `id`, `name` FROM `eval_department` WHERE parent_id = '5' 
req_id:1505962363627508,date:2017-09-21 10:52:43,qt:evaluation,msg:db_conf_key db1 Connect success !
req_id:1505962363627508,date:2017-09-21 10:52:43,qt:evaluation,msg:SELECT `score`, `gender`, `test_times`, `edu_depart_id`, `school_id`, `grade`, `class`, `sno` FROM `eval_evaluation` WHERE edu_depart_id = 6  AND test_times = '1' 
req_id:1505962363627508,date:2017-09-21 10:52:43,qt:evaluation,msg:db_conf_key db1 Connect success !
req_id:1505962363627508,date:2017-09-21 10:52:43,qt:evaluation,msg:SELECT `id`, `content`, `weight`, `parent_id` FROM `eval_index`
req_id:1505962363627508,date:2017-09-21 10:52:43,qt:evaluation,msg:query info : null
req_id:1505962406927547,date:2017-09-21 10:53:26,qt:login,msg:query info : null
req_id:1505962406938468,date:2017-09-21 10:53:26,qt:evaluation,msg:redis connect success
req_id:1505962406938468,date:2017-09-21 10:53:26,qt:evaluation,msg:db_conf_key db1 Connect success !
req_id:1505962406938468,date:2017-09-21 10:53:26,qt:evaluation,msg:SELECT `id`, `name` FROM `eval_department` WHERE parent_id = '5' 
req_id:1505962406938468,date:2017-09-21 10:53:26,qt:evaluation,msg:db_conf_key db1 Connect success !
req_id:1505962406938468,date:2017-09-21 10:53:26,qt:evaluation,msg:SELECT `score`, `gender`, `test_times`, `edu_depart_id`, `school_id`, `grade`, `class`, `sno` FROM `eval_evaluation` WHERE edu_depart_id = 6  AND test_times = '1' 
req_id:1505962406938468,date:2017-09-21 10:53:26,qt:evaluation,msg:db_conf_key db1 Connect success !
req_id:1505962406938468,date:2017-09-21 10:53:26,qt:evaluation,msg:SELECT `id`, `content`, `weight`, `parent_id` FROM `eval_index`
req_id:1505962406938468,date:2017-09-21 10:53:27,qt:evaluation,msg:query info : null
req_id:1505962410430696,date:2017-09-21 10:53:30,qt:login,msg:query info : null
req_id:1505962410441374,date:2017-09-21 10:53:30,qt:evaluation,msg:redis connect success
req_id:1505962410441374,date:2017-09-21 10:53:30,qt:evaluation,msg:db_conf_key db1 Connect success !
req_id:1505962410441374,date:2017-09-21 10:53:30,qt:evaluation,msg:SELECT `id`, `name` FROM `eval_department` WHERE parent_id = '5' 
req_id:1505962410441374,date:2017-09-21 10:53:30,qt:evaluation,msg:db_conf_key db1 Connect success !
req_id:1505962410441374,date:2017-09-21 10:53:30,qt:evaluation,msg:SELECT `score`, `gender`, `test_times`, `edu_depart_id`, `school_id`, `grade`, `class`, `sno` FROM `eval_evaluation` WHERE edu_depart_id = 6  AND test_times = '1' 
req_id:1505962410441374,date:2017-09-21 10:53:30,qt:evaluation,msg:db_conf_key db1 Connect success !
req_id:1505962410441374,date:2017-09-21 10:53:30,qt:evaluation,msg:SELECT `id`, `content`, `weight`, `parent_id` FROM `eval_index`
req_id:1505962410441374,date:2017-09-21 10:53:30,qt:evaluation,msg:query info : null
req_id:1505962413102821,date:2017-09-21 10:53:33,qt:login,msg:query info : null
req_id:1505962413113565,date:2017-09-21 10:53:33,qt:evaluation,msg:redis connect success
req_id:1505962413113565,date:2017-09-21 10:53:33,qt:evaluation,msg:db_conf_key db1 Connect success !
req_id:1505962413113565,date:2017-09-21 10:53:33,qt:evaluation,msg:SELECT `id`, `name` FROM `eval_department` WHERE parent_id = '5' 
req_id:1505962413113565,date:2017-09-21 10:53:33,qt:evaluation,msg:db_conf_key db1 Connect success !
req_id:1505962413113565,date:2017-09-21 10:53:33,qt:evaluation,msg:SELECT `score`, `gender`, `test_times`, `edu_depart_id`, `school_id`, `grade`, `class`, `sno` FROM `eval_evaluation` WHERE edu_depart_id = 6  AND test_times = '1' 
req_id:1505962413113565,date:2017-09-21 10:53:33,qt:evaluation,msg:db_conf_key db1 Connect success !
req_id:1505962413113565,date:2017-09-21 10:53:33,qt:evaluation,msg:SELECT `id`, `content`, `weight`, `parent_id` FROM `eval_index`
req_id:1505962413113565,date:2017-09-21 10:53:33,qt:evaluation,msg:query info : null
req_id:1505962415172244,date:2017-09-21 10:53:35,qt:login,msg:query info : null
req_id:1505962415186133,date:2017-09-21 10:53:35,qt:list,msg:db_conf_key db1 Connect success !
req_id:1505962415186133,date:2017-09-21 10:53:35,qt:list,msg:SELECT `id`, `content`, `weight`, `parent_id` FROM `eval_index`
req_id:1505962415186133,date:2017-09-21 10:53:35,qt:list,msg:query info : null
req_id:1505962415248956,date:2017-09-21 10:53:35,qt:navigate,msg:redis connect success
req_id:1505962415248956,date:2017-09-21 10:53:35,qt:navigate,msg:query info : null
req_id:1505962415268163,date:2017-09-21 10:53:35,qt:evaluation,msg:redis connect success
req_id:1505962415268163,date:2017-09-21 10:53:35,qt:evaluation,msg:db_conf_key db1 Connect success !
req_id:1505962415268163,date:2017-09-21 10:53:35,qt:evaluation,msg:SELECT `id`, `name` FROM `eval_department` WHERE parent_id = '5' 
req_id:1505962415268163,date:2017-09-21 10:53:35,qt:evaluation,msg:db_conf_key db1 Connect success !
req_id:1505962415268163,date:2017-09-21 10:53:35,qt:evaluation,msg:SELECT `score`, `gender`, `test_times`, `edu_depart_id`, `school_id`, `grade`, `class`, `sno` FROM `eval_evaluation` WHERE edu_depart_id = 6  AND test_times = '1' 
req_id:1505962415268163,date:2017-09-21 10:53:35,qt:evaluation,msg:db_conf_key db1 Connect success !
req_id:1505962415268163,date:2017-09-21 10:53:35,qt:evaluation,msg:SELECT `id`, `content`, `weight`, `parent_id` FROM `eval_index`
req_id:1505962415268163,date:2017-09-21 10:53:35,qt:evaluation,msg:query info : null
req_id:1505962415375498,date:2017-09-21 10:53:35,qt:login,msg:query info : null
req_id:150596241947299,date:2017-09-21 10:53:39,qt:evaluation,msg:redis connect success
req_id:150596241947299,date:2017-09-21 10:53:39,qt:evaluation,msg:db_conf_key db1 Connect success !
req_id:150596241947299,date:2017-09-21 10:53:39,qt:evaluation,msg:SELECT `id`, `name` FROM `eval_department` WHERE parent_id = '5' 
req_id:150596241947299,date:2017-09-21 10:53:39,qt:evaluation,msg:db_conf_key db1 Connect success !
req_id:150596241947299,date:2017-09-21 10:53:39,qt:evaluation,msg:SELECT `score`, `gender`, `test_times`, `edu_depart_id`, `school_id`, `grade`, `class`, `sno` FROM `eval_evaluation` WHERE edu_depart_id = 6  AND test_times = '1' 
req_id:150596241947299,date:2017-09-21 10:53:39,qt:evaluation,msg:db_conf_key db1 Connect success !
req_id:150596241947299,date:2017-09-21 10:53:39,qt:evaluation,msg:SELECT `id`, `content`, `weight`, `parent_id` FROM `eval_index`
req_id:150596241947299,date:2017-09-21 10:53:39,qt:evaluation,msg:query info : null
req_id:1505962420566865,date:2017-09-21 10:53:40,qt:evaluation,msg:redis connect success
req_id:1505962420566865,date:2017-09-21 10:53:40,qt:evaluation,msg:db_conf_key db1 Connect success !
req_id:1505962420566865,date:2017-09-21 10:53:40,qt:evaluation,msg:SELECT `id`, `name` FROM `eval_department` WHERE parent_id = '5' 
req_id:1505962420566865,date:2017-09-21 10:53:40,qt:evaluation,msg:db_conf_key db1 Connect success !
req_id:1505962420566865,date:2017-09-21 10:53:40,qt:evaluation,msg:SELECT `score`, `gender`, `test_times`, `edu_depart_id`, `school_id`, `grade`, `class`, `sno` FROM `eval_evaluation` WHERE edu_depart_id = 6  AND test_times = '1' 
req_id:1505962420566865,date:2017-09-21 10:53:40,qt:evaluation,msg:db_conf_key db1 Connect success !
req_id:1505962420566865,date:2017-09-21 10:53:40,qt:evaluation,msg:SELECT `id`, `content`, `weight`, `parent_id` FROM `eval_index`
req_id:1505962420566865,date:2017-09-21 10:53:40,qt:evaluation,msg:query info : null
req_id:1505962421950806,date:2017-09-21 10:53:41,qt:evaluation,msg:redis connect success
req_id:1505962421950806,date:2017-09-21 10:53:41,qt:evaluation,msg:db_conf_key db1 Connect success !
req_id:1505962421950806,date:2017-09-21 10:53:41,qt:evaluation,msg:SELECT `id`, `name` FROM `eval_department` WHERE parent_id = '5' 
req_id:1505962421950806,date:2017-09-21 10:53:41,qt:evaluation,msg:db_conf_key db1 Connect success !
req_id:1505962421950806,date:2017-09-21 10:53:41,qt:evaluation,msg:SELECT `score`, `gender`, `test_times`, `edu_depart_id`, `school_id`, `grade`, `class`, `sno` FROM `eval_evaluation` WHERE edu_depart_id = 6  AND test_times = '1' 
req_id:1505962421950806,date:2017-09-21 10:53:41,qt:evaluation,msg:db_conf_key db1 Connect success !
req_id:1505962421950806,date:2017-09-21 10:53:41,qt:evaluation,msg:SELECT `id`, `content`, `weight`, `parent_id` FROM `eval_index`
req_id:1505962421950806,date:2017-09-21 10:53:42,qt:evaluation,msg:query info : null
req_id:1505962423950013,date:2017-09-21 10:53:43,qt:login,msg:query info : null
req_id:1505962423968602,date:2017-09-21 10:53:43,qt:list,msg:db_conf_key db1 Connect success !
req_id:1505962423968602,date:2017-09-21 10:53:43,qt:list,msg:SELECT `id`, `content`, `weight`, `parent_id` FROM `eval_index`
req_id:1505962423968602,date:2017-09-21 10:53:43,qt:list,msg:query info : null
req_id:1505962423992776,date:2017-09-21 10:53:43,qt:navigate,msg:redis connect success
req_id:1505962423992776,date:2017-09-21 10:53:43,qt:navigate,msg:query info : null
req_id:150596242417037,date:2017-09-21 10:53:44,qt:login,msg:query info : null
req_id:150596242428102,date:2017-09-21 10:53:44,qt:evaluation,msg:redis connect success
req_id:150596242428102,date:2017-09-21 10:53:44,qt:evaluation,msg:query info : null
req_id:1505962424239623,date:2017-09-21 10:53:44,qt:login,msg:query info : null
req_id:1505962503530737,date:2017-09-21 10:55:03,qt:login,msg:query info : null
req_id:1505962503556827,date:2017-09-21 10:55:03,qt:list,msg:db_conf_key db1 Connect success !
req_id:1505962503556827,date:2017-09-21 10:55:03,qt:list,msg:SELECT `id`, `content`, `weight`, `parent_id` FROM `eval_index`
req_id:1505962503556827,date:2017-09-21 10:55:03,qt:list,msg:query info : null
req_id:1505962503580426,date:2017-09-21 10:55:03,qt:navigate,msg:redis connect success
req_id:1505962503580426,date:2017-09-21 10:55:03,qt:navigate,msg:query info : null
req_id:1505962503604326,date:2017-09-21 10:55:03,qt:login,msg:query info : null
req_id:1505962503615120,date:2017-09-21 10:55:03,qt:evaluation,msg:redis connect success
req_id:1505962503615120,date:2017-09-21 10:55:03,qt:evaluation,msg:query info : null
req_id:1505962503839260,date:2017-09-21 10:55:03,qt:login,msg:query info : null
req_id:1505962505750258,date:2017-09-21 10:55:05,qt:login,msg:query info : null
req_id:1505962505761084,date:2017-09-21 10:55:05,qt:login,msg:query info : null
req_id:1505962505829194,date:2017-09-21 10:55:05,qt:login,msg:query info : null
req_id:1505962512559785,date:2017-09-21 10:55:12,qt:login,msg:db_conf_key db1 Connect success !
req_id:1505962512559785,date:2017-09-21 10:55:12,qt:login,msg:SELECT `id`, `account`, `passwd`, `name`, `parent_id` FROM `eval_department` WHERE account = 'yanshi' 
req_id:1505962512559785,date:2017-09-21 10:55:12,qt:login,msg:query info : null
req_id:1505962512632166,date:2017-09-21 10:55:12,qt:login,msg:query info : null
req_id:1505962512647999,date:2017-09-21 10:55:12,qt:list,msg:db_conf_key db1 Connect success !
req_id:1505962512647999,date:2017-09-21 10:55:12,qt:list,msg:SELECT `id`, `content`, `weight`, `parent_id` FROM `eval_index`
req_id:1505962512647999,date:2017-09-21 10:55:12,qt:list,msg:query info : null
req_id:1505962512672387,date:2017-09-21 10:55:12,qt:navigate,msg:redis connect success
req_id:1505962512672387,date:2017-09-21 10:55:12,qt:navigate,msg:query info : null
req_id:1505962512696771,date:2017-09-21 10:55:12,qt:login,msg:query info : null
req_id:1505962512707650,date:2017-09-21 10:55:12,qt:evaluation,msg:redis connect success
req_id:1505962512707650,date:2017-09-21 10:55:12,qt:evaluation,msg:query info : null
req_id:1505962512932733,date:2017-09-21 10:55:12,qt:login,msg:query info : null
req_id:1505962517782989,date:2017-09-21 10:55:17,qt:login,msg:query info : null
req_id:1505962517793985,date:2017-09-21 10:55:17,qt:evaluation,msg:redis connect success
req_id:1505962517793985,date:2017-09-21 10:55:17,qt:evaluation,msg:query info : null
req_id:1505962519210608,date:2017-09-21 10:55:19,qt:login,msg:query info : null
req_id:1505962519221345,date:2017-09-21 10:55:19,qt:login,msg:query info : null
req_id:1505962519283353,date:2017-09-21 10:55:19,qt:login,msg:query info : null
req_id:1505962525658180,date:2017-09-21 10:55:25,qt:login,msg:query info : null
req_id:1505962536120370,date:2017-09-21 10:55:36,qt:login,msg:db_conf_key db1 Connect success !
req_id:1505962536120370,date:2017-09-21 10:55:36,qt:login,msg:SELECT `id`, `account`, `passwd`, `name`, `parent_id` FROM `eval_department` WHERE account = 'yanshi' 
req_id:1505962536120370,date:2017-09-21 10:55:36,qt:login,msg:query info : null
req_id:1505962536204441,date:2017-09-21 10:55:36,qt:login,msg:query info : null
req_id:1505962536218246,date:2017-09-21 10:55:36,qt:list,msg:db_conf_key db1 Connect success !
req_id:1505962536218246,date:2017-09-21 10:55:36,qt:list,msg:SELECT `id`, `content`, `weight`, `parent_id` FROM `eval_index`
req_id:1505962536218246,date:2017-09-21 10:55:36,qt:list,msg:query info : null
req_id:1505962536242864,date:2017-09-21 10:55:36,qt:navigate,msg:redis connect success
req_id:1505962536242864,date:2017-09-21 10:55:36,qt:navigate,msg:query info : null
req_id:1505962536267697,date:2017-09-21 10:55:36,qt:login,msg:query info : null
req_id:1505962536278901,date:2017-09-21 10:55:36,qt:evaluation,msg:redis connect success
req_id:1505962536278901,date:2017-09-21 10:55:36,qt:evaluation,msg:query info : null
req_id:1505962536521758,date:2017-09-21 10:55:36,qt:login,msg:query info : null
req_id:1505962578742789,date:2017-09-21 10:56:18,qt:login,msg:query info : null
req_id:1505962578753210,date:2017-09-21 10:56:18,qt:login,msg:query info : null
req_id:1505962578801408,date:2017-09-21 10:56:18,qt:login,msg:query info : null
req_id:1505962586239486,date:2017-09-21 10:56:26,qt:login,msg:db_conf_key db1 Connect success !
req_id:1505962586239486,date:2017-09-21 10:56:26,qt:login,msg:SELECT `account`, `passwd`, `name`, `level` FROM `eval_admin` WHERE account = 'admin' 
req_id:1505962586239486,date:2017-09-21 10:56:26,qt:login,msg:query info : null
req_id:1505962586528997,date:2017-09-21 10:56:26,qt:list,msg:db_conf_key db1 Connect success !
req_id:1505962586528997,date:2017-09-21 10:56:26,qt:list,msg:SELECT `id`, `title` FROM `que_title` limit 0, 20
req_id:1505962586528997,date:2017-09-21 10:56:26,qt:list,msg:query info : null
req_id:1505962586614627,date:2017-09-21 10:56:26,qt:status,msg:db_conf_key db1 Connect success !
req_id:1505962586614627,date:2017-09-21 10:56:26,qt:status,msg:SELECT count(*) num FROM que_question
req_id:1505962586614627,date:2017-09-21 10:56:26,qt:status,msg:db_conf_key db1 Connect success !
req_id:1505962586614627,date:2017-09-21 10:56:26,qt:status,msg:SELECT count(*) num FROM que_title
req_id:1505962586614627,date:2017-09-21 10:56:26,qt:status,msg:query info : null
req_id:1505962586778420,date:2017-09-21 10:56:26,qt:login,msg:query info : null
req_id:1505962588295912,date:2017-09-21 10:56:28,qt:list,msg:db_conf_key db1 Connect success !
req_id:1505962588295912,date:2017-09-21 10:56:28,qt:list,msg:SELECT `id`, `content`, `type` FROM `que_question` limit 0, 10
req_id:1505962588295912,date:2017-09-21 10:56:28,qt:list,msg:db_conf_key db1 Connect success !
req_id:1505962588295912,date:2017-09-21 10:56:28,qt:list,msg:SELECT `id`, `content`, `question_id`, `order` FROM `que_option` WHERE question_id in (1,2,3,4,5,6,7,8,9,10) 
req_id:1505962588295912,date:2017-09-21 10:56:28,qt:list,msg:query info : null
req_id:1505962588417760,date:2017-09-21 10:56:28,qt:status,msg:db_conf_key db1 Connect success !
req_id:1505962588417760,date:2017-09-21 10:56:28,qt:status,msg:SELECT count(*) num FROM que_question
req_id:1505962588417760,date:2017-09-21 10:56:28,qt:status,msg:db_conf_key db1 Connect success !
req_id:1505962588417760,date:2017-09-21 10:56:28,qt:status,msg:SELECT count(*) num FROM que_title
req_id:1505962588417760,date:2017-09-21 10:56:28,qt:status,msg:query info : null
req_id:1505962588471759,date:2017-09-21 10:56:28,qt:login,msg:query info : null
req_id:1505962590598491,date:2017-09-21 10:56:30,qt:list,msg:db_conf_key db1 Connect success !
req_id:1505962590598491,date:2017-09-21 10:56:30,qt:list,msg:SELECT `id`, `title` FROM `que_title` limit 0, 20
req_id:1505962590598491,date:2017-09-21 10:56:30,qt:list,msg:query info : null
req_id:1505962590626619,date:2017-09-21 10:56:30,qt:status,msg:db_conf_key db1 Connect success !
req_id:1505962590626619,date:2017-09-21 10:56:30,qt:status,msg:SELECT count(*) num FROM que_question
req_id:1505962590626619,date:2017-09-21 10:56:30,qt:status,msg:db_conf_key db1 Connect success !
req_id:1505962590626619,date:2017-09-21 10:56:30,qt:status,msg:SELECT count(*) num FROM que_title
req_id:1505962590626619,date:2017-09-21 10:56:30,qt:status,msg:query info : null
req_id:1505962590676265,date:2017-09-21 10:56:30,qt:login,msg:query info : null
req_id:1505962591870505,date:2017-09-21 10:56:31,qt:login,msg:query info : null
req_id:1505962591881022,date:2017-09-21 10:56:31,qt:login,msg:query info : null
req_id:1505962591925446,date:2017-09-21 10:56:31,qt:login,msg:query info : null
