req_id:1488261136920626,date:2017-02-28 13:52:16,qt:register,msg:params are illegal
req_id:148826118478323,date:2017-02-28 13:53:04,qt:register,msg:params are illegal
req_id:1488261325383,date:2017-02-28 13:55:25,qt:register,msg:params are illegal
req_id:1488261550207264,date:2017-02-28 13:59:10,qt:register,msg:params are illegal
req_id:1488263676448878,date:2017-02-28 14:34:36,qt:default,msg:params are illegal
req_id:1488263726322731,date:2017-02-28 14:35:26,qt:default,msg:params are illegal
req_id:148826373058945,date:2017-02-28 14:35:30,qt:default,msg:params are illegal
req_id:1488263752730242,date:2017-02-28 14:35:52,qt:default,msg:params are illegal
req_id:1488264098484018,date:2017-02-28 14:41:38,qt:default,msg:params are illegal
req_id:1488265437702616,date:2017-02-28 15:03:57,qt:default,msg:params are illegal
req_id:1488265948511833,date:2017-02-28 15:12:28,qt:default,msg:params are illegal
req_id:1488265950227931,date:2017-02-28 15:12:30,qt:default,msg:params are illegal
req_id:1488265977276478,date:2017-02-28 15:12:57,qt:default,msg:params are illegal
req_id:1488266021743022,date:2017-02-28 15:13:41,qt:default,msg:params are illegal
req_id:1488266027290339,date:2017-02-28 15:13:47,qt:default,msg:params are illegal
req_id:1488266043217250,date:2017-02-28 15:14:03,qt:default,msg:params are illegal
req_id:1488266044200306,date:2017-02-28 15:14:04,qt:default,msg:params are illegal
req_id:1488266045132359,date:2017-02-28 15:14:05,qt:default,msg:params are illegal
req_id:1488266045413376,date:2017-02-28 15:14:05,qt:default,msg:params are illegal
req_id:1488266045710393,date:2017-02-28 15:14:05,qt:default,msg:params are illegal
req_id:1488266045987408,date:2017-02-28 15:14:05,qt:default,msg:params are illegal
req_id:1488266046289426,date:2017-02-28 15:14:06,qt:default,msg:params are illegal
req_id:1488266064265454,date:2017-02-28 15:14:24,qt:default,msg:params are illegal
req_id:1488266148376265,date:2017-02-28 15:15:48,qt:default,msg:params are illegal
req_id:1488266225339667,date:2017-02-28 15:17:05,qt:open_account,msg:params are illegal
req_id:1488266247425930,date:2017-02-28 15:17:27,qt:open_account,msg:params are illegal
req_id:1488266248736005,date:2017-02-28 15:17:28,qt:open_account,msg:params are illegal
req_id:1488266275562539,date:2017-02-28 15:17:55,qt:default,msg:params are illegal
req_id:1488266324979366,date:2017-02-28 15:18:44,qt:default,msg:params are illegal
req_id:1488266405727984,date:2017-02-28 15:20:05,qt:default,msg:params are illegal
req_id:1488266415471542,date:2017-02-28 15:20:15,qt:default,msg:params are illegal
req_id:1488266498398285,date:2017-02-28 15:21:38,qt:default,msg:params are illegal
req_id:1488266545784995,date:2017-02-28 15:22:25,qt:default,msg:params are illegal
req_id:14882665628923,date:2017-02-28 15:22:42,qt:default,msg:params are illegal
req_id:1488266568746308,date:2017-02-28 15:22:48,qt:default,msg:params are illegal
req_id:1488266604178335,date:2017-02-28 15:23:24,qt:default,msg:params are illegal
req_id:1488266682594820,date:2017-02-28 15:24:42,qt:default,msg:params are illegal
req_id:1488266710561420,date:2017-02-28 15:25:10,qt:default,msg:params are illegal
req_id:1488266731269604,date:2017-02-28 15:25:31,qt:default,msg:params are illegal
req_id:148826679556253,date:2017-02-28 15:26:35,qt:default,msg:params are illegal
req_id:1488266832859415,date:2017-02-28 15:27:12,qt:default,msg:params are illegal
req_id:1488266845142117,date:2017-02-28 15:27:25,qt:default,msg:params are illegal
req_id:1488266852101515,date:2017-02-28 15:27:32,qt:default,msg:params are illegal
req_id:1488266857319814,date:2017-02-28 15:27:37,qt:default,msg:params are illegal
req_id:1488266900957310,date:2017-02-28 15:28:20,qt:default,msg:params are illegal
req_id:1488266906658636,date:2017-02-28 15:28:26,qt:default,msg:params are illegal
req_id:1488266917411251,date:2017-02-28 15:28:37,qt:default,msg:params are illegal
req_id:1488267225280860,date:2017-02-28 15:33:45,qt:default,msg:params are illegal
req_id:148826723289249,date:2017-02-28 15:33:52,qt:default,msg:params are illegal
req_id:1488267233361322,date:2017-02-28 15:33:53,qt:default,msg:params are illegal
req_id:1488267240548733,date:2017-02-28 15:34:00,qt:default,msg:params are illegal
req_id:1488267264879125,date:2017-02-28 15:34:24,qt:default,msg:params are illegal
req_id:1488267270822465,date:2017-02-28 15:34:30,qt:default,msg:params are illegal
req_id:1488267271932528,date:2017-02-28 15:34:31,qt:default,msg:params are illegal
req_id:1488267280622025,date:2017-02-28 15:34:40,qt:default,msg:params are illegal
req_id:1488267421980111,date:2017-02-28 15:37:01,qt:default,msg:params are illegal
req_id:1488267423433194,date:2017-02-28 15:37:03,qt:default,msg:params are illegal
req_id:1488267427530428,date:2017-02-28 15:37:07,qt:default,msg:params are illegal
req_id:1488267476988257,date:2017-02-28 15:37:56,qt:default,msg:params are illegal
req_id:1488267487697869,date:2017-02-28 15:38:07,qt:default,msg:params are illegal
req_id:1488267567665443,date:2017-02-28 15:39:27,qt:default,msg:params are illegal
req_id:148826757569867,date:2017-02-28 15:39:35,qt:default,msg:params are illegal
req_id:1488267664822000,date:2017-02-28 15:41:04,qt:default,msg:params are illegal
req_id:1488267685811201,date:2017-02-28 15:41:25,qt:default,msg:params are illegal
req_id:1488267690634477,date:2017-02-28 15:41:30,qt:default,msg:params are illegal
req_id:1488267827874326,date:2017-02-28 15:43:47,qt:default,msg:params are illegal
req_id:1488267842586168,date:2017-02-28 15:44:02,qt:default,msg:params are illegal
req_id:1488267845675345,date:2017-02-28 15:44:05,qt:default,msg:params are illegal
req_id:1488267846655401,date:2017-02-28 15:44:06,qt:default,msg:params are illegal
req_id:1488267923464794,date:2017-02-28 15:45:23,qt:default,msg:params are illegal
req_id:1488267946379105,date:2017-02-28 15:45:46,qt:default,msg:params are illegal
req_id:148826794836199,date:2017-02-28 15:45:48,qt:default,msg:params are illegal
req_id:1488267953349503,date:2017-02-28 15:45:53,qt:default,msg:params are illegal
req_id:1488267963818102,date:2017-02-28 15:46:03,qt:default,msg:params are illegal
req_id:1488268197204451,date:2017-02-28 15:49:57,qt:default,msg:params are illegal
req_id:1488268255434782,date:2017-02-28 15:50:55,qt:default,msg:params are illegal
req_id:1488268271683711,date:2017-02-28 15:51:11,qt:default,msg:params are illegal
req_id:1488268284933469,date:2017-02-28 15:51:24,qt:default,msg:params are illegal
req_id:1488268459268440,date:2017-02-28 15:54:19,qt:default,msg:params are illegal
req_id:148826849487432,date:2017-02-28 15:54:54,qt:default,msg:params are illegal
req_id:1488268509351305,date:2017-02-28 15:55:09,qt:default,msg:params are illegal
req_id:1488270065432307,date:2017-02-28 16:21:05,qt:default,msg:params are illegal
req_id:1488270073401763,date:2017-02-28 16:21:13,qt:default,msg:params are illegal
req_id:148827008125199,date:2017-02-28 16:21:21,qt:default,msg:params are illegal
req_id:1488270095646036,date:2017-02-28 16:21:35,qt:default,msg:params are illegal
req_id:1488270096810102,date:2017-02-28 16:21:36,qt:default,msg:params are illegal
req_id:1488270145567891,date:2017-02-28 16:22:25,qt:default,msg:params are illegal
req_id:1488270147132980,date:2017-02-28 16:22:27,qt:default,msg:params are illegal
req_id:1488270148885081,date:2017-02-28 16:22:28,qt:default,msg:params are illegal
req_id:1488270157842593,date:2017-02-28 16:22:37,qt:default,msg:params are illegal
req_id:1488270359111105,date:2017-02-28 16:25:59,qt:default,msg:params are illegal
req_id:1488270367830604,date:2017-02-28 16:26:07,qt:default,msg:params are illegal
req_id:1488270415670340,date:2017-02-28 16:26:55,qt:default,msg:params are illegal
req_id:1488270417596450,date:2017-02-28 16:26:57,qt:default,msg:params are illegal
req_id:1488270425355894,date:2017-02-28 16:27:05,qt:default,msg:params are illegal
req_id:1488270429561134,date:2017-02-28 16:27:09,qt:default,msg:params are illegal
req_id:1488274877609548,date:2017-02-28 17:41:17,qt:default,msg:sql is illegal
req_id:1488274877609548,date:2017-02-28 17:41:17,qt:default,msg:mysql errno: 1064, mysql error :You have an error in your SQL syntax; check the manual that corresponds to your MySQL server version for the right syntax to use near '('xujian','xujian','xujian')' at line 1
req_id:1488274931942656,date:2017-02-28 17:42:11,qt:default,msg:sql is illegal
req_id:1488274931942656,date:2017-02-28 17:42:11,qt:default,msg:mysql errno: 1064, mysql error :You have an error in your SQL syntax; check the manual that corresponds to your MySQL server version for the right syntax to use near '('xujian','xujian','xujian')' at line 1
req_id:148827495592980,date:2017-02-28 17:42:35,qt:default,msg:sql is illegal
req_id:148827495592980,date:2017-02-28 17:42:35,qt:default,msg:mysql errno: 1064, mysql error :You have an error in your SQL syntax; check the manual that corresponds to your MySQL server version for the right syntax to use near '('xujian','xujian','xujian')' at line 1
req_id:1488274972293964,date:2017-02-28 17:42:52,qt:default,msg:sql is illegal
req_id:1488274972293964,date:2017-02-28 17:42:52,qt:default,msg:mysql errno: 1064, mysql error :You have an error in your SQL syntax; check the manual that corresponds to your MySQL server version for the right syntax to use near '('xujian','xujian','xujian')' at line 1
req_id:148827531198342,date:2017-02-28 17:48:31,qt:default,msg:sql is illegal
req_id:148827531198342,date:2017-02-28 17:48:31,qt:default,msg:mysql errno: 1064, mysql error :You have an error in your SQL syntax; check the manual that corresponds to your MySQL server version for the right syntax to use near '('xujian','xujian','xujian')' at line 1
req_id:1488275326670233,date:2017-02-28 17:48:46,qt:default,msg:sql is illegal
req_id:1488275326670233,date:2017-02-28 17:48:46,qt:default,msg:mysql errno: 1064, mysql error :You have an error in your SQL syntax; check the manual that corresponds to your MySQL server version for the right syntax to use near '('xujian','xujian','xujian')' at line 1
req_id:1488275394915136,date:2017-02-28 17:49:54,qt:default,msg:sql is illegal
req_id:1488275394915136,date:2017-02-28 17:49:54,qt:default,msg:mysql errno: 1064, mysql error :You have an error in your SQL syntax; check the manual that corresponds to your MySQL server version for the right syntax to use near '('xujian','xujian','xujian')' at line 1
req_id:1488275541155501,date:2017-02-28 17:52:21,qt:default,msg:sql is illegal
req_id:1488275541155501,date:2017-02-28 17:52:21,qt:default,msg:mysql errno: 1064, mysql error :You have an error in your SQL syntax; check the manual that corresponds to your MySQL server version for the right syntax to use near '('xujian','xujian','xujian')' at line 1
req_id:1488275584377973,date:2017-02-28 17:53:04,qt:default,msg:sql is illegal
req_id:1488275584377973,date:2017-02-28 17:53:04,qt:default,msg:mysql errno: 1064, mysql error :You have an error in your SQL syntax; check the manual that corresponds to your MySQL server version for the right syntax to use near '('xujian','xujian','xujian')' at line 1
req_id:1488275605461179,date:2017-02-28 17:53:25,qt:default,msg:sql is illegal
req_id:1488275605461179,date:2017-02-28 17:53:25,qt:default,msg:mysql errno: 1064, mysql error :You have an error in your SQL syntax; check the manual that corresponds to your MySQL server version for the right syntax to use near '('xujian','xujian','xujian')' at line 1
req_id:1488275619471980,date:2017-02-28 17:53:39,qt:default,msg:sql is illegal
req_id:1488275619471980,date:2017-02-28 17:53:39,qt:default,msg:mysql errno: 1064, mysql error :You have an error in your SQL syntax; check the manual that corresponds to your MySQL server version for the right syntax to use near '('xujian','xujian','xujian')' at line 1
req_id:1488275648203624,date:2017-02-28 17:54:08,qt:default,msg:sql is illegal
req_id:1488275648203624,date:2017-02-28 17:54:08,qt:default,msg:mysql errno: 1064, mysql error :You have an error in your SQL syntax; check the manual that corresponds to your MySQL server version for the right syntax to use near '('xujian','xujian','xujian')' at line 1
req_id:1488275680602477,date:2017-02-28 17:54:40,qt:default,msg:sql is illegal
req_id:1488275680602477,date:2017-02-28 17:54:40,qt:default,msg:mysql errno: 1064, mysql error :You have an error in your SQL syntax; check the manual that corresponds to your MySQL server version for the right syntax to use near '('xujian','xujian','xujian')' at line 1
req_id:1488275813390072,date:2017-02-28 17:56:53,qt:default,msg:mysql errno: 1146, mysql error :Table 'infolib.eval_admin' doesn't exist
req_id:1488275912151721,date:2017-02-28 17:58:32,qt:default,msg:mysql errno: 1136, mysql error :Column count doesn't match value count at row 1
req_id:1488276575762677,date:2017-02-28 18:09:35,qt:default,msg:mysql errno: 1054, mysql error :Unknown column 'create_time' in 'field list'
req_id:1488276802358638,date:2017-02-28 18:13:22,qt:default,msg:mysql errno: 1136, mysql error :Column count doesn't match value count at row 1
req_id:148827725748644,date:2017-02-28 18:20:57,qt:default,msg:mysql errno: 1062, mysql error :Duplicate entry 'xujian' for key 'account'
req_id:148827733010818,date:2017-02-28 18:22:10,qt:default,msg:mysql errno: 1062, mysql error :Duplicate entry 'xujian' for key 'account'
req_id:14882774249194,date:2017-02-28 18:23:44,qt:default,msg:mysql errno: 1062, mysql error :Duplicate entry 'xujian' for key 'account'
req_id:1488277435552854,date:2017-02-28 18:23:55,qt:default,msg:mysql errno: 1062, mysql error :Duplicate entry 'xujian' for key 'account'
req_id:1488277701214049,date:2017-02-28 18:28:21,qt:default,msg:mysql errno: 1062, mysql error :Duplicate entry 'xujian' for key 'account'
req_id:1488277703658189,date:2017-02-28 18:28:23,qt:default,msg:mysql errno: 1062, mysql error :Duplicate entry 'xujian' for key 'account'
req_id:1488277704834256,date:2017-02-28 18:28:24,qt:default,msg:mysql errno: 1062, mysql error :Duplicate entry 'xujian' for key 'account'
req_id:1488277705643303,date:2017-02-28 18:28:25,qt:default,msg:mysql errno: 1062, mysql error :Duplicate entry 'xujian' for key 'account'
req_id:14882777089438,date:2017-02-28 18:28:28,qt:default,msg:mysql errno: 1062, mysql error :Duplicate entry 'xujian' for key 'account'
req_id:1488277752316972,date:2017-02-28 18:29:12,qt:default,msg:mysql errno: 1062, mysql error :Duplicate entry 'xujian' for key 'account'
req_id:148827775440071,date:2017-02-28 18:29:14,qt:default,msg:mysql errno: 1062, mysql error :Duplicate entry 'xujian' for key 'account'
req_id:1488277755185136,date:2017-02-28 18:29:15,qt:default,msg:mysql errno: 1062, mysql error :Duplicate entry 'xujian' for key 'account'
req_id:1488281827540062,date:2017-02-28 19:37:07,qt:default,msg:mysql errno: 1062, mysql error :Duplicate entry 'xujian' for key 'account'
req_id:14882818309203,date:2017-02-28 19:37:10,qt:default,msg:mysql errno: 1062, mysql error :Duplicate entry 'xujian' for key 'account'
req_id:1488281831270275,date:2017-02-28 19:37:11,qt:default,msg:mysql errno: 1062, mysql error :Duplicate entry 'xujian' for key 'account'
req_id:1488281832505346,date:2017-02-28 19:37:12,qt:default,msg:mysql errno: 1062, mysql error :Duplicate entry 'xujian' for key 'account'
req_id:1488282536283599,date:2017-02-28 19:48:56,qt:default,msg:params are illegal
req_id:1488289839121298,date:2017-02-28 21:50:39,qt:default,msg:params are illegal
