req_id:149697961836750,date:2017-06-09 11:40:18,qt:login,msg:query info : null
req_id:149697961852375,date:2017-06-09 11:40:18,qt:list,msg:db_conf_key db1 Connect success !
req_id:149697961852375,date:2017-06-09 11:40:18,qt:list,msg:SELECT `id`, `content`, `weight`, `parent_id` FROM `eval_index`
req_id:149697961852375,date:2017-06-09 11:40:18,qt:list,msg:query info : null
req_id:149697961883625,date:2017-06-09 11:40:18,qt:navigate,msg:redis connect success
req_id:149697961883625,date:2017-06-09 11:40:18,qt:navigate,msg:db_conf_key db1 Connect success !
req_id:149697961883625,date:2017-06-09 11:40:18,qt:navigate,msg:SELECT `id`, `name` FROM `eval_department` WHERE parent_id = '6' 
req_id:149697961883625,date:2017-06-09 11:40:18,qt:navigate,msg:db_conf_key db1 Connect success !
req_id:149697961883625,date:2017-06-09 11:40:18,qt:navigate,msg:SELECT `id`, `name` FROM `eval_school`
req_id:149697961883625,date:2017-06-09 11:40:18,qt:navigate,msg:db_conf_key db1 Connect success !
req_id:149697961883625,date:2017-06-09 11:40:18,qt:navigate,msg:SELECT distinct `edu_depart_id`, `school_id`, `grade`, `class` FROM `eval_evaluation` WHERE edu_depart_id = '6' 
req_id:149697961883625,date:2017-06-09 11:40:18,qt:navigate,msg:query info : null
req_id:1496979618114875,date:2017-06-09 11:40:18,qt:evaluation,msg:redis connect success
req_id:1496979618114875,date:2017-06-09 11:40:18,qt:evaluation,msg:db_conf_key db1 Connect success !
req_id:1496979618114875,date:2017-06-09 11:40:18,qt:evaluation,msg:SELECT `score`, `gender`, `test_times`, `edu_depart_id`, `school_id`, `grade`, `class`, `sno` FROM `eval_evaluation` WHERE edu_depart_id = '6'  AND test_times = '1' 
req_id:1496979618114875,date:2017-06-09 11:40:18,qt:evaluation,msg:db_conf_key db1 Connect success !
req_id:1496979618114875,date:2017-06-09 11:40:18,qt:evaluation,msg:SELECT `id`, `content`, `weight`, `parent_id` FROM `eval_index`
req_id:1496979618114875,date:2017-06-09 11:40:18,qt:evaluation,msg:query info : null
req_id:1496979618364875,date:2017-06-09 11:40:18,qt:login,msg:query info : null
req_id:1496979622349250,date:2017-06-09 11:40:22,qt:evaluation,msg:redis connect success
req_id:1496979622349250,date:2017-06-09 11:40:22,qt:evaluation,msg:db_conf_key db1 Connect success !
req_id:1496979622349250,date:2017-06-09 11:40:22,qt:evaluation,msg:SELECT `score`, `gender`, `test_times`, `edu_depart_id`, `school_id`, `grade`, `class`, `sno` FROM `eval_evaluation` WHERE edu_depart_id = '6'  AND test_times = '1' 
req_id:1496979622349250,date:2017-06-09 11:40:22,qt:evaluation,msg:db_conf_key db1 Connect success !
req_id:1496979622349250,date:2017-06-09 11:40:22,qt:evaluation,msg:SELECT `id`, `name` FROM `eval_school`
req_id:1496979622349250,date:2017-06-09 11:40:22,qt:evaluation,msg:db_conf_key db1 Connect success !
req_id:1496979622349250,date:2017-06-09 11:40:22,qt:evaluation,msg:SELECT `id`, `content`, `weight`, `parent_id` FROM `eval_index`
req_id:1496979622349250,date:2017-06-09 11:40:22,qt:evaluation,msg:query info : null
