req_id:1504921427490585,date:2017-09-09 09:43:47,qt:login,msg:query info : null
req_id:1504921427506210,date:2017-09-09 09:43:47,qt:list,msg:db_conf_key db1 Connect success !
req_id:1504921427506210,date:2017-09-09 09:43:47,qt:list,msg:SELECT `id`, `content`, `weight`, `parent_id` FROM `eval_index`
req_id:1504921427506210,date:2017-09-09 09:43:47,qt:list,msg:query info : null
req_id:1504921427553085,date:2017-09-09 09:43:47,qt:navigate,msg:redis connect success
req_id:1504921427553085,date:2017-09-09 09:43:47,qt:navigate,msg:query info : null
req_id:1504921427646835,date:2017-09-09 09:43:47,qt:login,msg:query info : null
req_id:1504921471849960,date:2017-09-09 09:44:31,qt:login,msg:query info : null
req_id:1504921471865585,date:2017-09-09 09:44:31,qt:list,msg:db_conf_key db1 Connect success !
req_id:1504921471865585,date:2017-09-09 09:44:31,qt:list,msg:SELECT `id`, `content`, `weight`, `parent_id` FROM `eval_index`
req_id:1504921471865585,date:2017-09-09 09:44:31,qt:list,msg:query info : null
req_id:1504921473256210,date:2017-09-09 09:44:33,qt:login,msg:query info : null
req_id:1504921474599960,date:2017-09-09 09:44:34,qt:login,msg:query info : null
req_id:1504921474631210,date:2017-09-09 09:44:34,qt:list,msg:db_conf_key db1 Connect success !
req_id:1504921474631210,date:2017-09-09 09:44:34,qt:list,msg:SELECT `id`, `content`, `weight`, `parent_id` FROM `eval_index`
req_id:1504921474631210,date:2017-09-09 09:44:34,qt:list,msg:query info : null
req_id:1504921474662460,date:2017-09-09 09:44:34,qt:navigate,msg:redis connect success
req_id:1504921474662460,date:2017-09-09 09:44:34,qt:navigate,msg:query info : null
req_id:1504921474740585,date:2017-09-09 09:44:34,qt:login,msg:query info : null
req_id:1504921482709335,date:2017-09-09 09:44:42,qt:login,msg:query info : null
req_id:1504921482740585,date:2017-09-09 09:44:42,qt:list,msg:db_conf_key db1 Connect success !
req_id:1504921482740585,date:2017-09-09 09:44:42,qt:list,msg:SELECT `id`, `content`, `weight`, `parent_id` FROM `eval_index`
req_id:1504921482740585,date:2017-09-09 09:44:42,qt:list,msg:query info : null
req_id:1504921482771835,date:2017-09-09 09:44:42,qt:navigate,msg:redis connect success
req_id:1504921482771835,date:2017-09-09 09:44:42,qt:navigate,msg:query info : null
req_id:1504921482865585,date:2017-09-09 09:44:42,qt:login,msg:query info : null
req_id:1504921489318710,date:2017-09-09 09:44:49,qt:login,msg:query info : null
req_id:1504921489365585,date:2017-09-09 09:44:49,qt:list,msg:db_conf_key db1 Connect success !
req_id:1504921489365585,date:2017-09-09 09:44:49,qt:list,msg:SELECT `id`, `content`, `weight`, `parent_id` FROM `eval_index`
req_id:1504921489365585,date:2017-09-09 09:44:49,qt:list,msg:query info : null
req_id:1504921489396835,date:2017-09-09 09:44:49,qt:navigate,msg:redis connect success
req_id:1504921489396835,date:2017-09-09 09:44:49,qt:navigate,msg:query info : null
req_id:1504921489474960,date:2017-09-09 09:44:49,qt:login,msg:query info : null
req_id:1504921490849960,date:2017-09-09 09:44:50,qt:login,msg:query info : null
req_id:1504921490881210,date:2017-09-09 09:44:50,qt:list,msg:db_conf_key db1 Connect success !
req_id:1504921490881210,date:2017-09-09 09:44:50,qt:list,msg:SELECT `id`, `content`, `weight`, `parent_id` FROM `eval_index`
req_id:1504921490881210,date:2017-09-09 09:44:50,qt:list,msg:query info : null
req_id:1504921490928085,date:2017-09-09 09:44:50,qt:navigate,msg:redis connect success
req_id:1504921490928085,date:2017-09-09 09:44:50,qt:navigate,msg:query info : null
req_id:15049214916210,date:2017-09-09 09:44:51,qt:login,msg:query info : null
req_id:1504921494287460,date:2017-09-09 09:44:54,qt:login,msg:query info : null
req_id:1504921494303085,date:2017-09-09 09:44:54,qt:login,msg:query info : null
req_id:1504921494537460,date:2017-09-09 09:44:54,qt:login,msg:query info : null
req_id:1504921497287460,date:2017-09-09 09:44:57,qt:login,msg:db_conf_key db1 Connect success !
req_id:1504921497287460,date:2017-09-09 09:44:57,qt:login,msg:SELECT `account`, `passwd`, `name`, `level` FROM `eval_admin` WHERE account = 'yanshi' 
req_id:1504921497287460,date:2017-09-09 09:44:57,qt:login,msg:query info : null
req_id:1504921500428085,date:2017-09-09 09:45:00,qt:login,msg:db_conf_key db1 Connect success !
req_id:1504921500428085,date:2017-09-09 09:45:00,qt:login,msg:SELECT `account`, `passwd`, `name`, `level` FROM `eval_admin` WHERE account = 'yanshi' 
req_id:1504921500428085,date:2017-09-09 09:45:00,qt:login,msg:query info : null
req_id:1504921507912460,date:2017-09-09 09:45:07,qt:login,msg:db_conf_key db1 Connect success !
req_id:1504921507912460,date:2017-09-09 09:45:07,qt:login,msg:SELECT `id`, `account`, `passwd`, `name`, `parent_id` FROM `eval_department` WHERE account = 'yanshi' 
req_id:1504921507912460,date:2017-09-09 09:45:07,qt:login,msg:query info : null
req_id:150492150853085,date:2017-09-09 09:45:08,qt:login,msg:query info : null
req_id:150492150884335,date:2017-09-09 09:45:08,qt:list,msg:db_conf_key db1 Connect success !
req_id:150492150884335,date:2017-09-09 09:45:08,qt:list,msg:SELECT `id`, `content`, `weight`, `parent_id` FROM `eval_index`
req_id:150492150884335,date:2017-09-09 09:45:08,qt:list,msg:query info : null
req_id:1504921508115585,date:2017-09-09 09:45:08,qt:navigate,msg:redis connect success
req_id:1504921508115585,date:2017-09-09 09:45:08,qt:navigate,msg:db_conf_key db1 Connect success !
req_id:1504921508115585,date:2017-09-09 09:45:08,qt:navigate,msg:SELECT `id`, `name` FROM `eval_department` WHERE parent_id = '5' 
req_id:1504921508115585,date:2017-09-09 09:45:08,qt:navigate,msg:db_conf_key db1 Connect success !
req_id:1504921508115585,date:2017-09-09 09:45:08,qt:navigate,msg:SELECT `id`, `name` FROM `eval_school`
req_id:1504921508115585,date:2017-09-09 09:45:08,qt:navigate,msg:db_conf_key db1 Connect success !
req_id:1504921508115585,date:2017-09-09 09:45:08,qt:navigate,msg:SELECT distinct `edu_depart_id`, `school_id`, `grade`, `class` FROM `eval_evaluation` WHERE edu_depart_id = '6' 
req_id:1504921508115585,date:2017-09-09 09:45:08,qt:navigate,msg:query info : null
req_id:1504921508209335,date:2017-09-09 09:45:08,qt:login,msg:query info : null
req_id:1504921508209335,date:2017-09-09 09:45:08,qt:evaluation,msg:redis connect success
req_id:1504921508209335,date:2017-09-09 09:45:08,qt:evaluation,msg:db_conf_key db1 Connect success !
req_id:1504921508209335,date:2017-09-09 09:45:08,qt:evaluation,msg:SELECT `id`, `name` FROM `eval_department` WHERE parent_id = '5' 
req_id:1504921508209335,date:2017-09-09 09:45:08,qt:evaluation,msg:db_conf_key db1 Connect success !
req_id:1504921508209335,date:2017-09-09 09:45:08,qt:evaluation,msg:SELECT `score`, `gender`, `test_times`, `edu_depart_id`, `school_id`, `grade`, `class`, `sno` FROM `eval_evaluation` WHERE edu_depart_id = 6  AND test_times = '1' 
req_id:1504921508209335,date:2017-09-09 09:45:08,qt:evaluation,msg:db_conf_key db1 Connect success !
req_id:1504921508209335,date:2017-09-09 09:45:08,qt:evaluation,msg:SELECT `id`, `content`, `weight`, `parent_id` FROM `eval_index`
req_id:1504921508209335,date:2017-09-09 09:45:08,qt:evaluation,msg:query info : null
req_id:1504921508771835,date:2017-09-09 09:45:08,qt:login,msg:query info : null
req_id:150493400699960,date:2017-09-09 13:13:26,qt:login,msg:query info : null
req_id:1504934006115585,date:2017-09-09 13:13:26,qt:evaluation,msg:redis connect success
req_id:1504934006115585,date:2017-09-09 13:13:26,qt:evaluation,msg:db_conf_key db1 Connect success !
req_id:1504934006115585,date:2017-09-09 13:13:26,qt:evaluation,msg:SELECT `id`, `name` FROM `eval_department` WHERE parent_id = '5' 
req_id:1504934006115585,date:2017-09-09 13:13:26,qt:evaluation,msg:db_conf_key db1 Connect success !
req_id:1504934006115585,date:2017-09-09 13:13:26,qt:evaluation,msg:SELECT `score`, `gender`, `test_times`, `edu_depart_id`, `school_id`, `grade`, `class`, `sno` FROM `eval_evaluation` WHERE edu_depart_id = 6  AND test_times = '1' 
req_id:1504934006115585,date:2017-09-09 13:13:26,qt:evaluation,msg:db_conf_key db1 Connect success !
req_id:1504934006115585,date:2017-09-09 13:13:26,qt:evaluation,msg:SELECT `id`, `content`, `weight`, `parent_id` FROM `eval_index`
req_id:1504934006115585,date:2017-09-09 13:13:26,qt:evaluation,msg:query info : null
req_id:1504934007756210,date:2017-09-09 13:13:27,qt:login,msg:query info : null
req_id:1504934007771835,date:2017-09-09 13:13:27,qt:evaluation,msg:redis connect success
req_id:1504934007771835,date:2017-09-09 13:13:27,qt:evaluation,msg:db_conf_key db1 Connect success !
req_id:1504934007771835,date:2017-09-09 13:13:27,qt:evaluation,msg:SELECT `id`, `name` FROM `eval_department` WHERE parent_id = '5' 
req_id:1504934007771835,date:2017-09-09 13:13:27,qt:evaluation,msg:db_conf_key db1 Connect success !
req_id:1504934007771835,date:2017-09-09 13:13:27,qt:evaluation,msg:SELECT `score`, `gender`, `test_times`, `edu_depart_id`, `school_id`, `grade`, `class`, `sno` FROM `eval_evaluation` WHERE edu_depart_id = 6  AND test_times = '1' 
req_id:1504934007771835,date:2017-09-09 13:13:27,qt:evaluation,msg:db_conf_key db1 Connect success !
req_id:1504934007771835,date:2017-09-09 13:13:27,qt:evaluation,msg:SELECT `id`, `content`, `weight`, `parent_id` FROM `eval_index`
req_id:1504934007771835,date:2017-09-09 13:13:28,qt:evaluation,msg:query info : null
req_id:1504945524756210,date:2017-09-09 16:25:24,qt:login,msg:query info : null
req_id:1504948855240585,date:2017-09-09 17:20:55,qt:login,msg:query info : null
req_id:1504948855271835,date:2017-09-09 17:20:55,qt:evaluation,msg:redis connect success
req_id:1504948855271835,date:2017-09-09 17:20:55,qt:evaluation,msg:db_conf_key db1 Connect success !
req_id:1504948855271835,date:2017-09-09 17:20:55,qt:evaluation,msg:SELECT `id`, `name` FROM `eval_department` WHERE parent_id = '5' 
req_id:1504948855271835,date:2017-09-09 17:20:55,qt:evaluation,msg:db_conf_key db1 Connect success !
req_id:1504948855271835,date:2017-09-09 17:20:55,qt:evaluation,msg:SELECT `score`, `gender`, `test_times`, `edu_depart_id`, `school_id`, `grade`, `class`, `sno` FROM `eval_evaluation` WHERE edu_depart_id = 6  AND test_times = '1' 
req_id:1504948855271835,date:2017-09-09 17:20:55,qt:evaluation,msg:db_conf_key db1 Connect success !
req_id:1504948855271835,date:2017-09-09 17:20:55,qt:evaluation,msg:SELECT `id`, `content`, `weight`, `parent_id` FROM `eval_index`
req_id:1504948855271835,date:2017-09-09 17:20:55,qt:evaluation,msg:query info : null
