req_id:1491094660444851,date:2017-04-02 08:57:40,qt:list,msg:db_conf_key db1 Connect success !
req_id:1491094660444851,date:2017-04-02 08:57:40,qt:list,msg:SELECT `id`, `content`, `weight`, `parent_id` FROM `eval_index`
req_id:1491094660444851,date:2017-04-02 08:57:40,qt:list,msg:query info : null
req_id:1491094660476101,date:2017-04-02 08:57:40,qt:navigate,msg:redis connect success
req_id:1491094660476101,date:2017-04-02 08:57:40,qt:navigate,msg:db_conf_key db1 Connect success !
req_id:1491094660476101,date:2017-04-02 08:57:40,qt:navigate,msg:SELECT `id`, `edu_depart_id` FROM `eval_school` WHERE id in  (12) 
req_id:1491094660476101,date:2017-04-02 08:57:40,qt:navigate,msg:db_conf_key db1 Connect success !
req_id:1491094660476101,date:2017-04-02 08:57:40,qt:navigate,msg:SELECT distinct `edu_depart_id`, `school_id`, `grade`, `class` FROM `eval_evaluation` WHERE edu_depart_id = '6'  AND school_id = '12' 
req_id:1491094660476101,date:2017-04-02 08:57:40,qt:navigate,msg:query info : null
req_id:1491094678319851,date:2017-04-02 08:57:58,qt:list,msg:db_conf_key db1 Connect success !
req_id:1491094678319851,date:2017-04-02 08:57:58,qt:list,msg:SELECT `id`, `content`, `weight`, `parent_id` FROM `eval_index`
req_id:1491094678319851,date:2017-04-02 08:57:58,qt:list,msg:query info : null
req_id:1491094724804226,date:2017-04-02 08:58:44,qt:list,msg:db_conf_key db1 Connect success !
req_id:1491094724804226,date:2017-04-02 08:58:44,qt:list,msg:SELECT `id`, `content`, `weight`, `parent_id` FROM `eval_index`
req_id:1491094724804226,date:2017-04-02 08:58:44,qt:list,msg:query info : null
req_id:14910947377351,date:2017-04-02 08:58:57,qt:list,msg:db_conf_key db1 Connect success !
req_id:14910947377351,date:2017-04-02 08:58:57,qt:list,msg:SELECT `id`, `content`, `weight`, `parent_id` FROM `eval_index`
req_id:14910947377351,date:2017-04-02 08:58:57,qt:list,msg:query info : null
req_id:149109473738601,date:2017-04-02 08:58:57,qt:navigate,msg:redis connect success
req_id:149109473738601,date:2017-04-02 08:58:57,qt:navigate,msg:query info : null
req_id:1491094751116726,date:2017-04-02 08:59:11,qt:list,msg:db_conf_key db1 Connect success !
req_id:1491094751116726,date:2017-04-02 08:59:11,qt:list,msg:SELECT `id`, `content`, `weight`, `parent_id` FROM `eval_index`
req_id:1491094751116726,date:2017-04-02 08:59:11,qt:list,msg:query info : null
req_id:1491094751147976,date:2017-04-02 08:59:11,qt:navigate,msg:redis connect success
req_id:1491094751147976,date:2017-04-02 08:59:11,qt:navigate,msg:query info : null
req_id:1491094851257351,date:2017-04-02 09:00:51,qt:list,msg:db_conf_key db1 Connect success !
req_id:1491094851257351,date:2017-04-02 09:00:51,qt:list,msg:SELECT `id`, `content`, `weight`, `parent_id` FROM `eval_index`
req_id:1491094851257351,date:2017-04-02 09:00:51,qt:list,msg:query info : null
req_id:1491094857835476,date:2017-04-02 09:00:57,qt:list,msg:db_conf_key db1 Connect success !
req_id:1491094857835476,date:2017-04-02 09:00:57,qt:list,msg:SELECT `id`, `content`, `weight`, `parent_id` FROM `eval_index`
req_id:1491094857835476,date:2017-04-02 09:00:57,qt:list,msg:query info : null
req_id:1491094860382351,date:2017-04-02 09:01:00,qt:list,msg:db_conf_key db1 Connect success !
req_id:1491094860382351,date:2017-04-02 09:01:00,qt:list,msg:SELECT `id`, `content`, `weight`, `parent_id` FROM `eval_index`
req_id:1491094860382351,date:2017-04-02 09:01:00,qt:list,msg:query info : null
req_id:1491094860413601,date:2017-04-02 09:01:00,qt:navigate,msg:redis connect success
req_id:1491094860413601,date:2017-04-02 09:01:00,qt:navigate,msg:query info : null
req_id:1491094923866726,date:2017-04-02 09:02:03,qt:list,msg:db_conf_key db1 Connect success !
req_id:1491094923866726,date:2017-04-02 09:02:03,qt:list,msg:SELECT `id`, `content`, `weight`, `parent_id` FROM `eval_index`
req_id:1491094923866726,date:2017-04-02 09:02:03,qt:list,msg:query info : null
req_id:1491094926726101,date:2017-04-02 09:02:06,qt:list,msg:db_conf_key db1 Connect success !
req_id:1491094926726101,date:2017-04-02 09:02:06,qt:list,msg:SELECT `id`, `content`, `weight`, `parent_id` FROM `eval_index`
req_id:1491094926726101,date:2017-04-02 09:02:06,qt:list,msg:query info : null
req_id:1491094926804226,date:2017-04-02 09:02:06,qt:navigate,msg:redis connect success
req_id:1491094926804226,date:2017-04-02 09:02:06,qt:navigate,msg:query info : null
req_id:1491094970866726,date:2017-04-02 09:02:50,qt:list,msg:db_conf_key db1 Connect success !
req_id:1491094970866726,date:2017-04-02 09:02:50,qt:list,msg:SELECT `id`, `content`, `weight`, `parent_id` FROM `eval_index`
req_id:1491094970866726,date:2017-04-02 09:02:50,qt:list,msg:query info : null
req_id:1491094976757351,date:2017-04-02 09:02:56,qt:list,msg:db_conf_key db1 Connect success !
req_id:1491094976757351,date:2017-04-02 09:02:56,qt:list,msg:SELECT `id`, `content`, `weight`, `parent_id` FROM `eval_index`
req_id:1491094976757351,date:2017-04-02 09:02:56,qt:list,msg:query info : null
req_id:1491094979163601,date:2017-04-02 09:02:59,qt:list,msg:db_conf_key db1 Connect success !
req_id:1491094979163601,date:2017-04-02 09:02:59,qt:list,msg:SELECT `id`, `content`, `weight`, `parent_id` FROM `eval_index`
req_id:1491094979163601,date:2017-04-02 09:02:59,qt:list,msg:query info : null
req_id:1491094979194851,date:2017-04-02 09:02:59,qt:navigate,msg:redis connect success
req_id:1491094979194851,date:2017-04-02 09:02:59,qt:navigate,msg:query info : null
req_id:1491095102913601,date:2017-04-02 09:05:02,qt:list,msg:db_conf_key db1 Connect success !
req_id:1491095102913601,date:2017-04-02 09:05:02,qt:list,msg:SELECT `id`, `content`, `weight`, `parent_id` FROM `eval_index`
req_id:1491095102913601,date:2017-04-02 09:05:02,qt:list,msg:query info : null
req_id:1491095107476101,date:2017-04-02 09:05:07,qt:list,msg:db_conf_key db1 Connect success !
req_id:1491095107476101,date:2017-04-02 09:05:07,qt:list,msg:SELECT `id`, `content`, `weight`, `parent_id` FROM `eval_index`
req_id:1491095107476101,date:2017-04-02 09:05:07,qt:list,msg:query info : null
req_id:1491095107507351,date:2017-04-02 09:05:07,qt:navigate,msg:redis connect success
req_id:1491095107507351,date:2017-04-02 09:05:07,qt:navigate,msg:query info : null
req_id:1491095346616726,date:2017-04-02 09:09:06,qt:list,msg:db_conf_key db1 Connect success !
req_id:1491095346616726,date:2017-04-02 09:09:06,qt:list,msg:SELECT `id`, `content`, `weight`, `parent_id` FROM `eval_index`
req_id:1491095346616726,date:2017-04-02 09:09:06,qt:list,msg:query info : null
req_id:1491095346647976,date:2017-04-02 09:09:06,qt:navigate,msg:redis connect success
req_id:1491095346647976,date:2017-04-02 09:09:06,qt:navigate,msg:db_conf_key db1 Connect success !
req_id:1491095346647976,date:2017-04-02 09:09:06,qt:navigate,msg:SELECT `id`, `name` FROM `eval_department` WHERE parent_id = '6' 
req_id:1491095346647976,date:2017-04-02 09:09:06,qt:navigate,msg:db_conf_key db1 Connect success !
req_id:1491095346647976,date:2017-04-02 09:09:06,qt:navigate,msg:SELECT `id`, `name` FROM `eval_school`
req_id:1491095346647976,date:2017-04-02 09:09:06,qt:navigate,msg:db_conf_key db1 Connect success !
req_id:1491095346647976,date:2017-04-02 09:09:06,qt:navigate,msg:SELECT distinct `edu_depart_id`, `school_id`, `grade`, `class` FROM `eval_evaluation` WHERE edu_depart_id = '6' 
req_id:1491095346647976,date:2017-04-02 09:09:06,qt:navigate,msg:query info : null
req_id:1491095350241726,date:2017-04-02 09:09:10,qt:list,msg:db_conf_key db1 Connect success !
req_id:1491095350241726,date:2017-04-02 09:09:10,qt:list,msg:SELECT `id`, `content`, `weight`, `parent_id` FROM `eval_index`
req_id:1491095350241726,date:2017-04-02 09:09:10,qt:list,msg:query info : null
req_id:1491095350272976,date:2017-04-02 09:09:10,qt:navigate,msg:redis connect success
req_id:1491095350272976,date:2017-04-02 09:09:10,qt:navigate,msg:query info : null
req_id:1491095351601101,date:2017-04-02 09:09:11,qt:list,msg:db_conf_key db1 Connect success !
req_id:1491095351601101,date:2017-04-02 09:09:11,qt:list,msg:SELECT `id`, `content`, `weight`, `parent_id` FROM `eval_index`
req_id:1491095351601101,date:2017-04-02 09:09:11,qt:list,msg:query info : null
req_id:1491095351616726,date:2017-04-02 09:09:11,qt:navigate,msg:redis connect success
req_id:1491095351616726,date:2017-04-02 09:09:11,qt:navigate,msg:query info : null
req_id:1491095352647976,date:2017-04-02 09:09:12,qt:list,msg:db_conf_key db1 Connect success !
req_id:1491095352647976,date:2017-04-02 09:09:12,qt:list,msg:SELECT `id`, `content`, `weight`, `parent_id` FROM `eval_index`
req_id:1491095352647976,date:2017-04-02 09:09:12,qt:list,msg:query info : null
req_id:1491095352663601,date:2017-04-02 09:09:12,qt:navigate,msg:redis connect success
req_id:1491095352663601,date:2017-04-02 09:09:12,qt:navigate,msg:query info : null
req_id:1491095782491726,date:2017-04-02 09:16:22,qt:evaluation,msg:redis connect success
req_id:1491095782491726,date:2017-04-02 09:16:22,qt:evaluation,msg:db_conf_key db1 Connect success !
req_id:1491095782491726,date:2017-04-02 09:16:22,qt:evaluation,msg:SELECT `id`, `name` FROM `eval_department` WHERE parent_id = '5' 
req_id:1491095782491726,date:2017-04-02 09:16:22,qt:evaluation,msg:db_conf_key db1 Connect success !
req_id:1491095782491726,date:2017-04-02 09:16:22,qt:evaluation,msg:SELECT `score`, `gender`, `test_times`, `edu_depart_id`, `school_id`, `grade`, `class`, `sno` FROM `eval_evaluation` WHERE edu_depart_id = 6  AND test_times = '1' 
req_id:1491095782491726,date:2017-04-02 09:16:22,qt:evaluation,msg:db_conf_key db1 Connect success !
req_id:1491095782491726,date:2017-04-02 09:16:22,qt:evaluation,msg:SELECT `score`, `gender`, `test_times`, `edu_depart_id`, `school_id`, `grade`, `class`, `sno` FROM `eval_evaluation` WHERE edu_depart_id = 7  AND test_times = '1' 
req_id:1491095782491726,date:2017-04-02 09:16:22,qt:evaluation,msg:db_conf_key db1 Connect success !
req_id:1491095782491726,date:2017-04-02 09:16:22,qt:evaluation,msg:SELECT `id`, `content`, `weight`, `parent_id` FROM `eval_index`
req_id:1491095782491726,date:2017-04-02 09:16:22,qt:evaluation,msg:query info : null
req_id:1491095844101101,date:2017-04-02 09:17:24,qt:evaluation,msg:redis connect success
req_id:1491095844101101,date:2017-04-02 09:17:24,qt:evaluation,msg:db_conf_key db1 Connect success !
req_id:1491095844101101,date:2017-04-02 09:17:24,qt:evaluation,msg:SELECT `id`, `name` FROM `eval_department` WHERE parent_id = '5' 
req_id:1491095844101101,date:2017-04-02 09:17:24,qt:evaluation,msg:db_conf_key db1 Connect success !
req_id:1491095844101101,date:2017-04-02 09:17:24,qt:evaluation,msg:SELECT `score`, `gender`, `test_times`, `edu_depart_id`, `school_id`, `grade`, `class`, `sno` FROM `eval_evaluation` WHERE edu_depart_id = 6  AND test_times = '1' 
req_id:1491095844101101,date:2017-04-02 09:17:24,qt:evaluation,msg:db_conf_key db1 Connect success !
req_id:1491095844101101,date:2017-04-02 09:17:24,qt:evaluation,msg:SELECT `score`, `gender`, `test_times`, `edu_depart_id`, `school_id`, `grade`, `class`, `sno` FROM `eval_evaluation` WHERE edu_depart_id = 7  AND test_times = '1' 
req_id:1491095844101101,date:2017-04-02 09:17:24,qt:evaluation,msg:db_conf_key db1 Connect success !
req_id:1491095844101101,date:2017-04-02 09:17:24,qt:evaluation,msg:SELECT `id`, `content`, `weight`, `parent_id` FROM `eval_index`
req_id:1491095844101101,date:2017-04-02 09:17:24,qt:evaluation,msg:query info : null
req_id:1491095853819851,date:2017-04-02 09:17:33,qt:evaluation,msg:redis connect success
req_id:1491095853819851,date:2017-04-02 09:17:33,qt:evaluation,msg:query info : null
req_id:1491096165507351,date:2017-04-02 09:22:45,qt:list,msg:db_conf_key db1 Connect success !
req_id:1491096165507351,date:2017-04-02 09:22:45,qt:list,msg:SELECT `id`, `content`, `weight`, `parent_id` FROM `eval_index`
req_id:1491096165507351,date:2017-04-02 09:22:45,qt:list,msg:query info : null
req_id:1491096165538601,date:2017-04-02 09:22:45,qt:navigate,msg:redis connect success
req_id:1491096165538601,date:2017-04-02 09:22:45,qt:navigate,msg:query info : null
req_id:1491096207710476,date:2017-04-02 09:23:27,qt:list,msg:db_conf_key db1 Connect success !
req_id:1491096207710476,date:2017-04-02 09:23:27,qt:list,msg:SELECT `id`, `content`, `weight`, `parent_id` FROM `eval_index`
req_id:1491096207710476,date:2017-04-02 09:23:27,qt:list,msg:query info : null
req_id:1491096530460476,date:2017-04-02 09:28:50,qt:list,msg:db_conf_key db1 Connect success !
req_id:1491096530460476,date:2017-04-02 09:28:50,qt:list,msg:SELECT `id`, `content`, `weight`, `parent_id` FROM `eval_index`
req_id:1491096530460476,date:2017-04-02 09:28:50,qt:list,msg:query info : null
req_id:1491096533272976,date:2017-04-02 09:28:53,qt:list,msg:db_conf_key db1 Connect success !
req_id:1491096533272976,date:2017-04-02 09:28:53,qt:list,msg:SELECT `id`, `content`, `weight`, `parent_id` FROM `eval_index`
req_id:1491096533272976,date:2017-04-02 09:28:53,qt:list,msg:query info : null
req_id:1491096533319851,date:2017-04-02 09:28:53,qt:navigate,msg:redis connect success
req_id:1491096533319851,date:2017-04-02 09:28:53,qt:navigate,msg:db_conf_key db1 Connect success !
req_id:1491096533319851,date:2017-04-02 09:28:53,qt:navigate,msg:SELECT `id`, `edu_depart_id` FROM `eval_school` WHERE id in  (12) 
req_id:1491096533319851,date:2017-04-02 09:28:53,qt:navigate,msg:db_conf_key db1 Connect success !
req_id:1491096533319851,date:2017-04-02 09:28:53,qt:navigate,msg:SELECT distinct `edu_depart_id`, `school_id`, `grade`, `class` FROM `eval_evaluation` WHERE edu_depart_id = '6'  AND school_id = '12' 
req_id:1491096533319851,date:2017-04-02 09:28:53,qt:navigate,msg:query info : null
req_id:149109653985476,date:2017-04-02 09:28:59,qt:list,msg:db_conf_key db1 Connect success !
req_id:149109653985476,date:2017-04-02 09:28:59,qt:list,msg:SELECT `id`, `content`, `weight`, `parent_id` FROM `eval_index`
req_id:149109653985476,date:2017-04-02 09:28:59,qt:list,msg:query info : null
req_id:1491096539132351,date:2017-04-02 09:28:59,qt:navigate,msg:redis connect success
req_id:1491096539132351,date:2017-04-02 09:28:59,qt:navigate,msg:query info : null
req_id:149109654122976,date:2017-04-02 09:29:01,qt:list,msg:db_conf_key db1 Connect success !
req_id:149109654122976,date:2017-04-02 09:29:01,qt:list,msg:SELECT `id`, `content`, `weight`, `parent_id` FROM `eval_index`
req_id:149109654122976,date:2017-04-02 09:29:01,qt:list,msg:query info : null
req_id:149109654169851,date:2017-04-02 09:29:01,qt:navigate,msg:redis connect success
req_id:149109654169851,date:2017-04-02 09:29:01,qt:navigate,msg:query info : null
req_id:1491096541663601,date:2017-04-02 09:29:01,qt:list,msg:db_conf_key db1 Connect success !
req_id:1491096541663601,date:2017-04-02 09:29:01,qt:list,msg:SELECT `id`, `content`, `weight`, `parent_id` FROM `eval_index`
req_id:1491096541663601,date:2017-04-02 09:29:01,qt:list,msg:query info : null
req_id:1491096541694851,date:2017-04-02 09:29:01,qt:navigate,msg:redis connect success
req_id:1491096541694851,date:2017-04-02 09:29:01,qt:navigate,msg:query info : null
req_id:1491096907601101,date:2017-04-02 09:35:07,qt:list,msg:db_conf_key db1 Connect success !
req_id:1491096907601101,date:2017-04-02 09:35:07,qt:list,msg:SELECT `id`, `content`, `weight`, `parent_id` FROM `eval_index`
req_id:1491096907601101,date:2017-04-02 09:35:07,qt:list,msg:query info : null
req_id:1491096917397976,date:2017-04-02 09:35:17,qt:list,msg:db_conf_key db1 Connect success !
req_id:1491096917397976,date:2017-04-02 09:35:17,qt:list,msg:SELECT `id`, `content`, `weight`, `parent_id` FROM `eval_index`
req_id:1491096917397976,date:2017-04-02 09:35:17,qt:list,msg:query info : null
req_id:1491096927132351,date:2017-04-02 09:35:27,qt:list,msg:db_conf_key db1 Connect success !
req_id:1491096927132351,date:2017-04-02 09:35:27,qt:list,msg:SELECT `id`, `content`, `weight`, `parent_id` FROM `eval_index`
req_id:1491096927132351,date:2017-04-02 09:35:27,qt:list,msg:query info : null
req_id:1491096929257351,date:2017-04-02 09:35:29,qt:list,msg:db_conf_key db1 Connect success !
req_id:1491096929257351,date:2017-04-02 09:35:29,qt:list,msg:SELECT `id`, `content`, `weight`, `parent_id` FROM `eval_index`
req_id:1491096929257351,date:2017-04-02 09:35:29,qt:list,msg:query info : null
req_id:1491096929288601,date:2017-04-02 09:35:29,qt:navigate,msg:redis connect success
req_id:1491096929288601,date:2017-04-02 09:35:29,qt:navigate,msg:query info : null
req_id:149109693022976,date:2017-04-02 09:35:30,qt:list,msg:db_conf_key db1 Connect success !
req_id:149109693022976,date:2017-04-02 09:35:30,qt:list,msg:SELECT `id`, `content`, `weight`, `parent_id` FROM `eval_index`
req_id:149109693022976,date:2017-04-02 09:35:30,qt:list,msg:query info : null
req_id:149109693054226,date:2017-04-02 09:35:30,qt:navigate,msg:redis connect success
req_id:149109693054226,date:2017-04-02 09:35:30,qt:navigate,msg:query info : null
req_id:1491097141366726,date:2017-04-02 09:39:01,qt:list,msg:db_conf_key db1 Connect success !
req_id:1491097141366726,date:2017-04-02 09:39:01,qt:list,msg:SELECT `id`, `content`, `weight`, `parent_id` FROM `eval_index`
req_id:1491097141366726,date:2017-04-02 09:39:01,qt:list,msg:query info : null
req_id:1491097143382351,date:2017-04-02 09:39:03,qt:list,msg:db_conf_key db1 Connect success !
req_id:1491097143382351,date:2017-04-02 09:39:03,qt:list,msg:SELECT `id`, `content`, `weight`, `parent_id` FROM `eval_index`
req_id:1491097143382351,date:2017-04-02 09:39:03,qt:list,msg:query info : null
req_id:1491097143413601,date:2017-04-02 09:39:03,qt:navigate,msg:redis connect success
req_id:1491097143413601,date:2017-04-02 09:39:03,qt:navigate,msg:query info : null
req_id:1491097161804226,date:2017-04-02 09:39:21,qt:list,msg:db_conf_key db1 Connect success !
req_id:1491097161804226,date:2017-04-02 09:39:21,qt:list,msg:SELECT `id`, `content`, `weight`, `parent_id` FROM `eval_index`
req_id:1491097161804226,date:2017-04-02 09:39:21,qt:list,msg:query info : null
req_id:1491097164882351,date:2017-04-02 09:39:24,qt:list,msg:db_conf_key db1 Connect success !
req_id:1491097164882351,date:2017-04-02 09:39:24,qt:list,msg:SELECT `id`, `content`, `weight`, `parent_id` FROM `eval_index`
req_id:1491097164882351,date:2017-04-02 09:39:24,qt:list,msg:query info : null
req_id:1491097164929226,date:2017-04-02 09:39:24,qt:navigate,msg:redis connect success
req_id:1491097164929226,date:2017-04-02 09:39:24,qt:navigate,msg:query info : null
req_id:1491097277397976,date:2017-04-02 09:41:17,qt:list,msg:db_conf_key db1 Connect success !
req_id:1491097277397976,date:2017-04-02 09:41:17,qt:list,msg:SELECT `id`, `content`, `weight`, `parent_id` FROM `eval_index`
req_id:1491097277397976,date:2017-04-02 09:41:17,qt:list,msg:query info : null
req_id:1491097279944851,date:2017-04-02 09:41:19,qt:list,msg:db_conf_key db1 Connect success !
req_id:1491097279944851,date:2017-04-02 09:41:19,qt:list,msg:SELECT `id`, `content`, `weight`, `parent_id` FROM `eval_index`
req_id:1491097279944851,date:2017-04-02 09:41:19,qt:list,msg:query info : null
req_id:1491097279960476,date:2017-04-02 09:41:19,qt:navigate,msg:redis connect success
req_id:1491097279960476,date:2017-04-02 09:41:19,qt:navigate,msg:query info : null
req_id:1491097335116726,date:2017-04-02 09:42:15,qt:list,msg:db_conf_key db1 Connect success !
req_id:1491097335116726,date:2017-04-02 09:42:15,qt:list,msg:SELECT `id`, `content`, `weight`, `parent_id` FROM `eval_index`
req_id:1491097335116726,date:2017-04-02 09:42:15,qt:list,msg:query info : null
req_id:1491097412272976,date:2017-04-02 09:43:32,qt:list,msg:db_conf_key db1 Connect success !
req_id:1491097412272976,date:2017-04-02 09:43:32,qt:list,msg:SELECT `id`, `content`, `weight`, `parent_id` FROM `eval_index`
req_id:1491097412272976,date:2017-04-02 09:43:32,qt:list,msg:query info : null
req_id:1491097434179226,date:2017-04-02 09:43:54,qt:list,msg:db_conf_key db1 Connect success !
req_id:1491097434179226,date:2017-04-02 09:43:54,qt:list,msg:SELECT `id`, `content`, `weight`, `parent_id` FROM `eval_index`
req_id:1491097434179226,date:2017-04-02 09:43:54,qt:list,msg:query info : null
req_id:1491097541616726,date:2017-04-02 09:45:41,qt:list,msg:db_conf_key db1 Connect success !
req_id:1491097541616726,date:2017-04-02 09:45:41,qt:list,msg:SELECT `id`, `content`, `weight`, `parent_id` FROM `eval_index`
req_id:1491097541616726,date:2017-04-02 09:45:41,qt:list,msg:query info : null
req_id:1491097779304226,date:2017-04-02 09:49:39,qt:list,msg:db_conf_key db1 Connect success !
req_id:1491097779304226,date:2017-04-02 09:49:39,qt:list,msg:SELECT `id`, `content`, `weight`, `parent_id` FROM `eval_index`
req_id:1491097779304226,date:2017-04-02 09:49:39,qt:list,msg:query info : null
req_id:1491097791147976,date:2017-04-02 09:49:51,qt:list,msg:db_conf_key db1 Connect success !
req_id:1491097791147976,date:2017-04-02 09:49:51,qt:list,msg:SELECT `id`, `content`, `weight`, `parent_id` FROM `eval_index`
req_id:1491097791147976,date:2017-04-02 09:49:51,qt:list,msg:query info : null
req_id:1491097791179226,date:2017-04-02 09:49:51,qt:navigate,msg:redis connect success
req_id:1491097791179226,date:2017-04-02 09:49:51,qt:navigate,msg:db_conf_key db1 Connect success !
req_id:1491097791179226,date:2017-04-02 09:49:51,qt:navigate,msg:SELECT `id`, `name` FROM `eval_department` WHERE parent_id = '6' 
req_id:1491097791179226,date:2017-04-02 09:49:51,qt:navigate,msg:db_conf_key db1 Connect success !
req_id:1491097791179226,date:2017-04-02 09:49:51,qt:navigate,msg:SELECT `id`, `name` FROM `eval_school`
req_id:1491097791179226,date:2017-04-02 09:49:51,qt:navigate,msg:db_conf_key db1 Connect success !
req_id:1491097791179226,date:2017-04-02 09:49:51,qt:navigate,msg:SELECT distinct `edu_depart_id`, `school_id`, `grade`, `class` FROM `eval_evaluation` WHERE edu_depart_id = '6' 
req_id:1491097791179226,date:2017-04-02 09:49:51,qt:navigate,msg:query info : null
req_id:1491097795647976,date:2017-04-02 09:49:55,qt:list,msg:db_conf_key db1 Connect success !
req_id:1491097795647976,date:2017-04-02 09:49:55,qt:list,msg:SELECT `id`, `content`, `weight`, `parent_id` FROM `eval_index`
req_id:1491097795647976,date:2017-04-02 09:49:55,qt:list,msg:query info : null
req_id:1491097795679226,date:2017-04-02 09:49:55,qt:navigate,msg:redis connect success
req_id:1491097795679226,date:2017-04-02 09:49:55,qt:navigate,msg:query info : null
req_id:1491098295866726,date:2017-04-02 09:58:15,qt:list,msg:db_conf_key db1 Connect success !
req_id:1491098295866726,date:2017-04-02 09:58:15,qt:list,msg:SELECT `id`, `content`, `weight`, `parent_id` FROM `eval_index`
req_id:1491098295866726,date:2017-04-02 09:58:15,qt:list,msg:query info : null
req_id:1491098301788601,date:2017-04-02 09:58:21,qt:list,msg:db_conf_key db1 Connect success !
req_id:1491098301788601,date:2017-04-02 09:58:21,qt:list,msg:SELECT `id`, `content`, `weight`, `parent_id` FROM `eval_index`
req_id:1491098301788601,date:2017-04-02 09:58:21,qt:list,msg:query info : null
req_id:1491098309710476,date:2017-04-02 09:58:29,qt:list,msg:db_conf_key db1 Connect success !
req_id:1491098309710476,date:2017-04-02 09:58:29,qt:list,msg:SELECT `id`, `content`, `weight`, `parent_id` FROM `eval_index`
req_id:1491098309710476,date:2017-04-02 09:58:29,qt:list,msg:query info : null
req_id:1491098309772976,date:2017-04-02 09:58:29,qt:navigate,msg:redis connect success
req_id:1491098309772976,date:2017-04-02 09:58:29,qt:navigate,msg:query info : null
req_id:1491098311616726,date:2017-04-02 09:58:31,qt:list,msg:db_conf_key db1 Connect success !
req_id:1491098311616726,date:2017-04-02 09:58:31,qt:list,msg:SELECT `id`, `content`, `weight`, `parent_id` FROM `eval_index`
req_id:1491098311616726,date:2017-04-02 09:58:31,qt:list,msg:query info : null
req_id:1491098311632351,date:2017-04-02 09:58:31,qt:navigate,msg:redis connect success
req_id:1491098311632351,date:2017-04-02 09:58:31,qt:navigate,msg:query info : null
req_id:1491098377335476,date:2017-04-02 09:59:37,qt:list,msg:db_conf_key db1 Connect success !
req_id:1491098377335476,date:2017-04-02 09:59:37,qt:list,msg:SELECT `id`, `content`, `weight`, `parent_id` FROM `eval_index`
req_id:1491098377335476,date:2017-04-02 09:59:37,qt:list,msg:query info : null
req_id:149109838069851,date:2017-04-02 09:59:40,qt:list,msg:db_conf_key db1 Connect success !
req_id:149109838069851,date:2017-04-02 09:59:40,qt:list,msg:SELECT `id`, `content`, `weight`, `parent_id` FROM `eval_index`
req_id:149109838069851,date:2017-04-02 09:59:40,qt:list,msg:query info : null
req_id:149109838085476,date:2017-04-02 09:59:40,qt:navigate,msg:redis connect success
req_id:149109838085476,date:2017-04-02 09:59:40,qt:navigate,msg:db_conf_key db1 Connect success !
req_id:149109838085476,date:2017-04-02 09:59:40,qt:navigate,msg:SELECT `id`, `edu_depart_id` FROM `eval_school` WHERE id in  (12) 
req_id:149109838085476,date:2017-04-02 09:59:40,qt:navigate,msg:db_conf_key db1 Connect success !
req_id:149109838085476,date:2017-04-02 09:59:40,qt:navigate,msg:SELECT distinct `edu_depart_id`, `school_id`, `grade`, `class` FROM `eval_evaluation` WHERE edu_depart_id = '6'  AND school_id = '12' 
req_id:149109838085476,date:2017-04-02 09:59:40,qt:navigate,msg:query info : null
req_id:1491098382507351,date:2017-04-02 09:59:42,qt:list,msg:db_conf_key db1 Connect success !
req_id:1491098382507351,date:2017-04-02 09:59:42,qt:list,msg:SELECT `id`, `content`, `weight`, `parent_id` FROM `eval_index`
req_id:1491098382507351,date:2017-04-02 09:59:42,qt:list,msg:query info : null
req_id:1491098382522976,date:2017-04-02 09:59:42,qt:navigate,msg:redis connect success
req_id:1491098382522976,date:2017-04-02 09:59:42,qt:navigate,msg:query info : null
req_id:1491098384647976,date:2017-04-02 09:59:44,qt:list,msg:db_conf_key db1 Connect success !
req_id:1491098384647976,date:2017-04-02 09:59:44,qt:list,msg:SELECT `id`, `content`, `weight`, `parent_id` FROM `eval_index`
req_id:1491098384647976,date:2017-04-02 09:59:44,qt:list,msg:query info : null
req_id:1491098384663601,date:2017-04-02 09:59:44,qt:navigate,msg:redis connect success
req_id:1491098384663601,date:2017-04-02 09:59:44,qt:navigate,msg:query info : null
req_id:1491098385241726,date:2017-04-02 09:59:45,qt:list,msg:db_conf_key db1 Connect success !
req_id:1491098385241726,date:2017-04-02 09:59:45,qt:list,msg:SELECT `id`, `content`, `weight`, `parent_id` FROM `eval_index`
req_id:1491098385241726,date:2017-04-02 09:59:45,qt:list,msg:query info : null
req_id:1491098385272976,date:2017-04-02 09:59:45,qt:navigate,msg:redis connect success
req_id:1491098385272976,date:2017-04-02 09:59:45,qt:navigate,msg:query info : null
req_id:149109861685476,date:2017-04-02 10:03:36,qt:list,msg:db_conf_key db1 Connect success !
req_id:149109861685476,date:2017-04-02 10:03:36,qt:list,msg:SELECT `id`, `content`, `weight`, `parent_id` FROM `eval_index`
req_id:149109861685476,date:2017-04-02 10:03:36,qt:list,msg:query info : null
req_id:1491098619835476,date:2017-04-02 10:03:39,qt:list,msg:db_conf_key db1 Connect success !
req_id:1491098619835476,date:2017-04-02 10:03:39,qt:list,msg:SELECT `id`, `content`, `weight`, `parent_id` FROM `eval_index`
req_id:1491098619835476,date:2017-04-02 10:03:39,qt:list,msg:query info : null
req_id:1491098619882351,date:2017-04-02 10:03:39,qt:navigate,msg:redis connect success
req_id:1491098619882351,date:2017-04-02 10:03:39,qt:navigate,msg:query info : null
req_id:1491098755913601,date:2017-04-02 10:05:55,qt:list,msg:db_conf_key db1 Connect success !
req_id:1491098755913601,date:2017-04-02 10:05:55,qt:list,msg:SELECT `id`, `content`, `weight`, `parent_id` FROM `eval_index`
req_id:1491098755913601,date:2017-04-02 10:05:55,qt:list,msg:query info : null
req_id:1491098760835476,date:2017-04-02 10:06:00,qt:list,msg:db_conf_key db1 Connect success !
req_id:1491098760835476,date:2017-04-02 10:06:00,qt:list,msg:SELECT `id`, `content`, `weight`, `parent_id` FROM `eval_index`
req_id:1491098760835476,date:2017-04-02 10:06:00,qt:list,msg:query info : null
req_id:1491098760882351,date:2017-04-02 10:06:00,qt:navigate,msg:redis connect success
req_id:1491098760882351,date:2017-04-02 10:06:00,qt:navigate,msg:query info : null
req_id:149109878522976,date:2017-04-02 10:06:25,qt:list,msg:db_conf_key db1 Connect success !
req_id:149109878522976,date:2017-04-02 10:06:25,qt:list,msg:SELECT `id`, `content`, `weight`, `parent_id` FROM `eval_index`
req_id:149109878522976,date:2017-04-02 10:06:25,qt:list,msg:query info : null
req_id:1491098787710476,date:2017-04-02 10:06:27,qt:list,msg:db_conf_key db1 Connect success !
req_id:1491098787710476,date:2017-04-02 10:06:27,qt:list,msg:SELECT `id`, `content`, `weight`, `parent_id` FROM `eval_index`
req_id:1491098787710476,date:2017-04-02 10:06:27,qt:list,msg:query info : null
req_id:1491098787757351,date:2017-04-02 10:06:27,qt:navigate,msg:redis connect success
req_id:1491098787757351,date:2017-04-02 10:06:27,qt:navigate,msg:query info : null
req_id:1491098895241726,date:2017-04-02 10:08:15,qt:list,msg:db_conf_key db1 Connect success !
req_id:1491098895241726,date:2017-04-02 10:08:15,qt:list,msg:SELECT `id`, `content`, `weight`, `parent_id` FROM `eval_index`
req_id:1491098895241726,date:2017-04-02 10:08:15,qt:list,msg:query info : null
req_id:1491098911663601,date:2017-04-02 10:08:31,qt:list,msg:db_conf_key db1 Connect success !
req_id:1491098911663601,date:2017-04-02 10:08:31,qt:list,msg:SELECT `id`, `content`, `weight`, `parent_id` FROM `eval_index`
req_id:1491098911663601,date:2017-04-02 10:08:31,qt:list,msg:query info : null
req_id:1491098915351101,date:2017-04-02 10:08:35,qt:list,msg:db_conf_key db1 Connect success !
req_id:1491098915351101,date:2017-04-02 10:08:35,qt:list,msg:SELECT `id`, `content`, `weight`, `parent_id` FROM `eval_index`
req_id:1491098915351101,date:2017-04-02 10:08:35,qt:list,msg:query info : null
req_id:1491098915366726,date:2017-04-02 10:08:35,qt:navigate,msg:redis connect success
req_id:1491098915366726,date:2017-04-02 10:08:35,qt:navigate,msg:query info : null
req_id:1491098933288601,date:2017-04-02 10:08:53,qt:list,msg:db_conf_key db1 Connect success !
req_id:1491098933288601,date:2017-04-02 10:08:53,qt:list,msg:SELECT `id`, `content`, `weight`, `parent_id` FROM `eval_index`
req_id:1491098933288601,date:2017-04-02 10:08:53,qt:list,msg:query info : null
req_id:1491098936210476,date:2017-04-02 10:08:56,qt:list,msg:db_conf_key db1 Connect success !
req_id:1491098936210476,date:2017-04-02 10:08:56,qt:list,msg:SELECT `id`, `content`, `weight`, `parent_id` FROM `eval_index`
req_id:1491098936210476,date:2017-04-02 10:08:56,qt:list,msg:query info : null
req_id:1491098936226101,date:2017-04-02 10:08:56,qt:navigate,msg:redis connect success
req_id:1491098936226101,date:2017-04-02 10:08:56,qt:navigate,msg:query info : null
req_id:1491099267710476,date:2017-04-02 10:14:27,qt:list,msg:db_conf_key db1 Connect success !
req_id:1491099267710476,date:2017-04-02 10:14:27,qt:list,msg:SELECT `id`, `content`, `weight`, `parent_id` FROM `eval_index`
req_id:1491099267710476,date:2017-04-02 10:14:27,qt:list,msg:query info : null
req_id:1491099308866726,date:2017-04-02 10:15:08,qt:list,msg:db_conf_key db1 Connect success !
req_id:1491099308866726,date:2017-04-02 10:15:08,qt:list,msg:SELECT `id`, `content`, `weight`, `parent_id` FROM `eval_index`
req_id:1491099308866726,date:2017-04-02 10:15:08,qt:list,msg:query info : null
req_id:1491099354132351,date:2017-04-02 10:15:54,qt:list,msg:db_conf_key db1 Connect success !
req_id:1491099354132351,date:2017-04-02 10:15:54,qt:list,msg:SELECT `id`, `content`, `weight`, `parent_id` FROM `eval_index`
req_id:1491099354132351,date:2017-04-02 10:15:54,qt:list,msg:query info : null
req_id:1491099450741726,date:2017-04-02 10:17:30,qt:list,msg:db_conf_key db1 Connect success !
req_id:1491099450741726,date:2017-04-02 10:17:30,qt:list,msg:SELECT `id`, `content`, `weight`, `parent_id` FROM `eval_index`
req_id:1491099450741726,date:2017-04-02 10:17:30,qt:list,msg:query info : null
req_id:1491099457132351,date:2017-04-02 10:17:37,qt:list,msg:db_conf_key db1 Connect success !
req_id:1491099457132351,date:2017-04-02 10:17:37,qt:list,msg:SELECT `id`, `content`, `weight`, `parent_id` FROM `eval_index`
req_id:1491099457132351,date:2017-04-02 10:17:37,qt:list,msg:query info : null
req_id:1491099461710476,date:2017-04-02 10:17:41,qt:list,msg:db_conf_key db1 Connect success !
req_id:1491099461710476,date:2017-04-02 10:17:41,qt:list,msg:SELECT `id`, `content`, `weight`, `parent_id` FROM `eval_index`
req_id:1491099461710476,date:2017-04-02 10:17:41,qt:list,msg:query info : null
req_id:1491099461741726,date:2017-04-02 10:17:41,qt:navigate,msg:redis connect success
req_id:1491099461741726,date:2017-04-02 10:17:41,qt:navigate,msg:query info : null
req_id:149109948838601,date:2017-04-02 10:18:08,qt:list,msg:db_conf_key db1 Connect success !
req_id:149109948838601,date:2017-04-02 10:18:08,qt:list,msg:SELECT `id`, `content`, `weight`, `parent_id` FROM `eval_index`
req_id:149109948838601,date:2017-04-02 10:18:08,qt:list,msg:query info : null
req_id:149109949269851,date:2017-04-02 10:18:12,qt:list,msg:db_conf_key db1 Connect success !
req_id:149109949269851,date:2017-04-02 10:18:12,qt:list,msg:SELECT `id`, `content`, `weight`, `parent_id` FROM `eval_index`
req_id:149109949269851,date:2017-04-02 10:18:12,qt:list,msg:query info : null
req_id:1491099492101101,date:2017-04-02 10:18:12,qt:navigate,msg:redis connect success
req_id:1491099492101101,date:2017-04-02 10:18:12,qt:navigate,msg:query info : null
req_id:1491099573913601,date:2017-04-02 10:19:33,qt:list,msg:db_conf_key db1 Connect success !
req_id:1491099573913601,date:2017-04-02 10:19:33,qt:list,msg:SELECT `id`, `content`, `weight`, `parent_id` FROM `eval_index`
req_id:1491099573913601,date:2017-04-02 10:19:33,qt:list,msg:query info : null
req_id:1491099596757351,date:2017-04-02 10:19:56,qt:list,msg:db_conf_key db1 Connect success !
req_id:1491099596757351,date:2017-04-02 10:19:56,qt:list,msg:SELECT `id`, `content`, `weight`, `parent_id` FROM `eval_index`
req_id:1491099596757351,date:2017-04-02 10:19:56,qt:list,msg:query info : null
req_id:1491099716772976,date:2017-04-02 10:21:56,qt:list,msg:db_conf_key db1 Connect success !
req_id:1491099716772976,date:2017-04-02 10:21:56,qt:list,msg:SELECT `id`, `content`, `weight`, `parent_id` FROM `eval_index`
req_id:1491099716772976,date:2017-04-02 10:21:56,qt:list,msg:query info : null
req_id:1491099803194851,date:2017-04-02 10:23:23,qt:navigate,msg:redis connect success
req_id:1491099803194851,date:2017-04-02 10:23:23,qt:navigate,msg:query info : null
req_id:1491099807460476,date:2017-04-02 10:23:27,qt:navigate,msg:redis connect success
req_id:1491099807460476,date:2017-04-02 10:23:27,qt:navigate,msg:db_conf_key db1 Connect success !
req_id:1491099807460476,date:2017-04-02 10:23:27,qt:navigate,msg:SELECT `id`, `name` FROM `eval_department` WHERE parent_id = '6' 
req_id:1491099807460476,date:2017-04-02 10:23:27,qt:navigate,msg:db_conf_key db1 Connect success !
req_id:1491099807460476,date:2017-04-02 10:23:27,qt:navigate,msg:SELECT `id`, `name` FROM `eval_school`
req_id:1491099807460476,date:2017-04-02 10:23:27,qt:navigate,msg:db_conf_key db1 Connect success !
req_id:1491099807460476,date:2017-04-02 10:23:27,qt:navigate,msg:SELECT distinct `edu_depart_id`, `school_id`, `grade`, `class` FROM `eval_evaluation` WHERE edu_depart_id = '6' 
req_id:1491099807460476,date:2017-04-02 10:23:27,qt:navigate,msg:query info : null
req_id:1491099827741726,date:2017-04-02 10:23:47,qt:list,msg:db_conf_key db1 Connect success !
req_id:1491099827741726,date:2017-04-02 10:23:47,qt:list,msg:SELECT `id`, `content`, `weight`, `parent_id` FROM `eval_index`
req_id:1491099827741726,date:2017-04-02 10:23:47,qt:list,msg:query info : null
req_id:149109986338601,date:2017-04-02 10:24:23,qt:list,msg:db_conf_key db1 Connect success !
req_id:149109986338601,date:2017-04-02 10:24:23,qt:list,msg:SELECT `id`, `content`, `weight`, `parent_id` FROM `eval_index`
req_id:149109986338601,date:2017-04-02 10:24:23,qt:list,msg:query info : null
req_id:1491099924976101,date:2017-04-02 10:25:24,qt:list,msg:db_conf_key db1 Connect success !
req_id:1491099924976101,date:2017-04-02 10:25:24,qt:list,msg:SELECT `id`, `content`, `weight`, `parent_id` FROM `eval_index`
req_id:1491099924976101,date:2017-04-02 10:25:24,qt:list,msg:query info : null
req_id:1491099996304226,date:2017-04-02 10:26:36,qt:list,msg:db_conf_key db1 Connect success !
req_id:1491099996304226,date:2017-04-02 10:26:36,qt:list,msg:SELECT `id`, `content`, `weight`, `parent_id` FROM `eval_index`
req_id:1491099996304226,date:2017-04-02 10:26:36,qt:list,msg:query info : null
req_id:1491100007819851,date:2017-04-02 10:26:47,qt:list,msg:db_conf_key db1 Connect success !
req_id:1491100007819851,date:2017-04-02 10:26:47,qt:list,msg:SELECT `id`, `content`, `weight`, `parent_id` FROM `eval_index`
req_id:1491100007819851,date:2017-04-02 10:26:47,qt:list,msg:query info : null
req_id:1491100010460476,date:2017-04-02 10:26:50,qt:list,msg:db_conf_key db1 Connect success !
req_id:1491100010460476,date:2017-04-02 10:26:50,qt:list,msg:SELECT `id`, `content`, `weight`, `parent_id` FROM `eval_index`
req_id:1491100010460476,date:2017-04-02 10:26:50,qt:list,msg:query info : null
req_id:1491100010491726,date:2017-04-02 10:26:50,qt:navigate,msg:redis connect success
req_id:1491100010491726,date:2017-04-02 10:26:50,qt:navigate,msg:query info : null
req_id:1491100037194851,date:2017-04-02 10:27:17,qt:list,msg:db_conf_key db1 Connect success !
req_id:1491100037194851,date:2017-04-02 10:27:17,qt:list,msg:SELECT `id`, `content`, `weight`, `parent_id` FROM `eval_index`
req_id:1491100037194851,date:2017-04-02 10:27:17,qt:list,msg:query info : null
req_id:1491100037210476,date:2017-04-02 10:27:17,qt:navigate,msg:redis connect success
req_id:1491100037210476,date:2017-04-02 10:27:17,qt:navigate,msg:query info : null
req_id:1491100069882351,date:2017-04-02 10:27:49,qt:list,msg:db_conf_key db1 Connect success !
req_id:1491100069882351,date:2017-04-02 10:27:49,qt:list,msg:SELECT `id`, `content`, `weight`, `parent_id` FROM `eval_index`
req_id:1491100069882351,date:2017-04-02 10:27:49,qt:list,msg:query info : null
req_id:1491100146491726,date:2017-04-02 10:29:06,qt:list,msg:db_conf_key db1 Connect success !
req_id:1491100146491726,date:2017-04-02 10:29:06,qt:list,msg:SELECT `id`, `content`, `weight`, `parent_id` FROM `eval_index`
req_id:1491100146491726,date:2017-04-02 10:29:06,qt:list,msg:query info : null
req_id:1491100149116726,date:2017-04-02 10:29:09,qt:list,msg:db_conf_key db1 Connect success !
req_id:1491100149116726,date:2017-04-02 10:29:09,qt:list,msg:SELECT `id`, `content`, `weight`, `parent_id` FROM `eval_index`
req_id:1491100149116726,date:2017-04-02 10:29:09,qt:list,msg:query info : null
req_id:1491100149132351,date:2017-04-02 10:29:09,qt:navigate,msg:redis connect success
req_id:1491100149132351,date:2017-04-02 10:29:09,qt:navigate,msg:query info : null
req_id:1491100318616726,date:2017-04-02 10:31:58,qt:list,msg:db_conf_key db1 Connect success !
req_id:1491100318616726,date:2017-04-02 10:31:58,qt:list,msg:SELECT `id`, `content`, `weight`, `parent_id` FROM `eval_index`
req_id:1491100318616726,date:2017-04-02 10:31:58,qt:list,msg:query info : null
req_id:1491100330319851,date:2017-04-02 10:32:10,qt:list,msg:db_conf_key db1 Connect success !
req_id:1491100330319851,date:2017-04-02 10:32:10,qt:list,msg:SELECT `id`, `content`, `weight`, `parent_id` FROM `eval_index`
req_id:1491100330319851,date:2017-04-02 10:32:10,qt:list,msg:query info : null
req_id:1491100341616726,date:2017-04-02 10:32:21,qt:list,msg:db_conf_key db1 Connect success !
req_id:1491100341616726,date:2017-04-02 10:32:21,qt:list,msg:SELECT `id`, `content`, `weight`, `parent_id` FROM `eval_index`
req_id:1491100341616726,date:2017-04-02 10:32:21,qt:list,msg:query info : null
req_id:1491100346647976,date:2017-04-02 10:32:26,qt:list,msg:db_conf_key db1 Connect success !
req_id:1491100346647976,date:2017-04-02 10:32:26,qt:list,msg:SELECT `id`, `content`, `weight`, `parent_id` FROM `eval_index`
req_id:1491100346647976,date:2017-04-02 10:32:26,qt:list,msg:query info : null
req_id:1491100368335476,date:2017-04-02 10:32:48,qt:list,msg:db_conf_key db1 Connect success !
req_id:1491100368335476,date:2017-04-02 10:32:48,qt:list,msg:SELECT `id`, `content`, `weight`, `parent_id` FROM `eval_index`
req_id:1491100368335476,date:2017-04-02 10:32:48,qt:list,msg:query info : null
req_id:1491104472960476,date:2017-04-02 11:41:12,qt:list,msg:db_conf_key db1 Connect success !
req_id:1491104472960476,date:2017-04-02 11:41:12,qt:list,msg:SELECT `id`, `content`, `weight`, `parent_id` FROM `eval_index`
req_id:1491104472960476,date:2017-04-02 11:41:12,qt:list,msg:query info : null
req_id:1491104477132351,date:2017-04-02 11:41:17,qt:list,msg:db_conf_key db1 Connect success !
req_id:1491104477132351,date:2017-04-02 11:41:17,qt:list,msg:SELECT `id`, `content`, `weight`, `parent_id` FROM `eval_index`
req_id:1491104477132351,date:2017-04-02 11:41:17,qt:list,msg:query info : null
req_id:1491104477179226,date:2017-04-02 11:41:17,qt:navigate,msg:redis connect success
req_id:1491104477179226,date:2017-04-02 11:41:17,qt:navigate,msg:db_conf_key db1 Connect success !
req_id:1491104477179226,date:2017-04-02 11:41:17,qt:navigate,msg:SELECT `id`, `name` FROM `eval_department` WHERE parent_id = '6' 
req_id:1491104477179226,date:2017-04-02 11:41:17,qt:navigate,msg:db_conf_key db1 Connect success !
req_id:1491104477179226,date:2017-04-02 11:41:17,qt:navigate,msg:SELECT `id`, `name` FROM `eval_school`
req_id:1491104477179226,date:2017-04-02 11:41:17,qt:navigate,msg:db_conf_key db1 Connect success !
req_id:1491104477179226,date:2017-04-02 11:41:17,qt:navigate,msg:SELECT distinct `edu_depart_id`, `school_id`, `grade`, `class` FROM `eval_evaluation` WHERE edu_depart_id = '6' 
req_id:1491104477179226,date:2017-04-02 11:41:17,qt:navigate,msg:query info : null
req_id:1491104480804226,date:2017-04-02 11:41:20,qt:list,msg:db_conf_key db1 Connect success !
req_id:1491104480804226,date:2017-04-02 11:41:20,qt:list,msg:SELECT `id`, `content`, `weight`, `parent_id` FROM `eval_index`
req_id:1491104480804226,date:2017-04-02 11:41:20,qt:list,msg:query info : null
req_id:1491104480835476,date:2017-04-02 11:41:20,qt:navigate,msg:redis connect success
req_id:1491104480835476,date:2017-04-02 11:41:20,qt:navigate,msg:query info : null
req_id:149110449054226,date:2017-04-02 11:41:30,qt:list,msg:db_conf_key db1 Connect success !
req_id:149110449054226,date:2017-04-02 11:41:30,qt:list,msg:SELECT `id`, `content`, `weight`, `parent_id` FROM `eval_index`
req_id:149110449054226,date:2017-04-02 11:41:30,qt:list,msg:query info : null
req_id:149110449069851,date:2017-04-02 11:41:30,qt:navigate,msg:redis connect success
req_id:149110449069851,date:2017-04-02 11:41:30,qt:navigate,msg:query info : null
req_id:1491111457147976,date:2017-04-02 13:37:37,qt:list,msg:db_conf_key db1 Connect success !
req_id:1491111457147976,date:2017-04-02 13:37:37,qt:list,msg:SELECT `id`, `content`, `weight`, `parent_id` FROM `eval_index`
req_id:1491111457147976,date:2017-04-02 13:37:37,qt:list,msg:query info : null
req_id:1491111459679226,date:2017-04-02 13:37:39,qt:list,msg:db_conf_key db1 Connect success !
req_id:1491111459679226,date:2017-04-02 13:37:39,qt:list,msg:SELECT `id`, `content`, `weight`, `parent_id` FROM `eval_index`
req_id:1491111459679226,date:2017-04-02 13:37:39,qt:list,msg:query info : null
req_id:1491111459710476,date:2017-04-02 13:37:39,qt:navigate,msg:redis connect success
req_id:1491111459710476,date:2017-04-02 13:37:39,qt:navigate,msg:db_conf_key db1 Connect success !
req_id:1491111459710476,date:2017-04-02 13:37:39,qt:navigate,msg:SELECT `id`, `name` FROM `eval_department` WHERE parent_id = '6' 
req_id:1491111459710476,date:2017-04-02 13:37:39,qt:navigate,msg:db_conf_key db1 Connect success !
req_id:1491111459710476,date:2017-04-02 13:37:39,qt:navigate,msg:SELECT `id`, `name` FROM `eval_school`
req_id:1491111459710476,date:2017-04-02 13:37:39,qt:navigate,msg:db_conf_key db1 Connect success !
req_id:1491111459710476,date:2017-04-02 13:37:39,qt:navigate,msg:SELECT distinct `edu_depart_id`, `school_id`, `grade`, `class` FROM `eval_evaluation` WHERE edu_depart_id = '6' 
req_id:1491111459710476,date:2017-04-02 13:37:39,qt:navigate,msg:query info : null
req_id:1491111463460476,date:2017-04-02 13:37:43,qt:list,msg:db_conf_key db1 Connect success !
req_id:1491111463460476,date:2017-04-02 13:37:43,qt:list,msg:SELECT `id`, `content`, `weight`, `parent_id` FROM `eval_index`
req_id:1491111463460476,date:2017-04-02 13:37:43,qt:list,msg:query info : null
req_id:1491111463491726,date:2017-04-02 13:37:43,qt:navigate,msg:redis connect success
req_id:1491111463491726,date:2017-04-02 13:37:43,qt:navigate,msg:query info : null
req_id:1491111583101101,date:2017-04-02 13:39:43,qt:list,msg:db_conf_key db1 Connect success !
req_id:1491111583101101,date:2017-04-02 13:39:43,qt:list,msg:SELECT `id`, `content`, `weight`, `parent_id` FROM `eval_index`
req_id:1491111583101101,date:2017-04-02 13:39:43,qt:list,msg:query info : null
req_id:1491111583132351,date:2017-04-02 13:39:43,qt:navigate,msg:redis connect success
req_id:1491111583132351,date:2017-04-02 13:39:43,qt:navigate,msg:query info : null
req_id:1491111590710476,date:2017-04-02 13:39:50,qt:list,msg:db_conf_key db1 Connect success !
req_id:1491111590710476,date:2017-04-02 13:39:50,qt:list,msg:SELECT `id`, `content`, `weight`, `parent_id` FROM `eval_index`
req_id:1491111590710476,date:2017-04-02 13:39:50,qt:list,msg:query info : null
req_id:1491113048788601,date:2017-04-02 14:04:08,qt:evaluation,msg:redis connect success
req_id:1491113048788601,date:2017-04-02 14:04:08,qt:evaluation,msg:db_conf_key db1 Connect success !
req_id:1491113048788601,date:2017-04-02 14:04:08,qt:evaluation,msg:SELECT `score`, `gender`, `test_times`, `edu_depart_id`, `school_id`, `grade`, `class`, `sno` FROM `eval_evaluation` WHERE edu_depart_id = '7'  AND test_times = '1' 
req_id:1491113048788601,date:2017-04-02 14:04:08,qt:evaluation,msg:db_conf_key db1 Connect success !
req_id:1491113048788601,date:2017-04-02 14:04:08,qt:evaluation,msg:SELECT `id`, `content`, `weight`, `parent_id` FROM `eval_index`
req_id:1491113048788601,date:2017-04-02 14:04:08,qt:evaluation,msg:query info : null
req_id:1491113171257351,date:2017-04-02 14:06:11,qt:evaluation,msg:redis connect success
req_id:1491113171257351,date:2017-04-02 14:06:11,qt:evaluation,msg:query info : null
req_id:1491113363351101,date:2017-04-02 14:09:23,qt:evaluation,msg:redis connect success
req_id:1491113363351101,date:2017-04-02 14:09:23,qt:evaluation,msg:db_conf_key db1 Connect success !
req_id:1491113363351101,date:2017-04-02 14:09:23,qt:evaluation,msg:SELECT `score`, `gender`, `test_times`, `edu_depart_id`, `school_id`, `grade`, `class`, `sno` FROM `eval_evaluation` WHERE edu_depart_id = '7'  AND test_times = '1' 
req_id:1491113363351101,date:2017-04-02 14:09:23,qt:evaluation,msg:db_conf_key db1 Connect success !
req_id:1491113363351101,date:2017-04-02 14:09:23,qt:evaluation,msg:SELECT `id`, `content`, `weight`, `parent_id` FROM `eval_index`
req_id:1491113363351101,date:2017-04-02 14:09:23,qt:evaluation,msg:query info : null
req_id:1491113369366726,date:2017-04-02 14:09:29,qt:evaluation,msg:redis connect success
req_id:1491113369366726,date:2017-04-02 14:09:29,qt:evaluation,msg:db_conf_key db1 Connect success !
req_id:1491113369366726,date:2017-04-02 14:09:29,qt:evaluation,msg:SELECT `score`, `gender`, `test_times`, `edu_depart_id`, `school_id`, `grade`, `class`, `sno` FROM `eval_evaluation` WHERE edu_depart_id = '7'  AND test_times = '1' 
req_id:1491113369366726,date:2017-04-02 14:09:29,qt:evaluation,msg:db_conf_key db1 Connect success !
req_id:1491113369366726,date:2017-04-02 14:09:29,qt:evaluation,msg:SELECT `id`, `content`, `weight`, `parent_id` FROM `eval_index`
req_id:1491113369366726,date:2017-04-02 14:09:29,qt:evaluation,msg:query info : null
req_id:1491113389413601,date:2017-04-02 14:09:49,qt:evaluation,msg:redis connect success
req_id:1491113389413601,date:2017-04-02 14:09:49,qt:evaluation,msg:query info : null
req_id:1491113445647976,date:2017-04-02 14:10:45,qt:evaluation,msg:redis connect success
req_id:1491113445647976,date:2017-04-02 14:10:45,qt:evaluation,msg:db_conf_key db1 Connect success !
req_id:1491113445647976,date:2017-04-02 14:10:45,qt:evaluation,msg:SELECT `score`, `gender`, `test_times`, `edu_depart_id`, `school_id`, `grade`, `class`, `sno` FROM `eval_evaluation` WHERE edu_depart_id = '7'  AND test_times = '1' 
req_id:1491113445647976,date:2017-04-02 14:10:45,qt:evaluation,msg:db_conf_key db1 Connect success !
req_id:1491113445647976,date:2017-04-02 14:10:45,qt:evaluation,msg:SELECT `id`, `content`, `weight`, `parent_id` FROM `eval_index`
req_id:1491113445647976,date:2017-04-02 14:10:45,qt:evaluation,msg:query info : null
req_id:1491113551726101,date:2017-04-02 14:12:31,qt:list,msg:db_conf_key db1 Connect success !
req_id:1491113551726101,date:2017-04-02 14:12:31,qt:list,msg:SELECT `id`, `content`, `weight`, `parent_id` FROM `eval_index`
req_id:1491113551726101,date:2017-04-02 14:12:31,qt:list,msg:query info : null
req_id:1491113551772976,date:2017-04-02 14:12:31,qt:navigate,msg:redis connect success
req_id:1491113551772976,date:2017-04-02 14:12:31,qt:navigate,msg:db_conf_key db1 Connect success !
req_id:1491113551772976,date:2017-04-02 14:12:31,qt:navigate,msg:SELECT `id`, `edu_depart_id` FROM `eval_school` WHERE id in  (12) 
req_id:1491113551772976,date:2017-04-02 14:12:31,qt:navigate,msg:db_conf_key db1 Connect success !
req_id:1491113551772976,date:2017-04-02 14:12:31,qt:navigate,msg:SELECT distinct `edu_depart_id`, `school_id`, `grade`, `class` FROM `eval_evaluation` WHERE edu_depart_id = '6'  AND school_id = '12' 
req_id:1491113551772976,date:2017-04-02 14:12:31,qt:navigate,msg:query info : null
req_id:1491113554476101,date:2017-04-02 14:12:34,qt:list,msg:db_conf_key db1 Connect success !
req_id:1491113554476101,date:2017-04-02 14:12:34,qt:list,msg:SELECT `id`, `content`, `weight`, `parent_id` FROM `eval_index`
req_id:1491113554476101,date:2017-04-02 14:12:34,qt:list,msg:query info : null
req_id:1491113554522976,date:2017-04-02 14:12:34,qt:navigate,msg:redis connect success
req_id:1491113554522976,date:2017-04-02 14:12:34,qt:navigate,msg:query info : null
