req_id:1492651110946625,date:2017-04-20 09:18:30,qt:questionnaire,msg:redis connect success
req_id:1492651110946625,date:2017-04-20 09:18:30,qt:questionnaire,msg:db_conf_key db1 Connect success !
req_id:1492651110946625,date:2017-04-20 09:18:30,qt:questionnaire,msg:SELECT `id`, `title` FROM `que_title` WHERE id = '1' 
req_id:1492651110946625,date:2017-04-20 09:18:30,qt:questionnaire,msg:SELECT `questionnaire_id`, `question_id` FROM `que_title_question` WHERE questionnaire_id = '1' 
req_id:1492651110946625,date:2017-04-20 09:18:30,qt:questionnaire,msg:db_conf_key db1 Connect success !
req_id:1492651110946625,date:2017-04-20 09:18:30,qt:questionnaire,msg:SELECT `id`, `content`, `type` FROM `que_question` WHERE id in (3,4,5,6,7,8,9,10,11,12,13,14,15,16,17,18,19,20,21,22,23,24,25,26,27,28,29,30,31,32,33,34,35,36,37,38,39,40,41,42,43,44,45,46,47,48,49,50,51,52,53,54,55,56,57,58,59,60,61,62,63,64,65,66,67,68,69,70,71,75) 
req_id:1492651110946625,date:2017-04-20 09:18:31,qt:questionnaire,msg:db_conf_key db1 Connect success !
req_id:1492651110946625,date:2017-04-20 09:18:31,qt:questionnaire,msg:SELECT `id`, `content`, `question_id`, `order` FROM `que_option` WHERE question_id in (3,4,5,6,7,8,9,10,11,12,13,14,15,16,17,18,19,20,21,22,23,24,25,26,27,28,29,30,31,32,33,34,35,36,37,38,39,40,41,42,43,44,45,46,47,48,49,50,51,52,53,54,55,56,57,58,59,60,61,62,63,64,65,66,67,68,69,70,71,75) 
req_id:1492651110946625,date:2017-04-20 09:18:31,qt:questionnaire,msg:query info : null
req_id:1492651114946625,date:2017-04-20 09:18:34,qt:questionnaire,msg:redis connect success
req_id:1492651114946625,date:2017-04-20 09:18:34,qt:questionnaire,msg:db_conf_key db1 Connect success !
req_id:1492651114946625,date:2017-04-20 09:18:34,qt:questionnaire,msg:SELECT `id`, `title` FROM `que_title` WHERE id = '1' 
req_id:1492651114946625,date:2017-04-20 09:18:34,qt:questionnaire,msg:SELECT `questionnaire_id`, `question_id` FROM `que_title_question` WHERE questionnaire_id = '1' 
req_id:1492651114946625,date:2017-04-20 09:18:34,qt:questionnaire,msg:db_conf_key db1 Connect success !
req_id:1492651114946625,date:2017-04-20 09:18:34,qt:questionnaire,msg:SELECT `id`, `content`, `type` FROM `que_question` WHERE id in (3,4,5,6,7,8,9,10,11,12,13,14,15,16,17,18,19,20,21,22,23,24,25,26,27,28,29,30,31,32,33,34,35,36,37,38,39,40,41,42,43,44,45,46,47,48,49,50,51,52,53,54,55,56,57,58,59,60,61,62,63,64,65,66,67,68,69,70,71,75) 
req_id:1492651114946625,date:2017-04-20 09:18:34,qt:questionnaire,msg:db_conf_key db1 Connect success !
req_id:1492651114946625,date:2017-04-20 09:18:34,qt:questionnaire,msg:SELECT `id`, `content`, `question_id`, `order` FROM `que_option` WHERE question_id in (3,4,5,6,7,8,9,10,11,12,13,14,15,16,17,18,19,20,21,22,23,24,25,26,27,28,29,30,31,32,33,34,35,36,37,38,39,40,41,42,43,44,45,46,47,48,49,50,51,52,53,54,55,56,57,58,59,60,61,62,63,64,65,66,67,68,69,70,71,75) 
req_id:1492651114946625,date:2017-04-20 09:18:34,qt:questionnaire,msg:query info : null
req_id:1492651126837250,date:2017-04-20 09:18:46,qt:status,msg:db_conf_key db1 Connect success !
req_id:1492651126837250,date:2017-04-20 09:18:46,qt:status,msg:SELECT count(*) num FROM que_question
req_id:1492651126837250,date:2017-04-20 09:18:46,qt:status,msg:db_conf_key db1 Connect success !
req_id:1492651126837250,date:2017-04-20 09:18:46,qt:status,msg:SELECT max(test_times) max_times FROM que_test_times WHERE questionnaire_id = 1
req_id:1492651126837250,date:2017-04-20 09:18:46,qt:status,msg:db_conf_key db1 Connect success !
req_id:1492651126837250,date:2017-04-20 09:18:46,qt:status,msg:SELECT count(*) num FROM que_title_question WHERE questionnaire_id = 1
req_id:1492651126837250,date:2017-04-20 09:18:46,qt:status,msg:query info : null
req_id:1492651128368500,date:2017-04-20 09:18:48,qt:questionnaire,msg:redis connect success
req_id:1492651128368500,date:2017-04-20 09:18:48,qt:questionnaire,msg:db_conf_key db1 Connect success !
req_id:1492651128368500,date:2017-04-20 09:18:48,qt:questionnaire,msg:SELECT `id`, `title` FROM `que_title` WHERE id = '1' 
req_id:1492651128368500,date:2017-04-20 09:18:48,qt:questionnaire,msg:SELECT `questionnaire_id`, `question_id` FROM `que_title_question` WHERE questionnaire_id = '1' 
req_id:1492651128368500,date:2017-04-20 09:18:48,qt:questionnaire,msg:db_conf_key db1 Connect success !
req_id:1492651128368500,date:2017-04-20 09:18:48,qt:questionnaire,msg:SELECT `id`, `content`, `type` FROM `que_question` WHERE id in (3,4,5,6,7,8,9,10,11,12,13,14,15,16,17,18,19,20,21,22,23,24,25,26,27,28,29,30,31,32,33,34,35,36,37,38,39,40,41,42,43,44,45,46,47,48,49,50,51,52,53,54,55,56,57,58,59,60,61,62,63,64,65,66,67,68,69,70,71,75) 
req_id:1492651128368500,date:2017-04-20 09:18:48,qt:questionnaire,msg:db_conf_key db1 Connect success !
req_id:1492651128368500,date:2017-04-20 09:18:48,qt:questionnaire,msg:SELECT `id`, `content`, `question_id`, `order` FROM `que_option` WHERE question_id in (3,4,5,6,7,8,9,10,11,12,13,14,15,16,17,18,19,20,21,22,23,24,25,26,27,28,29,30,31,32,33,34,35,36,37,38,39,40,41,42,43,44,45,46,47,48,49,50,51,52,53,54,55,56,57,58,59,60,61,62,63,64,65,66,67,68,69,70,71,75) 
req_id:1492651128368500,date:2017-04-20 09:18:48,qt:questionnaire,msg:query info : null
req_id:1492651128462250,date:2017-04-20 09:18:48,qt:list,msg:db_conf_key db1 Connect success !
req_id:1492651128462250,date:2017-04-20 09:18:48,qt:list,msg:SELECT `id`, `content`, `type` FROM que_question WHERE `id` NOT IN ( SELECT `question_id` FROM que_title_question WHERE `questionnaire_id` =1) LIMIT 0, 15
req_id:1492651128462250,date:2017-04-20 09:18:48,qt:list,msg:query info : null
req_id:1492651131399750,date:2017-04-20 09:18:51,qt:status,msg:db_conf_key db1 Connect success !
req_id:1492651131399750,date:2017-04-20 09:18:51,qt:status,msg:SELECT count(*) num FROM que_question
req_id:1492651131399750,date:2017-04-20 09:18:51,qt:status,msg:db_conf_key db1 Connect success !
req_id:1492651131399750,date:2017-04-20 09:18:51,qt:status,msg:SELECT max(test_times) max_times FROM que_test_times WHERE questionnaire_id = 1
req_id:1492651131399750,date:2017-04-20 09:18:51,qt:status,msg:db_conf_key db1 Connect success !
req_id:1492651131399750,date:2017-04-20 09:18:51,qt:status,msg:SELECT count(*) num FROM que_title_question WHERE questionnaire_id = 1
req_id:1492651131399750,date:2017-04-20 09:18:51,qt:status,msg:query info : null
req_id:1492651132946625,date:2017-04-20 09:18:52,qt:questionnaire,msg:redis connect success
req_id:1492651132946625,date:2017-04-20 09:18:52,qt:questionnaire,msg:db_conf_key db1 Connect success !
req_id:1492651132946625,date:2017-04-20 09:18:52,qt:questionnaire,msg:SELECT `id`, `title` FROM `que_title` WHERE id = '1' 
req_id:1492651132946625,date:2017-04-20 09:18:52,qt:questionnaire,msg:SELECT `questionnaire_id`, `question_id` FROM `que_title_question` WHERE questionnaire_id = '1' 
req_id:1492651132946625,date:2017-04-20 09:18:52,qt:questionnaire,msg:db_conf_key db1 Connect success !
req_id:1492651132946625,date:2017-04-20 09:18:52,qt:questionnaire,msg:SELECT `id`, `content`, `type` FROM `que_question` WHERE id in (3,4,5,6,7,8,9,10,11,12,13,14,15,16,17,18,19,20,21,22,23,24,25,26,27,28,29,30,31,32,33,34,35,36,37,38,39,40,41,42,43,44,45,46,47,48,49,50,51,52,53,54,55,56,57,58,59,60,61,62,63,64,65,66,67,68,69,70,71,75) 
req_id:1492651132946625,date:2017-04-20 09:18:52,qt:questionnaire,msg:db_conf_key db1 Connect success !
req_id:1492651132946625,date:2017-04-20 09:18:52,qt:questionnaire,msg:SELECT `id`, `content`, `question_id`, `order` FROM `que_option` WHERE question_id in (3,4,5,6,7,8,9,10,11,12,13,14,15,16,17,18,19,20,21,22,23,24,25,26,27,28,29,30,31,32,33,34,35,36,37,38,39,40,41,42,43,44,45,46,47,48,49,50,51,52,53,54,55,56,57,58,59,60,61,62,63,64,65,66,67,68,69,70,71,75) 
req_id:1492651132946625,date:2017-04-20 09:18:52,qt:questionnaire,msg:query info : null
req_id:149265113324750,date:2017-04-20 09:18:53,qt:list,msg:db_conf_key db1 Connect success !
req_id:149265113324750,date:2017-04-20 09:18:53,qt:list,msg:SELECT `id`, `content`, `type` FROM que_question WHERE `id` NOT IN ( SELECT `question_id` FROM que_title_question WHERE `questionnaire_id` =1) LIMIT 0, 15
req_id:149265113324750,date:2017-04-20 09:18:53,qt:list,msg:query info : null
req_id:1492651207399750,date:2017-04-20 09:20:07,qt:status,msg:db_conf_key db1 Connect success !
req_id:1492651207399750,date:2017-04-20 09:20:07,qt:status,msg:SELECT count(*) num FROM que_question
req_id:1492651207399750,date:2017-04-20 09:20:07,qt:status,msg:db_conf_key db1 Connect success !
req_id:1492651207399750,date:2017-04-20 09:20:07,qt:status,msg:SELECT max(test_times) max_times FROM que_test_times WHERE questionnaire_id = 1
req_id:1492651207399750,date:2017-04-20 09:20:07,qt:status,msg:db_conf_key db1 Connect success !
req_id:1492651207399750,date:2017-04-20 09:20:07,qt:status,msg:SELECT count(*) num FROM que_title_question WHERE questionnaire_id = 1
req_id:1492651207399750,date:2017-04-20 09:20:07,qt:status,msg:query info : null
req_id:1492651207431000,date:2017-04-20 09:20:07,qt:questionnaire,msg:redis connect success
req_id:1492651207431000,date:2017-04-20 09:20:07,qt:questionnaire,msg:db_conf_key db1 Connect success !
req_id:1492651207431000,date:2017-04-20 09:20:07,qt:questionnaire,msg:SELECT `id`, `title` FROM `que_title` WHERE id = '1' 
req_id:1492651207431000,date:2017-04-20 09:20:07,qt:questionnaire,msg:SELECT `questionnaire_id`, `question_id` FROM `que_title_question` WHERE questionnaire_id = '1' 
req_id:1492651207431000,date:2017-04-20 09:20:07,qt:questionnaire,msg:db_conf_key db1 Connect success !
req_id:1492651207431000,date:2017-04-20 09:20:07,qt:questionnaire,msg:SELECT `id`, `content`, `type` FROM `que_question` WHERE id in (3,4,5,6,7,8,9,10,11,12,13,14,15,16,17,18,19,20,21,22,23,24,25,26,27,28,29,30,31,32,33,34,35,36,37,38,39,40,41,42,43,44,45,46,47,48,49,50,51,52,53,54,55,56,57,58,59,60,61,62,63,64,65,66,67,68,69,70,71,75) 
req_id:1492651207431000,date:2017-04-20 09:20:07,qt:questionnaire,msg:db_conf_key db1 Connect success !
req_id:1492651207431000,date:2017-04-20 09:20:07,qt:questionnaire,msg:SELECT `id`, `content`, `question_id`, `order` FROM `que_option` WHERE question_id in (3,4,5,6,7,8,9,10,11,12,13,14,15,16,17,18,19,20,21,22,23,24,25,26,27,28,29,30,31,32,33,34,35,36,37,38,39,40,41,42,43,44,45,46,47,48,49,50,51,52,53,54,55,56,57,58,59,60,61,62,63,64,65,66,67,68,69,70,71,75) 
req_id:1492651207431000,date:2017-04-20 09:20:07,qt:questionnaire,msg:query info : null
req_id:1492651207509125,date:2017-04-20 09:20:07,qt:list,msg:db_conf_key db1 Connect success !
req_id:1492651207509125,date:2017-04-20 09:20:07,qt:list,msg:SELECT `id`, `content`, `type` FROM que_question WHERE `id` NOT IN ( SELECT `question_id` FROM que_title_question WHERE `questionnaire_id` =1) LIMIT 0, 15
req_id:1492651207509125,date:2017-04-20 09:20:07,qt:list,msg:query info : null
req_id:1492651216415375,date:2017-04-20 09:20:16,qt:status,msg:db_conf_key db1 Connect success !
req_id:1492651216415375,date:2017-04-20 09:20:16,qt:status,msg:SELECT count(*) num FROM que_question
req_id:1492651216415375,date:2017-04-20 09:20:16,qt:status,msg:db_conf_key db1 Connect success !
req_id:1492651216415375,date:2017-04-20 09:20:16,qt:status,msg:SELECT max(test_times) max_times FROM que_test_times WHERE questionnaire_id = 1
req_id:1492651216415375,date:2017-04-20 09:20:16,qt:status,msg:db_conf_key db1 Connect success !
req_id:1492651216415375,date:2017-04-20 09:20:16,qt:status,msg:SELECT count(*) num FROM que_title_question WHERE questionnaire_id = 1
req_id:1492651216415375,date:2017-04-20 09:20:16,qt:status,msg:query info : null
req_id:1492651216446625,date:2017-04-20 09:20:16,qt:questionnaire,msg:redis connect success
req_id:1492651216446625,date:2017-04-20 09:20:16,qt:questionnaire,msg:db_conf_key db1 Connect success !
req_id:1492651216446625,date:2017-04-20 09:20:16,qt:questionnaire,msg:SELECT `id`, `title` FROM `que_title` WHERE id = '1' 
req_id:1492651216446625,date:2017-04-20 09:20:16,qt:questionnaire,msg:SELECT `questionnaire_id`, `question_id` FROM `que_title_question` WHERE questionnaire_id = '1' 
req_id:1492651216446625,date:2017-04-20 09:20:16,qt:questionnaire,msg:db_conf_key db1 Connect success !
req_id:1492651216446625,date:2017-04-20 09:20:16,qt:questionnaire,msg:SELECT `id`, `content`, `type` FROM `que_question` WHERE id in (3,4,5,6,7,8,9,10,11,12,13,14,15,16,17,18,19,20,21,22,23,24,25,26,27,28,29,30,31,32,33,34,35,36,37,38,39,40,41,42,43,44,45,46,47,48,49,50,51,52,53,54,55,56,57,58,59,60,61,62,63,64,65,66,67,68,69,70,71,75) 
req_id:1492651216446625,date:2017-04-20 09:20:16,qt:questionnaire,msg:db_conf_key db1 Connect success !
req_id:1492651216446625,date:2017-04-20 09:20:16,qt:questionnaire,msg:SELECT `id`, `content`, `question_id`, `order` FROM `que_option` WHERE question_id in (3,4,5,6,7,8,9,10,11,12,13,14,15,16,17,18,19,20,21,22,23,24,25,26,27,28,29,30,31,32,33,34,35,36,37,38,39,40,41,42,43,44,45,46,47,48,49,50,51,52,53,54,55,56,57,58,59,60,61,62,63,64,65,66,67,68,69,70,71,75) 
req_id:1492651216446625,date:2017-04-20 09:20:16,qt:questionnaire,msg:query info : null
req_id:1492651216509125,date:2017-04-20 09:20:16,qt:list,msg:db_conf_key db1 Connect success !
req_id:1492651216509125,date:2017-04-20 09:20:16,qt:list,msg:SELECT `id`, `content`, `type` FROM que_question WHERE `id` NOT IN ( SELECT `question_id` FROM que_title_question WHERE `questionnaire_id` =1) LIMIT 0, 15
req_id:1492651216509125,date:2017-04-20 09:20:16,qt:list,msg:query info : null
req_id:1492652398821625,date:2017-04-20 09:39:58,qt:login,msg:query info : null
req_id:149265900956000,date:2017-04-20 11:30:09,qt:status,msg:db_conf_key db1 Connect success !
req_id:149265900956000,date:2017-04-20 11:30:09,qt:status,msg:SELECT count(*) num FROM que_question
req_id:149265900956000,date:2017-04-20 11:30:09,qt:status,msg:db_conf_key db1 Connect success !
req_id:149265900956000,date:2017-04-20 11:30:09,qt:status,msg:SELECT max(test_times) max_times FROM que_test_times WHERE questionnaire_id = 1
req_id:149265900956000,date:2017-04-20 11:30:09,qt:status,msg:db_conf_key db1 Connect success !
req_id:149265900956000,date:2017-04-20 11:30:09,qt:status,msg:SELECT count(*) num FROM que_title_question WHERE questionnaire_id = 1
req_id:149265900956000,date:2017-04-20 11:30:09,qt:status,msg:query info : null
req_id:1492659009102875,date:2017-04-20 11:30:09,qt:questionnaire,msg:redis connect success
req_id:1492659009102875,date:2017-04-20 11:30:09,qt:questionnaire,msg:db_conf_key db1 Connect success !
req_id:1492659009102875,date:2017-04-20 11:30:09,qt:questionnaire,msg:SELECT `id`, `title` FROM `que_title` WHERE id = '1' 
req_id:1492659009102875,date:2017-04-20 11:30:09,qt:questionnaire,msg:SELECT `questionnaire_id`, `question_id` FROM `que_title_question` WHERE questionnaire_id = '1' 
req_id:1492659009102875,date:2017-04-20 11:30:09,qt:questionnaire,msg:db_conf_key db1 Connect success !
req_id:1492659009102875,date:2017-04-20 11:30:09,qt:questionnaire,msg:SELECT `id`, `content`, `type` FROM `que_question` WHERE id in (3,4,5,6,7,8,9,10,11,12,13,14,15,16,17,18,19,20,21,22,23,24,25,26,27,28,29,30,31,32,33,34,35,36,37,38,39,40,41,42,43,44,45,46,47,48,49,50,51,52,53,54,55,56,57,58,59,60,61,62,63,64,65,66,67,68,69,70,71,75) 
req_id:1492659009102875,date:2017-04-20 11:30:09,qt:questionnaire,msg:db_conf_key db1 Connect success !
req_id:1492659009102875,date:2017-04-20 11:30:09,qt:questionnaire,msg:SELECT `id`, `content`, `question_id`, `order` FROM `que_option` WHERE question_id in (3,4,5,6,7,8,9,10,11,12,13,14,15,16,17,18,19,20,21,22,23,24,25,26,27,28,29,30,31,32,33,34,35,36,37,38,39,40,41,42,43,44,45,46,47,48,49,50,51,52,53,54,55,56,57,58,59,60,61,62,63,64,65,66,67,68,69,70,71,75) 
req_id:1492659009102875,date:2017-04-20 11:30:09,qt:questionnaire,msg:query info : null
req_id:1492659009212250,date:2017-04-20 11:30:09,qt:list,msg:db_conf_key db1 Connect success !
req_id:1492659009212250,date:2017-04-20 11:30:09,qt:list,msg:SELECT `id`, `content`, `type` FROM que_question WHERE `id` NOT IN ( SELECT `question_id` FROM que_title_question WHERE `questionnaire_id` =1) LIMIT 0, 15
req_id:1492659009212250,date:2017-04-20 11:30:09,qt:list,msg:query info : null
