req_id:1490659450612820,date:2017-03-28 08:04:10,qt:questionnaire,msg:db_conf_key db1 Connect success !
req_id:1490659450612820,date:2017-03-28 08:04:10,qt:questionnaire,msg:SELECT `id`, `title` FROM `que_title` WHERE id = '1' 
req_id:1490659450612820,date:2017-03-28 08:04:10,qt:questionnaire,msg:SELECT `questionnaire_id`, `question_id` FROM `que_title_question` WHERE questionnaire_id = '1' 
req_id:1490659450612820,date:2017-03-28 08:04:10,qt:questionnaire,msg:db_conf_key db1 Connect success !
req_id:1490659450612820,date:2017-03-28 08:04:10,qt:questionnaire,msg:SELECT `id`, `content`, `type` FROM `que_question` WHERE id in (1,2,3,4,5,6,7,8,9,10,11,12,13,14,15,16,17,18,19,20,21,22,23,24,25,26,27,28,29,30,31,32,33,34,35,36,37,38,39,40,41,42,43,44,45,46,47,48,49,50,51,52,53,54,55,56,57,58,59,60,61,62,63,64) 
req_id:1490659450612820,date:2017-03-28 08:04:10,qt:questionnaire,msg:db_conf_key db1 Connect success !
req_id:1490659450612820,date:2017-03-28 08:04:10,qt:questionnaire,msg:SELECT `id`, `content`, `question_id`, `order` FROM `que_option` WHERE question_id in (1,2,3,4,5,6,7,8,9,10,11,12,13,14,15,16,17,18,19,20,21,22,23,24,25,26,27,28,29,30,31,32,33,34,35,36,37,38,39,40,41,42,43,44,45,46,47,48,49,50,51,52,53,54,55,56,57,58,59,60,61,62,63,64) 
req_id:1490659450612820,date:2017-03-28 08:04:10,qt:questionnaire,msg:query info : null
req_id:1490659450690945,date:2017-03-28 08:04:10,qt:list,msg:db_conf_key db1 Connect success !
req_id:1490659450690945,date:2017-03-28 08:04:10,qt:list,msg:SELECT b.`id`, b.`content`, b.`type` FROM que_title_question a RIGHT JOIN que_question b ON a.`question_id` = b.`id` WhERE a.`questionnaire_id` != 1 OR a.`questionnaire_id` IS NULL LIMIT 0, 15
req_id:1490659450690945,date:2017-03-28 08:04:10,qt:list,msg:query info : null
req_id:1490659462519070,date:2017-03-28 08:04:22,qt:questionnaire,msg:db_conf_key db1 Connect success !
req_id:1490659462519070,date:2017-03-28 08:04:22,qt:questionnaire,msg:SELECT `id`, `title` FROM `que_title` WHERE id = '1' 
req_id:1490659462519070,date:2017-03-28 08:04:22,qt:questionnaire,msg:SELECT `questionnaire_id`, `question_id` FROM `que_title_question` WHERE questionnaire_id = '1' 
req_id:1490659462519070,date:2017-03-28 08:04:22,qt:questionnaire,msg:db_conf_key db1 Connect success !
req_id:1490659462519070,date:2017-03-28 08:04:22,qt:questionnaire,msg:SELECT `id`, `content`, `type` FROM `que_question` WHERE id in (1,2,3,4,5,6,7,8,9,10,11,12,13,14,15,16,17,18,19,20,21,22,23,24,25,26,27,28,29,30,31,32,33,34,35,36,37,38,39,40,41,42,43,44,45,46,47,48,49,50,51,52,53,54,55,56,57,58,59,60,61,62,63,64) 
req_id:1490659462519070,date:2017-03-28 08:04:22,qt:questionnaire,msg:db_conf_key db1 Connect success !
req_id:1490659462519070,date:2017-03-28 08:04:22,qt:questionnaire,msg:SELECT `id`, `content`, `question_id`, `order` FROM `que_option` WHERE question_id in (1,2,3,4,5,6,7,8,9,10,11,12,13,14,15,16,17,18,19,20,21,22,23,24,25,26,27,28,29,30,31,32,33,34,35,36,37,38,39,40,41,42,43,44,45,46,47,48,49,50,51,52,53,54,55,56,57,58,59,60,61,62,63,64) 
req_id:1490659462519070,date:2017-03-28 08:04:22,qt:questionnaire,msg:query info : null
req_id:1490659462550320,date:2017-03-28 08:04:22,qt:list,msg:db_conf_key db1 Connect success !
req_id:1490659462550320,date:2017-03-28 08:04:22,qt:list,msg:SELECT b.`id`, b.`content`, b.`type` FROM que_title_question a RIGHT JOIN que_question b ON a.`question_id` = b.`id` WhERE a.`questionnaire_id` != 1 OR a.`questionnaire_id` IS NULL LIMIT 0, 15
req_id:1490659462550320,date:2017-03-28 08:04:22,qt:list,msg:query info : null
req_id:1490659523487820,date:2017-03-28 08:05:23,qt:list,msg:db_conf_key db1 Connect success !
req_id:1490659523487820,date:2017-03-28 08:05:23,qt:list,msg:SELECT b.`id`, b.`content`, b.`type` FROM que_title_question a RIGHT JOIN que_question b ON a.`question_id` = b.`id` WhERE a.`questionnaire_id` != 1 OR a.`questionnaire_id` IS NULL LIMIT 0, 15
req_id:1490659523487820,date:2017-03-28 08:05:23,qt:list,msg:query info : null
req_id:1490659523534695,date:2017-03-28 08:05:23,qt:questionnaire,msg:db_conf_key db1 Connect success !
req_id:1490659523534695,date:2017-03-28 08:05:23,qt:questionnaire,msg:SELECT `id`, `title` FROM `que_title` WHERE id = '1' 
req_id:1490659523534695,date:2017-03-28 08:05:23,qt:questionnaire,msg:SELECT `questionnaire_id`, `question_id` FROM `que_title_question` WHERE questionnaire_id = '1' 
req_id:1490659523534695,date:2017-03-28 08:05:23,qt:questionnaire,msg:db_conf_key db1 Connect success !
req_id:1490659523534695,date:2017-03-28 08:05:23,qt:questionnaire,msg:SELECT `id`, `content`, `type` FROM `que_question` WHERE id in (1,2,3,4,5,6,7,8,9,10,11,12,13,14,15,16,17,18,19,20,21,22,23,24,25,26,27,28,29,30,31,32,33,34,35,36,37,38,39,40,41,42,43,44,45,46,47,48,49,50,51,52,53,54,55,56,57,58,59,60,61,62,63,64) 
req_id:1490659523534695,date:2017-03-28 08:05:23,qt:questionnaire,msg:db_conf_key db1 Connect success !
req_id:1490659523534695,date:2017-03-28 08:05:23,qt:questionnaire,msg:SELECT `id`, `content`, `question_id`, `order` FROM `que_option` WHERE question_id in (1,2,3,4,5,6,7,8,9,10,11,12,13,14,15,16,17,18,19,20,21,22,23,24,25,26,27,28,29,30,31,32,33,34,35,36,37,38,39,40,41,42,43,44,45,46,47,48,49,50,51,52,53,54,55,56,57,58,59,60,61,62,63,64) 
req_id:1490659523534695,date:2017-03-28 08:05:23,qt:questionnaire,msg:query info : null
req_id:1490659571706570,date:2017-03-28 08:06:11,qt:questionnaire,msg:db_conf_key db1 Connect success !
req_id:1490659571706570,date:2017-03-28 08:06:11,qt:questionnaire,msg:SELECT `id`, `title` FROM `que_title` WHERE id = '1' 
req_id:1490659571706570,date:2017-03-28 08:06:11,qt:questionnaire,msg:SELECT `questionnaire_id`, `question_id` FROM `que_title_question` WHERE questionnaire_id = '1' 
req_id:1490659571706570,date:2017-03-28 08:06:11,qt:questionnaire,msg:db_conf_key db1 Connect success !
req_id:1490659571706570,date:2017-03-28 08:06:11,qt:questionnaire,msg:SELECT `id`, `content`, `type` FROM `que_question` WHERE id in (1,2,3,4,5,6,7,8,9,10,11,12,13,14,15,16,17,18,19,20,21,22,23,24,25,26,27,28,29,30,31,32,33,34,35,36,37,38,39,40,41,42,43,44,45,46,47,48,49,50,51,52,53,54,55,56,57,58,59,60,61,62,63,64) 
req_id:1490659571706570,date:2017-03-28 08:06:11,qt:questionnaire,msg:db_conf_key db1 Connect success !
req_id:1490659571706570,date:2017-03-28 08:06:11,qt:questionnaire,msg:SELECT `id`, `content`, `question_id`, `order` FROM `que_option` WHERE question_id in (1,2,3,4,5,6,7,8,9,10,11,12,13,14,15,16,17,18,19,20,21,22,23,24,25,26,27,28,29,30,31,32,33,34,35,36,37,38,39,40,41,42,43,44,45,46,47,48,49,50,51,52,53,54,55,56,57,58,59,60,61,62,63,64) 
req_id:1490659571706570,date:2017-03-28 08:06:11,qt:questionnaire,msg:query info : null
req_id:1490659571753445,date:2017-03-28 08:06:11,qt:list,msg:db_conf_key db1 Connect success !
req_id:1490659571753445,date:2017-03-28 08:06:11,qt:list,msg:SELECT b.`id`, b.`content`, b.`type` FROM que_title_question a RIGHT JOIN que_question b ON a.`question_id` = b.`id` WhERE a.`questionnaire_id` != 1 OR a.`questionnaire_id` IS NULL LIMIT 0, 15
req_id:1490659571753445,date:2017-03-28 08:06:11,qt:list,msg:query info : null
req_id:149065959950320,date:2017-03-28 08:06:39,qt:questionnaire,msg:db_conf_key db1 Connect success !
req_id:149065959950320,date:2017-03-28 08:06:39,qt:questionnaire,msg:SELECT `id`, `title` FROM `que_title` WHERE id = '1' 
req_id:149065959950320,date:2017-03-28 08:06:39,qt:questionnaire,msg:SELECT `questionnaire_id`, `question_id` FROM `que_title_question` WHERE questionnaire_id = '1' 
req_id:149065959950320,date:2017-03-28 08:06:39,qt:questionnaire,msg:db_conf_key db1 Connect success !
req_id:149065959950320,date:2017-03-28 08:06:39,qt:questionnaire,msg:SELECT `id`, `content`, `type` FROM `que_question` WHERE id in (1,2,3,4,5,6,7,8,9,10,11,12,13,14,15,16,17,18,19,20,21,22,23,24,25,26,27,28,29,30,31,32,33,34,35,36,37,38,39,40,41,42,43,44,45,46,47,48,49,50,51,52,53,54,55,56,57,58,59,60,61,62,63,64) 
req_id:149065959950320,date:2017-03-28 08:06:39,qt:questionnaire,msg:db_conf_key db1 Connect success !
req_id:149065959950320,date:2017-03-28 08:06:39,qt:questionnaire,msg:SELECT `id`, `content`, `question_id`, `order` FROM `que_option` WHERE question_id in (1,2,3,4,5,6,7,8,9,10,11,12,13,14,15,16,17,18,19,20,21,22,23,24,25,26,27,28,29,30,31,32,33,34,35,36,37,38,39,40,41,42,43,44,45,46,47,48,49,50,51,52,53,54,55,56,57,58,59,60,61,62,63,64) 
req_id:149065959950320,date:2017-03-28 08:06:39,qt:questionnaire,msg:query info : null
req_id:1490664732255398,date:2017-03-28 09:32:12,qt:questionnaire,msg:db_conf_key db1 Connect success !
req_id:1490664732255398,date:2017-03-28 09:32:12,qt:questionnaire,msg:SELECT `id`, `title` FROM `que_title` WHERE id = '1' 
req_id:1490664732255398,date:2017-03-28 09:32:12,qt:questionnaire,msg:SELECT `questionnaire_id`, `question_id` FROM `que_title_question` WHERE questionnaire_id = '1' 
req_id:1490664732255398,date:2017-03-28 09:32:12,qt:questionnaire,msg:db_conf_key db1 Connect success !
req_id:1490664732255398,date:2017-03-28 09:32:12,qt:questionnaire,msg:SELECT `id`, `content`, `type` FROM `que_question` WHERE id in (1,2,3,4,5,6,7,8,9,10,11,12,13,14,15,16,17,18,19,20,21,22,23,24,25,26,27,28,29,30,31,32,33,34,35,36,37,38,39,40,41,42,43,44,45,46,47,48,49,50,51,52,53,54,55,56,57,58,59,60,61,62,63,64) 
req_id:1490664732255398,date:2017-03-28 09:32:12,qt:questionnaire,msg:db_conf_key db1 Connect success !
req_id:1490664732255398,date:2017-03-28 09:32:12,qt:questionnaire,msg:SELECT `id`, `content`, `question_id`, `order` FROM `que_option` WHERE question_id in (1,2,3,4,5,6,7,8,9,10,11,12,13,14,15,16,17,18,19,20,21,22,23,24,25,26,27,28,29,30,31,32,33,34,35,36,37,38,39,40,41,42,43,44,45,46,47,48,49,50,51,52,53,54,55,56,57,58,59,60,61,62,63,64) 
req_id:1490664732255398,date:2017-03-28 09:32:12,qt:questionnaire,msg:query info : null
req_id:1490668640630398,date:2017-03-28 10:37:20,qt:questionnaire,msg:db_conf_key db1 Connect success !
req_id:1490668640630398,date:2017-03-28 10:37:20,qt:questionnaire,msg:SELECT `id`, `title` FROM `que_title` WHERE id = '1' 
req_id:1490668640630398,date:2017-03-28 10:37:20,qt:questionnaire,msg:SELECT `questionnaire_id`, `question_id` FROM `que_title_question` WHERE questionnaire_id = '1' 
req_id:1490668640630398,date:2017-03-28 10:37:20,qt:questionnaire,msg:db_conf_key db1 Connect success !
req_id:1490668640630398,date:2017-03-28 10:37:20,qt:questionnaire,msg:SELECT `id`, `content`, `type` FROM `que_question` WHERE id in (1,2,3,4,5,6,7,8,9,10,11,12,13,14,15,16,17,18,19,20,21,22,23,24,25,26,27,28,29,30,31,32,33,34,35,36,37,38,39,40,41,42,43,44,45,46,47,48,49,50,51,52,53,54,55,56,57,58,59,60,61,62,63,64) 
req_id:1490668640630398,date:2017-03-28 10:37:20,qt:questionnaire,msg:db_conf_key db1 Connect success !
req_id:1490668640630398,date:2017-03-28 10:37:20,qt:questionnaire,msg:SELECT `id`, `content`, `question_id`, `order` FROM `que_option` WHERE question_id in (1,2,3,4,5,6,7,8,9,10,11,12,13,14,15,16,17,18,19,20,21,22,23,24,25,26,27,28,29,30,31,32,33,34,35,36,37,38,39,40,41,42,43,44,45,46,47,48,49,50,51,52,53,54,55,56,57,58,59,60,61,62,63,64) 
req_id:1490668640630398,date:2017-03-28 10:37:20,qt:questionnaire,msg:query info : null
req_id:1490668641599148,date:2017-03-28 10:37:21,qt:questionnaire,msg:db_conf_key db1 Connect success !
req_id:1490668641599148,date:2017-03-28 10:37:21,qt:questionnaire,msg:SELECT `id`, `title` FROM `que_title` WHERE id = '1' 
req_id:1490668641599148,date:2017-03-28 10:37:21,qt:questionnaire,msg:SELECT `questionnaire_id`, `question_id` FROM `que_title_question` WHERE questionnaire_id = '1' 
req_id:1490668641599148,date:2017-03-28 10:37:21,qt:questionnaire,msg:db_conf_key db1 Connect success !
req_id:1490668641599148,date:2017-03-28 10:37:21,qt:questionnaire,msg:SELECT `id`, `content`, `type` FROM `que_question` WHERE id in (1,2,3,4,5,6,7,8,9,10,11,12,13,14,15,16,17,18,19,20,21,22,23,24,25,26,27,28,29,30,31,32,33,34,35,36,37,38,39,40,41,42,43,44,45,46,47,48,49,50,51,52,53,54,55,56,57,58,59,60,61,62,63,64) 
req_id:1490668641599148,date:2017-03-28 10:37:21,qt:questionnaire,msg:db_conf_key db1 Connect success !
req_id:1490668641599148,date:2017-03-28 10:37:21,qt:questionnaire,msg:SELECT `id`, `content`, `question_id`, `order` FROM `que_option` WHERE question_id in (1,2,3,4,5,6,7,8,9,10,11,12,13,14,15,16,17,18,19,20,21,22,23,24,25,26,27,28,29,30,31,32,33,34,35,36,37,38,39,40,41,42,43,44,45,46,47,48,49,50,51,52,53,54,55,56,57,58,59,60,61,62,63,64) 
req_id:1490668641599148,date:2017-03-28 10:37:21,qt:questionnaire,msg:query info : null
req_id:1490668678755398,date:2017-03-28 10:37:58,qt:questionnaire,msg:db_conf_key db1 Connect success !
req_id:1490668678755398,date:2017-03-28 10:37:58,qt:questionnaire,msg:SELECT `id`, `title` FROM `que_title` WHERE id = '2' 
req_id:1490668678755398,date:2017-03-28 10:37:58,qt:questionnaire,msg:SELECT `questionnaire_id`, `question_id` FROM `que_title_question` WHERE questionnaire_id = '2' 
req_id:1490668678755398,date:2017-03-28 10:37:58,qt:questionnaire,msg:db_conf_key db1 Connect success !
req_id:1490668678755398,date:2017-03-28 10:37:58,qt:questionnaire,msg:SELECT `id`, `content`, `type` FROM `que_question` WHERE id in (65,66,67,68,69,70,71,72,73,74,75,76,77,78,79,80,81,82,83,84,85,86,87,88,89,90,91,92,93,94,95,96,97,98,99,100,101,102,103,104,105,106,107,108,109,110,111,112,113,114,115,116,117,118,119,120,121,122,123,124,125,126,127,128,129,130,131,132,133,134,135,136,137,138,139,140,141,142,143,144,145,146,147,148,149) 
req_id:1490668678755398,date:2017-03-28 10:37:58,qt:questionnaire,msg:db_conf_key db1 Connect success !
req_id:1490668678755398,date:2017-03-28 10:37:58,qt:questionnaire,msg:SELECT `id`, `content`, `question_id`, `order` FROM `que_option` WHERE question_id in (65,66,67,68,69,70,71,72,73,74,75,76,77,78,79,80,81,82,83,84,85,86,87,88,89,90,91,92,93,94,95,96,97,98,99,100,101,102,103,104,105,106,107,108,109,110,111,112,113,114,115,116,117,118,119,120,121,122,123,124,125,126,127,128,129,130,131,132,133,134,135,136,137,138,139,140,141,142,143,144,145,146,147,148,149) 
req_id:1490668678755398,date:2017-03-28 10:37:58,qt:questionnaire,msg:query info : null
req_id:1490668678817898,date:2017-03-28 10:37:58,qt:list,msg:db_conf_key db1 Connect success !
req_id:1490668678817898,date:2017-03-28 10:37:58,qt:list,msg:SELECT b.`id`, b.`content`, b.`type` FROM que_title_question a RIGHT JOIN que_question b ON a.`question_id` = b.`id` WhERE a.`questionnaire_id` != 2 OR a.`questionnaire_id` IS NULL LIMIT 0, 15
req_id:1490668678817898,date:2017-03-28 10:37:58,qt:list,msg:query info : null
req_id:1490668707880398,date:2017-03-28 10:38:27,qt:questionnaire,msg:db_conf_key db1 Connect success !
req_id:1490668707880398,date:2017-03-28 10:38:27,qt:questionnaire,msg:SELECT `id`, `title` FROM `que_title` WHERE id = '1' 
req_id:1490668707880398,date:2017-03-28 10:38:27,qt:questionnaire,msg:SELECT `questionnaire_id`, `question_id` FROM `que_title_question` WHERE questionnaire_id = '1' 
req_id:1490668707880398,date:2017-03-28 10:38:27,qt:questionnaire,msg:db_conf_key db1 Connect success !
req_id:1490668707880398,date:2017-03-28 10:38:27,qt:questionnaire,msg:SELECT `id`, `content`, `type` FROM `que_question` WHERE id in (1,2,3,4,5,6,7,8,9,10,11,12,13,14,15,16,17,18,19,20,21,22,23,24,25,26,27,28,29,30,31,32,33,34,35,36,37,38,39,40,41,42,43,44,45,46,47,48,49,50,51,52,53,54,55,56,57,58,59,60,61,62,63,64) 
req_id:1490668707880398,date:2017-03-28 10:38:27,qt:questionnaire,msg:db_conf_key db1 Connect success !
req_id:1490668707880398,date:2017-03-28 10:38:27,qt:questionnaire,msg:SELECT `id`, `content`, `question_id`, `order` FROM `que_option` WHERE question_id in (1,2,3,4,5,6,7,8,9,10,11,12,13,14,15,16,17,18,19,20,21,22,23,24,25,26,27,28,29,30,31,32,33,34,35,36,37,38,39,40,41,42,43,44,45,46,47,48,49,50,51,52,53,54,55,56,57,58,59,60,61,62,63,64) 
req_id:1490668707880398,date:2017-03-28 10:38:27,qt:questionnaire,msg:query info : null
req_id:1490668707896023,date:2017-03-28 10:38:27,qt:list,msg:db_conf_key db1 Connect success !
req_id:1490668707896023,date:2017-03-28 10:38:27,qt:list,msg:SELECT b.`id`, b.`content`, b.`type` FROM que_title_question a RIGHT JOIN que_question b ON a.`question_id` = b.`id` WhERE a.`questionnaire_id` != 1 OR a.`questionnaire_id` IS NULL LIMIT 0, 15
req_id:1490668707896023,date:2017-03-28 10:38:27,qt:list,msg:query info : null
req_id:1490668749927273,date:2017-03-28 10:39:09,qt:questionnaire,msg:db_conf_key db1 Connect success !
req_id:1490668749927273,date:2017-03-28 10:39:09,qt:questionnaire,msg:SELECT `id`, `title` FROM `que_title` WHERE id = '1' 
req_id:1490668749927273,date:2017-03-28 10:39:09,qt:questionnaire,msg:SELECT `questionnaire_id`, `question_id` FROM `que_title_question` WHERE questionnaire_id = '1' 
req_id:1490668749927273,date:2017-03-28 10:39:09,qt:questionnaire,msg:db_conf_key db1 Connect success !
req_id:1490668749927273,date:2017-03-28 10:39:09,qt:questionnaire,msg:SELECT `id`, `content`, `type` FROM `que_question` WHERE id in (1,2,3,4,5,6,7,8,9,10,11,12,13,14,15,16,17,18,19,20,21,22,23,24,25,26,27,28,29,30,31,32,33,34,35,36,37,38,39,40,41,42,43,44,45,46,47,48,49,50,51,52,53,54,55,56,57,58,59,60,61,62,63,64) 
req_id:1490668749927273,date:2017-03-28 10:39:09,qt:questionnaire,msg:db_conf_key db1 Connect success !
req_id:1490668749927273,date:2017-03-28 10:39:09,qt:questionnaire,msg:SELECT `id`, `content`, `question_id`, `order` FROM `que_option` WHERE question_id in (1,2,3,4,5,6,7,8,9,10,11,12,13,14,15,16,17,18,19,20,21,22,23,24,25,26,27,28,29,30,31,32,33,34,35,36,37,38,39,40,41,42,43,44,45,46,47,48,49,50,51,52,53,54,55,56,57,58,59,60,61,62,63,64) 
req_id:1490668749927273,date:2017-03-28 10:39:09,qt:questionnaire,msg:query info : null
req_id:1490668749974148,date:2017-03-28 10:39:10,qt:list,msg:db_conf_key db1 Connect success !
req_id:1490668749974148,date:2017-03-28 10:39:10,qt:list,msg:SELECT b.`id`, b.`content`, b.`type` FROM que_title_question a RIGHT JOIN que_question b ON a.`question_id` = b.`id` WhERE a.`questionnaire_id` != 1 OR a.`questionnaire_id` IS NULL LIMIT 0, 15
req_id:1490668749974148,date:2017-03-28 10:39:10,qt:list,msg:query info : null
req_id:1490668802552273,date:2017-03-28 10:40:02,qt:questionnaire,msg:db_conf_key db1 Connect success !
req_id:1490668802552273,date:2017-03-28 10:40:02,qt:questionnaire,msg:SELECT `id`, `title` FROM `que_title` WHERE id = '1' 
req_id:1490668802552273,date:2017-03-28 10:40:02,qt:questionnaire,msg:SELECT `questionnaire_id`, `question_id` FROM `que_title_question` WHERE questionnaire_id = '1' 
req_id:1490668802552273,date:2017-03-28 10:40:02,qt:questionnaire,msg:db_conf_key db1 Connect success !
req_id:1490668802552273,date:2017-03-28 10:40:02,qt:questionnaire,msg:SELECT `id`, `content`, `type` FROM `que_question` WHERE id in (1,2,3,4,5,6,7,8,9,10,11,12,13,14,15,16,17,18,19,20,21,22,23,24,25,26,27,28,29,30,31,32,33,34,35,36,37,38,39,40,41,42,43,44,45,46,47,48,49,50,51,52,53,54,55,56,57,58,59,60,61,62,63,64) 
req_id:1490668802552273,date:2017-03-28 10:40:02,qt:questionnaire,msg:db_conf_key db1 Connect success !
req_id:1490668802552273,date:2017-03-28 10:40:02,qt:questionnaire,msg:SELECT `id`, `content`, `question_id`, `order` FROM `que_option` WHERE question_id in (1,2,3,4,5,6,7,8,9,10,11,12,13,14,15,16,17,18,19,20,21,22,23,24,25,26,27,28,29,30,31,32,33,34,35,36,37,38,39,40,41,42,43,44,45,46,47,48,49,50,51,52,53,54,55,56,57,58,59,60,61,62,63,64) 
req_id:1490668802552273,date:2017-03-28 10:40:02,qt:questionnaire,msg:query info : null
req_id:1490668802614773,date:2017-03-28 10:40:02,qt:list,msg:db_conf_key db1 Connect success !
req_id:1490668802614773,date:2017-03-28 10:40:02,qt:list,msg:SELECT b.`id`, b.`content`, b.`type` FROM que_title_question a RIGHT JOIN que_question b ON a.`question_id` = b.`id` WhERE a.`questionnaire_id` != 1 OR a.`questionnaire_id` IS NULL LIMIT 0, 15
req_id:1490668802614773,date:2017-03-28 10:40:02,qt:list,msg:query info : null
req_id:1490668853239773,date:2017-03-28 10:40:53,qt:questionnaire,msg:db_conf_key db1 Connect success !
req_id:1490668853239773,date:2017-03-28 10:40:53,qt:questionnaire,msg:SELECT `id`, `title` FROM `que_title` WHERE id = '1' 
req_id:1490668853239773,date:2017-03-28 10:40:53,qt:questionnaire,msg:SELECT `questionnaire_id`, `question_id` FROM `que_title_question` WHERE questionnaire_id = '1' 
req_id:1490668853239773,date:2017-03-28 10:40:53,qt:questionnaire,msg:db_conf_key db1 Connect success !
req_id:1490668853239773,date:2017-03-28 10:40:53,qt:questionnaire,msg:SELECT `id`, `content`, `type` FROM `que_question` WHERE id in (1,2,3,4,5,6,7,8,9,10,11,12,13,14,15,16,17,18,19,20,21,22,23,24,25,26,27,28,29,30,31,32,33,34,35,36,37,38,39,40,41,42,43,44,45,46,47,48,49,50,51,52,53,54,55,56,57,58,59,60,61,62,63,64) 
req_id:1490668853239773,date:2017-03-28 10:40:53,qt:questionnaire,msg:db_conf_key db1 Connect success !
req_id:1490668853239773,date:2017-03-28 10:40:53,qt:questionnaire,msg:SELECT `id`, `content`, `question_id`, `order` FROM `que_option` WHERE question_id in (1,2,3,4,5,6,7,8,9,10,11,12,13,14,15,16,17,18,19,20,21,22,23,24,25,26,27,28,29,30,31,32,33,34,35,36,37,38,39,40,41,42,43,44,45,46,47,48,49,50,51,52,53,54,55,56,57,58,59,60,61,62,63,64) 
req_id:1490668853239773,date:2017-03-28 10:40:53,qt:questionnaire,msg:query info : null
req_id:1490668853317898,date:2017-03-28 10:40:53,qt:list,msg:db_conf_key db1 Connect success !
req_id:1490668853317898,date:2017-03-28 10:40:53,qt:list,msg:SELECT b.`id`, b.`content`, b.`type` FROM que_title_question a RIGHT JOIN que_question b ON a.`question_id` = b.`id` WhERE a.`questionnaire_id` != 1 OR a.`questionnaire_id` IS NULL LIMIT 0, 15
req_id:1490668853317898,date:2017-03-28 10:40:53,qt:list,msg:query info : null
req_id:1490668943817898,date:2017-03-28 10:42:23,qt:questionnaire,msg:db_conf_key db1 Connect success !
req_id:1490668943817898,date:2017-03-28 10:42:23,qt:questionnaire,msg:SELECT `id`, `title` FROM `que_title` WHERE id = '1' 
req_id:1490668943817898,date:2017-03-28 10:42:23,qt:questionnaire,msg:SELECT `questionnaire_id`, `question_id` FROM `que_title_question` WHERE questionnaire_id = '1' 
req_id:1490668943817898,date:2017-03-28 10:42:23,qt:questionnaire,msg:db_conf_key db1 Connect success !
req_id:1490668943817898,date:2017-03-28 10:42:23,qt:questionnaire,msg:SELECT `id`, `content`, `type` FROM `que_question` WHERE id in (1,2,3,4,5,6,7,8,9,10,11,12,13,14,15,16,17,18,19,20,21,22,23,24,25,26,27,28,29,30,31,32,33,34,35,36,37,38,39,40,41,42,43,44,45,46,47,48,49,50,51,52,53,54,55,56,57,58,59,60,61,62,63,64) 
req_id:1490668943817898,date:2017-03-28 10:42:23,qt:questionnaire,msg:db_conf_key db1 Connect success !
req_id:1490668943817898,date:2017-03-28 10:42:23,qt:questionnaire,msg:SELECT `id`, `content`, `question_id`, `order` FROM `que_option` WHERE question_id in (1,2,3,4,5,6,7,8,9,10,11,12,13,14,15,16,17,18,19,20,21,22,23,24,25,26,27,28,29,30,31,32,33,34,35,36,37,38,39,40,41,42,43,44,45,46,47,48,49,50,51,52,53,54,55,56,57,58,59,60,61,62,63,64) 
req_id:1490668943817898,date:2017-03-28 10:42:23,qt:questionnaire,msg:query info : null
req_id:1490668943864773,date:2017-03-28 10:42:23,qt:list,msg:db_conf_key db1 Connect success !
req_id:1490668943864773,date:2017-03-28 10:42:23,qt:list,msg:SELECT b.`id`, b.`content`, b.`type` FROM que_title_question a RIGHT JOIN que_question b ON a.`question_id` = b.`id` WhERE a.`questionnaire_id` != 1 OR a.`questionnaire_id` IS NULL LIMIT 0, 15
req_id:1490668943864773,date:2017-03-28 10:42:23,qt:list,msg:query info : null
req_id:1490669028630398,date:2017-03-28 10:43:48,qt:list,msg:db_conf_key db1 Connect success !
req_id:1490669028630398,date:2017-03-28 10:43:48,qt:list,msg:SELECT b.`id`, b.`content`, b.`type` FROM que_title_question a RIGHT JOIN que_question b ON a.`question_id` = b.`id` WhERE a.`questionnaire_id` != 1 OR a.`questionnaire_id` IS NULL LIMIT 0, 15
req_id:1490669028630398,date:2017-03-28 10:43:48,qt:list,msg:query info : null
req_id:1490669028646023,date:2017-03-28 10:43:48,qt:questionnaire,msg:db_conf_key db1 Connect success !
req_id:1490669028646023,date:2017-03-28 10:43:48,qt:questionnaire,msg:SELECT `id`, `title` FROM `que_title` WHERE id = '1' 
req_id:1490669028646023,date:2017-03-28 10:43:48,qt:questionnaire,msg:SELECT `questionnaire_id`, `question_id` FROM `que_title_question` WHERE questionnaire_id = '1' 
req_id:1490669028646023,date:2017-03-28 10:43:48,qt:questionnaire,msg:db_conf_key db1 Connect success !
req_id:1490669028646023,date:2017-03-28 10:43:48,qt:questionnaire,msg:SELECT `id`, `content`, `type` FROM `que_question` WHERE id in (1,2,3,4,5,6,7,8,9,10,11,12,13,14,15,16,17,18,19,20,21,22,23,24,25,26,27,28,29,30,31,32,33,34,35,36,37,38,39,40,41,42,43,44,45,46,47,48,49,50,51,52,53,54,55,56,57,58,59,60,61,62,63,64) 
req_id:1490669028646023,date:2017-03-28 10:43:48,qt:questionnaire,msg:db_conf_key db1 Connect success !
req_id:1490669028646023,date:2017-03-28 10:43:48,qt:questionnaire,msg:SELECT `id`, `content`, `question_id`, `order` FROM `que_option` WHERE question_id in (1,2,3,4,5,6,7,8,9,10,11,12,13,14,15,16,17,18,19,20,21,22,23,24,25,26,27,28,29,30,31,32,33,34,35,36,37,38,39,40,41,42,43,44,45,46,47,48,49,50,51,52,53,54,55,56,57,58,59,60,61,62,63,64) 
req_id:1490669028646023,date:2017-03-28 10:43:48,qt:questionnaire,msg:query info : null
req_id:1490669224192898,date:2017-03-28 10:47:04,qt:list,msg:db_conf_key db1 Connect success !
req_id:1490669224192898,date:2017-03-28 10:47:04,qt:list,msg:SELECT b.`id`, b.`content`, b.`type` FROM que_title_question a RIGHT JOIN que_question b ON a.`question_id` = b.`id` WhERE a.`questionnaire_id` != 1 OR a.`questionnaire_id` IS NULL LIMIT 0, 15
req_id:1490669224192898,date:2017-03-28 10:47:04,qt:list,msg:query info : null
req_id:1490669224224148,date:2017-03-28 10:47:04,qt:questionnaire,msg:db_conf_key db1 Connect success !
req_id:1490669224224148,date:2017-03-28 10:47:04,qt:questionnaire,msg:SELECT `id`, `title` FROM `que_title` WHERE id = '1' 
req_id:1490669224224148,date:2017-03-28 10:47:04,qt:questionnaire,msg:SELECT `questionnaire_id`, `question_id` FROM `que_title_question` WHERE questionnaire_id = '1' 
req_id:1490669224224148,date:2017-03-28 10:47:04,qt:questionnaire,msg:db_conf_key db1 Connect success !
req_id:1490669224224148,date:2017-03-28 10:47:04,qt:questionnaire,msg:SELECT `id`, `content`, `type` FROM `que_question` WHERE id in (1,2,3,4,5,6,7,8,9,10,11,12,13,14,15,16,17,18,19,20,21,22,23,24,25,26,27,28,29,30,31,32,33,34,35,36,37,38,39,40,41,42,43,44,45,46,47,48,49,50,51,52,53,54,55,56,57,58,59,60,61,62,63,64) 
req_id:1490669224224148,date:2017-03-28 10:47:04,qt:questionnaire,msg:db_conf_key db1 Connect success !
req_id:1490669224224148,date:2017-03-28 10:47:04,qt:questionnaire,msg:SELECT `id`, `content`, `question_id`, `order` FROM `que_option` WHERE question_id in (1,2,3,4,5,6,7,8,9,10,11,12,13,14,15,16,17,18,19,20,21,22,23,24,25,26,27,28,29,30,31,32,33,34,35,36,37,38,39,40,41,42,43,44,45,46,47,48,49,50,51,52,53,54,55,56,57,58,59,60,61,62,63,64) 
req_id:1490669224224148,date:2017-03-28 10:47:04,qt:questionnaire,msg:query info : null
req_id:1490669225427273,date:2017-03-28 10:47:05,qt:questionnaire,msg:db_conf_key db1 Connect success !
req_id:1490669225427273,date:2017-03-28 10:47:05,qt:questionnaire,msg:SELECT `id`, `title` FROM `que_title` WHERE id = '1' 
req_id:1490669225427273,date:2017-03-28 10:47:05,qt:questionnaire,msg:SELECT `questionnaire_id`, `question_id` FROM `que_title_question` WHERE questionnaire_id = '1' 
req_id:1490669225427273,date:2017-03-28 10:47:05,qt:questionnaire,msg:db_conf_key db1 Connect success !
req_id:1490669225427273,date:2017-03-28 10:47:05,qt:questionnaire,msg:SELECT `id`, `content`, `type` FROM `que_question` WHERE id in (1,2,3,4,5,6,7,8,9,10,11,12,13,14,15,16,17,18,19,20,21,22,23,24,25,26,27,28,29,30,31,32,33,34,35,36,37,38,39,40,41,42,43,44,45,46,47,48,49,50,51,52,53,54,55,56,57,58,59,60,61,62,63,64) 
req_id:1490669225427273,date:2017-03-28 10:47:05,qt:questionnaire,msg:db_conf_key db1 Connect success !
req_id:1490669225427273,date:2017-03-28 10:47:05,qt:questionnaire,msg:SELECT `id`, `content`, `question_id`, `order` FROM `que_option` WHERE question_id in (1,2,3,4,5,6,7,8,9,10,11,12,13,14,15,16,17,18,19,20,21,22,23,24,25,26,27,28,29,30,31,32,33,34,35,36,37,38,39,40,41,42,43,44,45,46,47,48,49,50,51,52,53,54,55,56,57,58,59,60,61,62,63,64) 
req_id:1490669225427273,date:2017-03-28 10:47:05,qt:questionnaire,msg:query info : null
req_id:1490669225474148,date:2017-03-28 10:47:05,qt:list,msg:db_conf_key db1 Connect success !
req_id:1490669225474148,date:2017-03-28 10:47:05,qt:list,msg:SELECT b.`id`, b.`content`, b.`type` FROM que_title_question a RIGHT JOIN que_question b ON a.`question_id` = b.`id` WhERE a.`questionnaire_id` != 1 OR a.`questionnaire_id` IS NULL LIMIT 0, 15
req_id:1490669225474148,date:2017-03-28 10:47:05,qt:list,msg:query info : null
req_id:1490669227724148,date:2017-03-28 10:47:07,qt:questionnaire,msg:db_conf_key db1 Connect success !
req_id:1490669227724148,date:2017-03-28 10:47:07,qt:questionnaire,msg:SELECT `id`, `title` FROM `que_title` WHERE id = '1' 
req_id:1490669227724148,date:2017-03-28 10:47:07,qt:questionnaire,msg:SELECT `questionnaire_id`, `question_id` FROM `que_title_question` WHERE questionnaire_id = '1' 
req_id:1490669227724148,date:2017-03-28 10:47:07,qt:questionnaire,msg:db_conf_key db1 Connect success !
req_id:1490669227724148,date:2017-03-28 10:47:07,qt:questionnaire,msg:SELECT `id`, `content`, `type` FROM `que_question` WHERE id in (1,2,3,4,5,6,7,8,9,10,11,12,13,14,15,16,17,18,19,20,21,22,23,24,25,26,27,28,29,30,31,32,33,34,35,36,37,38,39,40,41,42,43,44,45,46,47,48,49,50,51,52,53,54,55,56,57,58,59,60,61,62,63,64) 
req_id:1490669227724148,date:2017-03-28 10:47:07,qt:questionnaire,msg:db_conf_key db1 Connect success !
req_id:1490669227724148,date:2017-03-28 10:47:07,qt:questionnaire,msg:SELECT `id`, `content`, `question_id`, `order` FROM `que_option` WHERE question_id in (1,2,3,4,5,6,7,8,9,10,11,12,13,14,15,16,17,18,19,20,21,22,23,24,25,26,27,28,29,30,31,32,33,34,35,36,37,38,39,40,41,42,43,44,45,46,47,48,49,50,51,52,53,54,55,56,57,58,59,60,61,62,63,64) 
req_id:1490669227724148,date:2017-03-28 10:47:07,qt:questionnaire,msg:query info : null
req_id:1490669227755398,date:2017-03-28 10:47:07,qt:list,msg:db_conf_key db1 Connect success !
req_id:1490669227755398,date:2017-03-28 10:47:07,qt:list,msg:SELECT b.`id`, b.`content`, b.`type` FROM que_title_question a RIGHT JOIN que_question b ON a.`question_id` = b.`id` WhERE a.`questionnaire_id` != 1 OR a.`questionnaire_id` IS NULL LIMIT 0, 15
req_id:1490669227755398,date:2017-03-28 10:47:07,qt:list,msg:query info : null
req_id:1490669242411648,date:2017-03-28 10:47:22,qt:questionnaire,msg:db_conf_key db1 Connect success !
req_id:1490669242411648,date:2017-03-28 10:47:22,qt:questionnaire,msg:SELECT `id`, `title` FROM `que_title` WHERE id = '1' 
req_id:1490669242411648,date:2017-03-28 10:47:22,qt:questionnaire,msg:SELECT `questionnaire_id`, `question_id` FROM `que_title_question` WHERE questionnaire_id = '1' 
req_id:1490669242411648,date:2017-03-28 10:47:22,qt:questionnaire,msg:db_conf_key db1 Connect success !
req_id:1490669242411648,date:2017-03-28 10:47:22,qt:questionnaire,msg:SELECT `id`, `content`, `type` FROM `que_question` WHERE id in (1,2,3,4,5,6,7,8,9,10,11,12,13,14,15,16,17,18,19,20,21,22,23,24,25,26,27,28,29,30,31,32,33,34,35,36,37,38,39,40,41,42,43,44,45,46,47,48,49,50,51,52,53,54,55,56,57,58,59,60,61,62,63,64) 
req_id:1490669242411648,date:2017-03-28 10:47:22,qt:questionnaire,msg:db_conf_key db1 Connect success !
req_id:1490669242411648,date:2017-03-28 10:47:22,qt:questionnaire,msg:SELECT `id`, `content`, `question_id`, `order` FROM `que_option` WHERE question_id in (1,2,3,4,5,6,7,8,9,10,11,12,13,14,15,16,17,18,19,20,21,22,23,24,25,26,27,28,29,30,31,32,33,34,35,36,37,38,39,40,41,42,43,44,45,46,47,48,49,50,51,52,53,54,55,56,57,58,59,60,61,62,63,64) 
req_id:1490669242411648,date:2017-03-28 10:47:22,qt:questionnaire,msg:query info : null
req_id:1490669242458523,date:2017-03-28 10:47:22,qt:list,msg:db_conf_key db1 Connect success !
req_id:1490669242458523,date:2017-03-28 10:47:22,qt:list,msg:SELECT b.`id`, b.`content`, b.`type` FROM que_title_question a RIGHT JOIN que_question b ON a.`question_id` = b.`id` WhERE a.`questionnaire_id` != 1 OR a.`questionnaire_id` IS NULL LIMIT 0, 15
req_id:1490669242458523,date:2017-03-28 10:47:22,qt:list,msg:query info : null
req_id:1490669267224148,date:2017-03-28 10:47:47,qt:questionnaire,msg:db_conf_key db1 Connect success !
req_id:1490669267224148,date:2017-03-28 10:47:47,qt:questionnaire,msg:SELECT `id`, `title` FROM `que_title` WHERE id = '1' 
req_id:1490669267224148,date:2017-03-28 10:47:47,qt:questionnaire,msg:SELECT `questionnaire_id`, `question_id` FROM `que_title_question` WHERE questionnaire_id = '1' 
req_id:1490669267224148,date:2017-03-28 10:47:47,qt:questionnaire,msg:db_conf_key db1 Connect success !
req_id:1490669267224148,date:2017-03-28 10:47:47,qt:questionnaire,msg:SELECT `id`, `content`, `type` FROM `que_question` WHERE id in (1,2,3,4,5,6,7,8,9,10,11,12,13,14,15,16,17,18,19,20,21,22,23,24,25,26,27,28,29,30,31,32,33,34,35,36,37,38,39,40,41,42,43,44,45,46,47,48,49,50,51,52,53,54,55,56,57,58,59,60,61,62,63,64) 
req_id:1490669267224148,date:2017-03-28 10:47:47,qt:questionnaire,msg:db_conf_key db1 Connect success !
req_id:1490669267224148,date:2017-03-28 10:47:47,qt:questionnaire,msg:SELECT `id`, `content`, `question_id`, `order` FROM `que_option` WHERE question_id in (1,2,3,4,5,6,7,8,9,10,11,12,13,14,15,16,17,18,19,20,21,22,23,24,25,26,27,28,29,30,31,32,33,34,35,36,37,38,39,40,41,42,43,44,45,46,47,48,49,50,51,52,53,54,55,56,57,58,59,60,61,62,63,64) 
req_id:1490669267224148,date:2017-03-28 10:47:47,qt:questionnaire,msg:query info : null
req_id:1490669267255398,date:2017-03-28 10:47:47,qt:list,msg:db_conf_key db1 Connect success !
req_id:1490669267255398,date:2017-03-28 10:47:47,qt:list,msg:SELECT b.`id`, b.`content`, b.`type` FROM que_title_question a RIGHT JOIN que_question b ON a.`question_id` = b.`id` WhERE a.`questionnaire_id` != 1 OR a.`questionnaire_id` IS NULL LIMIT 0, 15
req_id:1490669267255398,date:2017-03-28 10:47:47,qt:list,msg:query info : null
req_id:149066926883523,date:2017-03-28 10:47:48,qt:questionnaire,msg:db_conf_key db1 Connect success !
req_id:149066926883523,date:2017-03-28 10:47:48,qt:questionnaire,msg:SELECT `id`, `title` FROM `que_title` WHERE id = '1' 
req_id:149066926883523,date:2017-03-28 10:47:48,qt:questionnaire,msg:SELECT `questionnaire_id`, `question_id` FROM `que_title_question` WHERE questionnaire_id = '1' 
req_id:149066926883523,date:2017-03-28 10:47:48,qt:questionnaire,msg:db_conf_key db1 Connect success !
req_id:149066926883523,date:2017-03-28 10:47:48,qt:questionnaire,msg:SELECT `id`, `content`, `type` FROM `que_question` WHERE id in (1,2,3,4,5,6,7,8,9,10,11,12,13,14,15,16,17,18,19,20,21,22,23,24,25,26,27,28,29,30,31,32,33,34,35,36,37,38,39,40,41,42,43,44,45,46,47,48,49,50,51,52,53,54,55,56,57,58,59,60,61,62,63,64) 
req_id:149066926883523,date:2017-03-28 10:47:48,qt:questionnaire,msg:db_conf_key db1 Connect success !
req_id:149066926883523,date:2017-03-28 10:47:48,qt:questionnaire,msg:SELECT `id`, `content`, `question_id`, `order` FROM `que_option` WHERE question_id in (1,2,3,4,5,6,7,8,9,10,11,12,13,14,15,16,17,18,19,20,21,22,23,24,25,26,27,28,29,30,31,32,33,34,35,36,37,38,39,40,41,42,43,44,45,46,47,48,49,50,51,52,53,54,55,56,57,58,59,60,61,62,63,64) 
req_id:149066926883523,date:2017-03-28 10:47:48,qt:questionnaire,msg:query info : null
req_id:1490669268114773,date:2017-03-28 10:47:48,qt:list,msg:db_conf_key db1 Connect success !
req_id:1490669268114773,date:2017-03-28 10:47:48,qt:list,msg:SELECT b.`id`, b.`content`, b.`type` FROM que_title_question a RIGHT JOIN que_question b ON a.`question_id` = b.`id` WhERE a.`questionnaire_id` != 1 OR a.`questionnaire_id` IS NULL LIMIT 0, 15
req_id:1490669268114773,date:2017-03-28 10:47:48,qt:list,msg:query info : null
req_id:1490669377786648,date:2017-03-28 10:49:37,qt:list,msg:db_conf_key db1 Connect success !
req_id:1490669377786648,date:2017-03-28 10:49:37,qt:list,msg:SELECT b.`id`, b.`content`, b.`type` FROM que_title_question a RIGHT JOIN que_question b ON a.`question_id` = b.`id` WhERE a.`questionnaire_id` != 1 OR a.`questionnaire_id` IS NULL LIMIT 0, 15
req_id:1490669377786648,date:2017-03-28 10:49:37,qt:list,msg:query info : null
req_id:1490669377817898,date:2017-03-28 10:49:37,qt:questionnaire,msg:db_conf_key db1 Connect success !
req_id:1490669377817898,date:2017-03-28 10:49:37,qt:questionnaire,msg:SELECT `id`, `title` FROM `que_title` WHERE id = '1' 
req_id:1490669377817898,date:2017-03-28 10:49:37,qt:questionnaire,msg:SELECT `questionnaire_id`, `question_id` FROM `que_title_question` WHERE questionnaire_id = '1' 
req_id:1490669377817898,date:2017-03-28 10:49:37,qt:questionnaire,msg:db_conf_key db1 Connect success !
req_id:1490669377817898,date:2017-03-28 10:49:37,qt:questionnaire,msg:SELECT `id`, `content`, `type` FROM `que_question` WHERE id in (1,2,3,4,5,6,7,8,9,10,11,12,13,14,15,16,17,18,19,20,21,22,23,24,25,26,27,28,29,30,31,32,33,34,35,36,37,38,39,40,41,42,43,44,45,46,47,48,49,50,51,52,53,54,55,56,57,58,59,60,61,62,63,64) 
req_id:1490669377817898,date:2017-03-28 10:49:37,qt:questionnaire,msg:db_conf_key db1 Connect success !
req_id:1490669377817898,date:2017-03-28 10:49:37,qt:questionnaire,msg:SELECT `id`, `content`, `question_id`, `order` FROM `que_option` WHERE question_id in (1,2,3,4,5,6,7,8,9,10,11,12,13,14,15,16,17,18,19,20,21,22,23,24,25,26,27,28,29,30,31,32,33,34,35,36,37,38,39,40,41,42,43,44,45,46,47,48,49,50,51,52,53,54,55,56,57,58,59,60,61,62,63,64) 
req_id:1490669377817898,date:2017-03-28 10:49:37,qt:questionnaire,msg:query info : null
req_id:1490669452286648,date:2017-03-28 10:50:52,qt:list,msg:db_conf_key db1 Connect success !
req_id:1490669452286648,date:2017-03-28 10:50:52,qt:list,msg:SELECT b.`id`, b.`content`, b.`type` FROM que_title_question a RIGHT JOIN que_question b ON a.`question_id` = b.`id` WhERE a.`questionnaire_id` != 1 OR a.`questionnaire_id` IS NULL LIMIT 0, 15
req_id:1490669452286648,date:2017-03-28 10:50:52,qt:list,msg:query info : null
req_id:1490669452302273,date:2017-03-28 10:50:52,qt:questionnaire,msg:db_conf_key db1 Connect success !
req_id:1490669452302273,date:2017-03-28 10:50:52,qt:questionnaire,msg:SELECT `id`, `title` FROM `que_title` WHERE id = '1' 
req_id:1490669452302273,date:2017-03-28 10:50:52,qt:questionnaire,msg:SELECT `questionnaire_id`, `question_id` FROM `que_title_question` WHERE questionnaire_id = '1' 
req_id:1490669452302273,date:2017-03-28 10:50:52,qt:questionnaire,msg:db_conf_key db1 Connect success !
req_id:1490669452302273,date:2017-03-28 10:50:52,qt:questionnaire,msg:SELECT `id`, `content`, `type` FROM `que_question` WHERE id in (1,2,3,4,5,6,7,8,9,10,11,12,13,14,15,16,17,18,19,20,21,22,23,24,25,26,27,28,29,30,31,32,33,34,35,36,37,38,39,40,41,42,43,44,45,46,47,48,49,50,51,52,53,54,55,56,57,58,59,60,61,62,63,64) 
req_id:1490669452302273,date:2017-03-28 10:50:52,qt:questionnaire,msg:db_conf_key db1 Connect success !
req_id:1490669452302273,date:2017-03-28 10:50:52,qt:questionnaire,msg:SELECT `id`, `content`, `question_id`, `order` FROM `que_option` WHERE question_id in (1,2,3,4,5,6,7,8,9,10,11,12,13,14,15,16,17,18,19,20,21,22,23,24,25,26,27,28,29,30,31,32,33,34,35,36,37,38,39,40,41,42,43,44,45,46,47,48,49,50,51,52,53,54,55,56,57,58,59,60,61,62,63,64) 
req_id:1490669452302273,date:2017-03-28 10:50:52,qt:questionnaire,msg:query info : null
req_id:1490669671708523,date:2017-03-28 10:54:31,qt:list,msg:db_conf_key db1 Connect success !
req_id:1490669671708523,date:2017-03-28 10:54:31,qt:list,msg:SELECT b.`id`, b.`content`, b.`type` FROM que_title_question a RIGHT JOIN que_question b ON a.`question_id` = b.`id` WhERE a.`questionnaire_id` != 1 OR a.`questionnaire_id` IS NULL LIMIT 0, 15
req_id:1490669671708523,date:2017-03-28 10:54:31,qt:list,msg:query info : null
req_id:1490669671724148,date:2017-03-28 10:54:31,qt:questionnaire,msg:db_conf_key db1 Connect success !
req_id:1490669671724148,date:2017-03-28 10:54:31,qt:questionnaire,msg:SELECT `id`, `title` FROM `que_title` WHERE id = '1' 
req_id:1490669671724148,date:2017-03-28 10:54:31,qt:questionnaire,msg:SELECT `questionnaire_id`, `question_id` FROM `que_title_question` WHERE questionnaire_id = '1' 
req_id:1490669671724148,date:2017-03-28 10:54:31,qt:questionnaire,msg:db_conf_key db1 Connect success !
req_id:1490669671724148,date:2017-03-28 10:54:31,qt:questionnaire,msg:SELECT `id`, `content`, `type` FROM `que_question` WHERE id in (1,2,3,4,5,6,7,8,9,10,11,12,13,14,15,16,17,18,19,20,21,22,23,24,25,26,27,28,29,30,31,32,33,34,35,36,37,38,39,40,41,42,43,44,45,46,47,48,49,50,51,52,53,54,55,56,57,58,59,60,61,62,63,64) 
req_id:1490669671724148,date:2017-03-28 10:54:31,qt:questionnaire,msg:db_conf_key db1 Connect success !
req_id:1490669671724148,date:2017-03-28 10:54:31,qt:questionnaire,msg:SELECT `id`, `content`, `question_id`, `order` FROM `que_option` WHERE question_id in (1,2,3,4,5,6,7,8,9,10,11,12,13,14,15,16,17,18,19,20,21,22,23,24,25,26,27,28,29,30,31,32,33,34,35,36,37,38,39,40,41,42,43,44,45,46,47,48,49,50,51,52,53,54,55,56,57,58,59,60,61,62,63,64) 
req_id:1490669671724148,date:2017-03-28 10:54:31,qt:questionnaire,msg:query info : null
req_id:1490669686130398,date:2017-03-28 10:54:46,qt:questionnaire,msg:db_conf_key db1 Connect success !
req_id:1490669686130398,date:2017-03-28 10:54:46,qt:questionnaire,msg:SELECT `id`, `title` FROM `que_title` WHERE id = '1' 
req_id:1490669686130398,date:2017-03-28 10:54:46,qt:questionnaire,msg:SELECT `questionnaire_id`, `question_id` FROM `que_title_question` WHERE questionnaire_id = '1' 
req_id:1490669686130398,date:2017-03-28 10:54:46,qt:questionnaire,msg:db_conf_key db1 Connect success !
req_id:1490669686130398,date:2017-03-28 10:54:46,qt:questionnaire,msg:SELECT `id`, `content`, `type` FROM `que_question` WHERE id in (1,2,3,4,5,6,7,8,9,10,11,12,13,14,15,16,17,18,19,20,21,22,23,24,25,26,27,28,29,30,31,32,33,34,35,36,37,38,39,40,41,42,43,44,45,46,47,48,49,50,51,52,53,54,55,56,57,58,59,60,61,62,63,64) 
req_id:1490669686130398,date:2017-03-28 10:54:46,qt:questionnaire,msg:db_conf_key db1 Connect success !
req_id:1490669686130398,date:2017-03-28 10:54:46,qt:questionnaire,msg:SELECT `id`, `content`, `question_id`, `order` FROM `que_option` WHERE question_id in (1,2,3,4,5,6,7,8,9,10,11,12,13,14,15,16,17,18,19,20,21,22,23,24,25,26,27,28,29,30,31,32,33,34,35,36,37,38,39,40,41,42,43,44,45,46,47,48,49,50,51,52,53,54,55,56,57,58,59,60,61,62,63,64) 
req_id:1490669686130398,date:2017-03-28 10:54:46,qt:questionnaire,msg:query info : null
req_id:1490669686208523,date:2017-03-28 10:54:46,qt:list,msg:db_conf_key db1 Connect success !
req_id:1490669686208523,date:2017-03-28 10:54:46,qt:list,msg:SELECT b.`id`, b.`content`, b.`type` FROM que_title_question a RIGHT JOIN que_question b ON a.`question_id` = b.`id` WhERE a.`questionnaire_id` != 1 OR a.`questionnaire_id` IS NULL LIMIT 0, 15
req_id:1490669686208523,date:2017-03-28 10:54:46,qt:list,msg:query info : null
req_id:1490669933630398,date:2017-03-28 10:58:53,qt:questionnaire,msg:db_conf_key db1 Connect success !
req_id:1490669933630398,date:2017-03-28 10:58:53,qt:questionnaire,msg:SELECT `id`, `title` FROM `que_title` WHERE id = '1' 
req_id:1490669933630398,date:2017-03-28 10:58:53,qt:questionnaire,msg:SELECT `questionnaire_id`, `question_id` FROM `que_title_question` WHERE questionnaire_id = '1' 
req_id:1490669933630398,date:2017-03-28 10:58:53,qt:questionnaire,msg:db_conf_key db1 Connect success !
req_id:1490669933630398,date:2017-03-28 10:58:53,qt:questionnaire,msg:SELECT `id`, `content`, `type` FROM `que_question` WHERE id in (1,2,3,4,5,6,7,8,9,10,11,12,13,14,15,16,17,18,19,20,21,22,23,24,25,26,27,28,29,30,31,32,33,34,35,36,37,38,39,40,41,42,43,44,45,46,47,48,49,50,51,52,53,54,55,56,57,58,59,60,61,62,63,64) 
req_id:1490669933630398,date:2017-03-28 10:58:53,qt:questionnaire,msg:db_conf_key db1 Connect success !
req_id:1490669933630398,date:2017-03-28 10:58:53,qt:questionnaire,msg:SELECT `id`, `content`, `question_id`, `order` FROM `que_option` WHERE question_id in (1,2,3,4,5,6,7,8,9,10,11,12,13,14,15,16,17,18,19,20,21,22,23,24,25,26,27,28,29,30,31,32,33,34,35,36,37,38,39,40,41,42,43,44,45,46,47,48,49,50,51,52,53,54,55,56,57,58,59,60,61,62,63,64) 
req_id:1490669933630398,date:2017-03-28 10:58:53,qt:questionnaire,msg:query info : null
req_id:1490669933692898,date:2017-03-28 10:58:53,qt:list,msg:db_conf_key db1 Connect success !
req_id:1490669933692898,date:2017-03-28 10:58:53,qt:list,msg:SELECT b.`id`, b.`content`, b.`type` FROM que_title_question a RIGHT JOIN que_question b ON a.`question_id` = b.`id` WhERE a.`questionnaire_id` != 1 OR a.`questionnaire_id` IS NULL LIMIT 0, 15
req_id:1490669933692898,date:2017-03-28 10:58:53,qt:list,msg:query info : null
req_id:1490669947130398,date:2017-03-28 10:59:07,qt:questionnaire,msg:db_conf_key db1 Connect success !
req_id:1490669947130398,date:2017-03-28 10:59:07,qt:questionnaire,msg:SELECT `id`, `title` FROM `que_title` WHERE id = '1' 
req_id:1490669947130398,date:2017-03-28 10:59:07,qt:questionnaire,msg:SELECT `questionnaire_id`, `question_id` FROM `que_title_question` WHERE questionnaire_id = '1' 
req_id:1490669947130398,date:2017-03-28 10:59:07,qt:questionnaire,msg:db_conf_key db1 Connect success !
req_id:1490669947130398,date:2017-03-28 10:59:07,qt:questionnaire,msg:SELECT `id`, `content`, `type` FROM `que_question` WHERE id in (1,2,3,4,5,6,7,8,9,10,11,12,13,14,15,16,17,18,19,20,21,22,23,24,25,26,27,28,29,30,31,32,33,34,35,36,37,38,39,40,41,42,43,44,45,46,47,48,49,50,51,52,53,54,55,56,57,58,59,60,61,62,63,64) 
req_id:1490669947130398,date:2017-03-28 10:59:07,qt:questionnaire,msg:db_conf_key db1 Connect success !
req_id:1490669947130398,date:2017-03-28 10:59:07,qt:questionnaire,msg:SELECT `id`, `content`, `question_id`, `order` FROM `que_option` WHERE question_id in (1,2,3,4,5,6,7,8,9,10,11,12,13,14,15,16,17,18,19,20,21,22,23,24,25,26,27,28,29,30,31,32,33,34,35,36,37,38,39,40,41,42,43,44,45,46,47,48,49,50,51,52,53,54,55,56,57,58,59,60,61,62,63,64) 
req_id:1490669947130398,date:2017-03-28 10:59:07,qt:questionnaire,msg:query info : null
req_id:1490669947208523,date:2017-03-28 10:59:07,qt:list,msg:db_conf_key db1 Connect success !
req_id:1490669947208523,date:2017-03-28 10:59:07,qt:list,msg:SELECT b.`id`, b.`content`, b.`type` FROM que_title_question a RIGHT JOIN que_question b ON a.`question_id` = b.`id` WhERE a.`questionnaire_id` != 1 OR a.`questionnaire_id` IS NULL LIMIT 0, 15
req_id:1490669947208523,date:2017-03-28 10:59:07,qt:list,msg:query info : null
req_id:149067044736648,date:2017-03-28 11:07:27,qt:list,msg:db_conf_key db1 Connect success !
req_id:149067044736648,date:2017-03-28 11:07:27,qt:list,msg:SELECT b.`id`, b.`content`, b.`type` FROM que_title_question a RIGHT JOIN que_question b ON a.`question_id` = b.`id` WhERE a.`questionnaire_id` != 1 OR a.`questionnaire_id` IS NULL LIMIT 0, 15
req_id:149067044736648,date:2017-03-28 11:07:27,qt:list,msg:query info : null
req_id:149067044783523,date:2017-03-28 11:07:27,qt:questionnaire,msg:db_conf_key db1 Connect success !
req_id:149067044783523,date:2017-03-28 11:07:27,qt:questionnaire,msg:SELECT `id`, `title` FROM `que_title` WHERE id = '1' 
req_id:149067044783523,date:2017-03-28 11:07:27,qt:questionnaire,msg:SELECT `questionnaire_id`, `question_id` FROM `que_title_question` WHERE questionnaire_id = '1' 
req_id:149067044783523,date:2017-03-28 11:07:27,qt:questionnaire,msg:db_conf_key db1 Connect success !
req_id:149067044783523,date:2017-03-28 11:07:27,qt:questionnaire,msg:SELECT `id`, `content`, `type` FROM `que_question` WHERE id in (1,2,3,4,5,6,7,8,9,10,11,12,13,14,15,16,17,18,19,20,21,22,23,24,25,26,27,28,29,30,31,32,33,34,35,36,37,38,39,40,41,42,43,44,45,46,47,48,49,50,51,52,53,54,55,56,57,58,59,60,61,62,63,64) 
req_id:149067044783523,date:2017-03-28 11:07:27,qt:questionnaire,msg:db_conf_key db1 Connect success !
req_id:149067044783523,date:2017-03-28 11:07:27,qt:questionnaire,msg:SELECT `id`, `content`, `question_id`, `order` FROM `que_option` WHERE question_id in (1,2,3,4,5,6,7,8,9,10,11,12,13,14,15,16,17,18,19,20,21,22,23,24,25,26,27,28,29,30,31,32,33,34,35,36,37,38,39,40,41,42,43,44,45,46,47,48,49,50,51,52,53,54,55,56,57,58,59,60,61,62,63,64) 
req_id:149067044783523,date:2017-03-28 11:07:27,qt:questionnaire,msg:query info : null
req_id:1490670494942898,date:2017-03-28 11:08:14,qt:questionnaire,msg:db_conf_key db1 Connect success !
req_id:1490670494942898,date:2017-03-28 11:08:14,qt:questionnaire,msg:SELECT `id`, `title` FROM `que_title` WHERE id = '1' 
req_id:1490670494942898,date:2017-03-28 11:08:14,qt:questionnaire,msg:SELECT `questionnaire_id`, `question_id` FROM `que_title_question` WHERE questionnaire_id = '1' 
req_id:1490670494942898,date:2017-03-28 11:08:14,qt:questionnaire,msg:db_conf_key db1 Connect success !
req_id:1490670494942898,date:2017-03-28 11:08:14,qt:questionnaire,msg:SELECT `id`, `content`, `type` FROM `que_question` WHERE id in (1,2,3,4,5,6,7,8,9,10,11,12,13,14,15,16,17,18,19,20,21,22,23,24,25,26,27,28,29,30,31,32,33,34,35,36,37,38,39,40,41,42,43,44,45,46,47,48,49,50,51,52,53,54,55,56,57,58,59,60,61,62,63,64) 
req_id:1490670494942898,date:2017-03-28 11:08:14,qt:questionnaire,msg:db_conf_key db1 Connect success !
req_id:1490670494942898,date:2017-03-28 11:08:14,qt:questionnaire,msg:SELECT `id`, `content`, `question_id`, `order` FROM `que_option` WHERE question_id in (1,2,3,4,5,6,7,8,9,10,11,12,13,14,15,16,17,18,19,20,21,22,23,24,25,26,27,28,29,30,31,32,33,34,35,36,37,38,39,40,41,42,43,44,45,46,47,48,49,50,51,52,53,54,55,56,57,58,59,60,61,62,63,64) 
req_id:1490670494942898,date:2017-03-28 11:08:14,qt:questionnaire,msg:query info : null
req_id:1490670494974148,date:2017-03-28 11:08:15,qt:list,msg:db_conf_key db1 Connect success !
req_id:1490670494974148,date:2017-03-28 11:08:15,qt:list,msg:SELECT b.`id`, b.`content`, b.`type` FROM que_title_question a RIGHT JOIN que_question b ON a.`question_id` = b.`id` WhERE a.`questionnaire_id` != 1 OR a.`questionnaire_id` IS NULL LIMIT 0, 15
req_id:1490670494974148,date:2017-03-28 11:08:15,qt:list,msg:query info : null
req_id:1490670538927273,date:2017-03-28 11:08:58,qt:questionnaire,msg:db_conf_key db1 Connect success !
req_id:1490670538927273,date:2017-03-28 11:08:58,qt:questionnaire,msg:SELECT `id`, `title` FROM `que_title` WHERE id = '1' 
req_id:1490670538927273,date:2017-03-28 11:08:58,qt:questionnaire,msg:SELECT `questionnaire_id`, `question_id` FROM `que_title_question` WHERE questionnaire_id = '1' 
req_id:1490670538927273,date:2017-03-28 11:08:58,qt:questionnaire,msg:db_conf_key db1 Connect success !
req_id:1490670538927273,date:2017-03-28 11:08:58,qt:questionnaire,msg:SELECT `id`, `content`, `type` FROM `que_question` WHERE id in (1,2,3,4,5,6,7,8,9,10,11,12,13,14,15,16,17,18,19,20,21,22,23,24,25,26,27,28,29,30,31,32,33,34,35,36,37,38,39,40,41,42,43,44,45,46,47,48,49,50,51,52,53,54,55,56,57,58,59,60,61,62,63,64) 
req_id:1490670538927273,date:2017-03-28 11:08:58,qt:questionnaire,msg:db_conf_key db1 Connect success !
req_id:1490670538927273,date:2017-03-28 11:08:58,qt:questionnaire,msg:SELECT `id`, `content`, `question_id`, `order` FROM `que_option` WHERE question_id in (1,2,3,4,5,6,7,8,9,10,11,12,13,14,15,16,17,18,19,20,21,22,23,24,25,26,27,28,29,30,31,32,33,34,35,36,37,38,39,40,41,42,43,44,45,46,47,48,49,50,51,52,53,54,55,56,57,58,59,60,61,62,63,64) 
req_id:1490670538927273,date:2017-03-28 11:08:58,qt:questionnaire,msg:query info : null
req_id:1490670538974148,date:2017-03-28 11:08:58,qt:list,msg:db_conf_key db1 Connect success !
req_id:1490670538974148,date:2017-03-28 11:08:58,qt:list,msg:SELECT b.`id`, b.`content`, b.`type` FROM que_title_question a RIGHT JOIN que_question b ON a.`question_id` = b.`id` WhERE a.`questionnaire_id` != 1 OR a.`questionnaire_id` IS NULL LIMIT 0, 15
req_id:1490670538974148,date:2017-03-28 11:08:58,qt:list,msg:query info : null
req_id:1490670980458523,date:2017-03-28 11:16:20,qt:default,msg:query info : null
req_id:1490692084755398,date:2017-03-28 17:08:04,qt:questionnaire,msg:db_conf_key db1 Connect success !
req_id:1490692084755398,date:2017-03-28 17:08:04,qt:questionnaire,msg:SELECT `id`, `title` FROM `que_title` WHERE id = '1' 
req_id:1490692084755398,date:2017-03-28 17:08:04,qt:questionnaire,msg:SELECT `questionnaire_id`, `question_id` FROM `que_title_question` WHERE questionnaire_id = '1' 
req_id:1490692084755398,date:2017-03-28 17:08:04,qt:questionnaire,msg:db_conf_key db1 Connect success !
req_id:1490692084755398,date:2017-03-28 17:08:04,qt:questionnaire,msg:SELECT `id`, `content`, `type` FROM `que_question` WHERE id in (1,2,3,4,5,6,7,8,9,10,11,12,13,14,15,16,17,18,19,20,21,22,23,24,25,26,27,28,29,30,31,32,33,34,35,36,37,38,39,40,41,42,43,44,45,46,47,48,49,50,51,52,53,54,55,56,57,58,59,60,61,62,63,64) 
req_id:1490692084755398,date:2017-03-28 17:08:04,qt:questionnaire,msg:db_conf_key db1 Connect success !
req_id:1490692084755398,date:2017-03-28 17:08:04,qt:questionnaire,msg:SELECT `id`, `content`, `question_id`, `order` FROM `que_option` WHERE question_id in (1,2,3,4,5,6,7,8,9,10,11,12,13,14,15,16,17,18,19,20,21,22,23,24,25,26,27,28,29,30,31,32,33,34,35,36,37,38,39,40,41,42,43,44,45,46,47,48,49,50,51,52,53,54,55,56,57,58,59,60,61,62,63,64) 
req_id:1490692084755398,date:2017-03-28 17:08:04,qt:questionnaire,msg:query info : null
req_id:1490692084802273,date:2017-03-28 17:08:04,qt:list,msg:db_conf_key db1 Connect success !
req_id:1490692084802273,date:2017-03-28 17:08:04,qt:list,msg:SELECT b.`id`, b.`content`, b.`type` FROM que_title_question a RIGHT JOIN que_question b ON a.`question_id` = b.`id` WhERE a.`questionnaire_id` != 1 OR a.`questionnaire_id` IS NULL LIMIT 0, 15
req_id:1490692084802273,date:2017-03-28 17:08:04,qt:list,msg:query info : null
req_id:149069222899148,date:2017-03-28 17:10:28,qt:list,msg:db_conf_key db1 Connect success !
req_id:149069222899148,date:2017-03-28 17:10:28,qt:list,msg:SELECT b.`id`, b.`content`, b.`type` FROM que_title_question a RIGHT JOIN que_question b ON a.`question_id` = b.`id` WhERE a.`questionnaire_id` != 1 OR a.`questionnaire_id` IS NULL LIMIT 0, 15
req_id:149069222899148,date:2017-03-28 17:10:28,qt:list,msg:query info : null
req_id:1490692228130398,date:2017-03-28 17:10:28,qt:questionnaire,msg:db_conf_key db1 Connect success !
req_id:1490692228130398,date:2017-03-28 17:10:28,qt:questionnaire,msg:SELECT `id`, `title` FROM `que_title` WHERE id = '1' 
req_id:1490692228130398,date:2017-03-28 17:10:28,qt:questionnaire,msg:SELECT `questionnaire_id`, `question_id` FROM `que_title_question` WHERE questionnaire_id = '1' 
req_id:1490692228130398,date:2017-03-28 17:10:28,qt:questionnaire,msg:db_conf_key db1 Connect success !
req_id:1490692228130398,date:2017-03-28 17:10:28,qt:questionnaire,msg:SELECT `id`, `content`, `type` FROM `que_question` WHERE id in (1,2,3,4,5,6,7,8,9,10,11,12,13,14,15,16,17,18,19,20,21,22,23,24,25,26,27,28,29,30,31,32,33,34,35,36,37,38,39,40,41,42,43,44,45,46,47,48,49,50,51,52,53,54,55,56,57,58,59,60,61,62,63,64) 
req_id:1490692228130398,date:2017-03-28 17:10:28,qt:questionnaire,msg:db_conf_key db1 Connect success !
req_id:1490692228130398,date:2017-03-28 17:10:28,qt:questionnaire,msg:SELECT `id`, `content`, `question_id`, `order` FROM `que_option` WHERE question_id in (1,2,3,4,5,6,7,8,9,10,11,12,13,14,15,16,17,18,19,20,21,22,23,24,25,26,27,28,29,30,31,32,33,34,35,36,37,38,39,40,41,42,43,44,45,46,47,48,49,50,51,52,53,54,55,56,57,58,59,60,61,62,63,64) 
req_id:1490692228130398,date:2017-03-28 17:10:28,qt:questionnaire,msg:query info : null
req_id:1490692272849148,date:2017-03-28 17:11:12,qt:questionnaire,msg:db_conf_key db1 Connect success !
req_id:1490692272849148,date:2017-03-28 17:11:12,qt:questionnaire,msg:SELECT `id`, `title` FROM `que_title` WHERE id = '1' 
req_id:1490692272849148,date:2017-03-28 17:11:12,qt:questionnaire,msg:SELECT `questionnaire_id`, `question_id` FROM `que_title_question` WHERE questionnaire_id = '1' 
req_id:1490692272849148,date:2017-03-28 17:11:12,qt:questionnaire,msg:db_conf_key db1 Connect success !
req_id:1490692272849148,date:2017-03-28 17:11:12,qt:questionnaire,msg:SELECT `id`, `content`, `type` FROM `que_question` WHERE id in (1,2,3,4,5,6,7,8,9,10,11,12,13,14,15,16,17,18,19,20,21,22,23,24,25,26,27,28,29,30,31,32,33,34,35,36,37,38,39,40,41,42,43,44,45,46,47,48,49,50,51,52,53,54,55,56,57,58,59,60,61,62,63,64) 
req_id:1490692272849148,date:2017-03-28 17:11:12,qt:questionnaire,msg:db_conf_key db1 Connect success !
req_id:1490692272849148,date:2017-03-28 17:11:12,qt:questionnaire,msg:SELECT `id`, `content`, `question_id`, `order` FROM `que_option` WHERE question_id in (1,2,3,4,5,6,7,8,9,10,11,12,13,14,15,16,17,18,19,20,21,22,23,24,25,26,27,28,29,30,31,32,33,34,35,36,37,38,39,40,41,42,43,44,45,46,47,48,49,50,51,52,53,54,55,56,57,58,59,60,61,62,63,64) 
req_id:1490692272849148,date:2017-03-28 17:11:12,qt:questionnaire,msg:query info : null
req_id:1490692272880398,date:2017-03-28 17:11:12,qt:list,msg:db_conf_key db1 Connect success !
req_id:1490692272880398,date:2017-03-28 17:11:12,qt:list,msg:SELECT b.`id`, b.`content`, b.`type` FROM que_title_question a RIGHT JOIN que_question b ON a.`question_id` = b.`id` WhERE a.`questionnaire_id` != 1 OR a.`questionnaire_id` IS NULL LIMIT 0, 15
req_id:1490692272880398,date:2017-03-28 17:11:12,qt:list,msg:query info : null
req_id:1490692353146023,date:2017-03-28 17:12:33,qt:list,msg:db_conf_key db1 Connect success !
req_id:1490692353146023,date:2017-03-28 17:12:33,qt:list,msg:SELECT b.`id`, b.`content`, b.`type` FROM que_title_question a RIGHT JOIN que_question b ON a.`question_id` = b.`id` WhERE a.`questionnaire_id` != 1 OR a.`questionnaire_id` IS NULL LIMIT 0, 15
req_id:1490692353146023,date:2017-03-28 17:12:33,qt:list,msg:query info : null
req_id:1490692353192898,date:2017-03-28 17:12:33,qt:questionnaire,msg:db_conf_key db1 Connect success !
req_id:1490692353192898,date:2017-03-28 17:12:33,qt:questionnaire,msg:SELECT `id`, `title` FROM `que_title` WHERE id = '1' 
req_id:1490692353192898,date:2017-03-28 17:12:33,qt:questionnaire,msg:SELECT `questionnaire_id`, `question_id` FROM `que_title_question` WHERE questionnaire_id = '1' 
req_id:1490692353192898,date:2017-03-28 17:12:33,qt:questionnaire,msg:db_conf_key db1 Connect success !
req_id:1490692353192898,date:2017-03-28 17:12:33,qt:questionnaire,msg:SELECT `id`, `content`, `type` FROM `que_question` WHERE id in (1,2,3,4,5,6,7,8,9,10,11,12,13,14,15,16,17,18,19,20,21,22,23,24,25,26,27,28,29,30,31,32,33,34,35,36,37,38,39,40,41,42,43,44,45,46,47,48,49,50,51,52,53,54,55,56,57,58,59,60,61,62,63,64) 
req_id:1490692353192898,date:2017-03-28 17:12:33,qt:questionnaire,msg:db_conf_key db1 Connect success !
req_id:1490692353192898,date:2017-03-28 17:12:33,qt:questionnaire,msg:SELECT `id`, `content`, `question_id`, `order` FROM `que_option` WHERE question_id in (1,2,3,4,5,6,7,8,9,10,11,12,13,14,15,16,17,18,19,20,21,22,23,24,25,26,27,28,29,30,31,32,33,34,35,36,37,38,39,40,41,42,43,44,45,46,47,48,49,50,51,52,53,54,55,56,57,58,59,60,61,62,63,64) 
req_id:1490692353192898,date:2017-03-28 17:12:33,qt:questionnaire,msg:query info : null
req_id:1490692374302273,date:2017-03-28 17:12:54,qt:questionnaire,msg:db_conf_key db1 Connect success !
req_id:1490692374302273,date:2017-03-28 17:12:54,qt:questionnaire,msg:SELECT `id`, `title` FROM `que_title` WHERE id = '1' 
req_id:1490692374302273,date:2017-03-28 17:12:54,qt:questionnaire,msg:SELECT `questionnaire_id`, `question_id` FROM `que_title_question` WHERE questionnaire_id = '1' 
req_id:1490692374302273,date:2017-03-28 17:12:54,qt:questionnaire,msg:db_conf_key db1 Connect success !
req_id:1490692374302273,date:2017-03-28 17:12:54,qt:questionnaire,msg:SELECT `id`, `content`, `type` FROM `que_question` WHERE id in (1,2,3,4,5,6,7,8,9,10,11,12,13,14,15,16,17,18,19,20,21,22,23,24,25,26,27,28,29,30,31,32,33,34,35,36,37,38,39,40,41,42,43,44,45,46,47,48,49,50,51,52,53,54,55,56,57,58,59,60,61,62,63,64) 
req_id:1490692374302273,date:2017-03-28 17:12:54,qt:questionnaire,msg:db_conf_key db1 Connect success !
req_id:1490692374302273,date:2017-03-28 17:12:54,qt:questionnaire,msg:SELECT `id`, `content`, `question_id`, `order` FROM `que_option` WHERE question_id in (1,2,3,4,5,6,7,8,9,10,11,12,13,14,15,16,17,18,19,20,21,22,23,24,25,26,27,28,29,30,31,32,33,34,35,36,37,38,39,40,41,42,43,44,45,46,47,48,49,50,51,52,53,54,55,56,57,58,59,60,61,62,63,64) 
req_id:1490692374302273,date:2017-03-28 17:12:54,qt:questionnaire,msg:query info : null
req_id:1490692374349148,date:2017-03-28 17:12:54,qt:list,msg:db_conf_key db1 Connect success !
req_id:1490692374349148,date:2017-03-28 17:12:54,qt:list,msg:SELECT b.`id`, b.`content`, b.`type` FROM que_title_question a RIGHT JOIN que_question b ON a.`question_id` = b.`id` WhERE a.`questionnaire_id` != 1 OR a.`questionnaire_id` IS NULL LIMIT 0, 15
req_id:1490692374349148,date:2017-03-28 17:12:54,qt:list,msg:query info : null
req_id:1490692480786648,date:2017-03-28 17:14:40,qt:list,msg:db_conf_key db1 Connect success !
req_id:1490692480786648,date:2017-03-28 17:14:40,qt:list,msg:SELECT b.`id`, b.`content`, b.`type` FROM que_title_question a RIGHT JOIN que_question b ON a.`question_id` = b.`id` WhERE a.`questionnaire_id` != 1 OR a.`questionnaire_id` IS NULL LIMIT 0, 15
req_id:1490692480786648,date:2017-03-28 17:14:40,qt:list,msg:query info : null
req_id:1490692480817898,date:2017-03-28 17:14:40,qt:questionnaire,msg:db_conf_key db1 Connect success !
req_id:1490692480817898,date:2017-03-28 17:14:40,qt:questionnaire,msg:SELECT `id`, `title` FROM `que_title` WHERE id = '1' 
req_id:1490692480817898,date:2017-03-28 17:14:40,qt:questionnaire,msg:SELECT `questionnaire_id`, `question_id` FROM `que_title_question` WHERE questionnaire_id = '1' 
req_id:1490692480817898,date:2017-03-28 17:14:40,qt:questionnaire,msg:db_conf_key db1 Connect success !
req_id:1490692480817898,date:2017-03-28 17:14:40,qt:questionnaire,msg:SELECT `id`, `content`, `type` FROM `que_question` WHERE id in (1,2,3,4,5,6,7,8,9,10,11,12,13,14,15,16,17,18,19,20,21,22,23,24,25,26,27,28,29,30,31,32,33,34,35,36,37,38,39,40,41,42,43,44,45,46,47,48,49,50,51,52,53,54,55,56,57,58,59,60,61,62,63,64) 
req_id:1490692480817898,date:2017-03-28 17:14:40,qt:questionnaire,msg:db_conf_key db1 Connect success !
req_id:1490692480817898,date:2017-03-28 17:14:40,qt:questionnaire,msg:SELECT `id`, `content`, `question_id`, `order` FROM `que_option` WHERE question_id in (1,2,3,4,5,6,7,8,9,10,11,12,13,14,15,16,17,18,19,20,21,22,23,24,25,26,27,28,29,30,31,32,33,34,35,36,37,38,39,40,41,42,43,44,45,46,47,48,49,50,51,52,53,54,55,56,57,58,59,60,61,62,63,64) 
req_id:1490692480817898,date:2017-03-28 17:14:40,qt:questionnaire,msg:query info : null
req_id:1490692554567898,date:2017-03-28 17:15:54,qt:list,msg:db_conf_key db1 Connect success !
req_id:1490692554567898,date:2017-03-28 17:15:54,qt:list,msg:SELECT b.`id`, b.`content`, b.`type` FROM que_title_question a RIGHT JOIN que_question b ON a.`question_id` = b.`id` WhERE a.`questionnaire_id` != 1 OR a.`questionnaire_id` IS NULL LIMIT 0, 15
req_id:1490692554567898,date:2017-03-28 17:15:54,qt:list,msg:query info : null
req_id:1490692554599148,date:2017-03-28 17:15:54,qt:questionnaire,msg:db_conf_key db1 Connect success !
req_id:1490692554599148,date:2017-03-28 17:15:54,qt:questionnaire,msg:SELECT `id`, `title` FROM `que_title` WHERE id = '1' 
req_id:1490692554599148,date:2017-03-28 17:15:54,qt:questionnaire,msg:SELECT `questionnaire_id`, `question_id` FROM `que_title_question` WHERE questionnaire_id = '1' 
req_id:1490692554599148,date:2017-03-28 17:15:54,qt:questionnaire,msg:db_conf_key db1 Connect success !
req_id:1490692554599148,date:2017-03-28 17:15:54,qt:questionnaire,msg:SELECT `id`, `content`, `type` FROM `que_question` WHERE id in (1,2,3,4,5,6,7,8,9,10,11,12,13,14,15,16,17,18,19,20,21,22,23,24,25,26,27,28,29,30,31,32,33,34,35,36,37,38,39,40,41,42,43,44,45,46,47,48,49,50,51,52,53,54,55,56,57,58,59,60,61,62,63,64) 
req_id:1490692554599148,date:2017-03-28 17:15:54,qt:questionnaire,msg:db_conf_key db1 Connect success !
req_id:1490692554599148,date:2017-03-28 17:15:54,qt:questionnaire,msg:SELECT `id`, `content`, `question_id`, `order` FROM `que_option` WHERE question_id in (1,2,3,4,5,6,7,8,9,10,11,12,13,14,15,16,17,18,19,20,21,22,23,24,25,26,27,28,29,30,31,32,33,34,35,36,37,38,39,40,41,42,43,44,45,46,47,48,49,50,51,52,53,54,55,56,57,58,59,60,61,62,63,64) 
req_id:1490692554599148,date:2017-03-28 17:15:54,qt:questionnaire,msg:query info : null
req_id:1490692577833523,date:2017-03-28 17:16:17,qt:questionnaire,msg:db_conf_key db1 Connect success !
req_id:1490692577833523,date:2017-03-28 17:16:17,qt:questionnaire,msg:SELECT `id`, `title` FROM `que_title` WHERE id = '1' 
req_id:1490692577833523,date:2017-03-28 17:16:17,qt:questionnaire,msg:SELECT `questionnaire_id`, `question_id` FROM `que_title_question` WHERE questionnaire_id = '1' 
req_id:1490692577833523,date:2017-03-28 17:16:17,qt:questionnaire,msg:db_conf_key db1 Connect success !
req_id:1490692577833523,date:2017-03-28 17:16:17,qt:questionnaire,msg:SELECT `id`, `content`, `type` FROM `que_question` WHERE id in (1,2,3,4,5,6,7,8,9,10,11,12,13,14,15,16,17,18,19,20,21,22,23,24,25,26,27,28,29,30,31,32,33,34,35,36,37,38,39,40,41,42,43,44,45,46,47,48,49,50,51,52,53,54,55,56,57,58,59,60,61,62,63,64) 
req_id:1490692577833523,date:2017-03-28 17:16:17,qt:questionnaire,msg:db_conf_key db1 Connect success !
req_id:1490692577833523,date:2017-03-28 17:16:17,qt:questionnaire,msg:SELECT `id`, `content`, `question_id`, `order` FROM `que_option` WHERE question_id in (1,2,3,4,5,6,7,8,9,10,11,12,13,14,15,16,17,18,19,20,21,22,23,24,25,26,27,28,29,30,31,32,33,34,35,36,37,38,39,40,41,42,43,44,45,46,47,48,49,50,51,52,53,54,55,56,57,58,59,60,61,62,63,64) 
req_id:1490692577833523,date:2017-03-28 17:16:17,qt:questionnaire,msg:query info : null
req_id:1490692577911648,date:2017-03-28 17:16:17,qt:list,msg:db_conf_key db1 Connect success !
req_id:1490692577911648,date:2017-03-28 17:16:17,qt:list,msg:SELECT b.`id`, b.`content`, b.`type` FROM que_title_question a RIGHT JOIN que_question b ON a.`question_id` = b.`id` WhERE a.`questionnaire_id` != 1 OR a.`questionnaire_id` IS NULL LIMIT 0, 15
req_id:1490692577911648,date:2017-03-28 17:16:17,qt:list,msg:query info : null
req_id:1490692585739773,date:2017-03-28 17:16:25,qt:questionnaire,msg:db_conf_key db1 Connect success !
req_id:1490692585739773,date:2017-03-28 17:16:25,qt:questionnaire,msg:SELECT `id`, `title` FROM `que_title` WHERE id = '1' 
req_id:1490692585739773,date:2017-03-28 17:16:25,qt:questionnaire,msg:SELECT `questionnaire_id`, `question_id` FROM `que_title_question` WHERE questionnaire_id = '1' 
req_id:1490692585739773,date:2017-03-28 17:16:25,qt:questionnaire,msg:db_conf_key db1 Connect success !
req_id:1490692585739773,date:2017-03-28 17:16:25,qt:questionnaire,msg:SELECT `id`, `content`, `type` FROM `que_question` WHERE id in (1,2,3,4,5,6,7,8,9,10,11,12,13,14,15,16,17,18,19,20,21,22,23,24,25,26,27,28,29,30,31,32,33,34,35,36,37,38,39,40,41,42,43,44,45,46,47,48,49,50,51,52,53,54,55,56,57,58,59,60,61,62,63,64) 
req_id:1490692585739773,date:2017-03-28 17:16:25,qt:questionnaire,msg:db_conf_key db1 Connect success !
req_id:1490692585739773,date:2017-03-28 17:16:25,qt:questionnaire,msg:SELECT `id`, `content`, `question_id`, `order` FROM `que_option` WHERE question_id in (1,2,3,4,5,6,7,8,9,10,11,12,13,14,15,16,17,18,19,20,21,22,23,24,25,26,27,28,29,30,31,32,33,34,35,36,37,38,39,40,41,42,43,44,45,46,47,48,49,50,51,52,53,54,55,56,57,58,59,60,61,62,63,64) 
req_id:1490692585739773,date:2017-03-28 17:16:25,qt:questionnaire,msg:query info : null
req_id:1490692585786648,date:2017-03-28 17:16:25,qt:list,msg:db_conf_key db1 Connect success !
req_id:1490692585786648,date:2017-03-28 17:16:25,qt:list,msg:SELECT b.`id`, b.`content`, b.`type` FROM que_title_question a RIGHT JOIN que_question b ON a.`question_id` = b.`id` WhERE a.`questionnaire_id` != 1 OR a.`questionnaire_id` IS NULL LIMIT 0, 15
req_id:1490692585786648,date:2017-03-28 17:16:25,qt:list,msg:query info : null
req_id:1490692607974148,date:2017-03-28 17:16:47,qt:questionnaire,msg:db_conf_key db1 Connect success !
req_id:1490692607974148,date:2017-03-28 17:16:47,qt:questionnaire,msg:SELECT `id`, `title` FROM `que_title` WHERE id = '1' 
req_id:1490692607974148,date:2017-03-28 17:16:47,qt:questionnaire,msg:SELECT `questionnaire_id`, `question_id` FROM `que_title_question` WHERE questionnaire_id = '1' 
req_id:1490692607974148,date:2017-03-28 17:16:48,qt:questionnaire,msg:db_conf_key db1 Connect success !
req_id:1490692607974148,date:2017-03-28 17:16:48,qt:questionnaire,msg:SELECT `id`, `content`, `type` FROM `que_question` WHERE id in (1,2,3,4,5,6,7,8,9,10,11,12,13,14,15,16,17,18,19,20,21,22,23,24,25,26,27,28,29,30,31,32,33,34,35,36,37,38,39,40,41,42,43,44,45,46,47,48,49,50,51,52,53,54,55,56,57,58,59,60,61,62,63,64) 
req_id:1490692607974148,date:2017-03-28 17:16:48,qt:questionnaire,msg:db_conf_key db1 Connect success !
req_id:1490692607974148,date:2017-03-28 17:16:48,qt:questionnaire,msg:SELECT `id`, `content`, `question_id`, `order` FROM `que_option` WHERE question_id in (1,2,3,4,5,6,7,8,9,10,11,12,13,14,15,16,17,18,19,20,21,22,23,24,25,26,27,28,29,30,31,32,33,34,35,36,37,38,39,40,41,42,43,44,45,46,47,48,49,50,51,52,53,54,55,56,57,58,59,60,61,62,63,64) 
req_id:1490692607974148,date:2017-03-28 17:16:48,qt:questionnaire,msg:query info : null
req_id:149069260821023,date:2017-03-28 17:16:48,qt:list,msg:db_conf_key db1 Connect success !
req_id:149069260821023,date:2017-03-28 17:16:48,qt:list,msg:SELECT b.`id`, b.`content`, b.`type` FROM que_title_question a RIGHT JOIN que_question b ON a.`question_id` = b.`id` WhERE a.`questionnaire_id` != 1 OR a.`questionnaire_id` IS NULL LIMIT 0, 15
req_id:149069260821023,date:2017-03-28 17:16:48,qt:list,msg:query info : null
req_id:1490692648989773,date:2017-03-28 17:17:29,qt:questionnaire,msg:db_conf_key db1 Connect success !
req_id:1490692648989773,date:2017-03-28 17:17:29,qt:questionnaire,msg:SELECT `id`, `title` FROM `que_title` WHERE id = '1' 
req_id:1490692648989773,date:2017-03-28 17:17:29,qt:questionnaire,msg:SELECT `questionnaire_id`, `question_id` FROM `que_title_question` WHERE questionnaire_id = '1' 
req_id:1490692648989773,date:2017-03-28 17:17:29,qt:questionnaire,msg:db_conf_key db1 Connect success !
req_id:1490692648989773,date:2017-03-28 17:17:29,qt:questionnaire,msg:SELECT `id`, `content`, `type` FROM `que_question` WHERE id in (1,2,3,4,5,6,7,8,9,10,11,12,13,14,15,16,17,18,19,20,21,22,23,24,25,26,27,28,29,30,31,32,33,34,35,36,37,38,39,40,41,42,43,44,45,46,47,48,49,50,51,52,53,54,55,56,57,58,59,60,61,62,63,64) 
req_id:1490692648989773,date:2017-03-28 17:17:29,qt:questionnaire,msg:db_conf_key db1 Connect success !
req_id:1490692648989773,date:2017-03-28 17:17:29,qt:questionnaire,msg:SELECT `id`, `content`, `question_id`, `order` FROM `que_option` WHERE question_id in (1,2,3,4,5,6,7,8,9,10,11,12,13,14,15,16,17,18,19,20,21,22,23,24,25,26,27,28,29,30,31,32,33,34,35,36,37,38,39,40,41,42,43,44,45,46,47,48,49,50,51,52,53,54,55,56,57,58,59,60,61,62,63,64) 
req_id:1490692648989773,date:2017-03-28 17:17:29,qt:questionnaire,msg:query info : null
req_id:149069264936648,date:2017-03-28 17:17:29,qt:list,msg:db_conf_key db1 Connect success !
req_id:149069264936648,date:2017-03-28 17:17:29,qt:list,msg:SELECT b.`id`, b.`content`, b.`type` FROM que_title_question a RIGHT JOIN que_question b ON a.`question_id` = b.`id` WhERE a.`questionnaire_id` != 1 OR a.`questionnaire_id` IS NULL LIMIT 0, 15
req_id:149069264936648,date:2017-03-28 17:17:29,qt:list,msg:query info : null
req_id:1490692776271023,date:2017-03-28 17:19:36,qt:list,msg:db_conf_key db1 Connect success !
req_id:1490692776271023,date:2017-03-28 17:19:36,qt:list,msg:SELECT b.`id`, b.`content`, b.`type` FROM que_title_question a RIGHT JOIN que_question b ON a.`question_id` = b.`id` WhERE a.`questionnaire_id` != 1 OR a.`questionnaire_id` IS NULL LIMIT 0, 15
req_id:1490692776271023,date:2017-03-28 17:19:36,qt:list,msg:query info : null
req_id:1490692776302273,date:2017-03-28 17:19:36,qt:questionnaire,msg:db_conf_key db1 Connect success !
req_id:1490692776302273,date:2017-03-28 17:19:36,qt:questionnaire,msg:SELECT `id`, `title` FROM `que_title` WHERE id = '1' 
req_id:1490692776302273,date:2017-03-28 17:19:36,qt:questionnaire,msg:SELECT `questionnaire_id`, `question_id` FROM `que_title_question` WHERE questionnaire_id = '1' 
req_id:1490692776302273,date:2017-03-28 17:19:36,qt:questionnaire,msg:db_conf_key db1 Connect success !
req_id:1490692776302273,date:2017-03-28 17:19:36,qt:questionnaire,msg:SELECT `id`, `content`, `type` FROM `que_question` WHERE id in (1,2,3,4,5,6,7,8,9,10,11,12,13,14,15,16,17,18,19,20,21,22,23,24,25,26,27,28,29,30,31,32,33,34,35,36,37,38,39,40,41,42,43,44,45,46,47,48,49,50,51,52,53,54,55,56,57,58,59,60,61,62,63,64) 
req_id:1490692776302273,date:2017-03-28 17:19:36,qt:questionnaire,msg:db_conf_key db1 Connect success !
req_id:1490692776302273,date:2017-03-28 17:19:36,qt:questionnaire,msg:SELECT `id`, `content`, `question_id`, `order` FROM `que_option` WHERE question_id in (1,2,3,4,5,6,7,8,9,10,11,12,13,14,15,16,17,18,19,20,21,22,23,24,25,26,27,28,29,30,31,32,33,34,35,36,37,38,39,40,41,42,43,44,45,46,47,48,49,50,51,52,53,54,55,56,57,58,59,60,61,62,63,64) 
req_id:1490692776302273,date:2017-03-28 17:19:36,qt:questionnaire,msg:query info : null
req_id:1490692858271023,date:2017-03-28 17:20:58,qt:list,msg:db_conf_key db1 Connect success !
req_id:1490692858271023,date:2017-03-28 17:20:58,qt:list,msg:SELECT b.`id`, b.`content`, b.`type` FROM que_title_question a RIGHT JOIN que_question b ON a.`question_id` = b.`id` WhERE a.`questionnaire_id` != 1 OR a.`questionnaire_id` IS NULL LIMIT 0, 15
req_id:1490692858271023,date:2017-03-28 17:20:58,qt:list,msg:query info : null
req_id:1490692858286648,date:2017-03-28 17:20:58,qt:questionnaire,msg:db_conf_key db1 Connect success !
req_id:1490692858286648,date:2017-03-28 17:20:58,qt:questionnaire,msg:SELECT `id`, `title` FROM `que_title` WHERE id = '1' 
req_id:1490692858286648,date:2017-03-28 17:20:58,qt:questionnaire,msg:SELECT `questionnaire_id`, `question_id` FROM `que_title_question` WHERE questionnaire_id = '1' 
req_id:1490692858286648,date:2017-03-28 17:20:58,qt:questionnaire,msg:db_conf_key db1 Connect success !
req_id:1490692858286648,date:2017-03-28 17:20:58,qt:questionnaire,msg:SELECT `id`, `content`, `type` FROM `que_question` WHERE id in (1,2,3,4,5,6,7,8,9,10,11,12,13,14,15,16,17,18,19,20,21,22,23,24,25,26,27,28,29,30,31,32,33,34,35,36,37,38,39,40,41,42,43,44,45,46,47,48,49,50,51,52,53,54,55,56,57,58,59,60,61,62,63,64) 
req_id:1490692858286648,date:2017-03-28 17:20:58,qt:questionnaire,msg:db_conf_key db1 Connect success !
req_id:1490692858286648,date:2017-03-28 17:20:58,qt:questionnaire,msg:SELECT `id`, `content`, `question_id`, `order` FROM `que_option` WHERE question_id in (1,2,3,4,5,6,7,8,9,10,11,12,13,14,15,16,17,18,19,20,21,22,23,24,25,26,27,28,29,30,31,32,33,34,35,36,37,38,39,40,41,42,43,44,45,46,47,48,49,50,51,52,53,54,55,56,57,58,59,60,61,62,63,64) 
req_id:1490692858286648,date:2017-03-28 17:20:58,qt:questionnaire,msg:query info : null
req_id:1490692860880398,date:2017-03-28 17:21:00,qt:questionnaire,msg:db_conf_key db1 Connect success !
req_id:1490692860880398,date:2017-03-28 17:21:00,qt:questionnaire,msg:SELECT `id`, `title` FROM `que_title` WHERE id = '1' 
req_id:1490692860880398,date:2017-03-28 17:21:00,qt:questionnaire,msg:SELECT `questionnaire_id`, `question_id` FROM `que_title_question` WHERE questionnaire_id = '1' 
req_id:1490692860880398,date:2017-03-28 17:21:00,qt:questionnaire,msg:db_conf_key db1 Connect success !
req_id:1490692860880398,date:2017-03-28 17:21:00,qt:questionnaire,msg:SELECT `id`, `content`, `type` FROM `que_question` WHERE id in (1,2,3,4,5,6,7,8,9,10,11,12,13,14,15,16,17,18,19,20,21,22,23,24,25,26,27,28,29,30,31,32,33,34,35,36,37,38,39,40,41,42,43,44,45,46,47,48,49,50,51,52,53,54,55,56,57,58,59,60,61,62,63,64) 
req_id:1490692860880398,date:2017-03-28 17:21:00,qt:questionnaire,msg:db_conf_key db1 Connect success !
req_id:1490692860880398,date:2017-03-28 17:21:00,qt:questionnaire,msg:SELECT `id`, `content`, `question_id`, `order` FROM `que_option` WHERE question_id in (1,2,3,4,5,6,7,8,9,10,11,12,13,14,15,16,17,18,19,20,21,22,23,24,25,26,27,28,29,30,31,32,33,34,35,36,37,38,39,40,41,42,43,44,45,46,47,48,49,50,51,52,53,54,55,56,57,58,59,60,61,62,63,64) 
req_id:1490692860880398,date:2017-03-28 17:21:00,qt:questionnaire,msg:query info : null
req_id:1490692860911648,date:2017-03-28 17:21:00,qt:list,msg:db_conf_key db1 Connect success !
req_id:1490692860911648,date:2017-03-28 17:21:00,qt:list,msg:SELECT b.`id`, b.`content`, b.`type` FROM que_title_question a RIGHT JOIN que_question b ON a.`question_id` = b.`id` WhERE a.`questionnaire_id` != 1 OR a.`questionnaire_id` IS NULL LIMIT 0, 15
req_id:1490692860911648,date:2017-03-28 17:21:00,qt:list,msg:query info : null
req_id:149069313021023,date:2017-03-28 17:25:30,qt:list,msg:db_conf_key db1 Connect success !
req_id:149069313021023,date:2017-03-28 17:25:30,qt:list,msg:SELECT b.`id`, b.`content`, b.`type` FROM que_title_question a RIGHT JOIN que_question b ON a.`question_id` = b.`id` WhERE a.`questionnaire_id` != 1 OR a.`questionnaire_id` IS NULL LIMIT 0, 15
req_id:149069313021023,date:2017-03-28 17:25:30,qt:list,msg:query info : null
req_id:149069313052273,date:2017-03-28 17:25:30,qt:questionnaire,msg:db_conf_key db1 Connect success !
req_id:149069313052273,date:2017-03-28 17:25:30,qt:questionnaire,msg:SELECT `id`, `title` FROM `que_title` WHERE id = '1' 
req_id:149069313052273,date:2017-03-28 17:25:30,qt:questionnaire,msg:SELECT `questionnaire_id`, `question_id` FROM `que_title_question` WHERE questionnaire_id = '1' 
req_id:149069313052273,date:2017-03-28 17:25:30,qt:questionnaire,msg:db_conf_key db1 Connect success !
req_id:149069313052273,date:2017-03-28 17:25:30,qt:questionnaire,msg:SELECT `id`, `content`, `type` FROM `que_question` WHERE id in (1,2,3,4,5,6,7,8,9,10,11,12,13,14,15,16,17,18,19,20,21,22,23,24,25,26,27,28,29,30,31,32,33,34,35,36,37,38,39,40,41,42,43,44,45,46,47,48,49,50,51,52,53,54,55,56,57,58,59,60,61,62,63,64) 
req_id:149069313052273,date:2017-03-28 17:25:30,qt:questionnaire,msg:db_conf_key db1 Connect success !
req_id:149069313052273,date:2017-03-28 17:25:30,qt:questionnaire,msg:SELECT `id`, `content`, `question_id`, `order` FROM `que_option` WHERE question_id in (1,2,3,4,5,6,7,8,9,10,11,12,13,14,15,16,17,18,19,20,21,22,23,24,25,26,27,28,29,30,31,32,33,34,35,36,37,38,39,40,41,42,43,44,45,46,47,48,49,50,51,52,53,54,55,56,57,58,59,60,61,62,63,64) 
req_id:149069313052273,date:2017-03-28 17:25:30,qt:questionnaire,msg:query info : null
req_id:1490693803333523,date:2017-03-28 17:36:43,qt:list,msg:db_conf_key db1 Connect success !
req_id:1490693803333523,date:2017-03-28 17:36:43,qt:list,msg:SELECT b.`id`, b.`content`, b.`type` FROM que_title_question a RIGHT JOIN que_question b ON a.`question_id` = b.`id` WhERE a.`questionnaire_id` != 1 OR a.`questionnaire_id` IS NULL LIMIT 60, 30
req_id:1490693803333523,date:2017-03-28 17:36:43,qt:list,msg:query info : null
req_id:149069382221023,date:2017-03-28 17:37:02,qt:list,msg:db_conf_key db1 Connect success !
req_id:149069382221023,date:2017-03-28 17:37:02,qt:list,msg:SELECT b.`id`, b.`content`, b.`type` FROM que_title_question a RIGHT JOIN que_question b ON a.`question_id` = b.`id` WhERE a.`questionnaire_id` != 1 OR a.`questionnaire_id` IS NULL LIMIT 30, 30
req_id:149069382221023,date:2017-03-28 17:37:02,qt:list,msg:query info : null
req_id:1490693834817898,date:2017-03-28 17:37:14,qt:questionnaire,msg:db_conf_key db1 Connect success !
req_id:1490693834817898,date:2017-03-28 17:37:14,qt:questionnaire,msg:SELECT `id`, `title` FROM `que_title` WHERE id = '1' 
req_id:1490693834817898,date:2017-03-28 17:37:14,qt:questionnaire,msg:SELECT `questionnaire_id`, `question_id` FROM `que_title_question` WHERE questionnaire_id = '1' 
req_id:1490693834817898,date:2017-03-28 17:37:14,qt:questionnaire,msg:db_conf_key db1 Connect success !
req_id:1490693834817898,date:2017-03-28 17:37:14,qt:questionnaire,msg:SELECT `id`, `content`, `type` FROM `que_question` WHERE id in (1,2,3,4,5,6,7,8,9,10,11,12,13,14,15,16,17,18,19,20,21,22,23,24,25,26,27,28,29,30,31,32,33,34,35,36,37,38,39,40,41,42,43,44,45,46,47,48,49,50,51,52,53,54,55,56,57,58,59,60,61,62,63,64) 
req_id:1490693834817898,date:2017-03-28 17:37:14,qt:questionnaire,msg:db_conf_key db1 Connect success !
req_id:1490693834817898,date:2017-03-28 17:37:14,qt:questionnaire,msg:SELECT `id`, `content`, `question_id`, `order` FROM `que_option` WHERE question_id in (1,2,3,4,5,6,7,8,9,10,11,12,13,14,15,16,17,18,19,20,21,22,23,24,25,26,27,28,29,30,31,32,33,34,35,36,37,38,39,40,41,42,43,44,45,46,47,48,49,50,51,52,53,54,55,56,57,58,59,60,61,62,63,64) 
req_id:1490693834817898,date:2017-03-28 17:37:14,qt:questionnaire,msg:query info : null
req_id:1490693852380398,date:2017-03-28 17:37:32,qt:questionnaire,msg:db_conf_key db1 Connect success !
req_id:1490693852380398,date:2017-03-28 17:37:32,qt:questionnaire,msg:SELECT `id`, `title` FROM `que_title` WHERE id = '2' 
req_id:1490693852380398,date:2017-03-28 17:37:32,qt:questionnaire,msg:SELECT `questionnaire_id`, `question_id` FROM `que_title_question` WHERE questionnaire_id = '2' 
req_id:1490693852380398,date:2017-03-28 17:37:32,qt:questionnaire,msg:db_conf_key db1 Connect success !
req_id:1490693852380398,date:2017-03-28 17:37:32,qt:questionnaire,msg:SELECT `id`, `content`, `type` FROM `que_question` WHERE id in (65,66,67,68,69,70,71,72,73,74,75,76,77,78,79,80,81,82,83,84,85,86,87,88,89,90,91,92,93,94,95,96,97,98,99,100,101,102,103,104,105,106,107,108,109,110,111,112,113,114,115,116,117,118,119,120,121,122,123,124,125,126,127,128,129,130,131,132,133,134,135,136,137,138,139,140,141,142,143,144,145,146,147,148,149) 
req_id:1490693852380398,date:2017-03-28 17:37:32,qt:questionnaire,msg:db_conf_key db1 Connect success !
req_id:1490693852380398,date:2017-03-28 17:37:32,qt:questionnaire,msg:SELECT `id`, `content`, `question_id`, `order` FROM `que_option` WHERE question_id in (65,66,67,68,69,70,71,72,73,74,75,76,77,78,79,80,81,82,83,84,85,86,87,88,89,90,91,92,93,94,95,96,97,98,99,100,101,102,103,104,105,106,107,108,109,110,111,112,113,114,115,116,117,118,119,120,121,122,123,124,125,126,127,128,129,130,131,132,133,134,135,136,137,138,139,140,141,142,143,144,145,146,147,148,149) 
req_id:1490693852380398,date:2017-03-28 17:37:32,qt:questionnaire,msg:query info : null
req_id:1490693978709500,date:2017-03-28 17:39:38,qt:list,msg:db_conf_key db1 Connect success !
req_id:1490693978709500,date:2017-03-28 17:39:38,qt:list,msg:SELECT b.`id`, b.`content`, b.`type` FROM que_title_question a RIGHT JOIN que_question b ON a.`question_id` = b.`id` WhERE a.`questionnaire_id` != 2 OR a.`questionnaire_id` IS NULL LIMIT 20, 20
req_id:1490693978709500,date:2017-03-28 17:39:38,qt:list,msg:query info : null
req_id:1490693991897000,date:2017-03-28 17:39:51,qt:list,msg:db_conf_key db1 Connect success !
req_id:1490693991897000,date:2017-03-28 17:39:51,qt:list,msg:SELECT b.`id`, b.`content`, b.`type` FROM que_title_question a RIGHT JOIN que_question b ON a.`question_id` = b.`id` WhERE a.`questionnaire_id` != 2 OR a.`questionnaire_id` IS NULL LIMIT 0, 20
req_id:1490693991897000,date:2017-03-28 17:39:51,qt:list,msg:query info : null
req_id:1490693999475125,date:2017-03-28 17:39:59,qt:list,msg:db_conf_key db1 Connect success !
req_id:1490693999475125,date:2017-03-28 17:39:59,qt:list,msg:SELECT `id`, `title` FROM `que_title` limit 0, 2
req_id:1490693999475125,date:2017-03-28 17:39:59,qt:list,msg:query info : null
req_id:1490694002553250,date:2017-03-28 17:40:02,qt:questionnaire,msg:db_conf_key db1 Connect success !
req_id:1490694002553250,date:2017-03-28 17:40:02,qt:questionnaire,msg:SELECT `id`, `title` FROM `que_title` WHERE id = '1' 
req_id:1490694002553250,date:2017-03-28 17:40:02,qt:questionnaire,msg:SELECT `questionnaire_id`, `question_id` FROM `que_title_question` WHERE questionnaire_id = '1' 
req_id:1490694002553250,date:2017-03-28 17:40:02,qt:questionnaire,msg:db_conf_key db1 Connect success !
req_id:1490694002553250,date:2017-03-28 17:40:02,qt:questionnaire,msg:SELECT `id`, `content`, `type` FROM `que_question` WHERE id in (1,2,3,4,5,6,7,8,9,10,11,12,13,14,15,16,17,18,19,20,21,22,23,24,25,26,27,28,29,30,31,32,33,34,35,36,37,38,39,40,41,42,43,44,45,46,47,48,49,50,51,52,53,54,55,56,57,58,59,60,61,62,63,64) 
req_id:1490694002553250,date:2017-03-28 17:40:02,qt:questionnaire,msg:db_conf_key db1 Connect success !
req_id:1490694002553250,date:2017-03-28 17:40:02,qt:questionnaire,msg:SELECT `id`, `content`, `question_id`, `order` FROM `que_option` WHERE question_id in (1,2,3,4,5,6,7,8,9,10,11,12,13,14,15,16,17,18,19,20,21,22,23,24,25,26,27,28,29,30,31,32,33,34,35,36,37,38,39,40,41,42,43,44,45,46,47,48,49,50,51,52,53,54,55,56,57,58,59,60,61,62,63,64) 
req_id:1490694002553250,date:2017-03-28 17:40:02,qt:questionnaire,msg:query info : null
req_id:1490710243303250,date:2017-03-28 22:10:43,qt:questionnaire,msg:db_conf_key db1 Connect success !
req_id:1490710243303250,date:2017-03-28 22:10:43,qt:questionnaire,msg:SELECT `id`, `title` FROM `que_title` WHERE id = '1' 
req_id:1490710243303250,date:2017-03-28 22:10:43,qt:questionnaire,msg:SELECT `questionnaire_id`, `question_id` FROM `que_title_question` WHERE questionnaire_id = '1' 
req_id:1490710243303250,date:2017-03-28 22:10:43,qt:questionnaire,msg:db_conf_key db1 Connect success !
req_id:1490710243303250,date:2017-03-28 22:10:43,qt:questionnaire,msg:SELECT `id`, `content`, `type` FROM `que_question` WHERE id in (1,2,3,4,5,6,7,8,9,10,11,12,13,14,15,16,17,18,19,20,21,22,23,24,25,26,27,28,29,30,31,32,33,34,35,36,37,38,39,40,41,42,43,44,45,46,47,48,49,50,51,52,53,54,55,56,57,58,59,60,61,62,63,64) 
req_id:1490710243303250,date:2017-03-28 22:10:43,qt:questionnaire,msg:db_conf_key db1 Connect success !
req_id:1490710243303250,date:2017-03-28 22:10:43,qt:questionnaire,msg:SELECT `id`, `content`, `question_id`, `order` FROM `que_option` WHERE question_id in (1,2,3,4,5,6,7,8,9,10,11,12,13,14,15,16,17,18,19,20,21,22,23,24,25,26,27,28,29,30,31,32,33,34,35,36,37,38,39,40,41,42,43,44,45,46,47,48,49,50,51,52,53,54,55,56,57,58,59,60,61,62,63,64) 
req_id:1490710243303250,date:2017-03-28 22:10:43,qt:questionnaire,msg:query info : null
req_id:1490710243365750,date:2017-03-28 22:10:43,qt:list,msg:db_conf_key db1 Connect success !
req_id:1490710243365750,date:2017-03-28 22:10:43,qt:list,msg:SELECT b.`id`, b.`content`, b.`type` FROM que_title_question a RIGHT JOIN que_question b ON a.`question_id` = b.`id` WhERE a.`questionnaire_id` != 1 OR a.`questionnaire_id` IS NULL LIMIT 0, 15
req_id:1490710243365750,date:2017-03-28 22:10:43,qt:list,msg:query info : null
req_id:1490710281975125,date:2017-03-28 22:11:21,qt:questionnaire,msg:db_conf_key db1 Connect success !
req_id:1490710281975125,date:2017-03-28 22:11:21,qt:questionnaire,msg:SELECT `id`, `title` FROM `que_title` WHERE id = '1' 
req_id:1490710281975125,date:2017-03-28 22:11:21,qt:questionnaire,msg:SELECT `questionnaire_id`, `question_id` FROM `que_title_question` WHERE questionnaire_id = '1' 
req_id:1490710281975125,date:2017-03-28 22:11:22,qt:questionnaire,msg:db_conf_key db1 Connect success !
req_id:1490710281975125,date:2017-03-28 22:11:22,qt:questionnaire,msg:SELECT `id`, `content`, `type` FROM `que_question` WHERE id in (1,2,3,4,5,6,7,8,9,10,11,12,13,14,15,16,17,18,19,20,21,22,23,24,25,26,27,28,29,30,31,32,33,34,35,36,37,38,39,40,41,42,43,44,45,46,47,48,49,50,51,52,53,54,55,56,57,58,59,60,61,62,63,64) 
req_id:1490710281975125,date:2017-03-28 22:11:22,qt:questionnaire,msg:db_conf_key db1 Connect success !
req_id:1490710281975125,date:2017-03-28 22:11:22,qt:questionnaire,msg:SELECT `id`, `content`, `question_id`, `order` FROM `que_option` WHERE question_id in (1,2,3,4,5,6,7,8,9,10,11,12,13,14,15,16,17,18,19,20,21,22,23,24,25,26,27,28,29,30,31,32,33,34,35,36,37,38,39,40,41,42,43,44,45,46,47,48,49,50,51,52,53,54,55,56,57,58,59,60,61,62,63,64) 
req_id:1490710281975125,date:2017-03-28 22:11:22,qt:questionnaire,msg:query info : null
req_id:149071028222000,date:2017-03-28 22:11:22,qt:list,msg:db_conf_key db1 Connect success !
req_id:149071028222000,date:2017-03-28 22:11:22,qt:list,msg:SELECT b.`id`, b.`content`, b.`type` FROM que_title_question a RIGHT JOIN que_question b ON a.`question_id` = b.`id` WhERE a.`questionnaire_id` != 1 OR a.`questionnaire_id` IS NULL LIMIT 0, 15
req_id:149071028222000,date:2017-03-28 22:11:22,qt:list,msg:query info : null
req_id:1490710294397000,date:2017-03-28 22:11:34,qt:questionnaire,msg:db_conf_key db1 Connect success !
req_id:1490710294397000,date:2017-03-28 22:11:34,qt:questionnaire,msg:SELECT `id`, `title` FROM `que_title` WHERE id = '1' 
req_id:1490710294397000,date:2017-03-28 22:11:34,qt:questionnaire,msg:SELECT `questionnaire_id`, `question_id` FROM `que_title_question` WHERE questionnaire_id = '1' 
req_id:1490710294397000,date:2017-03-28 22:11:34,qt:questionnaire,msg:db_conf_key db1 Connect success !
req_id:1490710294397000,date:2017-03-28 22:11:34,qt:questionnaire,msg:SELECT `id`, `content`, `type` FROM `que_question` WHERE id in (1,2,3,4,5,6,7,8,9,10,11,12,13,14,15,16,17,18,19,20,21,22,23,24,25,26,27,28,29,30,31,32,33,34,35,36,37,38,39,40,41,42,43,44,45,46,47,48,49,50,51,52,53,54,55,56,57,58,59,60,61,62,63,64) 
req_id:1490710294397000,date:2017-03-28 22:11:34,qt:questionnaire,msg:db_conf_key db1 Connect success !
req_id:1490710294397000,date:2017-03-28 22:11:34,qt:questionnaire,msg:SELECT `id`, `content`, `question_id`, `order` FROM `que_option` WHERE question_id in (1,2,3,4,5,6,7,8,9,10,11,12,13,14,15,16,17,18,19,20,21,22,23,24,25,26,27,28,29,30,31,32,33,34,35,36,37,38,39,40,41,42,43,44,45,46,47,48,49,50,51,52,53,54,55,56,57,58,59,60,61,62,63,64) 
req_id:1490710294397000,date:2017-03-28 22:11:34,qt:questionnaire,msg:query info : null
req_id:1490710294459500,date:2017-03-28 22:11:34,qt:list,msg:db_conf_key db1 Connect success !
req_id:1490710294459500,date:2017-03-28 22:11:34,qt:list,msg:SELECT b.`id`, b.`content`, b.`type` FROM que_title_question a RIGHT JOIN que_question b ON a.`question_id` = b.`id` WhERE a.`questionnaire_id` != 1 OR a.`questionnaire_id` IS NULL LIMIT 0, 15
req_id:1490710294459500,date:2017-03-28 22:11:34,qt:list,msg:query info : null
req_id:1490710318725125,date:2017-03-28 22:11:58,qt:questionnaire,msg:db_conf_key db1 Connect success !
req_id:1490710318725125,date:2017-03-28 22:11:58,qt:questionnaire,msg:SELECT `id`, `title` FROM `que_title` WHERE id = '1' 
req_id:1490710318725125,date:2017-03-28 22:11:58,qt:questionnaire,msg:SELECT `questionnaire_id`, `question_id` FROM `que_title_question` WHERE questionnaire_id = '1' 
req_id:1490710318725125,date:2017-03-28 22:11:58,qt:questionnaire,msg:db_conf_key db1 Connect success !
req_id:1490710318725125,date:2017-03-28 22:11:58,qt:questionnaire,msg:SELECT `id`, `content`, `type` FROM `que_question` WHERE id in (1,2,3,4,5,6,7,8,9,10,11,12,13,14,15,16,17,18,19,20,21,22,23,24,25,26,27,28,29,30,31,32,33,34,35,36,37,38,39,40,41,42,43,44,45,46,47,48,49,50,51,52,53,54,55,56,57,58,59,60,61,62,63,64) 
req_id:1490710318725125,date:2017-03-28 22:11:58,qt:questionnaire,msg:db_conf_key db1 Connect success !
req_id:1490710318725125,date:2017-03-28 22:11:58,qt:questionnaire,msg:SELECT `id`, `content`, `question_id`, `order` FROM `que_option` WHERE question_id in (1,2,3,4,5,6,7,8,9,10,11,12,13,14,15,16,17,18,19,20,21,22,23,24,25,26,27,28,29,30,31,32,33,34,35,36,37,38,39,40,41,42,43,44,45,46,47,48,49,50,51,52,53,54,55,56,57,58,59,60,61,62,63,64) 
req_id:1490710318725125,date:2017-03-28 22:11:58,qt:questionnaire,msg:query info : null
req_id:1490710357600125,date:2017-03-28 22:12:37,qt:questionnaire,msg:db_conf_key db1 Connect success !
req_id:1490710357600125,date:2017-03-28 22:12:37,qt:questionnaire,msg:SELECT `id`, `title` FROM `que_title` WHERE id = '1' 
req_id:1490710357600125,date:2017-03-28 22:12:37,qt:questionnaire,msg:SELECT `questionnaire_id`, `question_id` FROM `que_title_question` WHERE questionnaire_id = '1' 
req_id:1490710357600125,date:2017-03-28 22:12:37,qt:questionnaire,msg:db_conf_key db1 Connect success !
req_id:1490710357600125,date:2017-03-28 22:12:37,qt:questionnaire,msg:SELECT `id`, `content`, `type` FROM `que_question` WHERE id in (1,2,3,4,5,6,7,8,9,10,11,12,13,14,15,16,17,18,19,20,21,22,23,24,25,26,27,28,29,30,31,32,33,34,35,36,37,38,39,40,41,42,43,44,45,46,47,48,49,50,51,52,53,54,55,56,57,58,59,60,61,62,63,64) 
req_id:1490710357600125,date:2017-03-28 22:12:37,qt:questionnaire,msg:db_conf_key db1 Connect success !
req_id:1490710357600125,date:2017-03-28 22:12:37,qt:questionnaire,msg:SELECT `id`, `content`, `question_id`, `order` FROM `que_option` WHERE question_id in (1,2,3,4,5,6,7,8,9,10,11,12,13,14,15,16,17,18,19,20,21,22,23,24,25,26,27,28,29,30,31,32,33,34,35,36,37,38,39,40,41,42,43,44,45,46,47,48,49,50,51,52,53,54,55,56,57,58,59,60,61,62,63,64) 
req_id:1490710357600125,date:2017-03-28 22:12:37,qt:questionnaire,msg:query info : null
req_id:1490710489428250,date:2017-03-28 22:14:49,qt:list,msg:db_conf_key db1 Connect success !
req_id:1490710489428250,date:2017-03-28 22:14:49,qt:list,msg:SELECT b.`id`, b.`content`, b.`type` FROM que_title_question a RIGHT JOIN que_question b ON a.`question_id` = b.`id` WhERE a.`questionnaire_id` != 1 OR a.`questionnaire_id` IS NULL LIMIT 0, 15
req_id:1490710489428250,date:2017-03-28 22:14:49,qt:list,msg:query info : null
req_id:1490710489443875,date:2017-03-28 22:14:49,qt:questionnaire,msg:db_conf_key db1 Connect success !
req_id:1490710489443875,date:2017-03-28 22:14:49,qt:questionnaire,msg:SELECT `id`, `title` FROM `que_title` WHERE id = '1' 
req_id:1490710489443875,date:2017-03-28 22:14:49,qt:questionnaire,msg:SELECT `questionnaire_id`, `question_id` FROM `que_title_question` WHERE questionnaire_id = '1' 
req_id:1490710489443875,date:2017-03-28 22:14:49,qt:questionnaire,msg:db_conf_key db1 Connect success !
req_id:1490710489443875,date:2017-03-28 22:14:49,qt:questionnaire,msg:SELECT `id`, `content`, `type` FROM `que_question` WHERE id in (1,2,3,4,5,6,7,8,9,10,11,12,13,14,15,16,17,18,19,20,21,22,23,24,25,26,27,28,29,30,31,32,33,34,35,36,37,38,39,40,41,42,43,44,45,46,47,48,49,50,51,52,53,54,55,56,57,58,59,60,61,62,63,64) 
req_id:1490710489443875,date:2017-03-28 22:14:49,qt:questionnaire,msg:db_conf_key db1 Connect success !
req_id:1490710489443875,date:2017-03-28 22:14:49,qt:questionnaire,msg:SELECT `id`, `content`, `question_id`, `order` FROM `que_option` WHERE question_id in (1,2,3,4,5,6,7,8,9,10,11,12,13,14,15,16,17,18,19,20,21,22,23,24,25,26,27,28,29,30,31,32,33,34,35,36,37,38,39,40,41,42,43,44,45,46,47,48,49,50,51,52,53,54,55,56,57,58,59,60,61,62,63,64) 
req_id:1490710489443875,date:2017-03-28 22:14:49,qt:questionnaire,msg:query info : null
req_id:1490710590412625,date:2017-03-28 22:16:30,qt:questionnaire,msg:db_conf_key db1 Connect success !
req_id:1490710590412625,date:2017-03-28 22:16:30,qt:questionnaire,msg:SELECT `id`, `title` FROM `que_title` WHERE id = '1' 
req_id:1490710590412625,date:2017-03-28 22:16:30,qt:questionnaire,msg:SELECT `questionnaire_id`, `question_id` FROM `que_title_question` WHERE questionnaire_id = '1' 
req_id:1490710590412625,date:2017-03-28 22:16:30,qt:questionnaire,msg:db_conf_key db1 Connect success !
req_id:1490710590412625,date:2017-03-28 22:16:30,qt:questionnaire,msg:SELECT `id`, `content`, `type` FROM `que_question` WHERE id in (1,2,3,4,5,6,7,8,9,10,11,12,13,14,15,16,17,18,19,20,21,22,23,24,25,26,27,28,29,30,31,32,33,34,35,36,37,38,39,40,41,42,43,44,45,46,47,48,49,50,51,52,53,54,55,56,57,58,59,60,61,62,63,64) 
req_id:1490710590412625,date:2017-03-28 22:16:30,qt:questionnaire,msg:db_conf_key db1 Connect success !
req_id:1490710590412625,date:2017-03-28 22:16:30,qt:questionnaire,msg:SELECT `id`, `content`, `question_id`, `order` FROM `que_option` WHERE question_id in (1,2,3,4,5,6,7,8,9,10,11,12,13,14,15,16,17,18,19,20,21,22,23,24,25,26,27,28,29,30,31,32,33,34,35,36,37,38,39,40,41,42,43,44,45,46,47,48,49,50,51,52,53,54,55,56,57,58,59,60,61,62,63,64) 
req_id:1490710590412625,date:2017-03-28 22:16:30,qt:questionnaire,msg:query info : null
req_id:1490710590443875,date:2017-03-28 22:16:30,qt:list,msg:db_conf_key db1 Connect success !
req_id:1490710590443875,date:2017-03-28 22:16:30,qt:list,msg:SELECT b.`id`, b.`content`, b.`type` FROM que_title_question a RIGHT JOIN que_question b ON a.`question_id` = b.`id` WhERE a.`questionnaire_id` != 1 OR a.`questionnaire_id` IS NULL LIMIT 0, 15
req_id:1490710590443875,date:2017-03-28 22:16:30,qt:list,msg:query info : null
req_id:1490710613756375,date:2017-03-28 22:16:53,qt:questionnaire,msg:db_conf_key db1 Connect success !
req_id:1490710613756375,date:2017-03-28 22:16:53,qt:questionnaire,msg:SELECT `id`, `title` FROM `que_title` WHERE id = '1' 
req_id:1490710613756375,date:2017-03-28 22:16:53,qt:questionnaire,msg:SELECT `questionnaire_id`, `question_id` FROM `que_title_question` WHERE questionnaire_id = '1' 
req_id:1490710613756375,date:2017-03-28 22:16:53,qt:questionnaire,msg:db_conf_key db1 Connect success !
req_id:1490710613756375,date:2017-03-28 22:16:53,qt:questionnaire,msg:SELECT `id`, `content`, `type` FROM `que_question` WHERE id in (1,2,3,4,5,6,7,8,9,10,11,12,13,14,15,16,17,18,19,20,21,22,23,24,25,26,27,28,29,30,31,32,33,34,35,36,37,38,39,40,41,42,43,44,45,46,47,48,49,50,51,52,53,54,55,56,57,58,59,60,61,62,63,64) 
req_id:1490710613756375,date:2017-03-28 22:16:53,qt:questionnaire,msg:db_conf_key db1 Connect success !
req_id:1490710613756375,date:2017-03-28 22:16:53,qt:questionnaire,msg:SELECT `id`, `content`, `question_id`, `order` FROM `que_option` WHERE question_id in (1,2,3,4,5,6,7,8,9,10,11,12,13,14,15,16,17,18,19,20,21,22,23,24,25,26,27,28,29,30,31,32,33,34,35,36,37,38,39,40,41,42,43,44,45,46,47,48,49,50,51,52,53,54,55,56,57,58,59,60,61,62,63,64) 
req_id:1490710613756375,date:2017-03-28 22:16:53,qt:questionnaire,msg:query info : null
req_id:1490710613803250,date:2017-03-28 22:16:53,qt:list,msg:db_conf_key db1 Connect success !
req_id:1490710613803250,date:2017-03-28 22:16:53,qt:list,msg:SELECT b.`id`, b.`content`, b.`type` FROM que_title_question a RIGHT JOIN que_question b ON a.`question_id` = b.`id` WhERE a.`questionnaire_id` != 1 OR a.`questionnaire_id` IS NULL LIMIT 0, 15
req_id:1490710613803250,date:2017-03-28 22:16:53,qt:list,msg:query info : null
