req_id:1502078266706367,date:2017-08-07 11:57:46,qt:login,msg:query info : null
req_id:1502078290156562,date:2017-08-07 11:58:10,qt:login,msg:db_conf_key db1 Connect success !
req_id:1502078290156562,date:2017-08-07 11:58:10,qt:login,msg:SELECT `account`, `passwd`, `name`, `level` FROM `eval_admin` WHERE account = 'admin' 
req_id:1502078290156562,date:2017-08-07 11:58:10,qt:login,msg:query info : null
req_id:1502078290606757,date:2017-08-07 11:58:10,qt:list,msg:db_conf_key db1 Connect success !
req_id:1502078290606757,date:2017-08-07 11:58:10,qt:list,msg:SELECT `id`, `title` FROM `que_title` limit 0, 20
req_id:1502078290606757,date:2017-08-07 11:58:10,qt:list,msg:query info : null
req_id:1502078290721992,date:2017-08-07 11:58:10,qt:status,msg:db_conf_key db1 Connect success !
req_id:1502078290721992,date:2017-08-07 11:58:10,qt:status,msg:SELECT count(*) num FROM que_question
req_id:1502078290721992,date:2017-08-07 11:58:10,qt:status,msg:db_conf_key db1 Connect success !
req_id:1502078290721992,date:2017-08-07 11:58:10,qt:status,msg:SELECT count(*) num FROM que_title
req_id:1502078290721992,date:2017-08-07 11:58:10,qt:status,msg:query info : null
req_id:1502078290869453,date:2017-08-07 11:58:10,qt:login,msg:query info : null
req_id:1502078295768867,date:2017-08-07 11:58:15,qt:list,msg:db_conf_key db1 Connect success !
req_id:1502078295768867,date:2017-08-07 11:58:15,qt:list,msg:SELECT `id`, `content`, `type` FROM `que_question` limit 0, 10
req_id:1502078295768867,date:2017-08-07 11:58:15,qt:list,msg:db_conf_key db1 Connect success !
req_id:1502078295768867,date:2017-08-07 11:58:15,qt:list,msg:SELECT `id`, `content`, `question_id`, `order` FROM `que_option` WHERE question_id in (1,2,3,4,5,6,7,8,9,10) 
req_id:1502078295768867,date:2017-08-07 11:58:15,qt:list,msg:query info : null
req_id:1502078295819648,date:2017-08-07 11:58:15,qt:status,msg:db_conf_key db1 Connect success !
req_id:1502078295819648,date:2017-08-07 11:58:15,qt:status,msg:SELECT count(*) num FROM que_question
req_id:1502078295819648,date:2017-08-07 11:58:15,qt:status,msg:db_conf_key db1 Connect success !
req_id:1502078295819648,date:2017-08-07 11:58:15,qt:status,msg:SELECT count(*) num FROM que_title
req_id:1502078295819648,date:2017-08-07 11:58:15,qt:status,msg:query info : null
req_id:1502078297251289,date:2017-08-07 11:58:17,qt:login,msg:query info : null
req_id:1502078298546210,date:2017-08-07 11:58:18,qt:login,msg:query info : null
req_id:1502078299349921,date:2017-08-07 11:58:19,qt:login,msg:query info : null
req_id:1502078299870429,date:2017-08-07 11:58:19,qt:list,msg:db_conf_key db1 Connect success !
req_id:1502078299870429,date:2017-08-07 11:58:19,qt:list,msg:SELECT `id`, `content`, `type` FROM `que_question` limit 0, 10
req_id:1502078299870429,date:2017-08-07 11:58:19,qt:list,msg:db_conf_key db1 Connect success !
req_id:1502078299870429,date:2017-08-07 11:58:19,qt:list,msg:SELECT `id`, `content`, `question_id`, `order` FROM `que_option` WHERE question_id in (1,2,3,4,5,6,7,8,9,10) 
req_id:1502078299870429,date:2017-08-07 11:58:19,qt:list,msg:query info : null
req_id:1502078299909492,date:2017-08-07 11:58:19,qt:status,msg:db_conf_key db1 Connect success !
req_id:1502078299909492,date:2017-08-07 11:58:19,qt:status,msg:SELECT count(*) num FROM que_question
req_id:1502078299909492,date:2017-08-07 11:58:19,qt:status,msg:db_conf_key db1 Connect success !
req_id:1502078299909492,date:2017-08-07 11:58:19,qt:status,msg:SELECT count(*) num FROM que_title
req_id:1502078299909492,date:2017-08-07 11:58:19,qt:status,msg:query info : null
req_id:1502078301107734,date:2017-08-07 11:58:21,qt:login,msg:query info : null
req_id:1502078310180976,date:2017-08-07 11:58:30,qt:list,msg:db_conf_key db1 Connect success !
req_id:1502078310180976,date:2017-08-07 11:58:30,qt:list,msg:SELECT `id`, `title` FROM `que_title` limit 0, 20
req_id:1502078310180976,date:2017-08-07 11:58:30,qt:list,msg:query info : null
req_id:1502078310204414,date:2017-08-07 11:58:30,qt:status,msg:db_conf_key db1 Connect success !
req_id:1502078310204414,date:2017-08-07 11:58:30,qt:status,msg:SELECT count(*) num FROM que_question
req_id:1502078310204414,date:2017-08-07 11:58:30,qt:status,msg:db_conf_key db1 Connect success !
req_id:1502078310204414,date:2017-08-07 11:58:30,qt:status,msg:SELECT count(*) num FROM que_title
req_id:1502078310204414,date:2017-08-07 11:58:30,qt:status,msg:query info : null
req_id:1502078310276679,date:2017-08-07 11:58:30,qt:login,msg:query info : null
req_id:1502078311420234,date:2017-08-07 11:58:31,qt:login,msg:query info : null
req_id:1502078311441718,date:2017-08-07 11:58:31,qt:login,msg:query info : null
req_id:1502078311597968,date:2017-08-07 11:58:31,qt:login,msg:query info : null
req_id:1502078380105781,date:2017-08-07 11:59:40,qt:login,msg:db_conf_key db1 Connect success !
req_id:1502078380105781,date:2017-08-07 11:59:40,qt:login,msg:SELECT `id`, `account`, `passwd`, `name`, `parent_id` FROM `eval_department` WHERE account = 'suzhou' 
req_id:1502078380105781,date:2017-08-07 11:59:40,qt:login,msg:query info : null
req_id:1502078380357734,date:2017-08-07 11:59:40,qt:login,msg:query info : null
req_id:1502078380374335,date:2017-08-07 11:59:40,qt:list,msg:db_conf_key db1 Connect success !
req_id:1502078380374335,date:2017-08-07 11:59:40,qt:list,msg:SELECT `id`, `content`, `weight`, `parent_id` FROM `eval_index`
req_id:1502078380374335,date:2017-08-07 11:59:40,qt:list,msg:query info : null
req_id:1502078381883125,date:2017-08-07 11:59:41,qt:login,msg:query info : null
req_id:1502078392907539,date:2017-08-07 11:59:52,qt:login,msg:query info : null
req_id:1502078392923164,date:2017-08-07 11:59:52,qt:list,msg:db_conf_key db1 Connect success !
req_id:1502078392923164,date:2017-08-07 11:59:52,qt:list,msg:SELECT `id`, `content`, `weight`, `parent_id` FROM `eval_index`
req_id:1502078392923164,date:2017-08-07 11:59:52,qt:list,msg:query info : null
req_id:1502078395574531,date:2017-08-07 11:59:55,qt:login,msg:query info : null
req_id:1502078417166328,date:2017-08-07 12:00:17,qt:login,msg:query info : null
req_id:1502078417184882,date:2017-08-07 12:00:17,qt:list,msg:db_conf_key db1 Connect success !
req_id:1502078417184882,date:2017-08-07 12:00:17,qt:list,msg:SELECT `id`, `content`, `weight`, `parent_id` FROM `eval_index`
req_id:1502078417184882,date:2017-08-07 12:00:17,qt:list,msg:query info : null
req_id:1502078419389960,date:2017-08-07 12:00:19,qt:login,msg:query info : null
req_id:1502078463982734,date:2017-08-07 12:01:03,qt:login,msg:query info : null
req_id:150207846425703,date:2017-08-07 12:01:04,qt:list,msg:db_conf_key db1 Connect success !
req_id:150207846425703,date:2017-08-07 12:01:04,qt:list,msg:SELECT `id`, `content`, `weight`, `parent_id` FROM `eval_index`
req_id:150207846425703,date:2017-08-07 12:01:04,qt:list,msg:query info : null
req_id:1502078465464179,date:2017-08-07 12:01:05,qt:login,msg:query info : null
req_id:150207846916914,date:2017-08-07 12:01:09,qt:login,msg:query info : null
req_id:150207846932539,date:2017-08-07 12:01:09,qt:list,msg:db_conf_key db1 Connect success !
req_id:150207846932539,date:2017-08-07 12:01:09,qt:list,msg:SELECT `id`, `content`, `weight`, `parent_id` FROM `eval_index`
req_id:150207846932539,date:2017-08-07 12:01:09,qt:list,msg:query info : null
req_id:1502078470630195,date:2017-08-07 12:01:10,qt:login,msg:query info : null
req_id:1502078471556953,date:2017-08-07 12:01:11,qt:login,msg:query info : null
req_id:1502078471620429,date:2017-08-07 12:01:11,qt:login,msg:query info : null
req_id:1502078471828437,date:2017-08-07 12:01:11,qt:login,msg:query info : null
req_id:1502078474723945,date:2017-08-07 12:01:14,qt:login,msg:query info : null
req_id:1502078493877265,date:2017-08-07 12:01:33,qt:login,msg:db_conf_key db1 Connect success !
req_id:1502078493877265,date:2017-08-07 12:01:33,qt:login,msg:SELECT `id`, `account`, `passwd`, `name`, `parent_id` FROM `eval_department` WHERE account = 'suzhou' 
req_id:1502078493877265,date:2017-08-07 12:01:33,qt:login,msg:query info : null
req_id:1502078494128242,date:2017-08-07 12:01:34,qt:login,msg:query info : null
req_id:1502078494161445,date:2017-08-07 12:01:34,qt:list,msg:db_conf_key db1 Connect success !
req_id:1502078494161445,date:2017-08-07 12:01:34,qt:list,msg:SELECT `id`, `content`, `weight`, `parent_id` FROM `eval_index`
req_id:1502078494161445,date:2017-08-07 12:01:34,qt:list,msg:query info : null
req_id:1502078495414375,date:2017-08-07 12:01:35,qt:login,msg:query info : null
req_id:1502078563434882,date:2017-08-07 12:02:43,qt:login,msg:query info : null
req_id:1502078563452460,date:2017-08-07 12:02:43,qt:list,msg:db_conf_key db1 Connect success !
req_id:1502078563452460,date:2017-08-07 12:02:43,qt:list,msg:SELECT `id`, `content`, `weight`, `parent_id` FROM `eval_index`
req_id:1502078563452460,date:2017-08-07 12:02:43,qt:list,msg:query info : null
req_id:1502078565548164,date:2017-08-07 12:02:45,qt:login,msg:query info : null
req_id:1502079077506171,date:2017-08-07 12:11:17,qt:login,msg:query info : null
req_id:1502079077525703,date:2017-08-07 12:11:17,qt:list,msg:db_conf_key db1 Connect success !
req_id:1502079077525703,date:2017-08-07 12:11:17,qt:list,msg:SELECT `id`, `content`, `weight`, `parent_id` FROM `eval_index`
req_id:1502079077525703,date:2017-08-07 12:11:17,qt:list,msg:query info : null
req_id:1502079079626289,date:2017-08-07 12:11:19,qt:login,msg:query info : null
req_id:1502079317866523,date:2017-08-07 12:15:17,qt:login,msg:query info : null
req_id:1502079317888984,date:2017-08-07 12:15:17,qt:list,msg:db_conf_key db1 Connect success !
req_id:1502079317888984,date:2017-08-07 12:15:17,qt:list,msg:SELECT `id`, `content`, `weight`, `parent_id` FROM `eval_index`
req_id:1502079317888984,date:2017-08-07 12:15:17,qt:list,msg:query info : null
req_id:150207932030585,date:2017-08-07 12:15:20,qt:login,msg:query info : null
req_id:1502079405895820,date:2017-08-07 12:16:45,qt:login,msg:query info : null
req_id:1502079407975898,date:2017-08-07 12:16:47,qt:login,msg:query info : null
req_id:1502079407989570,date:2017-08-07 12:16:47,qt:list,msg:db_conf_key db1 Connect success !
req_id:1502079407989570,date:2017-08-07 12:16:47,qt:list,msg:SELECT `id`, `content`, `weight`, `parent_id` FROM `eval_index`
req_id:1502079407989570,date:2017-08-07 12:16:47,qt:list,msg:query info : null
req_id:1502079409767890,date:2017-08-07 12:16:49,qt:login,msg:query info : null
req_id:1502082397841132,date:2017-08-07 13:06:37,qt:login,msg:query info : null
req_id:1502082400864570,date:2017-08-07 13:06:40,qt:login,msg:query info : null
req_id:1502082400882148,date:2017-08-07 13:06:40,qt:list,msg:db_conf_key db1 Connect success !
req_id:1502082400882148,date:2017-08-07 13:06:40,qt:list,msg:SELECT `id`, `content`, `weight`, `parent_id` FROM `eval_index`
req_id:1502082400882148,date:2017-08-07 13:06:40,qt:list,msg:query info : null
req_id:1502082403154609,date:2017-08-07 13:06:43,qt:login,msg:query info : null
req_id:1502082408306953,date:2017-08-07 13:06:48,qt:login,msg:db_conf_key db1 Connect success !
req_id:1502082408306953,date:2017-08-07 13:06:48,qt:login,msg:SELECT `account`, `passwd`, `name`, `level` FROM `eval_admin` WHERE account = 'admin' 
req_id:1502082408306953,date:2017-08-07 13:06:48,qt:login,msg:query info : null
req_id:1502082409354804,date:2017-08-07 13:06:49,qt:list,msg:db_conf_key db1 Connect success !
req_id:1502082409354804,date:2017-08-07 13:06:49,qt:list,msg:SELECT `id`, `title` FROM `que_title` limit 0, 20
req_id:1502082409354804,date:2017-08-07 13:06:49,qt:list,msg:query info : null
req_id:1502082409445625,date:2017-08-07 13:06:49,qt:status,msg:db_conf_key db1 Connect success !
req_id:1502082409445625,date:2017-08-07 13:06:49,qt:status,msg:SELECT count(*) num FROM que_question
req_id:1502082409445625,date:2017-08-07 13:06:49,qt:status,msg:db_conf_key db1 Connect success !
req_id:1502082409445625,date:2017-08-07 13:06:49,qt:status,msg:SELECT count(*) num FROM que_title
req_id:1502082409445625,date:2017-08-07 13:06:49,qt:status,msg:query info : null
req_id:1502082409579414,date:2017-08-07 13:06:49,qt:login,msg:query info : null
req_id:1502082418534492,date:2017-08-07 13:06:58,qt:login,msg:query info : null
req_id:1502082418620429,date:2017-08-07 13:06:58,qt:login,msg:query info : null
req_id:1502082420226875,date:2017-08-07 13:07:00,qt:login,msg:query info : null
req_id:1502082437905585,date:2017-08-07 13:07:17,qt:login,msg:query info : null
req_id:1502082451171210,date:2017-08-07 13:07:31,qt:login,msg:db_conf_key db1 Connect success !
req_id:1502082451171210,date:2017-08-07 13:07:31,qt:login,msg:SELECT `account`, `passwd`, `name`, `level` FROM `eval_admin` WHERE account = 'admin' 
req_id:1502082451171210,date:2017-08-07 13:07:31,qt:login,msg:query info : null
req_id:1502082453190742,date:2017-08-07 13:07:33,qt:list,msg:db_conf_key db1 Connect success !
req_id:1502082453190742,date:2017-08-07 13:07:33,qt:list,msg:SELECT `id`, `title` FROM `que_title` limit 0, 20
req_id:1502082453190742,date:2017-08-07 13:07:33,qt:list,msg:query info : null
req_id:1502082453351875,date:2017-08-07 13:07:33,qt:status,msg:db_conf_key db1 Connect success !
req_id:1502082453351875,date:2017-08-07 13:07:33,qt:status,msg:SELECT count(*) num FROM que_question
req_id:1502082453351875,date:2017-08-07 13:07:33,qt:status,msg:db_conf_key db1 Connect success !
req_id:1502082453351875,date:2017-08-07 13:07:33,qt:status,msg:SELECT count(*) num FROM que_title
req_id:1502082453351875,date:2017-08-07 13:07:33,qt:status,msg:query info : null
req_id:1502082453711250,date:2017-08-07 13:07:33,qt:login,msg:query info : null
req_id:1502082455611640,date:2017-08-07 13:07:35,qt:login,msg:query info : null
req_id:1502082455732734,date:2017-08-07 13:07:35,qt:login,msg:query info : null
req_id:150208245691132,date:2017-08-07 13:07:36,qt:login,msg:query info : null
req_id:1502082635426093,date:2017-08-07 13:10:35,qt:login,msg:query info : null
req_id:1502082635463203,date:2017-08-07 13:10:35,qt:list,msg:db_conf_key db1 Connect success !
req_id:1502082635463203,date:2017-08-07 13:10:35,qt:list,msg:SELECT `id`, `content`, `weight`, `parent_id` FROM `eval_index`
req_id:1502082635463203,date:2017-08-07 13:10:35,qt:list,msg:query info : null
req_id:1502082636890937,date:2017-08-07 13:10:36,qt:login,msg:query info : null
req_id:1502082658645820,date:2017-08-07 13:10:58,qt:login,msg:query info : null
req_id:1502082658662421,date:2017-08-07 13:10:58,qt:list,msg:db_conf_key db1 Connect success !
req_id:1502082658662421,date:2017-08-07 13:10:58,qt:list,msg:SELECT `id`, `content`, `weight`, `parent_id` FROM `eval_index`
req_id:1502082658662421,date:2017-08-07 13:10:58,qt:list,msg:query info : null
req_id:1502082660478828,date:2017-08-07 13:11:00,qt:login,msg:query info : null
req_id:1502082723939765,date:2017-08-07 13:12:03,qt:login,msg:query info : null
req_id:150208272418867,date:2017-08-07 13:12:04,qt:login,msg:query info : null
req_id:1502082724271796,date:2017-08-07 13:12:04,qt:login,msg:query info : null
req_id:1502082731169257,date:2017-08-07 13:12:11,qt:login,msg:query info : null
req_id:1502082740562812,date:2017-08-07 13:12:20,qt:login,msg:db_conf_key db1 Connect success !
req_id:1502082740562812,date:2017-08-07 13:12:20,qt:login,msg:SELECT `account`, `passwd`, `name` FROM `eval_student` WHERE account = '01010101' 
req_id:1502082740562812,date:2017-08-07 13:12:20,qt:login,msg:query info : null
req_id:1502082740973945,date:2017-08-07 13:12:20,qt:login,msg:query info : null
req_id:1502082745306953,date:2017-08-07 13:12:25,qt:login,msg:query info : null
req_id:1502082745430000,date:2017-08-07 13:12:25,qt:login,msg:query info : null
req_id:150208275983320,date:2017-08-07 13:12:39,qt:login,msg:query info : null
req_id:1502082759148750,date:2017-08-07 13:12:39,qt:login,msg:query info : null
req_id:1502082762585273,date:2017-08-07 13:12:42,qt:login,msg:query info : null
req_id:1502082765162421,date:2017-08-07 13:12:45,qt:login,msg:query info : null
req_id:1502082765223945,date:2017-08-07 13:12:45,qt:login,msg:query info : null
req_id:1502082767142890,date:2017-08-07 13:12:47,qt:login,msg:query info : null
req_id:150208276940351,date:2017-08-07 13:12:49,qt:login,msg:query info : null
req_id:150208277899921,date:2017-08-07 13:12:58,qt:login,msg:query info : null
req_id:1502082780590156,date:2017-08-07 13:13:00,qt:login,msg:query info : null
req_id:1502082781830390,date:2017-08-07 13:13:01,qt:login,msg:query info : null
req_id:1502082785525703,date:2017-08-07 13:13:05,qt:login,msg:query info : null
req_id:1502082795374335,date:2017-08-07 13:13:15,qt:login,msg:query info : null
req_id:1502082796658515,date:2017-08-07 13:13:16,qt:login,msg:query info : null
req_id:1502082796731757,date:2017-08-07 13:13:16,qt:login,msg:query info : null
req_id:1502089283463203,date:2017-08-07 15:01:23,qt:login,msg:query info : null
req_id:1502089283543281,date:2017-08-07 15:01:23,qt:login,msg:query info : null
req_id:1502089319322578,date:2017-08-07 15:01:59,qt:login,msg:query info : null
req_id:1502089319388007,date:2017-08-07 15:01:59,qt:login,msg:query info : null
req_id:1502110003564765,date:2017-08-07 20:46:43,qt:login,msg:query info : null
req_id:1502110003592109,date:2017-08-07 20:46:43,qt:list,msg:db_conf_key db1 Connect success !
req_id:1502110003592109,date:2017-08-07 20:46:43,qt:list,msg:SELECT `id`, `content`, `weight`, `parent_id` FROM `eval_index`
req_id:1502110003592109,date:2017-08-07 20:46:43,qt:list,msg:query info : null
req_id:1502110004874335,date:2017-08-07 20:46:44,qt:login,msg:query info : null
req_id:1502110005847968,date:2017-08-07 20:46:45,qt:login,msg:query info : null
req_id:1502110005884101,date:2017-08-07 20:46:45,qt:login,msg:query info : null
req_id:1502110006132148,date:2017-08-07 20:46:46,qt:login,msg:query info : null
req_id:1502110019755195,date:2017-08-07 20:46:59,qt:login,msg:db_conf_key db1 Connect success !
req_id:1502110019755195,date:2017-08-07 20:46:59,qt:login,msg:SELECT `account`, `passwd`, `name`, `level` FROM `eval_admin` WHERE account = 'admin' 
req_id:1502110019755195,date:2017-08-07 20:46:59,qt:login,msg:query info : null
req_id:1502110019972968,date:2017-08-07 20:46:59,qt:list,msg:db_conf_key db1 Connect success !
req_id:1502110019972968,date:2017-08-07 20:46:59,qt:list,msg:SELECT `id`, `title` FROM `que_title` limit 0, 20
req_id:1502110019972968,date:2017-08-07 20:46:59,qt:list,msg:query info : null
req_id:15021100203242,date:2017-08-07 20:47:00,qt:status,msg:db_conf_key db1 Connect success !
req_id:15021100203242,date:2017-08-07 20:47:00,qt:status,msg:SELECT count(*) num FROM que_question
req_id:15021100203242,date:2017-08-07 20:47:00,qt:status,msg:db_conf_key db1 Connect success !
req_id:15021100203242,date:2017-08-07 20:47:00,qt:status,msg:SELECT count(*) num FROM que_title
req_id:15021100203242,date:2017-08-07 20:47:00,qt:status,msg:query info : null
req_id:150211002083320,date:2017-08-07 20:47:00,qt:login,msg:query info : null
req_id:1502110022291328,date:2017-08-07 20:47:02,qt:list,msg:db_conf_key db1 Connect success !
req_id:1502110022291328,date:2017-08-07 20:47:02,qt:list,msg:SELECT `id`, `content`, `type` FROM `que_question` limit 0, 10
req_id:1502110022291328,date:2017-08-07 20:47:02,qt:list,msg:db_conf_key db1 Connect success !
req_id:1502110022291328,date:2017-08-07 20:47:02,qt:list,msg:SELECT `id`, `content`, `question_id`, `order` FROM `que_option` WHERE question_id in (1,2,3,4,5,6,7,8,9,10) 
req_id:1502110022291328,date:2017-08-07 20:47:02,qt:list,msg:query info : null
req_id:1502110022331367,date:2017-08-07 20:47:02,qt:status,msg:db_conf_key db1 Connect success !
req_id:1502110022331367,date:2017-08-07 20:47:02,qt:status,msg:SELECT count(*) num FROM que_question
req_id:1502110022331367,date:2017-08-07 20:47:02,qt:status,msg:db_conf_key db1 Connect success !
req_id:1502110022331367,date:2017-08-07 20:47:02,qt:status,msg:SELECT count(*) num FROM que_title
req_id:1502110022331367,date:2017-08-07 20:47:02,qt:status,msg:query info : null
req_id:1502110022382148,date:2017-08-07 20:47:02,qt:login,msg:query info : null
req_id:1502110023610664,date:2017-08-07 20:47:03,qt:list,msg:db_conf_key db1 Connect success !
req_id:1502110023610664,date:2017-08-07 20:47:03,qt:list,msg:SELECT `id`, `title` FROM `que_title` limit 0, 20
req_id:1502110023610664,date:2017-08-07 20:47:03,qt:list,msg:query info : null
req_id:1502110023637031,date:2017-08-07 20:47:03,qt:status,msg:db_conf_key db1 Connect success !
req_id:1502110023637031,date:2017-08-07 20:47:03,qt:status,msg:SELECT count(*) num FROM que_question
req_id:1502110023637031,date:2017-08-07 20:47:03,qt:status,msg:db_conf_key db1 Connect success !
req_id:1502110023637031,date:2017-08-07 20:47:03,qt:status,msg:SELECT count(*) num FROM que_title
req_id:1502110023637031,date:2017-08-07 20:47:03,qt:status,msg:query info : null
req_id:1502110023709296,date:2017-08-07 20:47:03,qt:login,msg:query info : null
req_id:1502110024458320,date:2017-08-07 20:47:04,qt:list,msg:db_conf_key db1 Connect success !
req_id:1502110024458320,date:2017-08-07 20:47:04,qt:list,msg:SELECT `id`, `content`, `type` FROM `que_question` limit 0, 10
req_id:1502110024458320,date:2017-08-07 20:47:04,qt:list,msg:db_conf_key db1 Connect success !
req_id:1502110024458320,date:2017-08-07 20:47:04,qt:list,msg:SELECT `id`, `content`, `question_id`, `order` FROM `que_option` WHERE question_id in (1,2,3,4,5,6,7,8,9,10) 
req_id:1502110024458320,date:2017-08-07 20:47:04,qt:list,msg:query info : null
req_id:1502110024500312,date:2017-08-07 20:47:04,qt:status,msg:db_conf_key db1 Connect success !
req_id:1502110024500312,date:2017-08-07 20:47:04,qt:status,msg:SELECT count(*) num FROM que_question
req_id:1502110024500312,date:2017-08-07 20:47:04,qt:status,msg:db_conf_key db1 Connect success !
req_id:1502110024500312,date:2017-08-07 20:47:04,qt:status,msg:SELECT count(*) num FROM que_title
req_id:1502110024500312,date:2017-08-07 20:47:04,qt:status,msg:query info : null
req_id:1502110024546210,date:2017-08-07 20:47:04,qt:login,msg:query info : null
req_id:1502110025590156,date:2017-08-07 20:47:05,qt:login,msg:query info : null
req_id:1502110026723945,date:2017-08-07 20:47:06,qt:list,msg:db_conf_key db1 Connect success !
req_id:1502110026723945,date:2017-08-07 20:47:06,qt:list,msg:SELECT `id`, `content`, `type` FROM `que_question` limit 0, 10
req_id:1502110026723945,date:2017-08-07 20:47:06,qt:list,msg:db_conf_key db1 Connect success !
req_id:1502110026723945,date:2017-08-07 20:47:06,qt:list,msg:SELECT `id`, `content`, `question_id`, `order` FROM `que_option` WHERE question_id in (1,2,3,4,5,6,7,8,9,10) 
req_id:1502110026723945,date:2017-08-07 20:47:06,qt:list,msg:query info : null
req_id:1502110026763007,date:2017-08-07 20:47:06,qt:status,msg:db_conf_key db1 Connect success !
req_id:1502110026763007,date:2017-08-07 20:47:06,qt:status,msg:SELECT count(*) num FROM que_question
req_id:1502110026763007,date:2017-08-07 20:47:06,qt:status,msg:db_conf_key db1 Connect success !
req_id:1502110026763007,date:2017-08-07 20:47:06,qt:status,msg:SELECT count(*) num FROM que_title
req_id:1502110026763007,date:2017-08-07 20:47:06,qt:status,msg:query info : null
req_id:1502110026816718,date:2017-08-07 20:47:06,qt:login,msg:query info : null
req_id:1502110031451484,date:2017-08-07 20:47:11,qt:list,msg:db_conf_key db1 Connect success !
req_id:1502110031451484,date:2017-08-07 20:47:11,qt:list,msg:SELECT `id`, `title` FROM `que_title` limit 0, 20
req_id:1502110031451484,date:2017-08-07 20:47:11,qt:list,msg:query info : null
req_id:1502110031477851,date:2017-08-07 20:47:11,qt:status,msg:db_conf_key db1 Connect success !
req_id:1502110031477851,date:2017-08-07 20:47:11,qt:status,msg:SELECT count(*) num FROM que_question
req_id:1502110031477851,date:2017-08-07 20:47:11,qt:status,msg:db_conf_key db1 Connect success !
req_id:1502110031477851,date:2017-08-07 20:47:11,qt:status,msg:SELECT count(*) num FROM que_title
req_id:1502110031477851,date:2017-08-07 20:47:11,qt:status,msg:query info : null
req_id:1502110031556953,date:2017-08-07 20:47:11,qt:login,msg:query info : null
req_id:1502110033602851,date:2017-08-07 20:47:13,qt:login,msg:query info : null
req_id:1502110033626289,date:2017-08-07 20:47:13,qt:login,msg:query info : null
req_id:1502110033838203,date:2017-08-07 20:47:13,qt:login,msg:query info : null
req_id:1502110520716132,date:2017-08-07 20:55:20,qt:login,msg:db_conf_key db1 Connect success !
req_id:1502110520716132,date:2017-08-07 20:55:20,qt:login,msg:SELECT `id`, `account`, `passwd`, `name`, `parent_id` FROM `eval_department` WHERE account = 'suzhou' 
req_id:1502110520716132,date:2017-08-07 20:55:20,qt:login,msg:query info : null
req_id:1502110520987617,date:2017-08-07 20:55:20,qt:login,msg:query info : null
req_id:150211052110078,date:2017-08-07 20:55:21,qt:list,msg:db_conf_key db1 Connect success !
req_id:150211052110078,date:2017-08-07 20:55:21,qt:list,msg:SELECT `id`, `content`, `weight`, `parent_id` FROM `eval_index`
req_id:150211052110078,date:2017-08-07 20:55:21,qt:list,msg:query info : null
req_id:1502110522152656,date:2017-08-07 20:55:22,qt:login,msg:query info : null
req_id:1502110956971015,date:2017-08-07 21:02:36,qt:login,msg:query info : null
req_id:1502110956991523,date:2017-08-07 21:02:36,qt:login,msg:query info : null
req_id:1502110957224921,date:2017-08-07 21:02:37,qt:login,msg:query info : null
req_id:1502110958882148,date:2017-08-07 21:02:38,qt:login,msg:query info : null
req_id:1502110965960273,date:2017-08-07 21:02:45,qt:login,msg:db_conf_key db1 Connect success !
req_id:1502110965960273,date:2017-08-07 21:02:45,qt:login,msg:SELECT `account`, `passwd`, `name`, `level` FROM `eval_admin` WHERE account = 'admin' 
req_id:1502110965960273,date:2017-08-07 21:02:45,qt:login,msg:query info : null
req_id:1502110966156562,date:2017-08-07 21:02:46,qt:list,msg:db_conf_key db1 Connect success !
req_id:1502110966156562,date:2017-08-07 21:02:46,qt:list,msg:SELECT `id`, `title` FROM `que_title` limit 0, 20
req_id:1502110966156562,date:2017-08-07 21:02:46,qt:list,msg:query info : null
req_id:1502110966189765,date:2017-08-07 21:02:46,qt:status,msg:db_conf_key db1 Connect success !
req_id:1502110966189765,date:2017-08-07 21:02:46,qt:status,msg:SELECT count(*) num FROM que_question
req_id:1502110966189765,date:2017-08-07 21:02:46,qt:status,msg:db_conf_key db1 Connect success !
req_id:1502110966189765,date:2017-08-07 21:02:46,qt:status,msg:SELECT count(*) num FROM que_title
req_id:1502110966189765,date:2017-08-07 21:02:46,qt:status,msg:query info : null
req_id:1502110966268867,date:2017-08-07 21:02:46,qt:login,msg:query info : null
req_id:1502110968253242,date:2017-08-07 21:02:48,qt:login,msg:query info : null
req_id:1502110978679023,date:2017-08-07 21:02:58,qt:status,msg:db_conf_key db1 Connect success !
req_id:1502110978679023,date:2017-08-07 21:02:58,qt:status,msg:SELECT count(*) num FROM que_question
req_id:1502110978679023,date:2017-08-07 21:02:58,qt:status,msg:db_conf_key db1 Connect success !
req_id:1502110978679023,date:2017-08-07 21:02:58,qt:status,msg:SELECT max(test_times) max_times FROM que_test_times WHERE questionnaire_id = 2
req_id:1502110978679023,date:2017-08-07 21:02:58,qt:status,msg:db_conf_key db1 Connect success !
req_id:1502110978679023,date:2017-08-07 21:02:58,qt:status,msg:SELECT count(*) num FROM que_title_question WHERE questionnaire_id = 2
req_id:1502110978679023,date:2017-08-07 21:02:58,qt:status,msg:query info : null
req_id:1502110978724921,date:2017-08-07 21:02:58,qt:list,msg:db_conf_key db1 Connect success !
req_id:1502110978724921,date:2017-08-07 21:02:58,qt:list,msg:SELECT `id`, `content`, `type` FROM que_question WHERE `id` NOT IN ( SELECT `question_id` FROM que_title_question WHERE `questionnaire_id` =2) LIMIT 0, 15
req_id:1502110978724921,date:2017-08-07 21:02:58,qt:list,msg:query info : null
req_id:1502110978762031,date:2017-08-07 21:02:58,qt:login,msg:query info : null
req_id:1502111003569648,date:2017-08-07 21:03:23,qt:login,msg:query info : null
req_id:150211100747187,date:2017-08-07 21:03:27,qt:login,msg:query info : null
req_id:150211101632539,date:2017-08-07 21:03:36,qt:login,msg:query info : null
req_id:150211103444257,date:2017-08-07 21:03:54,qt:status,msg:db_conf_key db1 Connect success !
req_id:150211103444257,date:2017-08-07 21:03:54,qt:status,msg:SELECT count(*) num FROM que_question
req_id:150211103444257,date:2017-08-07 21:03:54,qt:status,msg:db_conf_key db1 Connect success !
req_id:150211103444257,date:2017-08-07 21:03:54,qt:status,msg:SELECT max(test_times) max_times FROM que_test_times WHERE questionnaire_id = 1
req_id:150211103444257,date:2017-08-07 21:03:54,qt:status,msg:db_conf_key db1 Connect success !
req_id:150211103444257,date:2017-08-07 21:03:54,qt:status,msg:SELECT count(*) num FROM que_title_question WHERE questionnaire_id = 1
req_id:150211103444257,date:2017-08-07 21:03:54,qt:status,msg:query info : null
req_id:150211103486250,date:2017-08-07 21:03:54,qt:list,msg:db_conf_key db1 Connect success !
req_id:150211103486250,date:2017-08-07 21:03:54,qt:list,msg:SELECT `id`, `content`, `type` FROM que_question WHERE `id` NOT IN ( SELECT `question_id` FROM que_title_question WHERE `questionnaire_id` =1) LIMIT 0, 15
req_id:150211103486250,date:2017-08-07 21:03:54,qt:list,msg:query info : null
req_id:1502111034140937,date:2017-08-07 21:03:54,qt:login,msg:query info : null
req_id:1502111041788398,date:2017-08-07 21:04:01,qt:questionnaire,msg:db_conf_key db1 Connect success !
req_id:1502111041788398,date:2017-08-07 21:04:01,qt:questionnaire,msg:INSERT INTO `que_title_question`(`questionnaire_id`, `question_id`, `create_time`) VALUES('1','1','2017-08-07 21:04:01')
req_id:1502111041788398,date:2017-08-07 21:04:01,qt:questionnaire,msg:query info : null
req_id:1502111041839179,date:2017-08-07 21:04:01,qt:list,msg:db_conf_key db1 Connect success !
req_id:1502111041839179,date:2017-08-07 21:04:01,qt:list,msg:SELECT `id`, `content`, `type` FROM que_question WHERE `id` NOT IN ( SELECT `question_id` FROM que_title_question WHERE `questionnaire_id` =1) LIMIT 0, 15
req_id:1502111041839179,date:2017-08-07 21:04:01,qt:list,msg:query info : null
req_id:1502111044713203,date:2017-08-07 21:04:04,qt:status,msg:db_conf_key db1 Connect success !
req_id:1502111044713203,date:2017-08-07 21:04:04,qt:status,msg:SELECT count(*) num FROM que_question
req_id:1502111044713203,date:2017-08-07 21:04:04,qt:status,msg:db_conf_key db1 Connect success !
req_id:1502111044713203,date:2017-08-07 21:04:04,qt:status,msg:SELECT max(test_times) max_times FROM que_test_times WHERE questionnaire_id = 1
req_id:1502111044713203,date:2017-08-07 21:04:04,qt:status,msg:db_conf_key db1 Connect success !
req_id:1502111044713203,date:2017-08-07 21:04:04,qt:status,msg:SELECT count(*) num FROM que_title_question WHERE questionnaire_id = 1
req_id:1502111044713203,date:2017-08-07 21:04:04,qt:status,msg:query info : null
req_id:1502111044768867,date:2017-08-07 21:04:04,qt:list,msg:db_conf_key db1 Connect success !
req_id:1502111044768867,date:2017-08-07 21:04:04,qt:list,msg:SELECT `id`, `content`, `type` FROM que_question WHERE `id` NOT IN ( SELECT `question_id` FROM que_title_question WHERE `questionnaire_id` =1) LIMIT 0, 15
req_id:1502111044768867,date:2017-08-07 21:04:04,qt:list,msg:query info : null
req_id:1502111044841132,date:2017-08-07 21:04:04,qt:login,msg:query info : null
req_id:1502111047841132,date:2017-08-07 21:04:07,qt:status,msg:db_conf_key db1 Connect success !
req_id:1502111047841132,date:2017-08-07 21:04:07,qt:status,msg:SELECT count(*) num FROM que_question
req_id:1502111047841132,date:2017-08-07 21:04:07,qt:status,msg:db_conf_key db1 Connect success !
req_id:1502111047841132,date:2017-08-07 21:04:07,qt:status,msg:SELECT max(test_times) max_times FROM que_test_times WHERE questionnaire_id = 1
req_id:1502111047841132,date:2017-08-07 21:04:07,qt:status,msg:db_conf_key db1 Connect success !
req_id:1502111047841132,date:2017-08-07 21:04:07,qt:status,msg:SELECT count(*) num FROM que_title_question WHERE questionnaire_id = 1
req_id:1502111047841132,date:2017-08-07 21:04:07,qt:status,msg:query info : null
req_id:1502111047888007,date:2017-08-07 21:04:07,qt:list,msg:db_conf_key db1 Connect success !
req_id:1502111047888007,date:2017-08-07 21:04:07,qt:list,msg:SELECT `id`, `content`, `type` FROM que_question WHERE `id` NOT IN ( SELECT `question_id` FROM que_title_question WHERE `questionnaire_id` =1) LIMIT 0, 15
req_id:1502111047888007,date:2017-08-07 21:04:07,qt:list,msg:query info : null
req_id:1502111047952460,date:2017-08-07 21:04:07,qt:login,msg:query info : null
req_id:1502111384725898,date:2017-08-07 21:09:44,qt:login,msg:query info : null
req_id:1502111384772773,date:2017-08-07 21:09:44,qt:login,msg:query info : null
req_id:1502111384982734,date:2017-08-07 21:09:44,qt:login,msg:query info : null
req_id:1502111584122382,date:2017-08-07 21:13:04,qt:login,msg:query info : null
req_id:150211340774531,date:2017-08-07 21:43:27,qt:status,msg:db_conf_key db1 Connect success !
req_id:150211340774531,date:2017-08-07 21:43:27,qt:status,msg:SELECT count(*) num FROM que_question
req_id:150211340774531,date:2017-08-07 21:43:27,qt:status,msg:db_conf_key db1 Connect success !
req_id:150211340774531,date:2017-08-07 21:43:27,qt:status,msg:SELECT max(test_times) max_times FROM que_test_times WHERE questionnaire_id = 1
req_id:150211340774531,date:2017-08-07 21:43:27,qt:status,msg:db_conf_key db1 Connect success !
req_id:150211340774531,date:2017-08-07 21:43:27,qt:status,msg:SELECT count(*) num FROM que_title_question WHERE questionnaire_id = 1
req_id:150211340774531,date:2017-08-07 21:43:27,qt:status,msg:query info : null
req_id:1502113407131171,date:2017-08-07 21:43:27,qt:list,msg:db_conf_key db1 Connect success !
req_id:1502113407131171,date:2017-08-07 21:43:27,qt:list,msg:SELECT `id`, `content`, `type` FROM que_question WHERE `id` NOT IN ( SELECT `question_id` FROM que_title_question WHERE `questionnaire_id` =1) LIMIT 0, 15
req_id:1502113407131171,date:2017-08-07 21:43:27,qt:list,msg:query info : null
req_id:1502113407222968,date:2017-08-07 21:43:27,qt:login,msg:query info : null
req_id:1502113409573554,date:2017-08-07 21:43:29,qt:login,msg:query info : null
req_id:1502113409597968,date:2017-08-07 21:43:29,qt:login,msg:query info : null
req_id:1502113409806953,date:2017-08-07 21:43:29,qt:login,msg:query info : null
req_id:1502113419590156,date:2017-08-07 21:43:39,qt:login,msg:db_conf_key db1 Connect success !
req_id:1502113419590156,date:2017-08-07 21:43:39,qt:login,msg:SELECT `id`, `account`, `passwd`, `name`, `parent_id` FROM `eval_department` WHERE account = 'suzhou' 
req_id:1502113419590156,date:2017-08-07 21:43:39,qt:login,msg:query info : null
req_id:1502113419817695,date:2017-08-07 21:43:39,qt:login,msg:query info : null
req_id:1502113419839179,date:2017-08-07 21:43:39,qt:list,msg:db_conf_key db1 Connect success !
req_id:1502113419839179,date:2017-08-07 21:43:39,qt:list,msg:SELECT `id`, `content`, `weight`, `parent_id` FROM `eval_index`
req_id:1502113419839179,date:2017-08-07 21:43:39,qt:list,msg:query info : null
req_id:150211342184296,date:2017-08-07 21:43:41,qt:login,msg:query info : null
req_id:1502116206281562,date:2017-08-07 22:30:06,qt:login,msg:query info : null
req_id:1502116219909492,date:2017-08-07 22:30:19,qt:login,msg:db_conf_key db1 Connect success !
req_id:1502116219909492,date:2017-08-07 22:30:19,qt:login,msg:SELECT `id`, `account`, `passwd`, `name`, `parent_id` FROM `eval_department` WHERE account = 'suzhou' 
req_id:1502116219909492,date:2017-08-07 22:30:19,qt:login,msg:query info : null
req_id:1502116221318671,date:2017-08-07 22:30:21,qt:login,msg:query info : null
req_id:1502116221368476,date:2017-08-07 22:30:21,qt:list,msg:db_conf_key db1 Connect success !
req_id:1502116221368476,date:2017-08-07 22:30:21,qt:list,msg:SELECT `id`, `content`, `weight`, `parent_id` FROM `eval_index`
req_id:1502116221368476,date:2017-08-07 22:30:21,qt:list,msg:query info : null
req_id:1502116223971992,date:2017-08-07 22:30:23,qt:login,msg:query info : null
req_id:1502116225873359,date:2017-08-07 22:30:25,qt:login,msg:query info : null
req_id:1502116225906562,date:2017-08-07 22:30:25,qt:list,msg:db_conf_key db1 Connect success !
req_id:1502116225906562,date:2017-08-07 22:30:25,qt:list,msg:SELECT `id`, `content`, `weight`, `parent_id` FROM `eval_index`
req_id:1502116225906562,date:2017-08-07 22:30:25,qt:list,msg:query info : null
req_id:1502116232814765,date:2017-08-07 22:30:32,qt:login,msg:query info : null
req_id:1502116240422187,date:2017-08-07 22:30:40,qt:login,msg:query info : null
req_id:1502116240458320,date:2017-08-07 22:30:40,qt:list,msg:db_conf_key db1 Connect success !
req_id:1502116240458320,date:2017-08-07 22:30:40,qt:list,msg:SELECT `id`, `content`, `weight`, `parent_id` FROM `eval_index`
req_id:1502116240458320,date:2017-08-07 22:30:40,qt:list,msg:query info : null
req_id:1502116243138007,date:2017-08-07 22:30:43,qt:login,msg:query info : null
req_id:1502116272252265,date:2017-08-07 22:31:12,qt:login,msg:query info : null
req_id:1502116272278632,date:2017-08-07 22:31:12,qt:list,msg:db_conf_key db1 Connect success !
req_id:1502116272278632,date:2017-08-07 22:31:12,qt:list,msg:SELECT `id`, `content`, `weight`, `parent_id` FROM `eval_index`
req_id:1502116272278632,date:2017-08-07 22:31:12,qt:list,msg:query info : null
req_id:1502116272409492,date:2017-08-07 22:31:12,qt:login,msg:query info : null
req_id:1502116287104804,date:2017-08-07 22:31:27,qt:login,msg:query info : null
req_id:1502116287132148,date:2017-08-07 22:31:27,qt:list,msg:db_conf_key db1 Connect success !
req_id:1502116287132148,date:2017-08-07 22:31:27,qt:list,msg:SELECT `id`, `content`, `weight`, `parent_id` FROM `eval_index`
req_id:1502116287132148,date:2017-08-07 22:31:27,qt:list,msg:query info : null
req_id:1502116287933906,date:2017-08-07 22:31:27,qt:login,msg:query info : null
req_id:150211683662812,date:2017-08-07 22:40:36,qt:login,msg:query info : null
req_id:1502116856751289,date:2017-08-07 22:40:56,qt:login,msg:query info : null
req_id:150211686877460,date:2017-08-07 22:41:08,qt:login,msg:db_conf_key db1 Connect success !
req_id:150211686877460,date:2017-08-07 22:41:08,qt:login,msg:SELECT `id`, `account`, `passwd`, `name`, `parent_id` FROM `eval_department` WHERE account = 'suzhou' 
req_id:150211686877460,date:2017-08-07 22:41:08,qt:login,msg:query info : null
req_id:1502116868171210,date:2017-08-07 22:41:08,qt:login,msg:query info : null
req_id:1502116868180000,date:2017-08-07 22:41:08,qt:list,msg:db_conf_key db1 Connect success !
req_id:1502116868180000,date:2017-08-07 22:41:08,qt:list,msg:SELECT `id`, `content`, `weight`, `parent_id` FROM `eval_index`
req_id:1502116868180000,date:2017-08-07 22:41:08,qt:list,msg:query info : null
req_id:1502116869618476,date:2017-08-07 22:41:09,qt:login,msg:query info : null
req_id:1502117806982734,date:2017-08-07 22:56:47,qt:login,msg:query info : null
req_id:1502117816220039,date:2017-08-07 22:56:56,qt:login,msg:query info : null
req_id:1502117828588203,date:2017-08-07 22:57:08,qt:login,msg:db_conf_key db1 Connect success !
req_id:1502117828588203,date:2017-08-07 22:57:08,qt:login,msg:SELECT `id`, `account`, `passwd`, `name`, `parent_id` FROM `eval_department` WHERE account = 'suzhou' 
req_id:1502117828588203,date:2017-08-07 22:57:08,qt:login,msg:query info : null
req_id:1502117828867500,date:2017-08-07 22:57:08,qt:login,msg:query info : null
req_id:1502117828881171,date:2017-08-07 22:57:08,qt:list,msg:db_conf_key db1 Connect success !
req_id:1502117828881171,date:2017-08-07 22:57:08,qt:list,msg:SELECT `id`, `content`, `weight`, `parent_id` FROM `eval_index`
req_id:1502117828881171,date:2017-08-07 22:57:08,qt:list,msg:query info : null
req_id:1502117828914375,date:2017-08-07 22:57:08,qt:navigate,msg:redis connect success
req_id:1502117828914375,date:2017-08-07 22:57:08,qt:navigate,msg:db_conf_key db1 Connect success !
req_id:1502117828914375,date:2017-08-07 22:57:08,qt:navigate,msg:SELECT `id`, `name` FROM `eval_department` WHERE parent_id = '5' 
req_id:1502117828914375,date:2017-08-07 22:57:08,qt:navigate,msg:db_conf_key db1 Connect success !
req_id:1502117828914375,date:2017-08-07 22:57:08,qt:navigate,msg:SELECT `id`, `name` FROM `eval_school`
req_id:1502117828914375,date:2017-08-07 22:57:09,qt:navigate,msg:db_conf_key db1 Connect success !
req_id:1502117828914375,date:2017-08-07 22:57:09,qt:navigate,msg:SELECT distinct `edu_depart_id`, `school_id`, `grade`, `class` FROM `eval_evaluation` WHERE edu_depart_id = '6' 
req_id:1502117828914375,date:2017-08-07 22:57:09,qt:navigate,msg:query info : null
req_id:1502117829148750,date:2017-08-07 22:57:09,qt:login,msg:query info : null
req_id:1502117829156562,date:2017-08-07 22:57:09,qt:evaluation,msg:redis connect success
req_id:1502117829156562,date:2017-08-07 22:57:09,qt:evaluation,msg:db_conf_key db1 Connect success !
req_id:1502117829156562,date:2017-08-07 22:57:09,qt:evaluation,msg:SELECT `id`, `name` FROM `eval_department` WHERE parent_id = '5' 
req_id:1502117829156562,date:2017-08-07 22:57:09,qt:evaluation,msg:db_conf_key db1 Connect success !
req_id:1502117829156562,date:2017-08-07 22:57:09,qt:evaluation,msg:SELECT `score`, `gender`, `test_times`, `edu_depart_id`, `school_id`, `grade`, `class`, `sno` FROM `eval_evaluation` WHERE edu_depart_id = 6  AND test_times = '1' 
req_id:1502117829156562,date:2017-08-07 22:57:09,qt:evaluation,msg:db_conf_key db1 Connect success !
req_id:1502117829156562,date:2017-08-07 22:57:09,qt:evaluation,msg:SELECT `id`, `content`, `weight`, `parent_id` FROM `eval_index`
req_id:1502117829156562,date:2017-08-07 22:57:09,qt:evaluation,msg:query info : null
req_id:150211783047187,date:2017-08-07 22:57:10,qt:login,msg:query info : null
req_id:1502117837817695,date:2017-08-07 22:57:17,qt:login,msg:query info : null
req_id:1502117837826484,date:2017-08-07 22:57:17,qt:evaluation,msg:redis connect success
req_id:1502117837826484,date:2017-08-07 22:57:17,qt:evaluation,msg:db_conf_key db1 Connect success !
req_id:1502117837826484,date:2017-08-07 22:57:17,qt:evaluation,msg:SELECT `id`, `name` FROM `eval_department` WHERE parent_id = '5' 
req_id:1502117837826484,date:2017-08-07 22:57:17,qt:evaluation,msg:db_conf_key db1 Connect success !
req_id:1502117837826484,date:2017-08-07 22:57:17,qt:evaluation,msg:SELECT `score`, `gender`, `test_times`, `edu_depart_id`, `school_id`, `grade`, `class`, `sno` FROM `eval_evaluation` WHERE edu_depart_id = 6  AND test_times = '1' 
req_id:1502117837826484,date:2017-08-07 22:57:17,qt:evaluation,msg:db_conf_key db1 Connect success !
req_id:1502117837826484,date:2017-08-07 22:57:17,qt:evaluation,msg:SELECT `id`, `content`, `weight`, `parent_id` FROM `eval_index`
req_id:1502117837826484,date:2017-08-07 22:57:17,qt:evaluation,msg:query info : null
req_id:1502118064764960,date:2017-08-07 23:01:04,qt:login,msg:query info : null
req_id:1502118078452460,date:2017-08-07 23:01:18,qt:login,msg:query info : null
req_id:1502118110874335,date:2017-08-07 23:01:50,qt:login,msg:query info : null
req_id:1502118122171210,date:2017-08-07 23:02:02,qt:login,msg:query info : null
req_id:1502118122202460,date:2017-08-07 23:02:02,qt:list,msg:db_conf_key db1 Connect success !
req_id:1502118122202460,date:2017-08-07 23:02:02,qt:list,msg:SELECT `id`, `content`, `weight`, `parent_id` FROM `eval_index`
req_id:1502118122202460,date:2017-08-07 23:02:02,qt:list,msg:query info : null
req_id:1502118123796210,date:2017-08-07 23:02:03,qt:login,msg:query info : null
req_id:1502118128124335,date:2017-08-07 23:02:08,qt:login,msg:db_conf_key db1 Connect success !
req_id:1502118128124335,date:2017-08-07 23:02:08,qt:login,msg:SELECT `account`, `passwd`, `name`, `level` FROM `eval_admin` WHERE account = 'admin' 
req_id:1502118128124335,date:2017-08-07 23:02:08,qt:login,msg:query info : null
req_id:1502118128452460,date:2017-08-07 23:02:08,qt:list,msg:db_conf_key db1 Connect success !
req_id:1502118128452460,date:2017-08-07 23:02:08,qt:list,msg:SELECT `id`, `title` FROM `que_title` limit 0, 20
req_id:1502118128452460,date:2017-08-07 23:02:08,qt:list,msg:query info : null
req_id:1502118128514960,date:2017-08-07 23:02:08,qt:status,msg:db_conf_key db1 Connect success !
req_id:1502118128514960,date:2017-08-07 23:02:08,qt:status,msg:SELECT count(*) num FROM que_question
req_id:1502118128514960,date:2017-08-07 23:02:08,qt:status,msg:db_conf_key db1 Connect success !
req_id:1502118128514960,date:2017-08-07 23:02:08,qt:status,msg:SELECT count(*) num FROM que_title
req_id:1502118128514960,date:2017-08-07 23:02:08,qt:status,msg:query info : null
req_id:1502118128530585,date:2017-08-07 23:02:08,qt:login,msg:query info : null
req_id:1502118128577460,date:2017-08-07 23:02:08,qt:login,msg:query info : null
req_id:1502118128577460,date:2017-08-07 23:02:08,qt:list,msg:db_conf_key db1 Connect success !
req_id:1502118128577460,date:2017-08-07 23:02:08,qt:list,msg:SELECT `id`, `content`, `weight`, `parent_id` FROM `eval_index`
req_id:1502118128577460,date:2017-08-07 23:02:08,qt:list,msg:query info : null
req_id:1502118130108710,date:2017-08-07 23:02:10,qt:login,msg:query info : null
req_id:1502118133218085,date:2017-08-07 23:02:13,qt:questionnaire,msg:redis connect success
req_id:1502118133218085,date:2017-08-07 23:02:13,qt:questionnaire,msg:db_conf_key db1 Connect success !
req_id:1502118133218085,date:2017-08-07 23:02:13,qt:questionnaire,msg:SELECT `id`, `title` FROM `que_title` WHERE id = '1' 
req_id:1502118133218085,date:2017-08-07 23:02:13,qt:questionnaire,msg:SELECT `questionnaire_id`, `question_id` FROM `que_title_question` WHERE questionnaire_id = '1' 
req_id:1502118133218085,date:2017-08-07 23:02:13,qt:questionnaire,msg:db_conf_key db1 Connect success !
req_id:1502118133218085,date:2017-08-07 23:02:13,qt:questionnaire,msg:SELECT `id`, `content`, `type` FROM `que_question` WHERE id in (1,3,4,5,6,7,8,9,10,11,12,13,14,15,16,17,18,19,20,21,22,23,24,25,26,27,28,29,30,31,32,33,34,35,36,37,38,39,40,41,42,43,44,45,46,47,48,49,50,51,52,53,54,55,56,57,58,59,60,61,62,63,64,65,66,67,68,69,70,71,75) 
req_id:1502118133218085,date:2017-08-07 23:02:13,qt:questionnaire,msg:db_conf_key db1 Connect success !
req_id:1502118133218085,date:2017-08-07 23:02:13,qt:questionnaire,msg:SELECT `id`, `content`, `question_id`, `order` FROM `que_option` WHERE question_id in (1,3,4,5,6,7,8,9,10,11,12,13,14,15,16,17,18,19,20,21,22,23,24,25,26,27,28,29,30,31,32,33,34,35,36,37,38,39,40,41,42,43,44,45,46,47,48,49,50,51,52,53,54,55,56,57,58,59,60,61,62,63,64,65,66,67,68,69,70,71,75) 
req_id:1502118133218085,date:2017-08-07 23:02:13,qt:questionnaire,msg:query info : null
req_id:1502118133264960,date:2017-08-07 23:02:13,qt:login,msg:query info : null
req_id:1502118133374335,date:2017-08-07 23:02:13,qt:login,msg:query info : null
req_id:1502118133405585,date:2017-08-07 23:02:13,qt:login,msg:query info : null
req_id:1502118133577460,date:2017-08-07 23:02:13,qt:login,msg:query info : null
req_id:1502118138452460,date:2017-08-07 23:02:18,qt:login,msg:query info : null
req_id:1502118138452460,date:2017-08-07 23:02:18,qt:login,msg:query info : null
req_id:1502118138546210,date:2017-08-07 23:02:18,qt:login,msg:query info : null
req_id:1502118143202460,date:2017-08-07 23:02:23,qt:login,msg:query info : null
req_id:1502118143202460,date:2017-08-07 23:02:23,qt:login,msg:query info : null
req_id:1502118143374335,date:2017-08-07 23:02:23,qt:login,msg:query info : null
req_id:150211815761835,date:2017-08-07 23:02:37,qt:login,msg:db_conf_key db1 Connect success !
req_id:150211815761835,date:2017-08-07 23:02:37,qt:login,msg:SELECT `id`, `account`, `passwd`, `name`, `parent_id` FROM `eval_department` WHERE account = 'suzhou' 
req_id:150211815761835,date:2017-08-07 23:02:37,qt:login,msg:query info : null
req_id:1502118157218085,date:2017-08-07 23:02:37,qt:login,msg:query info : null
req_id:1502118157233710,date:2017-08-07 23:02:37,qt:list,msg:db_conf_key db1 Connect success !
req_id:1502118157233710,date:2017-08-07 23:02:37,qt:list,msg:SELECT `id`, `content`, `weight`, `parent_id` FROM `eval_index`
req_id:1502118157233710,date:2017-08-07 23:02:37,qt:list,msg:query info : null
req_id:1502118157280585,date:2017-08-07 23:02:37,qt:navigate,msg:redis connect success
req_id:1502118157280585,date:2017-08-07 23:02:37,qt:navigate,msg:query info : null
req_id:1502118157327460,date:2017-08-07 23:02:37,qt:login,msg:query info : null
req_id:1502118157358710,date:2017-08-07 23:02:37,qt:evaluation,msg:redis connect success
req_id:1502118157358710,date:2017-08-07 23:02:37,qt:evaluation,msg:query info : null
req_id:1502118157921210,date:2017-08-07 23:02:37,qt:login,msg:query info : null
req_id:1502118202624335,date:2017-08-07 23:03:22,qt:login,msg:query info : null
req_id:1502118202639960,date:2017-08-07 23:03:22,qt:evaluation,msg:redis connect success
req_id:1502118202639960,date:2017-08-07 23:03:22,qt:evaluation,msg:query info : null
req_id:1502118209561835,date:2017-08-07 23:03:29,qt:login,msg:query info : null
req_id:1502118209561835,date:2017-08-07 23:03:29,qt:evaluation,msg:redis connect success
req_id:1502118209561835,date:2017-08-07 23:03:29,qt:evaluation,msg:db_conf_key db1 Connect success !
req_id:1502118209561835,date:2017-08-07 23:03:29,qt:evaluation,msg:SELECT `id`, `name` FROM `eval_department` WHERE parent_id = '5' 
req_id:1502118209561835,date:2017-08-07 23:03:29,qt:evaluation,msg:db_conf_key db1 Connect success !
req_id:1502118209561835,date:2017-08-07 23:03:29,qt:evaluation,msg:SELECT `score`, `gender`, `test_times`, `edu_depart_id`, `school_id`, `grade`, `class`, `sno` FROM `eval_evaluation` WHERE edu_depart_id = 6  AND test_times = '1' 
req_id:1502118209561835,date:2017-08-07 23:03:29,qt:evaluation,msg:db_conf_key db1 Connect success !
req_id:1502118209561835,date:2017-08-07 23:03:29,qt:evaluation,msg:SELECT `id`, `content`, `weight`, `parent_id` FROM `eval_index`
req_id:1502118209561835,date:2017-08-07 23:03:29,qt:evaluation,msg:query info : null
req_id:1502118213936835,date:2017-08-07 23:03:33,qt:login,msg:query info : null
req_id:1502118213968085,date:2017-08-07 23:03:33,qt:list,msg:db_conf_key db1 Connect success !
req_id:1502118213968085,date:2017-08-07 23:03:33,qt:list,msg:SELECT `id`, `content`, `weight`, `parent_id` FROM `eval_index`
req_id:1502118213968085,date:2017-08-07 23:03:33,qt:list,msg:query info : null
req_id:1502118213999335,date:2017-08-07 23:03:34,qt:navigate,msg:redis connect success
req_id:1502118213999335,date:2017-08-07 23:03:34,qt:navigate,msg:query info : null
req_id:150211821430585,date:2017-08-07 23:03:34,qt:evaluation,msg:redis connect success
req_id:150211821430585,date:2017-08-07 23:03:34,qt:evaluation,msg:db_conf_key db1 Connect success !
req_id:150211821430585,date:2017-08-07 23:03:34,qt:evaluation,msg:SELECT `id`, `name` FROM `eval_department` WHERE parent_id = '5' 
req_id:150211821430585,date:2017-08-07 23:03:34,qt:evaluation,msg:db_conf_key db1 Connect success !
req_id:150211821430585,date:2017-08-07 23:03:34,qt:evaluation,msg:SELECT `score`, `gender`, `test_times`, `edu_depart_id`, `school_id`, `grade`, `class`, `sno` FROM `eval_evaluation` WHERE edu_depart_id = 6  AND test_times = '1' 
req_id:150211821430585,date:2017-08-07 23:03:34,qt:evaluation,msg:db_conf_key db1 Connect success !
req_id:150211821430585,date:2017-08-07 23:03:34,qt:evaluation,msg:SELECT `id`, `content`, `weight`, `parent_id` FROM `eval_index`
req_id:150211821430585,date:2017-08-07 23:03:34,qt:evaluation,msg:query info : null
req_id:1502118214249335,date:2017-08-07 23:03:34,qt:login,msg:query info : null
req_id:1502118215639960,date:2017-08-07 23:03:35,qt:evaluation,msg:redis connect success
req_id:1502118215639960,date:2017-08-07 23:03:35,qt:evaluation,msg:query info : null
req_id:1502118219686835,date:2017-08-07 23:03:39,qt:evaluation,msg:redis connect success
req_id:1502118219686835,date:2017-08-07 23:03:39,qt:evaluation,msg:db_conf_key db1 Connect success !
req_id:1502118219686835,date:2017-08-07 23:03:39,qt:evaluation,msg:SELECT `id`, `name` FROM `eval_department` WHERE parent_id = '5' 
req_id:1502118219686835,date:2017-08-07 23:03:39,qt:evaluation,msg:db_conf_key db1 Connect success !
req_id:1502118219686835,date:2017-08-07 23:03:39,qt:evaluation,msg:SELECT `score`, `gender`, `test_times`, `edu_depart_id`, `school_id`, `grade`, `class`, `sno` FROM `eval_evaluation` WHERE edu_depart_id = 6  AND test_times = '1' 
req_id:1502118219686835,date:2017-08-07 23:03:39,qt:evaluation,msg:db_conf_key db1 Connect success !
req_id:1502118219686835,date:2017-08-07 23:03:39,qt:evaluation,msg:SELECT `id`, `content`, `weight`, `parent_id` FROM `eval_index`
req_id:1502118219686835,date:2017-08-07 23:03:39,qt:evaluation,msg:query info : null
req_id:1502118224780585,date:2017-08-07 23:03:44,qt:login,msg:query info : null
req_id:1502118224780585,date:2017-08-07 23:03:44,qt:list,msg:db_conf_key db1 Connect success !
req_id:1502118224780585,date:2017-08-07 23:03:44,qt:list,msg:SELECT `id`, `content`, `weight`, `parent_id` FROM `eval_index`
req_id:1502118224780585,date:2017-08-07 23:03:44,qt:list,msg:query info : null
req_id:1502118224811835,date:2017-08-07 23:03:44,qt:navigate,msg:redis connect success
req_id:1502118224811835,date:2017-08-07 23:03:44,qt:navigate,msg:query info : null
req_id:1502118224843085,date:2017-08-07 23:03:44,qt:login,msg:query info : null
req_id:1502118224858710,date:2017-08-07 23:03:44,qt:evaluation,msg:redis connect success
req_id:1502118224858710,date:2017-08-07 23:03:44,qt:evaluation,msg:query info : null
req_id:1502118225327460,date:2017-08-07 23:03:45,qt:login,msg:query info : null
req_id:1502118239249335,date:2017-08-07 23:03:59,qt:login,msg:db_conf_key db1 Connect success !
req_id:1502118239249335,date:2017-08-07 23:03:59,qt:login,msg:SELECT `id`, `account`, `passwd`, `name`, `parent_id` FROM `eval_department` WHERE account = 'suzhou' 
req_id:1502118239249335,date:2017-08-07 23:03:59,qt:login,msg:query info : null
req_id:1502118239327460,date:2017-08-07 23:03:59,qt:login,msg:db_conf_key db1 Connect success !
req_id:1502118239327460,date:2017-08-07 23:03:59,qt:login,msg:SELECT `id`, `account`, `passwd`, `name`, `parent_id` FROM `eval_department` WHERE account = 'suzhou' 
req_id:1502118239327460,date:2017-08-07 23:03:59,qt:login,msg:query info : null
req_id:1502118239389960,date:2017-08-07 23:03:59,qt:login,msg:db_conf_key db1 Connect success !
req_id:1502118239389960,date:2017-08-07 23:03:59,qt:login,msg:SELECT `id`, `account`, `passwd`, `name`, `parent_id` FROM `eval_department` WHERE account = 'suzhou' 
req_id:1502118239389960,date:2017-08-07 23:03:59,qt:login,msg:query info : null
req_id:1502118239436835,date:2017-08-07 23:03:59,qt:login,msg:db_conf_key db1 Connect success !
req_id:1502118239436835,date:2017-08-07 23:03:59,qt:login,msg:SELECT `id`, `account`, `passwd`, `name`, `parent_id` FROM `eval_department` WHERE account = 'suzhou' 
req_id:1502118239436835,date:2017-08-07 23:03:59,qt:login,msg:query info : null
req_id:1502118239468085,date:2017-08-07 23:03:59,qt:login,msg:db_conf_key db1 Connect success !
req_id:1502118239468085,date:2017-08-07 23:03:59,qt:login,msg:SELECT `id`, `account`, `passwd`, `name`, `parent_id` FROM `eval_department` WHERE account = 'suzhou' 
req_id:1502118239468085,date:2017-08-07 23:03:59,qt:login,msg:query info : null
req_id:150211824014960,date:2017-08-07 23:04:00,qt:login,msg:query info : null
req_id:1502118346389960,date:2017-08-07 23:05:46,qt:login,msg:db_conf_key db1 Connect success !
req_id:1502118346389960,date:2017-08-07 23:05:46,qt:login,msg:SELECT `id`, `account`, `passwd`, `name`, `parent_id` FROM `eval_department` WHERE account = 'suzhou' 
req_id:1502118346389960,date:2017-08-07 23:05:46,qt:login,msg:query info : null
req_id:1502118346624335,date:2017-08-07 23:05:46,qt:login,msg:query info : null
req_id:1502118346671210,date:2017-08-07 23:05:46,qt:list,msg:db_conf_key db1 Connect success !
req_id:1502118346671210,date:2017-08-07 23:05:46,qt:list,msg:SELECT `id`, `content`, `weight`, `parent_id` FROM `eval_index`
req_id:1502118346671210,date:2017-08-07 23:05:46,qt:list,msg:query info : null
req_id:1502118346733710,date:2017-08-07 23:05:46,qt:navigate,msg:redis connect success
req_id:1502118346733710,date:2017-08-07 23:05:46,qt:navigate,msg:query info : null
req_id:1502118347202460,date:2017-08-07 23:05:47,qt:login,msg:query info : null
req_id:1502118347233710,date:2017-08-07 23:05:47,qt:evaluation,msg:redis connect success
req_id:1502118347233710,date:2017-08-07 23:05:47,qt:evaluation,msg:query info : null
req_id:1502118348733710,date:2017-08-07 23:05:48,qt:login,msg:query info : null
req_id:1502118348764960,date:2017-08-07 23:05:48,qt:list,msg:db_conf_key db1 Connect success !
req_id:1502118348764960,date:2017-08-07 23:05:48,qt:list,msg:SELECT `id`, `content`, `weight`, `parent_id` FROM `eval_index`
req_id:1502118348764960,date:2017-08-07 23:05:48,qt:list,msg:query info : null
req_id:1502118348827460,date:2017-08-07 23:05:48,qt:navigate,msg:redis connect success
req_id:1502118348827460,date:2017-08-07 23:05:48,qt:navigate,msg:query info : null
req_id:1502118349436835,date:2017-08-07 23:05:49,qt:evaluation,msg:redis connect success
req_id:1502118349436835,date:2017-08-07 23:05:49,qt:evaluation,msg:query info : null
req_id:1502118349811835,date:2017-08-07 23:05:49,qt:login,msg:query info : null
req_id:1502118362718085,date:2017-08-07 23:06:02,qt:login,msg:query info : null
req_id:1502118362733710,date:2017-08-07 23:06:02,qt:list,msg:db_conf_key db1 Connect success !
req_id:1502118362733710,date:2017-08-07 23:06:02,qt:list,msg:SELECT `id`, `content`, `weight`, `parent_id` FROM `eval_index`
req_id:1502118362733710,date:2017-08-07 23:06:02,qt:list,msg:query info : null
req_id:1502118362764960,date:2017-08-07 23:06:02,qt:navigate,msg:redis connect success
req_id:1502118362764960,date:2017-08-07 23:06:02,qt:navigate,msg:query info : null
req_id:1502118362796210,date:2017-08-07 23:06:02,qt:evaluation,msg:redis connect success
req_id:1502118362796210,date:2017-08-07 23:06:02,qt:evaluation,msg:query info : null
req_id:1502118362843085,date:2017-08-07 23:06:02,qt:login,msg:query info : null
req_id:1502118363811835,date:2017-08-07 23:06:03,qt:login,msg:query info : null
req_id:1502118363827460,date:2017-08-07 23:06:03,qt:result,msg:redis connect success
req_id:1502118363827460,date:2017-08-07 23:06:03,qt:result,msg:db_conf_key db1 Connect success !
req_id:1502118363827460,date:2017-08-07 23:06:03,qt:result,msg:SELECT `id`, `name` FROM `eval_department` WHERE parent_id = '5' 
req_id:1502118363827460,date:2017-08-07 23:06:03,qt:result,msg:db_conf_key db1 Connect success !
req_id:1502118363827460,date:2017-08-07 23:06:03,qt:result,msg:SELECT `score`, `gender`, `test_times`, `edu_depart_id`, `school_id`, `grade`, `class`, `sno` FROM `eval_evaluation` WHERE edu_depart_id = 6  AND test_times = 1 
req_id:1502118363827460,date:2017-08-07 23:06:03,qt:result,msg:db_conf_key db1 Connect success !
req_id:1502118363827460,date:2017-08-07 23:06:03,qt:result,msg:SELECT `id`, `name` FROM `eval_department` WHERE parent_id = '5' 
req_id:1502118363827460,date:2017-08-07 23:06:03,qt:result,msg:db_conf_key db1 Connect success !
req_id:1502118363827460,date:2017-08-07 23:06:03,qt:result,msg:SELECT `id`, `content`, `weight`, `parent_id` FROM `eval_index`
req_id:1502118363827460,date:2017-08-07 23:06:03,qt:result,msg:query info : null
req_id:150211836414960,date:2017-08-07 23:06:04,qt:login,msg:query info : null
req_id:1502118366389960,date:2017-08-07 23:06:06,qt:login,msg:query info : null
req_id:1502118366405585,date:2017-08-07 23:06:06,qt:list,msg:db_conf_key db1 Connect success !
req_id:1502118366405585,date:2017-08-07 23:06:06,qt:list,msg:SELECT `id`, `content`, `weight`, `parent_id` FROM `eval_index`
req_id:1502118366405585,date:2017-08-07 23:06:06,qt:list,msg:query info : null
req_id:1502118366452460,date:2017-08-07 23:06:06,qt:navigate,msg:redis connect success
req_id:1502118366452460,date:2017-08-07 23:06:06,qt:navigate,msg:query info : null
req_id:1502118366468085,date:2017-08-07 23:06:06,qt:evaluation,msg:redis connect success
req_id:1502118366468085,date:2017-08-07 23:06:06,qt:evaluation,msg:query info : null
req_id:1502118366530585,date:2017-08-07 23:06:06,qt:login,msg:query info : null
req_id:150211836714960,date:2017-08-07 23:06:07,qt:login,msg:query info : null
req_id:150211836714960,date:2017-08-07 23:06:07,qt:list,msg:db_conf_key db1 Connect success !
req_id:150211836714960,date:2017-08-07 23:06:07,qt:list,msg:SELECT `id`, `content`, `weight`, `parent_id` FROM `eval_index`
req_id:150211836714960,date:2017-08-07 23:06:07,qt:list,msg:query info : null
req_id:150211836746210,date:2017-08-07 23:06:07,qt:navigate,msg:redis connect success
req_id:150211836746210,date:2017-08-07 23:06:07,qt:navigate,msg:query info : null
req_id:150211836777460,date:2017-08-07 23:06:07,qt:login,msg:query info : null
req_id:150211836793085,date:2017-08-07 23:06:07,qt:evaluation,msg:redis connect success
req_id:150211836793085,date:2017-08-07 23:06:07,qt:evaluation,msg:query info : null
req_id:1502118367561835,date:2017-08-07 23:06:07,qt:login,msg:query info : null
req_id:1502118996952460,date:2017-08-07 23:16:36,qt:login,msg:query info : null
req_id:1502118996983710,date:2017-08-07 23:16:36,qt:list,msg:db_conf_key db1 Connect success !
req_id:1502118996983710,date:2017-08-07 23:16:36,qt:list,msg:SELECT `id`, `content`, `weight`, `parent_id` FROM `eval_index`
req_id:1502118996983710,date:2017-08-07 23:16:36,qt:list,msg:query info : null
req_id:150211899714960,date:2017-08-07 23:16:37,qt:navigate,msg:redis connect success
req_id:150211899714960,date:2017-08-07 23:16:37,qt:navigate,msg:query info : null
req_id:150211899761835,date:2017-08-07 23:16:37,qt:evaluation,msg:redis connect success
req_id:150211899761835,date:2017-08-07 23:16:37,qt:evaluation,msg:query info : null
req_id:1502118997124335,date:2017-08-07 23:16:37,qt:login,msg:query info : null
req_id:1502119059327460,date:2017-08-07 23:17:39,qt:login,msg:query info : null
req_id:1502119059389960,date:2017-08-07 23:17:39,qt:result,msg:redis connect success
req_id:1502119059389960,date:2017-08-07 23:17:39,qt:result,msg:query info : null
req_id:1502119059452460,date:2017-08-07 23:17:39,qt:login,msg:query info : null
req_id:1502119126343085,date:2017-08-07 23:18:46,qt:login,msg:query info : null
req_id:1502119126686835,date:2017-08-07 23:18:46,qt:login,msg:query info : null
req_id:150211929030585,date:2017-08-07 23:21:30,qt:login,msg:query info : null
req_id:150211929061835,date:2017-08-07 23:21:30,qt:list,msg:db_conf_key db1 Connect success !
req_id:150211929061835,date:2017-08-07 23:21:30,qt:list,msg:SELECT `id`, `content`, `weight`, `parent_id` FROM `eval_index`
req_id:150211929061835,date:2017-08-07 23:21:30,qt:list,msg:query info : null
req_id:1502119290468085,date:2017-08-07 23:21:30,qt:navigate,msg:redis connect success
req_id:1502119290468085,date:2017-08-07 23:21:30,qt:navigate,msg:query info : null
req_id:1502119290530585,date:2017-08-07 23:21:30,qt:evaluation,msg:redis connect success
req_id:1502119290530585,date:2017-08-07 23:21:30,qt:evaluation,msg:query info : null
req_id:1502119290608710,date:2017-08-07 23:21:30,qt:login,msg:query info : null
req_id:1502119292108710,date:2017-08-07 23:21:32,qt:login,msg:query info : null
req_id:1502119292155585,date:2017-08-07 23:21:32,qt:list,msg:db_conf_key db1 Connect success !
req_id:1502119292155585,date:2017-08-07 23:21:32,qt:list,msg:SELECT `id`, `content`, `weight`, `parent_id` FROM `eval_index`
req_id:1502119292155585,date:2017-08-07 23:21:32,qt:list,msg:query info : null
req_id:1502119292202460,date:2017-08-07 23:21:32,qt:navigate,msg:redis connect success
req_id:1502119292202460,date:2017-08-07 23:21:32,qt:navigate,msg:query info : null
req_id:1502119292264960,date:2017-08-07 23:21:32,qt:login,msg:query info : null
req_id:1502119292311835,date:2017-08-07 23:21:32,qt:evaluation,msg:redis connect success
req_id:1502119292311835,date:2017-08-07 23:21:32,qt:evaluation,msg:query info : null
req_id:1502119292952460,date:2017-08-07 23:21:32,qt:login,msg:query info : null
req_id:1502119482155585,date:2017-08-07 23:24:42,qt:login,msg:query info : null
req_id:1502119482202460,date:2017-08-07 23:24:42,qt:evaluation,msg:redis connect success
req_id:1502119482202460,date:2017-08-07 23:24:42,qt:evaluation,msg:db_conf_key db1 Connect success !
req_id:1502119482202460,date:2017-08-07 23:24:42,qt:evaluation,msg:SELECT `id`, `name` FROM `eval_department` WHERE parent_id = '5' 
req_id:1502119482202460,date:2017-08-07 23:24:42,qt:evaluation,msg:db_conf_key db1 Connect success !
req_id:1502119482202460,date:2017-08-07 23:24:42,qt:evaluation,msg:SELECT `score`, `gender`, `test_times`, `edu_depart_id`, `school_id`, `grade`, `class`, `sno` FROM `eval_evaluation` WHERE edu_depart_id = 6  AND test_times = '1' 
req_id:1502119482202460,date:2017-08-07 23:24:42,qt:evaluation,msg:db_conf_key db1 Connect success !
req_id:1502119482202460,date:2017-08-07 23:24:42,qt:evaluation,msg:SELECT `id`, `content`, `weight`, `parent_id` FROM `eval_index`
req_id:1502119482202460,date:2017-08-07 23:24:42,qt:evaluation,msg:query info : null
req_id:1502119556983710,date:2017-08-07 23:25:56,qt:login,msg:query info : null
req_id:150211955730585,date:2017-08-07 23:25:57,qt:list,msg:db_conf_key db1 Connect success !
req_id:150211955730585,date:2017-08-07 23:25:57,qt:list,msg:SELECT `id`, `content`, `weight`, `parent_id` FROM `eval_index`
req_id:150211955730585,date:2017-08-07 23:25:57,qt:list,msg:query info : null
req_id:150211955777460,date:2017-08-07 23:25:57,qt:navigate,msg:redis connect success
req_id:150211955777460,date:2017-08-07 23:25:57,qt:navigate,msg:query info : null
req_id:1502119557124335,date:2017-08-07 23:25:57,qt:evaluation,msg:redis connect success
req_id:1502119557124335,date:2017-08-07 23:25:57,qt:evaluation,msg:query info : null
req_id:1502119557202460,date:2017-08-07 23:25:57,qt:login,msg:query info : null
req_id:1502119563983710,date:2017-08-07 23:26:03,qt:evaluation,msg:redis connect success
req_id:1502119563983710,date:2017-08-07 23:26:03,qt:evaluation,msg:query info : null
req_id:1502119574358710,date:2017-08-07 23:26:14,qt:login,msg:query info : null
req_id:1502119574405585,date:2017-08-07 23:26:14,qt:result,msg:redis connect success
req_id:1502119574405585,date:2017-08-07 23:26:14,qt:result,msg:query info : null
req_id:1502119574452460,date:2017-08-07 23:26:14,qt:login,msg:query info : null
req_id:1502119578561835,date:2017-08-07 23:26:18,qt:login,msg:query info : null
req_id:1502119578593085,date:2017-08-07 23:26:18,qt:login,msg:query info : null
req_id:1502119578749335,date:2017-08-07 23:26:18,qt:login,msg:query info : null
req_id:1502119588561835,date:2017-08-07 23:26:28,qt:login,msg:db_conf_key db1 Connect success !
req_id:1502119588561835,date:2017-08-07 23:26:28,qt:login,msg:SELECT `account`, `passwd`, `name`, `level` FROM `eval_admin` WHERE account = 'admin' 
req_id:1502119588561835,date:2017-08-07 23:26:28,qt:login,msg:query info : null
req_id:150211958930585,date:2017-08-07 23:26:29,qt:list,msg:db_conf_key db1 Connect success !
req_id:150211958930585,date:2017-08-07 23:26:29,qt:list,msg:SELECT `id`, `title` FROM `que_title` limit 0, 20
req_id:150211958930585,date:2017-08-07 23:26:29,qt:list,msg:query info : null
req_id:150211958977460,date:2017-08-07 23:26:29,qt:status,msg:db_conf_key db1 Connect success !
req_id:150211958977460,date:2017-08-07 23:26:29,qt:status,msg:SELECT count(*) num FROM que_question
req_id:150211958977460,date:2017-08-07 23:26:29,qt:status,msg:db_conf_key db1 Connect success !
req_id:150211958977460,date:2017-08-07 23:26:29,qt:status,msg:SELECT count(*) num FROM que_title
req_id:150211958977460,date:2017-08-07 23:26:29,qt:status,msg:query info : null
req_id:1502119589186835,date:2017-08-07 23:26:29,qt:login,msg:query info : null
req_id:1502119598733710,date:2017-08-07 23:26:38,qt:list,msg:db_conf_key db1 Connect success !
req_id:1502119598733710,date:2017-08-07 23:26:38,qt:list,msg:SELECT `id`, `content`, `type` FROM `que_question` limit 0, 10
req_id:1502119598733710,date:2017-08-07 23:26:38,qt:list,msg:db_conf_key db1 Connect success !
req_id:1502119598733710,date:2017-08-07 23:26:38,qt:list,msg:SELECT `id`, `content`, `question_id`, `order` FROM `que_option` WHERE question_id in (1,2,3,4,5,6,7,8,9,10) 
req_id:1502119598733710,date:2017-08-07 23:26:38,qt:list,msg:query info : null
req_id:1502119598811835,date:2017-08-07 23:26:38,qt:status,msg:db_conf_key db1 Connect success !
req_id:1502119598811835,date:2017-08-07 23:26:38,qt:status,msg:SELECT count(*) num FROM que_question
req_id:1502119598811835,date:2017-08-07 23:26:38,qt:status,msg:db_conf_key db1 Connect success !
req_id:1502119598811835,date:2017-08-07 23:26:38,qt:status,msg:SELECT count(*) num FROM que_title
req_id:1502119598811835,date:2017-08-07 23:26:38,qt:status,msg:query info : null
req_id:1502119598905585,date:2017-08-07 23:26:38,qt:login,msg:query info : null
req_id:1502119642858710,date:2017-08-07 23:27:22,qt:login,msg:query info : null
req_id:1502119647811835,date:2017-08-07 23:27:27,qt:list,msg:db_conf_key db1 Connect success !
req_id:1502119647811835,date:2017-08-07 23:27:27,qt:list,msg:SELECT `id`, `title` FROM `que_title` limit 0, 20
req_id:1502119647811835,date:2017-08-07 23:27:27,qt:list,msg:query info : null
req_id:150211964830585,date:2017-08-07 23:27:28,qt:list,msg:db_conf_key db1 Connect success !
req_id:150211964830585,date:2017-08-07 23:27:28,qt:list,msg:SELECT `id`, `content`, `type` FROM `que_question` limit 0, 10
req_id:150211964830585,date:2017-08-07 23:27:28,qt:list,msg:db_conf_key db1 Connect success !
req_id:150211964830585,date:2017-08-07 23:27:28,qt:list,msg:SELECT `id`, `content`, `question_id`, `order` FROM `que_option` WHERE question_id in (1,2,3,4,5,6,7,8,9,10) 
req_id:150211964830585,date:2017-08-07 23:27:28,qt:list,msg:query info : null
req_id:1502119648108710,date:2017-08-07 23:27:28,qt:status,msg:db_conf_key db1 Connect success !
req_id:1502119648108710,date:2017-08-07 23:27:28,qt:status,msg:SELECT count(*) num FROM que_question
req_id:1502119648108710,date:2017-08-07 23:27:28,qt:status,msg:db_conf_key db1 Connect success !
req_id:1502119648108710,date:2017-08-07 23:27:28,qt:status,msg:SELECT count(*) num FROM que_title
req_id:1502119648108710,date:2017-08-07 23:27:28,qt:status,msg:query info : null
req_id:1502119648139960,date:2017-08-07 23:27:28,qt:status,msg:db_conf_key db1 Connect success !
req_id:1502119648139960,date:2017-08-07 23:27:28,qt:status,msg:SELECT count(*) num FROM que_question
req_id:1502119648139960,date:2017-08-07 23:27:28,qt:status,msg:db_conf_key db1 Connect success !
req_id:1502119648139960,date:2017-08-07 23:27:28,qt:status,msg:SELECT count(*) num FROM que_title
req_id:1502119648139960,date:2017-08-07 23:27:28,qt:status,msg:query info : null
req_id:1502119648171210,date:2017-08-07 23:27:28,qt:login,msg:query info : null
req_id:1502119648218085,date:2017-08-07 23:27:28,qt:login,msg:query info : null
req_id:1502119650514960,date:2017-08-07 23:27:30,qt:list,msg:db_conf_key db1 Connect success !
req_id:1502119650514960,date:2017-08-07 23:27:30,qt:list,msg:SELECT `id`, `title` FROM `que_title` limit 0, 20
req_id:1502119650514960,date:2017-08-07 23:27:30,qt:list,msg:query info : null
req_id:1502119650561835,date:2017-08-07 23:27:30,qt:status,msg:db_conf_key db1 Connect success !
req_id:1502119650561835,date:2017-08-07 23:27:30,qt:status,msg:SELECT count(*) num FROM que_question
req_id:1502119650561835,date:2017-08-07 23:27:30,qt:status,msg:db_conf_key db1 Connect success !
req_id:1502119650561835,date:2017-08-07 23:27:30,qt:status,msg:SELECT count(*) num FROM que_title
req_id:1502119650561835,date:2017-08-07 23:27:30,qt:status,msg:query info : null
req_id:1502119650655585,date:2017-08-07 23:27:30,qt:login,msg:query info : null
req_id:1502119651483710,date:2017-08-07 23:27:31,qt:list,msg:db_conf_key db1 Connect success !
req_id:1502119651483710,date:2017-08-07 23:27:31,qt:list,msg:SELECT `id`, `content`, `type` FROM `que_question` limit 0, 10
req_id:1502119651483710,date:2017-08-07 23:27:31,qt:list,msg:db_conf_key db1 Connect success !
req_id:1502119651483710,date:2017-08-07 23:27:31,qt:list,msg:SELECT `id`, `content`, `question_id`, `order` FROM `que_option` WHERE question_id in (1,2,3,4,5,6,7,8,9,10) 
req_id:1502119651483710,date:2017-08-07 23:27:31,qt:list,msg:query info : null
req_id:1502119651530585,date:2017-08-07 23:27:31,qt:status,msg:db_conf_key db1 Connect success !
req_id:1502119651530585,date:2017-08-07 23:27:31,qt:status,msg:SELECT count(*) num FROM que_question
req_id:1502119651530585,date:2017-08-07 23:27:31,qt:status,msg:db_conf_key db1 Connect success !
req_id:1502119651530585,date:2017-08-07 23:27:31,qt:status,msg:SELECT count(*) num FROM que_title
req_id:1502119651530585,date:2017-08-07 23:27:31,qt:status,msg:query info : null
req_id:1502119652233710,date:2017-08-07 23:27:32,qt:login,msg:query info : null
req_id:1502119657608710,date:2017-08-07 23:27:37,qt:questionnaire,msg:redis connect success
req_id:1502119657608710,date:2017-08-07 23:27:37,qt:questionnaire,msg:db_conf_key db1 Connect success !
req_id:1502119657608710,date:2017-08-07 23:27:37,qt:questionnaire,msg:SELECT `id`, `title` FROM `que_title` WHERE id = '1' 
req_id:1502119657608710,date:2017-08-07 23:27:37,qt:questionnaire,msg:SELECT `questionnaire_id`, `question_id` FROM `que_title_question` WHERE questionnaire_id = '1' 
req_id:1502119657608710,date:2017-08-07 23:27:37,qt:questionnaire,msg:db_conf_key db1 Connect success !
req_id:1502119657608710,date:2017-08-07 23:27:37,qt:questionnaire,msg:SELECT `id`, `content`, `type` FROM `que_question` WHERE id in (1,3,4,5,6,7,8,9,10,11,12,13,14,15,16,17,18,19,20,21,22,23,24,25,26,27,28,29,30,31,32,33,34,35,36,37,38,39,40,41,42,43,44,45,46,47,48,49,50,51,52,53,54,55,56,57,58,59,60,61,62,63,64,65,66,67,68,69,70,71,75) 
req_id:1502119657608710,date:2017-08-07 23:27:37,qt:questionnaire,msg:db_conf_key db1 Connect success !
req_id:1502119657608710,date:2017-08-07 23:27:37,qt:questionnaire,msg:SELECT `id`, `content`, `question_id`, `order` FROM `que_option` WHERE question_id in (1,3,4,5,6,7,8,9,10,11,12,13,14,15,16,17,18,19,20,21,22,23,24,25,26,27,28,29,30,31,32,33,34,35,36,37,38,39,40,41,42,43,44,45,46,47,48,49,50,51,52,53,54,55,56,57,58,59,60,61,62,63,64,65,66,67,68,69,70,71,75) 
req_id:1502119657608710,date:2017-08-07 23:27:37,qt:questionnaire,msg:query info : null
req_id:1502119657639960,date:2017-08-07 23:27:37,qt:login,msg:query info : null
req_id:1502119731921210,date:2017-08-07 23:28:51,qt:login,msg:query info : null
req_id:1502119731983710,date:2017-08-07 23:28:51,qt:login,msg:query info : null
req_id:1502119732171210,date:2017-08-07 23:28:52,qt:login,msg:query info : null
req_id:1502119742921210,date:2017-08-07 23:29:02,qt:questionnaire,msg:redis connect success
req_id:1502119742921210,date:2017-08-07 23:29:02,qt:questionnaire,msg:db_conf_key db1 Connect success !
req_id:1502119742921210,date:2017-08-07 23:29:02,qt:questionnaire,msg:SELECT `id`, `title` FROM `que_title` WHERE id = '3' 
req_id:1502119742921210,date:2017-08-07 23:29:02,qt:questionnaire,msg:SELECT `questionnaire_id`, `question_id` FROM `que_title_question` WHERE questionnaire_id = '3' 
req_id:1502119742921210,date:2017-08-07 23:29:02,qt:questionnaire,msg:db_conf_key db1 Connect success !
req_id:1502119742921210,date:2017-08-07 23:29:02,qt:questionnaire,msg:SELECT `id`, `content`, `type` FROM `que_question` WHERE id in (1,2,3,4,5,6,7,8) 
req_id:1502119742921210,date:2017-08-07 23:29:02,qt:questionnaire,msg:db_conf_key db1 Connect success !
req_id:1502119742921210,date:2017-08-07 23:29:02,qt:questionnaire,msg:SELECT `id`, `content`, `question_id`, `order` FROM `que_option` WHERE question_id in (1,2,3,4,5,6,7,8) 
req_id:1502119742921210,date:2017-08-07 23:29:02,qt:questionnaire,msg:query info : null
req_id:1502119742968085,date:2017-08-07 23:29:02,qt:login,msg:query info : null
req_id:1502119758452460,date:2017-08-07 23:29:18,qt:list,msg:db_conf_key db1 Connect success !
req_id:1502119758452460,date:2017-08-07 23:29:18,qt:list,msg:SELECT `id`, `content`, `type` FROM `que_question` limit 0, 10
req_id:1502119758452460,date:2017-08-07 23:29:18,qt:list,msg:db_conf_key db1 Connect success !
req_id:1502119758452460,date:2017-08-07 23:29:18,qt:list,msg:SELECT `id`, `content`, `question_id`, `order` FROM `que_option` WHERE question_id in (1,2,3,4,5,6,7,8,9,10) 
req_id:1502119758452460,date:2017-08-07 23:29:18,qt:list,msg:query info : null
req_id:1502119758561835,date:2017-08-07 23:29:18,qt:status,msg:db_conf_key db1 Connect success !
req_id:1502119758561835,date:2017-08-07 23:29:18,qt:status,msg:SELECT count(*) num FROM que_question
req_id:1502119758561835,date:2017-08-07 23:29:18,qt:status,msg:db_conf_key db1 Connect success !
req_id:1502119758561835,date:2017-08-07 23:29:18,qt:status,msg:SELECT count(*) num FROM que_title
req_id:1502119758561835,date:2017-08-07 23:29:18,qt:status,msg:query info : null
req_id:1502119758639960,date:2017-08-07 23:29:18,qt:login,msg:query info : null
req_id:1502119790264960,date:2017-08-07 23:29:50,qt:list,msg:db_conf_key db1 Connect success !
req_id:1502119790264960,date:2017-08-07 23:29:50,qt:list,msg:SELECT `id`, `title` FROM `que_title` limit 0, 20
req_id:1502119790264960,date:2017-08-07 23:29:50,qt:list,msg:query info : null
req_id:1502119790343085,date:2017-08-07 23:29:50,qt:status,msg:db_conf_key db1 Connect success !
req_id:1502119790343085,date:2017-08-07 23:29:50,qt:status,msg:SELECT count(*) num FROM que_question
req_id:1502119790343085,date:2017-08-07 23:29:50,qt:status,msg:db_conf_key db1 Connect success !
req_id:1502119790343085,date:2017-08-07 23:29:50,qt:status,msg:SELECT count(*) num FROM que_title
req_id:1502119790343085,date:2017-08-07 23:29:50,qt:status,msg:query info : null
req_id:1502119790421210,date:2017-08-07 23:29:50,qt:login,msg:query info : null
req_id:1502119805405585,date:2017-08-07 23:30:05,qt:list,msg:db_conf_key db1 Connect success !
req_id:1502119805405585,date:2017-08-07 23:30:05,qt:list,msg:SELECT `id`, `content`, `type` FROM `que_question` limit 0, 10
req_id:1502119805405585,date:2017-08-07 23:30:05,qt:list,msg:db_conf_key db1 Connect success !
req_id:1502119805405585,date:2017-08-07 23:30:05,qt:list,msg:SELECT `id`, `content`, `question_id`, `order` FROM `que_option` WHERE question_id in (1,2,3,4,5,6,7,8,9,10) 
req_id:1502119805405585,date:2017-08-07 23:30:05,qt:list,msg:query info : null
req_id:1502119805468085,date:2017-08-07 23:30:05,qt:status,msg:db_conf_key db1 Connect success !
req_id:1502119805468085,date:2017-08-07 23:30:05,qt:status,msg:SELECT count(*) num FROM que_question
req_id:1502119805468085,date:2017-08-07 23:30:05,qt:status,msg:db_conf_key db1 Connect success !
req_id:1502119805468085,date:2017-08-07 23:30:05,qt:status,msg:SELECT count(*) num FROM que_title
req_id:1502119805468085,date:2017-08-07 23:30:05,qt:status,msg:query info : null
req_id:1502119805530585,date:2017-08-07 23:30:05,qt:login,msg:query info : null
req_id:1502120160374335,date:2017-08-07 23:36:00,qt:login,msg:query info : null
