req_id:1489112662594500,date:2017-03-10 10:24:22,qt:questionnaire,msg:db_conf_key db1 Connect success !
req_id:1489112662594500,date:2017-03-10 10:24:22,qt:questionnaire,msg:SELECT `id`, `title` FROM `que_title` WHERE id = '1' 
req_id:1489112662594500,date:2017-03-10 10:24:22,qt:questionnaire,msg:SELECT `questionnaire_id`, `question_id` FROM `que_title_question` WHERE questionnaire_id = '1' 
req_id:1489112662594500,date:2017-03-10 10:24:22,qt:questionnaire,msg:db_conf_key db1 Connect success !
req_id:1489112662594500,date:2017-03-10 10:24:22,qt:questionnaire,msg:SELECT `id`, `content`, `type` FROM `que_question` WHERE id in (1,2,3,4,5,6,7,8,9,10,11,12,13,14,15,16,17,18,19,20,21,22,23,24,25,26,27,28,29,30,31,32,33,34,35,36,37,38,39,40,41,42,43,44,45,46,47,48,49,50,51,52,53,54,55,56,57,58,59,60,61,62,63,64) 
req_id:1489112662594500,date:2017-03-10 10:24:22,qt:questionnaire,msg:db_conf_key db1 Connect success !
req_id:1489112662594500,date:2017-03-10 10:24:22,qt:questionnaire,msg:SELECT `id`, `content`, `question_id`, `order` FROM `que_option` WHERE question_id in (1,2,3,4,5,6,7,8,9,10,11,12,13,14,15,16,17,18,19,20,21,22,23,24,25,26,27,28,29,30,31,32,33,34,35,36,37,38,39,40,41,42,43,44,45,46,47,48,49,50,51,52,53,54,55,56,57,58,59,60,61,62,63,64) 
req_id:1489112662594500,date:2017-03-10 10:24:22,qt:questionnaire,msg:query info : null
req_id:1489112674703875,date:2017-03-10 10:24:34,qt:questionnaire,msg:db_conf_key db1 Connect success !
req_id:1489112674703875,date:2017-03-10 10:24:34,qt:questionnaire,msg:SELECT `id`, `title` FROM `que_title` WHERE id = '1' 
req_id:1489112674703875,date:2017-03-10 10:24:34,qt:questionnaire,msg:SELECT `questionnaire_id`, `question_id` FROM `que_title_question` WHERE questionnaire_id = '1' 
req_id:1489112674703875,date:2017-03-10 10:24:34,qt:questionnaire,msg:db_conf_key db1 Connect success !
req_id:1489112674703875,date:2017-03-10 10:24:34,qt:questionnaire,msg:SELECT `id`, `content`, `type` FROM `que_question` WHERE id in (1,2,3,4,5,6,7,8,9,10,11,12,13,14,15,16,17,18,19,20,21,22,23,24,25,26,27,28,29,30,31,32,33,34,35,36,37,38,39,40,41,42,43,44,45,46,47,48,49,50,51,52,53,54,55,56,57,58,59,60,61,62,63,64) 
req_id:1489112674703875,date:2017-03-10 10:24:34,qt:questionnaire,msg:db_conf_key db1 Connect success !
req_id:1489112674703875,date:2017-03-10 10:24:34,qt:questionnaire,msg:SELECT `id`, `content`, `question_id`, `order` FROM `que_option` WHERE question_id in (1,2,3,4,5,6,7,8,9,10,11,12,13,14,15,16,17,18,19,20,21,22,23,24,25,26,27,28,29,30,31,32,33,34,35,36,37,38,39,40,41,42,43,44,45,46,47,48,49,50,51,52,53,54,55,56,57,58,59,60,61,62,63,64) 
req_id:1489112674703875,date:2017-03-10 10:24:34,qt:questionnaire,msg:query info : null
req_id:148911271147625,date:2017-03-10 10:25:11,qt:questionnaire,msg:db_conf_key db1 Connect success !
req_id:148911271147625,date:2017-03-10 10:25:11,qt:questionnaire,msg:SELECT `id`, `title` FROM `que_title` WHERE id = '1' 
req_id:148911271147625,date:2017-03-10 10:25:11,qt:questionnaire,msg:SELECT `questionnaire_id`, `question_id` FROM `que_title_question` WHERE questionnaire_id = '1' 
req_id:148911271147625,date:2017-03-10 10:25:11,qt:questionnaire,msg:db_conf_key db1 Connect success !
req_id:148911271147625,date:2017-03-10 10:25:11,qt:questionnaire,msg:SELECT `id`, `content`, `type` FROM `que_question` WHERE id in (1,2,3,4,5,6,7,8,9,10,11,12,13,14,15,16,17,18,19,20,21,22,23,24,25,26,27,28,29,30,31,32,33,34,35,36,37,38,39,40,41,42,43,44,45,46,47,48,49,50,51,52,53,54,55,56,57,58,59,60,61,62,63,64) 
req_id:148911271147625,date:2017-03-10 10:25:11,qt:questionnaire,msg:db_conf_key db1 Connect success !
req_id:148911271147625,date:2017-03-10 10:25:11,qt:questionnaire,msg:SELECT `id`, `content`, `question_id`, `order` FROM `que_option` WHERE question_id in (1,2,3,4,5,6,7,8,9,10,11,12,13,14,15,16,17,18,19,20,21,22,23,24,25,26,27,28,29,30,31,32,33,34,35,36,37,38,39,40,41,42,43,44,45,46,47,48,49,50,51,52,53,54,55,56,57,58,59,60,61,62,63,64) 
req_id:148911271147625,date:2017-03-10 10:25:11,qt:questionnaire,msg:query info : null
req_id:1489112715625750,date:2017-03-10 10:25:15,qt:questionnaire,msg:db_conf_key db1 Connect success !
req_id:1489112715625750,date:2017-03-10 10:25:15,qt:questionnaire,msg:SELECT `id`, `title` FROM `que_title` WHERE id = '1' 
req_id:1489112715625750,date:2017-03-10 10:25:15,qt:questionnaire,msg:SELECT `questionnaire_id`, `question_id` FROM `que_title_question` WHERE questionnaire_id = '1' 
req_id:1489112715625750,date:2017-03-10 10:25:15,qt:questionnaire,msg:db_conf_key db1 Connect success !
req_id:1489112715625750,date:2017-03-10 10:25:15,qt:questionnaire,msg:SELECT `id`, `content`, `type` FROM `que_question` WHERE id in (1,2,3,4,5,6,7,8,9,10,11,12,13,14,15,16,17,18,19,20,21,22,23,24,25,26,27,28,29,30,31,32,33,34,35,36,37,38,39,40,41,42,43,44,45,46,47,48,49,50,51,52,53,54,55,56,57,58,59,60,61,62,63,64) 
req_id:1489112715625750,date:2017-03-10 10:25:15,qt:questionnaire,msg:db_conf_key db1 Connect success !
req_id:1489112715625750,date:2017-03-10 10:25:15,qt:questionnaire,msg:SELECT `id`, `content`, `question_id`, `order` FROM `que_option` WHERE question_id in (1,2,3,4,5,6,7,8,9,10,11,12,13,14,15,16,17,18,19,20,21,22,23,24,25,26,27,28,29,30,31,32,33,34,35,36,37,38,39,40,41,42,43,44,45,46,47,48,49,50,51,52,53,54,55,56,57,58,59,60,61,62,63,64) 
req_id:1489112715625750,date:2017-03-10 10:25:15,qt:questionnaire,msg:query info : null
req_id:148911272447625,date:2017-03-10 10:25:24,qt:questionnaire,msg:db_conf_key db1 Connect success !
req_id:148911272447625,date:2017-03-10 10:25:24,qt:questionnaire,msg:SELECT `id`, `title` FROM `que_title` WHERE id = '1' 
req_id:148911272447625,date:2017-03-10 10:25:24,qt:questionnaire,msg:SELECT `questionnaire_id`, `question_id` FROM `que_title_question` WHERE questionnaire_id = '1' 
req_id:148911272447625,date:2017-03-10 10:25:24,qt:questionnaire,msg:db_conf_key db1 Connect success !
req_id:148911272447625,date:2017-03-10 10:25:24,qt:questionnaire,msg:SELECT `id`, `content`, `type` FROM `que_question` WHERE id in (1,2,3,4,5,6,7,8,9,10,11,12,13,14,15,16,17,18,19,20,21,22,23,24,25,26,27,28,29,30,31,32,33,34,35,36,37,38,39,40,41,42,43,44,45,46,47,48,49,50,51,52,53,54,55,56,57,58,59,60,61,62,63,64) 
req_id:148911272447625,date:2017-03-10 10:25:24,qt:questionnaire,msg:db_conf_key db1 Connect success !
req_id:148911272447625,date:2017-03-10 10:25:24,qt:questionnaire,msg:SELECT `id`, `content`, `question_id`, `order` FROM `que_option` WHERE question_id in (1,2,3,4,5,6,7,8,9,10,11,12,13,14,15,16,17,18,19,20,21,22,23,24,25,26,27,28,29,30,31,32,33,34,35,36,37,38,39,40,41,42,43,44,45,46,47,48,49,50,51,52,53,54,55,56,57,58,59,60,61,62,63,64) 
req_id:148911272447625,date:2017-03-10 10:25:24,qt:questionnaire,msg:query info : null
req_id:1489112728438250,date:2017-03-10 10:25:28,qt:questionnaire,msg:db_conf_key db1 Connect success !
req_id:1489112728438250,date:2017-03-10 10:25:28,qt:questionnaire,msg:SELECT `id`, `title` FROM `que_title` WHERE id = '1' 
req_id:1489112728438250,date:2017-03-10 10:25:28,qt:questionnaire,msg:SELECT `questionnaire_id`, `question_id` FROM `que_title_question` WHERE questionnaire_id = '1' 
req_id:1489112728438250,date:2017-03-10 10:25:28,qt:questionnaire,msg:db_conf_key db1 Connect success !
req_id:1489112728438250,date:2017-03-10 10:25:28,qt:questionnaire,msg:SELECT `id`, `content`, `type` FROM `que_question` WHERE id in (1,2,3,4,5,6,7,8,9,10,11,12,13,14,15,16,17,18,19,20,21,22,23,24,25,26,27,28,29,30,31,32,33,34,35,36,37,38,39,40,41,42,43,44,45,46,47,48,49,50,51,52,53,54,55,56,57,58,59,60,61,62,63,64) 
req_id:1489112728438250,date:2017-03-10 10:25:28,qt:questionnaire,msg:db_conf_key db1 Connect success !
req_id:1489112728438250,date:2017-03-10 10:25:28,qt:questionnaire,msg:SELECT `id`, `content`, `question_id`, `order` FROM `que_option` WHERE question_id in (1,2,3,4,5,6,7,8,9,10,11,12,13,14,15,16,17,18,19,20,21,22,23,24,25,26,27,28,29,30,31,32,33,34,35,36,37,38,39,40,41,42,43,44,45,46,47,48,49,50,51,52,53,54,55,56,57,58,59,60,61,62,63,64) 
req_id:1489112728438250,date:2017-03-10 10:25:28,qt:questionnaire,msg:query info : null
req_id:1489112735344500,date:2017-03-10 10:25:35,qt:questionnaire,msg:db_conf_key db1 Connect success !
req_id:1489112735344500,date:2017-03-10 10:25:35,qt:questionnaire,msg:SELECT `id`, `title` FROM `que_title` WHERE id = '1' 
req_id:1489112735344500,date:2017-03-10 10:25:35,qt:questionnaire,msg:SELECT `questionnaire_id`, `question_id` FROM `que_title_question` WHERE questionnaire_id = '1' 
req_id:1489112735344500,date:2017-03-10 10:25:35,qt:questionnaire,msg:db_conf_key db1 Connect success !
req_id:1489112735344500,date:2017-03-10 10:25:35,qt:questionnaire,msg:SELECT `id`, `content`, `type` FROM `que_question` WHERE id in (1,2,3,4,5,6,7,8,9,10,11,12,13,14,15,16,17,18,19,20,21,22,23,24,25,26,27,28,29,30,31,32,33,34,35,36,37,38,39,40,41,42,43,44,45,46,47,48,49,50,51,52,53,54,55,56,57,58,59,60,61,62,63,64) 
req_id:1489112735344500,date:2017-03-10 10:25:35,qt:questionnaire,msg:db_conf_key db1 Connect success !
req_id:1489112735344500,date:2017-03-10 10:25:35,qt:questionnaire,msg:SELECT `id`, `content`, `question_id`, `order` FROM `que_option` WHERE question_id in (1,2,3,4,5,6,7,8,9,10,11,12,13,14,15,16,17,18,19,20,21,22,23,24,25,26,27,28,29,30,31,32,33,34,35,36,37,38,39,40,41,42,43,44,45,46,47,48,49,50,51,52,53,54,55,56,57,58,59,60,61,62,63,64) 
req_id:1489112735344500,date:2017-03-10 10:25:35,qt:questionnaire,msg:query info : null
req_id:1489112898563250,date:2017-03-10 10:28:18,qt:questionnaire,msg:db_conf_key db1 Connect success !
req_id:1489112898563250,date:2017-03-10 10:28:18,qt:questionnaire,msg:SELECT `id`, `title` FROM `que_title` WHERE id = '1' 
req_id:1489112898563250,date:2017-03-10 10:28:18,qt:questionnaire,msg:SELECT `questionnaire_id`, `question_id` FROM `que_title_question` WHERE questionnaire_id = '1' 
req_id:1489112898563250,date:2017-03-10 10:28:18,qt:questionnaire,msg:db_conf_key db1 Connect success !
req_id:1489112898563250,date:2017-03-10 10:28:18,qt:questionnaire,msg:SELECT `id`, `content`, `type` FROM `que_question` WHERE id in (1,2,3,4,5,6,7,8,9,10,11,12,13,14,15,16,17,18,19,20,21,22,23,24,25,26,27,28,29,30,31,32,33,34,35,36,37,38,39,40,41,42,43,44,45,46,47,48,49,50,51,52,53,54,55,56,57,58,59,60,61,62,63,64) 
req_id:1489112898563250,date:2017-03-10 10:28:18,qt:questionnaire,msg:db_conf_key db1 Connect success !
req_id:1489112898563250,date:2017-03-10 10:28:18,qt:questionnaire,msg:SELECT `id`, `content`, `question_id`, `order` FROM `que_option` WHERE question_id in (1,2,3,4,5,6,7,8,9,10,11,12,13,14,15,16,17,18,19,20,21,22,23,24,25,26,27,28,29,30,31,32,33,34,35,36,37,38,39,40,41,42,43,44,45,46,47,48,49,50,51,52,53,54,55,56,57,58,59,60,61,62,63,64) 
req_id:1489112898563250,date:2017-03-10 10:28:18,qt:questionnaire,msg:query info : null
req_id:1489112904797625,date:2017-03-10 10:28:24,qt:questionnaire,msg:db_conf_key db1 Connect success !
req_id:1489112904797625,date:2017-03-10 10:28:24,qt:questionnaire,msg:SELECT `id`, `title` FROM `que_title` WHERE id = '1' 
req_id:1489112904797625,date:2017-03-10 10:28:24,qt:questionnaire,msg:SELECT `questionnaire_id`, `question_id` FROM `que_title_question` WHERE questionnaire_id = '1' 
req_id:1489112904797625,date:2017-03-10 10:28:24,qt:questionnaire,msg:db_conf_key db1 Connect success !
req_id:1489112904797625,date:2017-03-10 10:28:24,qt:questionnaire,msg:SELECT `id`, `content`, `type` FROM `que_question` WHERE id in (1,2,3,4,5,6,7,8,9,10,11,12,13,14,15,16,17,18,19,20,21,22,23,24,25,26,27,28,29,30,31,32,33,34,35,36,37,38,39,40,41,42,43,44,45,46,47,48,49,50,51,52,53,54,55,56,57,58,59,60,61,62,63,64) 
req_id:1489112904797625,date:2017-03-10 10:28:24,qt:questionnaire,msg:db_conf_key db1 Connect success !
req_id:1489112904797625,date:2017-03-10 10:28:24,qt:questionnaire,msg:SELECT `id`, `content`, `question_id`, `order` FROM `que_option` WHERE question_id in (1,2,3,4,5,6,7,8,9,10,11,12,13,14,15,16,17,18,19,20,21,22,23,24,25,26,27,28,29,30,31,32,33,34,35,36,37,38,39,40,41,42,43,44,45,46,47,48,49,50,51,52,53,54,55,56,57,58,59,60,61,62,63,64) 
req_id:1489112904797625,date:2017-03-10 10:28:24,qt:questionnaire,msg:query info : null
req_id:1489112910532000,date:2017-03-10 10:28:30,qt:questionnaire,msg:db_conf_key db1 Connect success !
req_id:1489112910532000,date:2017-03-10 10:28:30,qt:questionnaire,msg:SELECT `id`, `title` FROM `que_title` WHERE id = '1' 
req_id:1489112910532000,date:2017-03-10 10:28:30,qt:questionnaire,msg:SELECT `questionnaire_id`, `question_id` FROM `que_title_question` WHERE questionnaire_id = '1' 
req_id:1489112910532000,date:2017-03-10 10:28:30,qt:questionnaire,msg:db_conf_key db1 Connect success !
req_id:1489112910532000,date:2017-03-10 10:28:30,qt:questionnaire,msg:SELECT `id`, `content`, `type` FROM `que_question` WHERE id in (1,2,3,4,5,6,7,8,9,10,11,12,13,14,15,16,17,18,19,20,21,22,23,24,25,26,27,28,29,30,31,32,33,34,35,36,37,38,39,40,41,42,43,44,45,46,47,48,49,50,51,52,53,54,55,56,57,58,59,60,61,62,63,64) 
req_id:1489112910532000,date:2017-03-10 10:28:30,qt:questionnaire,msg:db_conf_key db1 Connect success !
req_id:1489112910532000,date:2017-03-10 10:28:30,qt:questionnaire,msg:SELECT `id`, `content`, `question_id`, `order` FROM `que_option` WHERE question_id in (1,2,3,4,5,6,7,8,9,10,11,12,13,14,15,16,17,18,19,20,21,22,23,24,25,26,27,28,29,30,31,32,33,34,35,36,37,38,39,40,41,42,43,44,45,46,47,48,49,50,51,52,53,54,55,56,57,58,59,60,61,62,63,64) 
req_id:1489112910532000,date:2017-03-10 10:28:30,qt:questionnaire,msg:query info : null
req_id:1489112919782000,date:2017-03-10 10:28:39,qt:questionnaire,msg:db_conf_key db1 Connect success !
req_id:1489112919782000,date:2017-03-10 10:28:39,qt:questionnaire,msg:SELECT `id`, `title` FROM `que_title` WHERE id = '1' 
req_id:1489112919782000,date:2017-03-10 10:28:39,qt:questionnaire,msg:SELECT `questionnaire_id`, `question_id` FROM `que_title_question` WHERE questionnaire_id = '1' 
req_id:1489112919782000,date:2017-03-10 10:28:39,qt:questionnaire,msg:db_conf_key db1 Connect success !
req_id:1489112919782000,date:2017-03-10 10:28:39,qt:questionnaire,msg:SELECT `id`, `content`, `type` FROM `que_question` WHERE id in (1,2,3,4,5,6,7,8,9,10,11,12,13,14,15,16,17,18,19,20,21,22,23,24,25,26,27,28,29,30,31,32,33,34,35,36,37,38,39,40,41,42,43,44,45,46,47,48,49,50,51,52,53,54,55,56,57,58,59,60,61,62,63,64) 
req_id:1489112919782000,date:2017-03-10 10:28:39,qt:questionnaire,msg:db_conf_key db1 Connect success !
req_id:1489112919782000,date:2017-03-10 10:28:39,qt:questionnaire,msg:SELECT `id`, `content`, `question_id`, `order` FROM `que_option` WHERE question_id in (1,2,3,4,5,6,7,8,9,10,11,12,13,14,15,16,17,18,19,20,21,22,23,24,25,26,27,28,29,30,31,32,33,34,35,36,37,38,39,40,41,42,43,44,45,46,47,48,49,50,51,52,53,54,55,56,57,58,59,60,61,62,63,64) 
req_id:1489112919782000,date:2017-03-10 10:28:39,qt:questionnaire,msg:query info : null
req_id:1489112952828875,date:2017-03-10 10:29:12,qt:questionnaire,msg:db_conf_key db1 Connect success !
req_id:1489112952828875,date:2017-03-10 10:29:12,qt:questionnaire,msg:SELECT `id`, `title` FROM `que_title` WHERE id = '1' 
req_id:1489112952828875,date:2017-03-10 10:29:12,qt:questionnaire,msg:SELECT `questionnaire_id`, `question_id` FROM `que_title_question` WHERE questionnaire_id = '1' 
req_id:1489112952828875,date:2017-03-10 10:29:12,qt:questionnaire,msg:db_conf_key db1 Connect success !
req_id:1489112952828875,date:2017-03-10 10:29:12,qt:questionnaire,msg:SELECT `id`, `content`, `type` FROM `que_question` WHERE id in (1,2,3,4,5,6,7,8,9,10,11,12,13,14,15,16,17,18,19,20,21,22,23,24,25,26,27,28,29,30,31,32,33,34,35,36,37,38,39,40,41,42,43,44,45,46,47,48,49,50,51,52,53,54,55,56,57,58,59,60,61,62,63,64) 
req_id:1489112952828875,date:2017-03-10 10:29:12,qt:questionnaire,msg:db_conf_key db1 Connect success !
req_id:1489112952828875,date:2017-03-10 10:29:12,qt:questionnaire,msg:SELECT `id`, `content`, `question_id`, `order` FROM `que_option` WHERE question_id in (1,2,3,4,5,6,7,8,9,10,11,12,13,14,15,16,17,18,19,20,21,22,23,24,25,26,27,28,29,30,31,32,33,34,35,36,37,38,39,40,41,42,43,44,45,46,47,48,49,50,51,52,53,54,55,56,57,58,59,60,61,62,63,64) 
req_id:1489112952828875,date:2017-03-10 10:29:12,qt:questionnaire,msg:query info : null
req_id:1489112959453875,date:2017-03-10 10:29:19,qt:questionnaire,msg:db_conf_key db1 Connect success !
req_id:1489112959453875,date:2017-03-10 10:29:19,qt:questionnaire,msg:SELECT `id`, `title` FROM `que_title` WHERE id = '1' 
req_id:1489112959453875,date:2017-03-10 10:29:19,qt:questionnaire,msg:SELECT `questionnaire_id`, `question_id` FROM `que_title_question` WHERE questionnaire_id = '1' 
req_id:1489112959453875,date:2017-03-10 10:29:19,qt:questionnaire,msg:db_conf_key db1 Connect success !
req_id:1489112959453875,date:2017-03-10 10:29:19,qt:questionnaire,msg:SELECT `id`, `content`, `type` FROM `que_question` WHERE id in (1,2,3,4,5,6,7,8,9,10,11,12,13,14,15,16,17,18,19,20,21,22,23,24,25,26,27,28,29,30,31,32,33,34,35,36,37,38,39,40,41,42,43,44,45,46,47,48,49,50,51,52,53,54,55,56,57,58,59,60,61,62,63,64) 
req_id:1489112959453875,date:2017-03-10 10:29:19,qt:questionnaire,msg:db_conf_key db1 Connect success !
req_id:1489112959453875,date:2017-03-10 10:29:19,qt:questionnaire,msg:SELECT `id`, `content`, `question_id`, `order` FROM `que_option` WHERE question_id in (1,2,3,4,5,6,7,8,9,10,11,12,13,14,15,16,17,18,19,20,21,22,23,24,25,26,27,28,29,30,31,32,33,34,35,36,37,38,39,40,41,42,43,44,45,46,47,48,49,50,51,52,53,54,55,56,57,58,59,60,61,62,63,64) 
req_id:1489112959453875,date:2017-03-10 10:29:19,qt:questionnaire,msg:query info : null
req_id:1489113009453875,date:2017-03-10 10:30:09,qt:questionnaire,msg:db_conf_key db1 Connect success !
req_id:1489113009453875,date:2017-03-10 10:30:09,qt:questionnaire,msg:SELECT `id`, `title` FROM `que_title` WHERE id = '1' 
req_id:1489113009453875,date:2017-03-10 10:30:09,qt:questionnaire,msg:SELECT `questionnaire_id`, `question_id` FROM `que_title_question` WHERE questionnaire_id = '1' 
req_id:1489113009453875,date:2017-03-10 10:30:09,qt:questionnaire,msg:db_conf_key db1 Connect success !
req_id:1489113009453875,date:2017-03-10 10:30:09,qt:questionnaire,msg:SELECT `id`, `content`, `type` FROM `que_question` WHERE id in (1,2,3,4,5,6,7,8,9,10,11,12,13,14,15,16,17,18,19,20,21,22,23,24,25,26,27,28,29,30,31,32,33,34,35,36,37,38,39,40,41,42,43,44,45,46,47,48,49,50,51,52,53,54,55,56,57,58,59,60,61,62,63,64) 
req_id:1489113009453875,date:2017-03-10 10:30:09,qt:questionnaire,msg:db_conf_key db1 Connect success !
req_id:1489113009453875,date:2017-03-10 10:30:09,qt:questionnaire,msg:SELECT `id`, `content`, `question_id`, `order` FROM `que_option` WHERE question_id in (1,2,3,4,5,6,7,8,9,10,11,12,13,14,15,16,17,18,19,20,21,22,23,24,25,26,27,28,29,30,31,32,33,34,35,36,37,38,39,40,41,42,43,44,45,46,47,48,49,50,51,52,53,54,55,56,57,58,59,60,61,62,63,64) 
req_id:1489113009453875,date:2017-03-10 10:30:09,qt:questionnaire,msg:query info : null
req_id:1489113046157000,date:2017-03-10 10:30:46,qt:questionnaire,msg:db_conf_key db1 Connect success !
req_id:1489113046157000,date:2017-03-10 10:30:46,qt:questionnaire,msg:SELECT `id`, `title` FROM `que_title` WHERE id = '1' 
req_id:1489113046157000,date:2017-03-10 10:30:46,qt:questionnaire,msg:SELECT `questionnaire_id`, `question_id` FROM `que_title_question` WHERE questionnaire_id = '1' 
req_id:1489113046157000,date:2017-03-10 10:30:46,qt:questionnaire,msg:db_conf_key db1 Connect success !
req_id:1489113046157000,date:2017-03-10 10:30:46,qt:questionnaire,msg:SELECT `id`, `content`, `type` FROM `que_question` WHERE id in (1,2,3,4,5,6,7,8,9,10,11,12,13,14,15,16,17,18,19,20,21,22,23,24,25,26,27,28,29,30,31,32,33,34,35,36,37,38,39,40,41,42,43,44,45,46,47,48,49,50,51,52,53,54,55,56,57,58,59,60,61,62,63,64) 
req_id:1489113046157000,date:2017-03-10 10:30:46,qt:questionnaire,msg:db_conf_key db1 Connect success !
req_id:1489113046157000,date:2017-03-10 10:30:46,qt:questionnaire,msg:SELECT `id`, `content`, `question_id`, `order` FROM `que_option` WHERE question_id in (1,2,3,4,5,6,7,8,9,10,11,12,13,14,15,16,17,18,19,20,21,22,23,24,25,26,27,28,29,30,31,32,33,34,35,36,37,38,39,40,41,42,43,44,45,46,47,48,49,50,51,52,53,54,55,56,57,58,59,60,61,62,63,64) 
req_id:1489113046157000,date:2017-03-10 10:30:46,qt:questionnaire,msg:query info : null
req_id:148911305332000,date:2017-03-10 10:30:53,qt:questionnaire,msg:db_conf_key db1 Connect success !
req_id:148911305332000,date:2017-03-10 10:30:53,qt:questionnaire,msg:SELECT `id`, `title` FROM `que_title` WHERE id = '1' 
req_id:148911305332000,date:2017-03-10 10:30:53,qt:questionnaire,msg:SELECT `questionnaire_id`, `question_id` FROM `que_title_question` WHERE questionnaire_id = '1' 
req_id:148911305332000,date:2017-03-10 10:30:53,qt:questionnaire,msg:db_conf_key db1 Connect success !
req_id:148911305332000,date:2017-03-10 10:30:53,qt:questionnaire,msg:SELECT `id`, `content`, `type` FROM `que_question` WHERE id in (1,2,3,4,5,6,7,8,9,10,11,12,13,14,15,16,17,18,19,20,21,22,23,24,25,26,27,28,29,30,31,32,33,34,35,36,37,38,39,40,41,42,43,44,45,46,47,48,49,50,51,52,53,54,55,56,57,58,59,60,61,62,63,64) 
req_id:148911305332000,date:2017-03-10 10:30:53,qt:questionnaire,msg:db_conf_key db1 Connect success !
req_id:148911305332000,date:2017-03-10 10:30:53,qt:questionnaire,msg:SELECT `id`, `content`, `question_id`, `order` FROM `que_option` WHERE question_id in (1,2,3,4,5,6,7,8,9,10,11,12,13,14,15,16,17,18,19,20,21,22,23,24,25,26,27,28,29,30,31,32,33,34,35,36,37,38,39,40,41,42,43,44,45,46,47,48,49,50,51,52,53,54,55,56,57,58,59,60,61,62,63,64) 
req_id:148911305332000,date:2017-03-10 10:30:53,qt:questionnaire,msg:query info : null
req_id:1489113059250750,date:2017-03-10 10:30:59,qt:questionnaire,msg:db_conf_key db1 Connect success !
req_id:1489113059250750,date:2017-03-10 10:30:59,qt:questionnaire,msg:SELECT `id`, `title` FROM `que_title` WHERE id = '1' 
req_id:1489113059250750,date:2017-03-10 10:30:59,qt:questionnaire,msg:SELECT `questionnaire_id`, `question_id` FROM `que_title_question` WHERE questionnaire_id = '1' 
req_id:1489113059250750,date:2017-03-10 10:30:59,qt:questionnaire,msg:db_conf_key db1 Connect success !
req_id:1489113059250750,date:2017-03-10 10:30:59,qt:questionnaire,msg:SELECT `id`, `content`, `type` FROM `que_question` WHERE id in (1,2,3,4,5,6,7,8,9,10,11,12,13,14,15,16,17,18,19,20,21,22,23,24,25,26,27,28,29,30,31,32,33,34,35,36,37,38,39,40,41,42,43,44,45,46,47,48,49,50,51,52,53,54,55,56,57,58,59,60,61,62,63,64) 
req_id:1489113059250750,date:2017-03-10 10:30:59,qt:questionnaire,msg:db_conf_key db1 Connect success !
req_id:1489113059250750,date:2017-03-10 10:30:59,qt:questionnaire,msg:SELECT `id`, `content`, `question_id`, `order` FROM `que_option` WHERE question_id in (1,2,3,4,5,6,7,8,9,10,11,12,13,14,15,16,17,18,19,20,21,22,23,24,25,26,27,28,29,30,31,32,33,34,35,36,37,38,39,40,41,42,43,44,45,46,47,48,49,50,51,52,53,54,55,56,57,58,59,60,61,62,63,64) 
req_id:1489113059250750,date:2017-03-10 10:30:59,qt:questionnaire,msg:query info : null
req_id:1489113327469500,date:2017-03-10 10:35:27,qt:questionnaire,msg:db_conf_key db1 Connect success !
req_id:1489113327469500,date:2017-03-10 10:35:27,qt:questionnaire,msg:SELECT `id`, `title` FROM `que_title` WHERE id = '1' 
req_id:1489113327469500,date:2017-03-10 10:35:27,qt:questionnaire,msg:SELECT `questionnaire_id`, `question_id` FROM `que_title_question` WHERE questionnaire_id = '1' 
req_id:1489113327469500,date:2017-03-10 10:35:27,qt:questionnaire,msg:db_conf_key db1 Connect success !
req_id:1489113327469500,date:2017-03-10 10:35:27,qt:questionnaire,msg:SELECT `id`, `content`, `type` FROM `que_question` WHERE id in (1,2,3,4,5,6,7,8,9,10,11,12,13,14,15,16,17,18,19,20,21,22,23,24,25,26,27,28,29,30,31,32,33,34,35,36,37,38,39,40,41,42,43,44,45,46,47,48,49,50,51,52,53,54,55,56,57,58,59,60,61,62,63,64) 
req_id:1489113327469500,date:2017-03-10 10:35:27,qt:questionnaire,msg:db_conf_key db1 Connect success !
req_id:1489113327469500,date:2017-03-10 10:35:27,qt:questionnaire,msg:SELECT `id`, `content`, `question_id`, `order` FROM `que_option` WHERE question_id in (1,2,3,4,5,6,7,8,9,10,11,12,13,14,15,16,17,18,19,20,21,22,23,24,25,26,27,28,29,30,31,32,33,34,35,36,37,38,39,40,41,42,43,44,45,46,47,48,49,50,51,52,53,54,55,56,57,58,59,60,61,62,63,64) 
req_id:1489113327469500,date:2017-03-10 10:35:27,qt:questionnaire,msg:query info : null
req_id:1489115303235125,date:2017-03-10 11:08:23,qt:questionnaire,msg:db_conf_key db1 Connect success !
req_id:1489115303235125,date:2017-03-10 11:08:23,qt:questionnaire,msg:SELECT `id`, `title` FROM `que_title` WHERE id = '1' 
req_id:1489115303235125,date:2017-03-10 11:08:23,qt:questionnaire,msg:SELECT `questionnaire_id`, `question_id` FROM `que_title_question` WHERE questionnaire_id = '1' 
req_id:1489115303235125,date:2017-03-10 11:08:23,qt:questionnaire,msg:db_conf_key db1 Connect success !
req_id:1489115303235125,date:2017-03-10 11:08:23,qt:questionnaire,msg:SELECT `id`, `content`, `type` FROM `que_question` WHERE id in (1,2,3,4,5,6,7,8,9,10,11,12,13,14,15,16,17,18,19,20,21,22,23,24,25,26,27,28,29,30,31,32,33,34,35,36,37,38,39,40,41,42,43,44,45,46,47,48,49,50,51,52,53,54,55,56,57,58,59,60,61,62,63,64) 
req_id:1489115303235125,date:2017-03-10 11:08:23,qt:questionnaire,msg:db_conf_key db1 Connect success !
req_id:1489115303235125,date:2017-03-10 11:08:23,qt:questionnaire,msg:SELECT `id`, `content`, `question_id`, `order` FROM `que_option` WHERE question_id in (1,2,3,4,5,6,7,8,9,10,11,12,13,14,15,16,17,18,19,20,21,22,23,24,25,26,27,28,29,30,31,32,33,34,35,36,37,38,39,40,41,42,43,44,45,46,47,48,49,50,51,52,53,54,55,56,57,58,59,60,61,62,63,64) 
req_id:1489115303235125,date:2017-03-10 11:08:23,qt:questionnaire,msg:query info : null
req_id:1489115303969500,date:2017-03-10 11:08:23,qt:questionnaire,msg:db_conf_key db1 Connect success !
req_id:1489115303969500,date:2017-03-10 11:08:23,qt:questionnaire,msg:SELECT `id`, `title` FROM `que_title` WHERE id = '1' 
req_id:1489115303969500,date:2017-03-10 11:08:23,qt:questionnaire,msg:SELECT `questionnaire_id`, `question_id` FROM `que_title_question` WHERE questionnaire_id = '1' 
req_id:1489115303969500,date:2017-03-10 11:08:23,qt:questionnaire,msg:db_conf_key db1 Connect success !
req_id:1489115303969500,date:2017-03-10 11:08:23,qt:questionnaire,msg:SELECT `id`, `content`, `type` FROM `que_question` WHERE id in (1,2,3,4,5,6,7,8,9,10,11,12,13,14,15,16,17,18,19,20,21,22,23,24,25,26,27,28,29,30,31,32,33,34,35,36,37,38,39,40,41,42,43,44,45,46,47,48,49,50,51,52,53,54,55,56,57,58,59,60,61,62,63,64) 
req_id:1489115303969500,date:2017-03-10 11:08:23,qt:questionnaire,msg:db_conf_key db1 Connect success !
req_id:1489115303969500,date:2017-03-10 11:08:23,qt:questionnaire,msg:SELECT `id`, `content`, `question_id`, `order` FROM `que_option` WHERE question_id in (1,2,3,4,5,6,7,8,9,10,11,12,13,14,15,16,17,18,19,20,21,22,23,24,25,26,27,28,29,30,31,32,33,34,35,36,37,38,39,40,41,42,43,44,45,46,47,48,49,50,51,52,53,54,55,56,57,58,59,60,61,62,63,64) 
req_id:1489115303969500,date:2017-03-10 11:08:24,qt:questionnaire,msg:query info : null
req_id:1489115308469500,date:2017-03-10 11:08:28,qt:questionnaire,msg:db_conf_key db1 Connect success !
req_id:1489115308469500,date:2017-03-10 11:08:28,qt:questionnaire,msg:SELECT `id`, `title` FROM `que_title` WHERE id = '1' 
req_id:1489115308469500,date:2017-03-10 11:08:28,qt:questionnaire,msg:SELECT `questionnaire_id`, `question_id` FROM `que_title_question` WHERE questionnaire_id = '1' 
req_id:1489115308469500,date:2017-03-10 11:08:28,qt:questionnaire,msg:db_conf_key db1 Connect success !
req_id:1489115308469500,date:2017-03-10 11:08:28,qt:questionnaire,msg:SELECT `id`, `content`, `type` FROM `que_question` WHERE id in (1,2,3,4,5,6,7,8,9,10,11,12,13,14,15,16,17,18,19,20,21,22,23,24,25,26,27,28,29,30,31,32,33,34,35,36,37,38,39,40,41,42,43,44,45,46,47,48,49,50,51,52,53,54,55,56,57,58,59,60,61,62,63,64) 
req_id:1489115308469500,date:2017-03-10 11:08:28,qt:questionnaire,msg:db_conf_key db1 Connect success !
req_id:1489115308469500,date:2017-03-10 11:08:28,qt:questionnaire,msg:SELECT `id`, `content`, `question_id`, `order` FROM `que_option` WHERE question_id in (1,2,3,4,5,6,7,8,9,10,11,12,13,14,15,16,17,18,19,20,21,22,23,24,25,26,27,28,29,30,31,32,33,34,35,36,37,38,39,40,41,42,43,44,45,46,47,48,49,50,51,52,53,54,55,56,57,58,59,60,61,62,63,64) 
req_id:1489115308469500,date:2017-03-10 11:08:28,qt:questionnaire,msg:query info : null
req_id:148911530947625,date:2017-03-10 11:08:29,qt:questionnaire,msg:db_conf_key db1 Connect success !
req_id:148911530947625,date:2017-03-10 11:08:29,qt:questionnaire,msg:SELECT `id`, `title` FROM `que_title` WHERE id = '1' 
req_id:148911530947625,date:2017-03-10 11:08:29,qt:questionnaire,msg:SELECT `questionnaire_id`, `question_id` FROM `que_title_question` WHERE questionnaire_id = '1' 
req_id:148911530947625,date:2017-03-10 11:08:29,qt:questionnaire,msg:db_conf_key db1 Connect success !
req_id:148911530947625,date:2017-03-10 11:08:29,qt:questionnaire,msg:SELECT `id`, `content`, `type` FROM `que_question` WHERE id in (1,2,3,4,5,6,7,8,9,10,11,12,13,14,15,16,17,18,19,20,21,22,23,24,25,26,27,28,29,30,31,32,33,34,35,36,37,38,39,40,41,42,43,44,45,46,47,48,49,50,51,52,53,54,55,56,57,58,59,60,61,62,63,64) 
req_id:148911530947625,date:2017-03-10 11:08:29,qt:questionnaire,msg:db_conf_key db1 Connect success !
req_id:148911530947625,date:2017-03-10 11:08:29,qt:questionnaire,msg:SELECT `id`, `content`, `question_id`, `order` FROM `que_option` WHERE question_id in (1,2,3,4,5,6,7,8,9,10,11,12,13,14,15,16,17,18,19,20,21,22,23,24,25,26,27,28,29,30,31,32,33,34,35,36,37,38,39,40,41,42,43,44,45,46,47,48,49,50,51,52,53,54,55,56,57,58,59,60,61,62,63,64) 
req_id:148911530947625,date:2017-03-10 11:08:29,qt:questionnaire,msg:query info : null
req_id:1489115312578875,date:2017-03-10 11:08:32,qt:questionnaire,msg:db_conf_key db1 Connect success !
req_id:1489115312578875,date:2017-03-10 11:08:32,qt:questionnaire,msg:SELECT `id`, `title` FROM `que_title` WHERE id = '1' 
req_id:1489115312578875,date:2017-03-10 11:08:32,qt:questionnaire,msg:SELECT `questionnaire_id`, `question_id` FROM `que_title_question` WHERE questionnaire_id = '1' 
req_id:1489115312578875,date:2017-03-10 11:08:32,qt:questionnaire,msg:db_conf_key db1 Connect success !
req_id:1489115312578875,date:2017-03-10 11:08:32,qt:questionnaire,msg:SELECT `id`, `content`, `type` FROM `que_question` WHERE id in (1,2,3,4,5,6,7,8,9,10,11,12,13,14,15,16,17,18,19,20,21,22,23,24,25,26,27,28,29,30,31,32,33,34,35,36,37,38,39,40,41,42,43,44,45,46,47,48,49,50,51,52,53,54,55,56,57,58,59,60,61,62,63,64) 
req_id:1489115312578875,date:2017-03-10 11:08:32,qt:questionnaire,msg:db_conf_key db1 Connect success !
req_id:1489115312578875,date:2017-03-10 11:08:32,qt:questionnaire,msg:SELECT `id`, `content`, `question_id`, `order` FROM `que_option` WHERE question_id in (1,2,3,4,5,6,7,8,9,10,11,12,13,14,15,16,17,18,19,20,21,22,23,24,25,26,27,28,29,30,31,32,33,34,35,36,37,38,39,40,41,42,43,44,45,46,47,48,49,50,51,52,53,54,55,56,57,58,59,60,61,62,63,64) 
req_id:1489115312578875,date:2017-03-10 11:08:32,qt:questionnaire,msg:query info : null
req_id:1489115313110125,date:2017-03-10 11:08:33,qt:questionnaire,msg:db_conf_key db1 Connect success !
req_id:1489115313110125,date:2017-03-10 11:08:33,qt:questionnaire,msg:SELECT `id`, `title` FROM `que_title` WHERE id = '1' 
req_id:1489115313110125,date:2017-03-10 11:08:33,qt:questionnaire,msg:SELECT `questionnaire_id`, `question_id` FROM `que_title_question` WHERE questionnaire_id = '1' 
req_id:1489115313110125,date:2017-03-10 11:08:33,qt:questionnaire,msg:db_conf_key db1 Connect success !
req_id:1489115313110125,date:2017-03-10 11:08:33,qt:questionnaire,msg:SELECT `id`, `content`, `type` FROM `que_question` WHERE id in (1,2,3,4,5,6,7,8,9,10,11,12,13,14,15,16,17,18,19,20,21,22,23,24,25,26,27,28,29,30,31,32,33,34,35,36,37,38,39,40,41,42,43,44,45,46,47,48,49,50,51,52,53,54,55,56,57,58,59,60,61,62,63,64) 
req_id:1489115313110125,date:2017-03-10 11:08:33,qt:questionnaire,msg:db_conf_key db1 Connect success !
req_id:1489115313110125,date:2017-03-10 11:08:33,qt:questionnaire,msg:SELECT `id`, `content`, `question_id`, `order` FROM `que_option` WHERE question_id in (1,2,3,4,5,6,7,8,9,10,11,12,13,14,15,16,17,18,19,20,21,22,23,24,25,26,27,28,29,30,31,32,33,34,35,36,37,38,39,40,41,42,43,44,45,46,47,48,49,50,51,52,53,54,55,56,57,58,59,60,61,62,63,64) 
req_id:1489115313110125,date:2017-03-10 11:08:33,qt:questionnaire,msg:query info : null
