req_id:1505693265224750,date:2017-09-18 08:07:45,qt:login,msg:query info : null
req_id:1505693265240375,date:2017-09-18 08:07:45,qt:list,msg:db_conf_key db1 Connect success !
req_id:1505693265240375,date:2017-09-18 08:07:45,qt:list,msg:SELECT `id`, `content`, `weight`, `parent_id` FROM `eval_index`
req_id:1505693265240375,date:2017-09-18 08:07:45,qt:list,msg:query info : null
req_id:1505693265256000,date:2017-09-18 08:07:45,qt:navigate,msg:redis connect success
req_id:1505693265256000,date:2017-09-18 08:07:45,qt:navigate,msg:query info : null
req_id:1505693265365375,date:2017-09-18 08:07:45,qt:login,msg:query info : null
req_id:1505693309802875,date:2017-09-18 08:08:29,qt:login,msg:query info : null
req_id:1505693309834125,date:2017-09-18 08:08:29,qt:list,msg:db_conf_key db1 Connect success !
req_id:1505693309834125,date:2017-09-18 08:08:29,qt:list,msg:SELECT `id`, `content`, `weight`, `parent_id` FROM `eval_index`
req_id:1505693309834125,date:2017-09-18 08:08:29,qt:list,msg:query info : null
req_id:1505693309849750,date:2017-09-18 08:08:29,qt:navigate,msg:redis connect success
req_id:1505693309849750,date:2017-09-18 08:08:29,qt:navigate,msg:query info : null
req_id:1505693309943500,date:2017-09-18 08:08:29,qt:login,msg:query info : null
req_id:1505693313474750,date:2017-09-18 08:08:33,qt:login,msg:query info : null
req_id:1505693313490375,date:2017-09-18 08:08:33,qt:list,msg:db_conf_key db1 Connect success !
req_id:1505693313490375,date:2017-09-18 08:08:33,qt:list,msg:SELECT `id`, `content`, `weight`, `parent_id` FROM `eval_index`
req_id:1505693313490375,date:2017-09-18 08:08:33,qt:list,msg:query info : null
req_id:1505693315302875,date:2017-09-18 08:08:35,qt:login,msg:query info : null
req_id:1505693327552875,date:2017-09-18 08:08:47,qt:login,msg:query info : null
req_id:1505693330396625,date:2017-09-18 08:08:50,qt:login,msg:db_conf_key db1 Connect success !
req_id:1505693330396625,date:2017-09-18 08:08:50,qt:login,msg:SELECT `id`, `account`, `passwd`, `name`, `parent_id` FROM `eval_department` WHERE account = 'yanshi' 
req_id:1505693330396625,date:2017-09-18 08:08:50,qt:login,msg:query info : null
req_id:1505693330521625,date:2017-09-18 08:08:50,qt:login,msg:query info : null
req_id:1505693330552875,date:2017-09-18 08:08:50,qt:list,msg:db_conf_key db1 Connect success !
req_id:1505693330552875,date:2017-09-18 08:08:50,qt:list,msg:SELECT `id`, `content`, `weight`, `parent_id` FROM `eval_index`
req_id:1505693330552875,date:2017-09-18 08:08:50,qt:list,msg:query info : null
req_id:1505693330584125,date:2017-09-18 08:08:50,qt:navigate,msg:redis connect success
req_id:1505693330584125,date:2017-09-18 08:08:50,qt:navigate,msg:db_conf_key db1 Connect success !
req_id:1505693330584125,date:2017-09-18 08:08:50,qt:navigate,msg:SELECT `id`, `name` FROM `eval_department` WHERE parent_id = '5' 
req_id:1505693330584125,date:2017-09-18 08:08:50,qt:navigate,msg:db_conf_key db1 Connect success !
req_id:1505693330584125,date:2017-09-18 08:08:50,qt:navigate,msg:SELECT `id`, `name` FROM `eval_school`
req_id:1505693330584125,date:2017-09-18 08:08:50,qt:navigate,msg:db_conf_key db1 Connect success !
req_id:1505693330584125,date:2017-09-18 08:08:50,qt:navigate,msg:SELECT distinct `edu_depart_id`, `school_id`, `grade`, `class` FROM `eval_evaluation` WHERE edu_depart_id = '6' 
req_id:1505693330584125,date:2017-09-18 08:08:50,qt:navigate,msg:query info : null
req_id:1505693330646625,date:2017-09-18 08:08:50,qt:login,msg:query info : null
req_id:1505693330662250,date:2017-09-18 08:08:50,qt:evaluation,msg:redis connect success
req_id:1505693330662250,date:2017-09-18 08:08:50,qt:evaluation,msg:db_conf_key db1 Connect success !
req_id:1505693330662250,date:2017-09-18 08:08:50,qt:evaluation,msg:SELECT `id`, `name` FROM `eval_department` WHERE parent_id = '5' 
req_id:1505693330662250,date:2017-09-18 08:08:50,qt:evaluation,msg:db_conf_key db1 Connect success !
req_id:1505693330662250,date:2017-09-18 08:08:50,qt:evaluation,msg:SELECT `score`, `gender`, `test_times`, `edu_depart_id`, `school_id`, `grade`, `class`, `sno` FROM `eval_evaluation` WHERE edu_depart_id = 6  AND test_times = '1' 
req_id:1505693330662250,date:2017-09-18 08:08:50,qt:evaluation,msg:db_conf_key db1 Connect success !
req_id:1505693330662250,date:2017-09-18 08:08:50,qt:evaluation,msg:SELECT `id`, `content`, `weight`, `parent_id` FROM `eval_index`
req_id:1505693330662250,date:2017-09-18 08:08:50,qt:evaluation,msg:query info : null
req_id:1505693331271625,date:2017-09-18 08:08:51,qt:login,msg:query info : null
req_id:150570111552875,date:2017-09-18 10:18:35,qt:login,msg:query info : null
req_id:150570111552875,date:2017-09-18 10:18:35,qt:list,msg:db_conf_key db1 Connect success !
req_id:150570111552875,date:2017-09-18 10:18:35,qt:list,msg:SELECT `id`, `content`, `weight`, `parent_id` FROM `eval_index`
req_id:150570111552875,date:2017-09-18 10:18:35,qt:list,msg:query info : null
req_id:150570111584125,date:2017-09-18 10:18:35,qt:navigate,msg:redis connect success
req_id:150570111584125,date:2017-09-18 10:18:35,qt:navigate,msg:db_conf_key db1 Connect success !
req_id:150570111584125,date:2017-09-18 10:18:35,qt:navigate,msg:SELECT `id`, `name` FROM `eval_department` WHERE parent_id = '5' 
req_id:150570111584125,date:2017-09-18 10:18:35,qt:navigate,msg:db_conf_key db1 Connect success !
req_id:150570111584125,date:2017-09-18 10:18:35,qt:navigate,msg:SELECT `id`, `name` FROM `eval_school`
req_id:150570111584125,date:2017-09-18 10:18:35,qt:navigate,msg:db_conf_key db1 Connect success !
req_id:150570111584125,date:2017-09-18 10:18:35,qt:navigate,msg:SELECT distinct `edu_depart_id`, `school_id`, `grade`, `class` FROM `eval_evaluation` WHERE edu_depart_id = '6' 
req_id:150570111584125,date:2017-09-18 10:18:35,qt:navigate,msg:query info : null
req_id:1505701115146625,date:2017-09-18 10:18:35,qt:login,msg:query info : null
req_id:1505701115162250,date:2017-09-18 10:18:35,qt:evaluation,msg:redis connect success
req_id:1505701115162250,date:2017-09-18 10:18:35,qt:evaluation,msg:db_conf_key db1 Connect success !
req_id:1505701115162250,date:2017-09-18 10:18:35,qt:evaluation,msg:SELECT `id`, `name` FROM `eval_department` WHERE parent_id = '5' 
req_id:1505701115162250,date:2017-09-18 10:18:35,qt:evaluation,msg:db_conf_key db1 Connect success !
req_id:1505701115162250,date:2017-09-18 10:18:35,qt:evaluation,msg:SELECT `score`, `gender`, `test_times`, `edu_depart_id`, `school_id`, `grade`, `class`, `sno` FROM `eval_evaluation` WHERE edu_depart_id = 6  AND test_times = '1' 
req_id:1505701115162250,date:2017-09-18 10:18:35,qt:evaluation,msg:db_conf_key db1 Connect success !
req_id:1505701115162250,date:2017-09-18 10:18:35,qt:evaluation,msg:SELECT `id`, `content`, `weight`, `parent_id` FROM `eval_index`
req_id:1505701115162250,date:2017-09-18 10:18:35,qt:evaluation,msg:query info : null
req_id:1505701115693500,date:2017-09-18 10:18:35,qt:login,msg:query info : null
req_id:1505725444349750,date:2017-09-18 17:04:04,qt:login,msg:query info : null
