req_id:1489370172860875,date:2017-03-13 09:56:12,qt:questionnaire,msg:db_conf_key db1 Connect success !
req_id:1489370172860875,date:2017-03-13 09:56:12,qt:questionnaire,msg:SELECT `id`, `title` FROM `que_title` WHERE id = '1' 
req_id:1489370172860875,date:2017-03-13 09:56:12,qt:questionnaire,msg:SELECT `questionnaire_id`, `question_id` FROM `que_title_question` WHERE questionnaire_id = '1' 
req_id:1489370172860875,date:2017-03-13 09:56:12,qt:questionnaire,msg:db_conf_key db1 Connect success !
req_id:1489370172860875,date:2017-03-13 09:56:12,qt:questionnaire,msg:SELECT `id`, `content`, `type` FROM `que_question` WHERE id in (1,2,3,4,5,6,7,8,9,10,11,12,13,14,15,16,17,18,19,20,21,22,23,24,25,26,27,28,29,30,31,32,33,34,35,36,37,38,39,40,41,42,43,44,45,46,47,48,49,50,51,52,53,54,55,56,57,58,59,60,61,62,63,64) 
req_id:1489370172860875,date:2017-03-13 09:56:12,qt:questionnaire,msg:db_conf_key db1 Connect success !
req_id:1489370172860875,date:2017-03-13 09:56:12,qt:questionnaire,msg:SELECT `id`, `content`, `question_id`, `order` FROM `que_option` WHERE question_id in (1,2,3,4,5,6,7,8,9,10,11,12,13,14,15,16,17,18,19,20,21,22,23,24,25,26,27,28,29,30,31,32,33,34,35,36,37,38,39,40,41,42,43,44,45,46,47,48,49,50,51,52,53,54,55,56,57,58,59,60,61,62,63,64) 
req_id:1489370172860875,date:2017-03-13 09:56:12,qt:questionnaire,msg:query info : null
req_id:1489370946157750,date:2017-03-13 10:09:06,qt:questionnaire,msg:db_conf_key db1 Connect success !
req_id:1489370946157750,date:2017-03-13 10:09:06,qt:questionnaire,msg:SELECT `id`, `title` FROM `que_title` WHERE id = '1' 
req_id:1489370946157750,date:2017-03-13 10:09:06,qt:questionnaire,msg:SELECT `questionnaire_id`, `question_id` FROM `que_title_question` WHERE questionnaire_id = '1' 
req_id:1489370946157750,date:2017-03-13 10:09:06,qt:questionnaire,msg:db_conf_key db1 Connect success !
req_id:1489370946157750,date:2017-03-13 10:09:06,qt:questionnaire,msg:SELECT `id`, `content`, `type` FROM `que_question` WHERE id in (1,2,3,4,5,6,7,8,9,10,11,12,13,14,15,16,17,18,19,20,21,22,23,24,25,26,27,28,29,30,31,32,33,34,35,36,37,38,39,40,41,42,43,44,45,46,47,48,49,50,51,52,53,54,55,56,57,58,59,60,61,62,63,64) 
req_id:1489370946157750,date:2017-03-13 10:09:06,qt:questionnaire,msg:db_conf_key db1 Connect success !
req_id:1489370946157750,date:2017-03-13 10:09:06,qt:questionnaire,msg:SELECT `id`, `content`, `question_id`, `order` FROM `que_option` WHERE question_id in (1,2,3,4,5,6,7,8,9,10,11,12,13,14,15,16,17,18,19,20,21,22,23,24,25,26,27,28,29,30,31,32,33,34,35,36,37,38,39,40,41,42,43,44,45,46,47,48,49,50,51,52,53,54,55,56,57,58,59,60,61,62,63,64) 
req_id:1489370946157750,date:2017-03-13 10:09:06,qt:questionnaire,msg:query info : null
req_id:14893709521500,date:2017-03-13 10:09:12,qt:questionnaire,msg:db_conf_key db1 Connect success !
req_id:14893709521500,date:2017-03-13 10:09:12,qt:questionnaire,msg:SELECT `id`, `title` FROM `que_title` WHERE id = '1' 
req_id:14893709521500,date:2017-03-13 10:09:12,qt:questionnaire,msg:SELECT `questionnaire_id`, `question_id` FROM `que_title_question` WHERE questionnaire_id = '1' 
req_id:14893709521500,date:2017-03-13 10:09:12,qt:questionnaire,msg:db_conf_key db1 Connect success !
req_id:14893709521500,date:2017-03-13 10:09:12,qt:questionnaire,msg:SELECT `id`, `content`, `type` FROM `que_question` WHERE id in (1,2,3,4,5,6,7,8,9,10,11,12,13,14,15,16,17,18,19,20,21,22,23,24,25,26,27,28,29,30,31,32,33,34,35,36,37,38,39,40,41,42,43,44,45,46,47,48,49,50,51,52,53,54,55,56,57,58,59,60,61,62,63,64) 
req_id:14893709521500,date:2017-03-13 10:09:12,qt:questionnaire,msg:db_conf_key db1 Connect success !
req_id:14893709521500,date:2017-03-13 10:09:12,qt:questionnaire,msg:SELECT `id`, `content`, `question_id`, `order` FROM `que_option` WHERE question_id in (1,2,3,4,5,6,7,8,9,10,11,12,13,14,15,16,17,18,19,20,21,22,23,24,25,26,27,28,29,30,31,32,33,34,35,36,37,38,39,40,41,42,43,44,45,46,47,48,49,50,51,52,53,54,55,56,57,58,59,60,61,62,63,64) 
req_id:14893709521500,date:2017-03-13 10:09:12,qt:questionnaire,msg:query info : null
req_id:1489371632751500,date:2017-03-13 10:20:32,qt:questionnaire,msg:db_conf_key db1 Connect success !
req_id:1489371632751500,date:2017-03-13 10:20:32,qt:questionnaire,msg:SELECT `id`, `title` FROM `que_title` WHERE id = '1' 
req_id:1489371632751500,date:2017-03-13 10:20:32,qt:questionnaire,msg:SELECT `questionnaire_id`, `question_id` FROM `que_title_question` WHERE questionnaire_id = '1' 
req_id:1489371632751500,date:2017-03-13 10:20:32,qt:questionnaire,msg:db_conf_key db1 Connect success !
req_id:1489371632751500,date:2017-03-13 10:20:32,qt:questionnaire,msg:SELECT `id`, `content`, `type` FROM `que_question` WHERE id in (1,2,3,4,5,6,7,8,9,10,11,12,13,14,15,16,17,18,19,20,21,22,23,24,25,26,27,28,29,30,31,32,33,34,35,36,37,38,39,40,41,42,43,44,45,46,47,48,49,50,51,52,53,54,55,56,57,58,59,60,61,62,63,64) 
req_id:1489371632751500,date:2017-03-13 10:20:32,qt:questionnaire,msg:db_conf_key db1 Connect success !
req_id:1489371632751500,date:2017-03-13 10:20:32,qt:questionnaire,msg:SELECT `id`, `content`, `question_id`, `order` FROM `que_option` WHERE question_id in (1,2,3,4,5,6,7,8,9,10,11,12,13,14,15,16,17,18,19,20,21,22,23,24,25,26,27,28,29,30,31,32,33,34,35,36,37,38,39,40,41,42,43,44,45,46,47,48,49,50,51,52,53,54,55,56,57,58,59,60,61,62,63,64) 
req_id:1489371632751500,date:2017-03-13 10:20:32,qt:questionnaire,msg:query info : null
req_id:1489371656532750,date:2017-03-13 10:20:56,qt:questionnaire,msg:db_conf_key db1 Connect success !
req_id:1489371656532750,date:2017-03-13 10:20:56,qt:questionnaire,msg:SELECT `id`, `title` FROM `que_title` WHERE id = '1' 
req_id:1489371656532750,date:2017-03-13 10:20:56,qt:questionnaire,msg:SELECT `questionnaire_id`, `question_id` FROM `que_title_question` WHERE questionnaire_id = '1' 
req_id:1489371656532750,date:2017-03-13 10:20:56,qt:questionnaire,msg:db_conf_key db1 Connect success !
req_id:1489371656532750,date:2017-03-13 10:20:56,qt:questionnaire,msg:SELECT `id`, `content`, `type` FROM `que_question` WHERE id in (1,2,3,4,5,6,7,8,9,10,11,12,13,14,15,16,17,18,19,20,21,22,23,24,25,26,27,28,29,30,31,32,33,34,35,36,37,38,39,40,41,42,43,44,45,46,47,48,49,50,51,52,53,54,55,56,57,58,59,60,61,62,63,64) 
req_id:1489371656532750,date:2017-03-13 10:20:56,qt:questionnaire,msg:db_conf_key db1 Connect success !
req_id:1489371656532750,date:2017-03-13 10:20:56,qt:questionnaire,msg:SELECT `id`, `content`, `question_id`, `order` FROM `que_option` WHERE question_id in (1,2,3,4,5,6,7,8,9,10,11,12,13,14,15,16,17,18,19,20,21,22,23,24,25,26,27,28,29,30,31,32,33,34,35,36,37,38,39,40,41,42,43,44,45,46,47,48,49,50,51,52,53,54,55,56,57,58,59,60,61,62,63,64) 
req_id:1489371656532750,date:2017-03-13 10:20:56,qt:questionnaire,msg:query info : null
req_id:1489371667939000,date:2017-03-13 10:21:07,qt:questionnaire,msg:db_conf_key db1 Connect success !
req_id:1489371667939000,date:2017-03-13 10:21:07,qt:questionnaire,msg:SELECT `id`, `title` FROM `que_title` WHERE id = '1' 
req_id:1489371667939000,date:2017-03-13 10:21:07,qt:questionnaire,msg:SELECT `questionnaire_id`, `question_id` FROM `que_title_question` WHERE questionnaire_id = '1' 
req_id:1489371667939000,date:2017-03-13 10:21:07,qt:questionnaire,msg:db_conf_key db1 Connect success !
req_id:1489371667939000,date:2017-03-13 10:21:07,qt:questionnaire,msg:SELECT `id`, `content`, `type` FROM `que_question` WHERE id in (1,2,3,4,5,6,7,8,9,10,11,12,13,14,15,16,17,18,19,20,21,22,23,24,25,26,27,28,29,30,31,32,33,34,35,36,37,38,39,40,41,42,43,44,45,46,47,48,49,50,51,52,53,54,55,56,57,58,59,60,61,62,63,64) 
req_id:1489371667939000,date:2017-03-13 10:21:07,qt:questionnaire,msg:db_conf_key db1 Connect success !
req_id:1489371667939000,date:2017-03-13 10:21:07,qt:questionnaire,msg:SELECT `id`, `content`, `question_id`, `order` FROM `que_option` WHERE question_id in (1,2,3,4,5,6,7,8,9,10,11,12,13,14,15,16,17,18,19,20,21,22,23,24,25,26,27,28,29,30,31,32,33,34,35,36,37,38,39,40,41,42,43,44,45,46,47,48,49,50,51,52,53,54,55,56,57,58,59,60,61,62,63,64) 
req_id:1489371667939000,date:2017-03-13 10:21:07,qt:questionnaire,msg:query info : null
req_id:1489405580689000,date:2017-03-13 19:46:20,qt:questionnaire,msg:db_conf_key db1 Connect success !
req_id:1489405580689000,date:2017-03-13 19:46:20,qt:questionnaire,msg:SELECT `id`, `title` FROM `que_title` WHERE id = '1' 
req_id:1489405580689000,date:2017-03-13 19:46:20,qt:questionnaire,msg:SELECT `questionnaire_id`, `question_id` FROM `que_title_question` WHERE questionnaire_id = '1' 
req_id:1489405580689000,date:2017-03-13 19:46:20,qt:questionnaire,msg:db_conf_key db1 Connect success !
req_id:1489405580689000,date:2017-03-13 19:46:20,qt:questionnaire,msg:SELECT `id`, `content`, `type` FROM `que_question` WHERE id in (1,2,3,4,5,6,7,8,9,10,11,12,13,14,15,16,17,18,19,20,21,22,23,24,25,26,27,28,29,30,31,32,33,34,35,36,37,38,39,40,41,42,43,44,45,46,47,48,49,50,51,52,53,54,55,56,57,58,59,60,61,62,63,64) 
req_id:1489405580689000,date:2017-03-13 19:46:20,qt:questionnaire,msg:db_conf_key db1 Connect success !
req_id:1489405580689000,date:2017-03-13 19:46:20,qt:questionnaire,msg:SELECT `id`, `content`, `question_id`, `order` FROM `que_option` WHERE question_id in (1,2,3,4,5,6,7,8,9,10,11,12,13,14,15,16,17,18,19,20,21,22,23,24,25,26,27,28,29,30,31,32,33,34,35,36,37,38,39,40,41,42,43,44,45,46,47,48,49,50,51,52,53,54,55,56,57,58,59,60,61,62,63,64) 
req_id:1489405580689000,date:2017-03-13 19:46:20,qt:questionnaire,msg:query info : null
