req_id:1505779710224750,date:2017-09-19 08:08:30,qt:login,msg:query info : null
req_id:1505779710240375,date:2017-09-19 08:08:30,qt:list,msg:db_conf_key db1 Connect success !
req_id:1505779710240375,date:2017-09-19 08:08:30,qt:list,msg:SELECT `id`, `content`, `weight`, `parent_id` FROM `eval_index`
req_id:1505779710240375,date:2017-09-19 08:08:30,qt:list,msg:query info : null
req_id:1505779710271625,date:2017-09-19 08:08:30,qt:navigate,msg:redis connect success
req_id:1505779710271625,date:2017-09-19 08:08:30,qt:navigate,msg:query info : null
req_id:1505779710365375,date:2017-09-19 08:08:30,qt:login,msg:query info : null
req_id:1505779718365375,date:2017-09-19 08:08:38,qt:login,msg:query info : null
req_id:1505779725834125,date:2017-09-19 08:08:45,qt:login,msg:db_conf_key db1 Connect success !
req_id:1505779725834125,date:2017-09-19 08:08:45,qt:login,msg:SELECT `id`, `account`, `passwd`, `name`, `parent_id` FROM `eval_department` WHERE account = 'yanshi' 
req_id:1505779725834125,date:2017-09-19 08:08:45,qt:login,msg:query info : null
req_id:1505779725974750,date:2017-09-19 08:08:45,qt:login,msg:query info : null
req_id:1505779725990375,date:2017-09-19 08:08:46,qt:list,msg:db_conf_key db1 Connect success !
req_id:1505779725990375,date:2017-09-19 08:08:46,qt:list,msg:SELECT `id`, `content`, `weight`, `parent_id` FROM `eval_index`
req_id:1505779725990375,date:2017-09-19 08:08:46,qt:list,msg:query info : null
req_id:150577972637250,date:2017-09-19 08:08:46,qt:navigate,msg:redis connect success
req_id:150577972637250,date:2017-09-19 08:08:46,qt:navigate,msg:db_conf_key db1 Connect success !
req_id:150577972637250,date:2017-09-19 08:08:46,qt:navigate,msg:SELECT `id`, `name` FROM `eval_department` WHERE parent_id = '5' 
req_id:150577972637250,date:2017-09-19 08:08:46,qt:navigate,msg:db_conf_key db1 Connect success !
req_id:150577972637250,date:2017-09-19 08:08:46,qt:navigate,msg:SELECT `id`, `name` FROM `eval_school`
req_id:150577972637250,date:2017-09-19 08:08:46,qt:navigate,msg:db_conf_key db1 Connect success !
req_id:150577972637250,date:2017-09-19 08:08:46,qt:navigate,msg:SELECT distinct `edu_depart_id`, `school_id`, `grade`, `class` FROM `eval_evaluation` WHERE edu_depart_id = '6' 
req_id:150577972637250,date:2017-09-19 08:08:46,qt:navigate,msg:query info : null
req_id:150577972699750,date:2017-09-19 08:08:46,qt:login,msg:query info : null
req_id:1505779726115375,date:2017-09-19 08:08:46,qt:evaluation,msg:redis connect success
req_id:1505779726115375,date:2017-09-19 08:08:46,qt:evaluation,msg:db_conf_key db1 Connect success !
req_id:1505779726115375,date:2017-09-19 08:08:46,qt:evaluation,msg:SELECT `id`, `name` FROM `eval_department` WHERE parent_id = '5' 
req_id:1505779726115375,date:2017-09-19 08:08:46,qt:evaluation,msg:db_conf_key db1 Connect success !
req_id:1505779726115375,date:2017-09-19 08:08:46,qt:evaluation,msg:SELECT `score`, `gender`, `test_times`, `edu_depart_id`, `school_id`, `grade`, `class`, `sno` FROM `eval_evaluation` WHERE edu_depart_id = 6  AND test_times = '1' 
req_id:1505779726115375,date:2017-09-19 08:08:46,qt:evaluation,msg:db_conf_key db1 Connect success !
req_id:1505779726115375,date:2017-09-19 08:08:46,qt:evaluation,msg:SELECT `id`, `content`, `weight`, `parent_id` FROM `eval_index`
req_id:1505779726115375,date:2017-09-19 08:08:46,qt:evaluation,msg:query info : null
req_id:1505779726693500,date:2017-09-19 08:08:46,qt:login,msg:query info : null
req_id:150578378668500,date:2017-09-19 09:16:26,qt:login,msg:query info : null
req_id:150578396968500,date:2017-09-19 09:19:29,qt:login,msg:query info : null
req_id:1505783987927875,date:2017-09-19 09:19:47,qt:login,msg:query info : null
req_id:1505783987943500,date:2017-09-19 09:19:47,qt:list,msg:db_conf_key db1 Connect success !
req_id:1505783987943500,date:2017-09-19 09:19:47,qt:list,msg:SELECT `id`, `content`, `weight`, `parent_id` FROM `eval_index`
req_id:1505783987943500,date:2017-09-19 09:19:47,qt:list,msg:query info : null
req_id:1505783987990375,date:2017-09-19 09:19:47,qt:navigate,msg:redis connect success
req_id:1505783987990375,date:2017-09-19 09:19:48,qt:navigate,msg:db_conf_key db1 Connect success !
req_id:1505783987990375,date:2017-09-19 09:19:48,qt:navigate,msg:SELECT `id`, `name` FROM `eval_department` WHERE parent_id = '5' 
req_id:1505783987990375,date:2017-09-19 09:19:48,qt:navigate,msg:db_conf_key db1 Connect success !
req_id:1505783987990375,date:2017-09-19 09:19:48,qt:navigate,msg:SELECT `id`, `name` FROM `eval_school`
req_id:1505783987990375,date:2017-09-19 09:19:48,qt:navigate,msg:db_conf_key db1 Connect success !
req_id:1505783987990375,date:2017-09-19 09:19:48,qt:navigate,msg:SELECT distinct `edu_depart_id`, `school_id`, `grade`, `class` FROM `eval_evaluation` WHERE edu_depart_id = '6' 
req_id:1505783987990375,date:2017-09-19 09:19:48,qt:navigate,msg:query info : null
req_id:150578398837250,date:2017-09-19 09:19:48,qt:evaluation,msg:redis connect success
req_id:150578398837250,date:2017-09-19 09:19:48,qt:evaluation,msg:db_conf_key db1 Connect success !
req_id:150578398837250,date:2017-09-19 09:19:48,qt:evaluation,msg:SELECT `id`, `name` FROM `eval_department` WHERE parent_id = '5' 
req_id:150578398837250,date:2017-09-19 09:19:48,qt:evaluation,msg:db_conf_key db1 Connect success !
req_id:150578398837250,date:2017-09-19 09:19:48,qt:evaluation,msg:SELECT `score`, `gender`, `test_times`, `edu_depart_id`, `school_id`, `grade`, `class`, `sno` FROM `eval_evaluation` WHERE edu_depart_id = 6  AND test_times = '1' 
req_id:150578398837250,date:2017-09-19 09:19:48,qt:evaluation,msg:db_conf_key db1 Connect success !
req_id:150578398837250,date:2017-09-19 09:19:48,qt:evaluation,msg:SELECT `id`, `content`, `weight`, `parent_id` FROM `eval_index`
req_id:150578398837250,date:2017-09-19 09:19:48,qt:evaluation,msg:query info : null
req_id:1505783988365375,date:2017-09-19 09:19:48,qt:login,msg:query info : null
req_id:1505783988396625,date:2017-09-19 09:19:48,qt:list,msg:db_conf_key db1 Connect success !
req_id:1505783988396625,date:2017-09-19 09:19:48,qt:list,msg:SELECT `id`, `content`, `weight`, `parent_id` FROM `eval_index`
req_id:1505783988396625,date:2017-09-19 09:19:48,qt:list,msg:query info : null
req_id:1505783988412250,date:2017-09-19 09:19:48,qt:navigate,msg:redis connect success
req_id:1505783988412250,date:2017-09-19 09:19:48,qt:navigate,msg:query info : null
req_id:1505783988443500,date:2017-09-19 09:19:48,qt:evaluation,msg:redis connect success
req_id:1505783988443500,date:2017-09-19 09:19:48,qt:evaluation,msg:query info : null
req_id:1505783988521625,date:2017-09-19 09:19:48,qt:login,msg:query info : null
req_id:1505783992912250,date:2017-09-19 09:19:52,qt:login,msg:query info : null
req_id:1505783992927875,date:2017-09-19 09:19:52,qt:result,msg:redis connect success
req_id:1505783992927875,date:2017-09-19 09:19:52,qt:result,msg:db_conf_key db1 Connect success !
req_id:1505783992927875,date:2017-09-19 09:19:52,qt:result,msg:SELECT `id`, `name` FROM `eval_department` WHERE parent_id = '5' 
req_id:1505783992927875,date:2017-09-19 09:19:52,qt:result,msg:db_conf_key db1 Connect success !
req_id:1505783992927875,date:2017-09-19 09:19:52,qt:result,msg:SELECT `score`, `gender`, `test_times`, `edu_depart_id`, `school_id`, `grade`, `class`, `sno` FROM `eval_evaluation` WHERE edu_depart_id = 6  AND test_times = 1 
req_id:1505783992927875,date:2017-09-19 09:19:52,qt:result,msg:db_conf_key db1 Connect success !
req_id:1505783992927875,date:2017-09-19 09:19:52,qt:result,msg:SELECT `id`, `name` FROM `eval_department` WHERE parent_id = '5' 
req_id:1505783992927875,date:2017-09-19 09:19:52,qt:result,msg:db_conf_key db1 Connect success !
req_id:1505783992927875,date:2017-09-19 09:19:52,qt:result,msg:SELECT `id`, `content`, `weight`, `parent_id` FROM `eval_index`
req_id:1505783992927875,date:2017-09-19 09:19:53,qt:result,msg:query info : null
req_id:150578399352875,date:2017-09-19 09:19:53,qt:login,msg:query info : null
req_id:1505783997881000,date:2017-09-19 09:19:57,qt:login,msg:query info : null
req_id:1505783997896625,date:2017-09-19 09:19:57,qt:list,msg:db_conf_key db1 Connect success !
req_id:1505783997896625,date:2017-09-19 09:19:57,qt:list,msg:SELECT `id`, `content`, `weight`, `parent_id` FROM `eval_index`
req_id:1505783997896625,date:2017-09-19 09:19:57,qt:list,msg:query info : null
req_id:1505783997943500,date:2017-09-19 09:19:57,qt:navigate,msg:redis connect success
req_id:1505783997943500,date:2017-09-19 09:19:57,qt:navigate,msg:query info : null
req_id:1505783997959125,date:2017-09-19 09:19:57,qt:evaluation,msg:redis connect success
req_id:1505783997959125,date:2017-09-19 09:19:57,qt:evaluation,msg:query info : null
req_id:150578399837250,date:2017-09-19 09:19:58,qt:login,msg:query info : null
req_id:1505784459990375,date:2017-09-19 09:27:39,qt:login,msg:query info : null
req_id:15057844606000,date:2017-09-19 09:27:40,qt:result,msg:redis connect success
req_id:15057844606000,date:2017-09-19 09:27:40,qt:result,msg:query info : null
req_id:150578446037250,date:2017-09-19 09:27:40,qt:login,msg:query info : null
req_id:1505784738990375,date:2017-09-19 09:32:18,qt:login,msg:query info : null
req_id:150578473921625,date:2017-09-19 09:32:19,qt:list,msg:db_conf_key db1 Connect success !
req_id:150578473921625,date:2017-09-19 09:32:19,qt:list,msg:SELECT `id`, `content`, `weight`, `parent_id` FROM `eval_index`
req_id:150578473921625,date:2017-09-19 09:32:19,qt:list,msg:query info : null
req_id:150578473952875,date:2017-09-19 09:32:19,qt:navigate,msg:redis connect success
req_id:150578473952875,date:2017-09-19 09:32:19,qt:navigate,msg:query info : null
req_id:1505784739115375,date:2017-09-19 09:32:19,qt:login,msg:query info : null
req_id:1505784739115375,date:2017-09-19 09:32:19,qt:evaluation,msg:redis connect success
req_id:1505784739115375,date:2017-09-19 09:32:19,qt:evaluation,msg:db_conf_key db1 Connect success !
req_id:1505784739115375,date:2017-09-19 09:32:19,qt:evaluation,msg:SELECT `id`, `name` FROM `eval_department` WHERE parent_id = '5' 
req_id:1505784739115375,date:2017-09-19 09:32:19,qt:evaluation,msg:db_conf_key db1 Connect success !
req_id:1505784739115375,date:2017-09-19 09:32:19,qt:evaluation,msg:SELECT `score`, `gender`, `test_times`, `edu_depart_id`, `school_id`, `grade`, `class`, `sno` FROM `eval_evaluation` WHERE edu_depart_id = 6  AND test_times = '1' 
req_id:1505784739115375,date:2017-09-19 09:32:19,qt:evaluation,msg:db_conf_key db1 Connect success !
req_id:1505784739115375,date:2017-09-19 09:32:19,qt:evaluation,msg:SELECT `id`, `content`, `weight`, `parent_id` FROM `eval_index`
req_id:1505784739115375,date:2017-09-19 09:32:19,qt:evaluation,msg:query info : null
req_id:1505784739709125,date:2017-09-19 09:32:19,qt:login,msg:query info : null
req_id:1505784877771625,date:2017-09-19 09:34:37,qt:login,msg:query info : null
req_id:1505784877787250,date:2017-09-19 09:34:37,qt:login,msg:query info : null
req_id:1505784877990375,date:2017-09-19 09:34:37,qt:login,msg:query info : null
req_id:1505785109459125,date:2017-09-19 09:38:29,qt:login,msg:query info : null
req_id:1505785112396625,date:2017-09-19 09:38:32,qt:login,msg:db_conf_key db1 Connect success !
req_id:1505785112396625,date:2017-09-19 09:38:32,qt:login,msg:SELECT `id`, `account`, `passwd`, `name`, `parent_id` FROM `eval_department` WHERE account = 'yanshi' 
req_id:1505785112396625,date:2017-09-19 09:38:32,qt:login,msg:query info : null
req_id:1505785112521625,date:2017-09-19 09:38:32,qt:login,msg:query info : null
req_id:1505785112537250,date:2017-09-19 09:38:32,qt:list,msg:db_conf_key db1 Connect success !
req_id:1505785112537250,date:2017-09-19 09:38:32,qt:list,msg:SELECT `id`, `content`, `weight`, `parent_id` FROM `eval_index`
req_id:1505785112537250,date:2017-09-19 09:38:32,qt:list,msg:query info : null
req_id:1505785112568500,date:2017-09-19 09:38:32,qt:navigate,msg:redis connect success
req_id:1505785112568500,date:2017-09-19 09:38:32,qt:navigate,msg:query info : null
req_id:1505785112631000,date:2017-09-19 09:38:32,qt:login,msg:query info : null
req_id:1505785112646625,date:2017-09-19 09:38:32,qt:evaluation,msg:redis connect success
req_id:1505785112646625,date:2017-09-19 09:38:32,qt:evaluation,msg:query info : null
req_id:150578511399750,date:2017-09-19 09:38:33,qt:login,msg:query info : null
req_id:1505785555881000,date:2017-09-19 09:45:55,qt:login,msg:query info : null
req_id:1505787556209125,date:2017-09-19 10:19:16,qt:login,msg:query info : null
req_id:1505787566240375,date:2017-09-19 10:19:26,qt:login,msg:query info : null
req_id:1505787566334125,date:2017-09-19 10:19:26,qt:login,msg:query info : null
req_id:1505787595490375,date:2017-09-19 10:19:55,qt:login,msg:db_conf_key db1 Connect success !
req_id:1505787595490375,date:2017-09-19 10:19:55,qt:login,msg:SELECT `account`, `passwd`, `name`, `level` FROM `eval_admin` WHERE account = '880099' 
req_id:1505787595490375,date:2017-09-19 10:19:55,qt:login,msg:query info : null
req_id:1505787632990375,date:2017-09-19 10:20:32,qt:login,msg:db_conf_key db1 Connect success !
req_id:1505787632990375,date:2017-09-19 10:20:32,qt:login,msg:SELECT `id`, `account`, `passwd`, `name`, `parent_id` FROM `eval_department` WHERE account = '880099' 
req_id:1505787632990375,date:2017-09-19 10:20:32,qt:login,msg:query info : null
req_id:1505788338271625,date:2017-09-19 10:32:18,qt:login,msg:db_conf_key db1 Connect success !
req_id:1505788338271625,date:2017-09-19 10:32:18,qt:login,msg:SELECT `id`, `account`, `passwd`, `name`, `parent_id` FROM `eval_department` WHERE account = '880099' 
req_id:1505788338271625,date:2017-09-19 10:32:18,qt:login,msg:query info : null
req_id:1505788545787250,date:2017-09-19 10:35:45,qt:login,msg:query info : null
req_id:1505788548521625,date:2017-09-19 10:35:48,qt:login,msg:db_conf_key db1 Connect success !
req_id:1505788548521625,date:2017-09-19 10:35:48,qt:login,msg:SELECT `id`, `account`, `passwd`, `name`, `parent_id` FROM `eval_department` WHERE account = 'yanshi' 
req_id:1505788548521625,date:2017-09-19 10:35:48,qt:login,msg:query info : null
req_id:1505788548662250,date:2017-09-19 10:35:48,qt:login,msg:query info : null
req_id:1505788548693500,date:2017-09-19 10:35:48,qt:list,msg:db_conf_key db1 Connect success !
req_id:1505788548693500,date:2017-09-19 10:35:48,qt:list,msg:SELECT `id`, `content`, `weight`, `parent_id` FROM `eval_index`
req_id:1505788548693500,date:2017-09-19 10:35:48,qt:list,msg:query info : null
req_id:1505788548724750,date:2017-09-19 10:35:48,qt:navigate,msg:redis connect success
req_id:1505788548724750,date:2017-09-19 10:35:48,qt:navigate,msg:db_conf_key db1 Connect success !
req_id:1505788548724750,date:2017-09-19 10:35:48,qt:navigate,msg:SELECT `id`, `name` FROM `eval_department` WHERE parent_id = '5' 
req_id:1505788548724750,date:2017-09-19 10:35:48,qt:navigate,msg:db_conf_key db1 Connect success !
req_id:1505788548724750,date:2017-09-19 10:35:48,qt:navigate,msg:SELECT `id`, `name` FROM `eval_school`
req_id:1505788548724750,date:2017-09-19 10:35:48,qt:navigate,msg:db_conf_key db1 Connect success !
req_id:1505788548724750,date:2017-09-19 10:35:48,qt:navigate,msg:SELECT distinct `edu_depart_id`, `school_id`, `grade`, `class` FROM `eval_evaluation` WHERE edu_depart_id = '6' 
req_id:1505788548724750,date:2017-09-19 10:35:48,qt:navigate,msg:query info : null
req_id:1505788548818500,date:2017-09-19 10:35:48,qt:login,msg:query info : null
req_id:1505788548818500,date:2017-09-19 10:35:48,qt:evaluation,msg:redis connect success
req_id:1505788548818500,date:2017-09-19 10:35:48,qt:evaluation,msg:db_conf_key db1 Connect success !
req_id:1505788548818500,date:2017-09-19 10:35:48,qt:evaluation,msg:SELECT `id`, `name` FROM `eval_department` WHERE parent_id = '5' 
req_id:1505788548818500,date:2017-09-19 10:35:48,qt:evaluation,msg:db_conf_key db1 Connect success !
req_id:1505788548818500,date:2017-09-19 10:35:48,qt:evaluation,msg:SELECT `score`, `gender`, `test_times`, `edu_depart_id`, `school_id`, `grade`, `class`, `sno` FROM `eval_evaluation` WHERE edu_depart_id = 6  AND test_times = '1' 
req_id:1505788548818500,date:2017-09-19 10:35:48,qt:evaluation,msg:db_conf_key db1 Connect success !
req_id:1505788548818500,date:2017-09-19 10:35:48,qt:evaluation,msg:SELECT `id`, `content`, `weight`, `parent_id` FROM `eval_index`
req_id:1505788548818500,date:2017-09-19 10:35:48,qt:evaluation,msg:query info : null
req_id:1505788549427875,date:2017-09-19 10:35:49,qt:login,msg:query info : null
req_id:1505794261631000,date:2017-09-19 12:11:01,qt:login,msg:query info : null
req_id:1505794261646625,date:2017-09-19 12:11:01,qt:evaluation,msg:redis connect success
req_id:1505794261646625,date:2017-09-19 12:11:01,qt:evaluation,msg:db_conf_key db1 Connect success !
req_id:1505794261646625,date:2017-09-19 12:11:01,qt:evaluation,msg:SELECT `id`, `name` FROM `eval_department` WHERE parent_id = '5' 
req_id:1505794261646625,date:2017-09-19 12:11:01,qt:evaluation,msg:db_conf_key db1 Connect success !
req_id:1505794261646625,date:2017-09-19 12:11:01,qt:evaluation,msg:SELECT `score`, `gender`, `test_times`, `edu_depart_id`, `school_id`, `grade`, `class`, `sno` FROM `eval_evaluation` WHERE edu_depart_id = 6  AND test_times = '1' 
req_id:1505794261646625,date:2017-09-19 12:11:01,qt:evaluation,msg:db_conf_key db1 Connect success !
req_id:1505794261646625,date:2017-09-19 12:11:01,qt:evaluation,msg:SELECT `id`, `content`, `weight`, `parent_id` FROM `eval_index`
req_id:1505794261646625,date:2017-09-19 12:11:01,qt:evaluation,msg:query info : null
req_id:150579427368500,date:2017-09-19 12:11:13,qt:login,msg:query info : null
req_id:150579427368500,date:2017-09-19 12:11:13,qt:evaluation,msg:redis connect success
req_id:150579427368500,date:2017-09-19 12:11:13,qt:evaluation,msg:db_conf_key db1 Connect success !
req_id:150579427368500,date:2017-09-19 12:11:13,qt:evaluation,msg:SELECT `id`, `name` FROM `eval_department` WHERE parent_id = '5' 
req_id:150579427368500,date:2017-09-19 12:11:13,qt:evaluation,msg:db_conf_key db1 Connect success !
req_id:150579427368500,date:2017-09-19 12:11:13,qt:evaluation,msg:SELECT `score`, `gender`, `test_times`, `edu_depart_id`, `school_id`, `grade`, `class`, `sno` FROM `eval_evaluation` WHERE edu_depart_id = 6  AND test_times = '1' 
req_id:150579427368500,date:2017-09-19 12:11:13,qt:evaluation,msg:db_conf_key db1 Connect success !
req_id:150579427368500,date:2017-09-19 12:11:13,qt:evaluation,msg:SELECT `id`, `content`, `weight`, `parent_id` FROM `eval_index`
req_id:150579427368500,date:2017-09-19 12:11:13,qt:evaluation,msg:query info : null
req_id:1505794284146625,date:2017-09-19 12:11:24,qt:login,msg:query info : null
req_id:1505794284162250,date:2017-09-19 12:11:24,qt:evaluation,msg:redis connect success
req_id:1505794284162250,date:2017-09-19 12:11:24,qt:evaluation,msg:db_conf_key db1 Connect success !
req_id:1505794284162250,date:2017-09-19 12:11:24,qt:evaluation,msg:SELECT `id`, `name` FROM `eval_department` WHERE parent_id = '5' 
req_id:1505794284162250,date:2017-09-19 12:11:24,qt:evaluation,msg:db_conf_key db1 Connect success !
req_id:1505794284162250,date:2017-09-19 12:11:24,qt:evaluation,msg:SELECT `score`, `gender`, `test_times`, `edu_depart_id`, `school_id`, `grade`, `class`, `sno` FROM `eval_evaluation` WHERE edu_depart_id = 6  AND test_times = '1' 
req_id:1505794284162250,date:2017-09-19 12:11:24,qt:evaluation,msg:db_conf_key db1 Connect success !
req_id:1505794284162250,date:2017-09-19 12:11:24,qt:evaluation,msg:SELECT `id`, `content`, `weight`, `parent_id` FROM `eval_index`
req_id:1505794284162250,date:2017-09-19 12:11:24,qt:evaluation,msg:query info : null
req_id:1505794426896625,date:2017-09-19 12:13:46,qt:login,msg:query info : null
req_id:1505794491115375,date:2017-09-19 12:14:51,qt:login,msg:db_conf_key db1 Connect success !
req_id:1505794491115375,date:2017-09-19 12:14:51,qt:login,msg:SELECT `id`, `account`, `passwd`, `name`, `parent_id` FROM `eval_department` WHERE account = 'yanshi' 
req_id:1505794491115375,date:2017-09-19 12:14:51,qt:login,msg:query info : null
req_id:1505794491271625,date:2017-09-19 12:14:51,qt:login,msg:query info : null
req_id:1505794491287250,date:2017-09-19 12:14:51,qt:list,msg:db_conf_key db1 Connect success !
req_id:1505794491287250,date:2017-09-19 12:14:51,qt:list,msg:SELECT `id`, `content`, `weight`, `parent_id` FROM `eval_index`
req_id:1505794491287250,date:2017-09-19 12:14:51,qt:list,msg:query info : null
req_id:1505794491318500,date:2017-09-19 12:14:51,qt:navigate,msg:redis connect success
req_id:1505794491318500,date:2017-09-19 12:14:51,qt:navigate,msg:db_conf_key db1 Connect success !
req_id:1505794491318500,date:2017-09-19 12:14:51,qt:navigate,msg:SELECT `id`, `name` FROM `eval_department` WHERE parent_id = '5' 
req_id:1505794491318500,date:2017-09-19 12:14:51,qt:navigate,msg:db_conf_key db1 Connect success !
req_id:1505794491318500,date:2017-09-19 12:14:51,qt:navigate,msg:SELECT `id`, `name` FROM `eval_school`
req_id:1505794491318500,date:2017-09-19 12:14:51,qt:navigate,msg:db_conf_key db1 Connect success !
req_id:1505794491318500,date:2017-09-19 12:14:51,qt:navigate,msg:SELECT distinct `edu_depart_id`, `school_id`, `grade`, `class` FROM `eval_evaluation` WHERE edu_depart_id = '6' 
req_id:1505794491318500,date:2017-09-19 12:14:51,qt:navigate,msg:query info : null
req_id:1505794491381000,date:2017-09-19 12:14:51,qt:login,msg:query info : null
req_id:1505794491381000,date:2017-09-19 12:14:51,qt:evaluation,msg:redis connect success
req_id:1505794491381000,date:2017-09-19 12:14:51,qt:evaluation,msg:query info : null
req_id:1505794491834125,date:2017-09-19 12:14:51,qt:login,msg:query info : null
req_id:1505802086131000,date:2017-09-19 14:21:26,qt:login,msg:query info : null
req_id:1505802086146625,date:2017-09-19 14:21:26,qt:evaluation,msg:redis connect success
req_id:1505802086146625,date:2017-09-19 14:21:26,qt:evaluation,msg:db_conf_key db1 Connect success !
req_id:1505802086146625,date:2017-09-19 14:21:26,qt:evaluation,msg:SELECT `id`, `name` FROM `eval_department` WHERE parent_id = '5' 
req_id:1505802086146625,date:2017-09-19 14:21:26,qt:evaluation,msg:db_conf_key db1 Connect success !
req_id:1505802086146625,date:2017-09-19 14:21:26,qt:evaluation,msg:SELECT `score`, `gender`, `test_times`, `edu_depart_id`, `school_id`, `grade`, `class`, `sno` FROM `eval_evaluation` WHERE edu_depart_id = 6  AND test_times = '1' 
req_id:1505802086146625,date:2017-09-19 14:21:26,qt:evaluation,msg:db_conf_key db1 Connect success !
req_id:1505802086146625,date:2017-09-19 14:21:26,qt:evaluation,msg:SELECT `id`, `content`, `weight`, `parent_id` FROM `eval_index`
req_id:1505802086146625,date:2017-09-19 14:21:26,qt:evaluation,msg:query info : null
req_id:1505807984849750,date:2017-09-19 15:59:44,qt:login,msg:query info : null
req_id:1505807997349750,date:2017-09-19 15:59:57,qt:login,msg:db_conf_key db1 Connect success !
req_id:1505807997349750,date:2017-09-19 15:59:57,qt:login,msg:SELECT `account`, `passwd`, `name`, `level` FROM `eval_admin` WHERE account = 'admin' 
req_id:1505807997349750,date:2017-09-19 15:59:57,qt:login,msg:query info : null
req_id:1505808002615375,date:2017-09-19 16:00:02,qt:login,msg:db_conf_key db1 Connect success !
req_id:1505808002615375,date:2017-09-19 16:00:02,qt:login,msg:SELECT `account`, `passwd`, `name`, `level` FROM `eval_admin` WHERE account = 'admin' 
req_id:1505808002615375,date:2017-09-19 16:00:02,qt:login,msg:query info : null
req_id:1505808002834125,date:2017-09-19 16:00:02,qt:list,msg:db_conf_key db1 Connect success !
req_id:1505808002834125,date:2017-09-19 16:00:02,qt:list,msg:SELECT `id`, `title` FROM `que_title` limit 0, 20
req_id:1505808002834125,date:2017-09-19 16:00:02,qt:list,msg:query info : null
req_id:1505808002865375,date:2017-09-19 16:00:02,qt:status,msg:db_conf_key db1 Connect success !
req_id:1505808002865375,date:2017-09-19 16:00:02,qt:status,msg:SELECT count(*) num FROM que_question
req_id:1505808002865375,date:2017-09-19 16:00:02,qt:status,msg:db_conf_key db1 Connect success !
req_id:1505808002865375,date:2017-09-19 16:00:02,qt:status,msg:SELECT count(*) num FROM que_title
req_id:1505808002865375,date:2017-09-19 16:00:02,qt:status,msg:query info : null
req_id:1505808002959125,date:2017-09-19 16:00:02,qt:login,msg:query info : null
req_id:1505808004740375,date:2017-09-19 16:00:04,qt:list,msg:db_conf_key db1 Connect success !
req_id:1505808004740375,date:2017-09-19 16:00:04,qt:list,msg:SELECT `id`, `content`, `type` FROM `que_question` limit 0, 10
req_id:1505808004740375,date:2017-09-19 16:00:04,qt:list,msg:db_conf_key db1 Connect success !
req_id:1505808004740375,date:2017-09-19 16:00:04,qt:list,msg:SELECT `id`, `content`, `question_id`, `order` FROM `que_option` WHERE question_id in (1,2,3,4,5,6,7,8,9,10) 
req_id:1505808004740375,date:2017-09-19 16:00:04,qt:list,msg:query info : null
req_id:1505808004771625,date:2017-09-19 16:00:04,qt:status,msg:db_conf_key db1 Connect success !
req_id:1505808004771625,date:2017-09-19 16:00:04,qt:status,msg:SELECT count(*) num FROM que_question
req_id:1505808004771625,date:2017-09-19 16:00:04,qt:status,msg:db_conf_key db1 Connect success !
req_id:1505808004771625,date:2017-09-19 16:00:04,qt:status,msg:SELECT count(*) num FROM que_title
req_id:1505808004771625,date:2017-09-19 16:00:04,qt:status,msg:query info : null
req_id:1505808004849750,date:2017-09-19 16:00:04,qt:login,msg:query info : null
req_id:1505808006271625,date:2017-09-19 16:00:06,qt:login,msg:query info : null
req_id:1505808007427875,date:2017-09-19 16:00:07,qt:list,msg:db_conf_key db1 Connect success !
req_id:1505808007427875,date:2017-09-19 16:00:07,qt:list,msg:SELECT `id`, `content`, `type` FROM `que_question` limit 0, 10
req_id:1505808007427875,date:2017-09-19 16:00:07,qt:list,msg:db_conf_key db1 Connect success !
req_id:1505808007427875,date:2017-09-19 16:00:07,qt:list,msg:SELECT `id`, `content`, `question_id`, `order` FROM `que_option` WHERE question_id in (1,2,3,4,5,6,7,8,9,10) 
req_id:1505808007427875,date:2017-09-19 16:00:07,qt:list,msg:query info : null
req_id:1505808007459125,date:2017-09-19 16:00:07,qt:status,msg:db_conf_key db1 Connect success !
req_id:1505808007459125,date:2017-09-19 16:00:07,qt:status,msg:SELECT count(*) num FROM que_question
req_id:1505808007459125,date:2017-09-19 16:00:07,qt:status,msg:db_conf_key db1 Connect success !
req_id:1505808007459125,date:2017-09-19 16:00:07,qt:status,msg:SELECT count(*) num FROM que_title
req_id:1505808007459125,date:2017-09-19 16:00:07,qt:status,msg:query info : null
req_id:1505808007506000,date:2017-09-19 16:00:07,qt:login,msg:query info : null
req_id:1505808010662250,date:2017-09-19 16:00:10,qt:list,msg:db_conf_key db1 Connect success !
req_id:1505808010662250,date:2017-09-19 16:00:10,qt:list,msg:SELECT `id`, `title` FROM `que_title` limit 0, 20
req_id:1505808010662250,date:2017-09-19 16:00:10,qt:list,msg:query info : null
req_id:1505808010662250,date:2017-09-19 16:00:10,qt:status,msg:db_conf_key db1 Connect success !
req_id:1505808010662250,date:2017-09-19 16:00:10,qt:status,msg:SELECT count(*) num FROM que_question
req_id:1505808010662250,date:2017-09-19 16:00:10,qt:status,msg:db_conf_key db1 Connect success !
req_id:1505808010662250,date:2017-09-19 16:00:10,qt:status,msg:SELECT count(*) num FROM que_title
req_id:1505808010662250,date:2017-09-19 16:00:10,qt:status,msg:query info : null
req_id:1505808010724750,date:2017-09-19 16:00:10,qt:login,msg:query info : null
req_id:1505808012224750,date:2017-09-19 16:00:12,qt:login,msg:query info : null
req_id:1505808012240375,date:2017-09-19 16:00:12,qt:login,msg:query info : null
req_id:1505808012318500,date:2017-09-19 16:00:12,qt:login,msg:query info : null
req_id:1505808031568500,date:2017-09-19 16:00:31,qt:login,msg:query info : null
req_id:1505808031584125,date:2017-09-19 16:00:31,qt:list,msg:db_conf_key db1 Connect success !
req_id:1505808031584125,date:2017-09-19 16:00:31,qt:list,msg:SELECT `id`, `content`, `weight`, `parent_id` FROM `eval_index`
req_id:1505808031584125,date:2017-09-19 16:00:31,qt:list,msg:query info : null
req_id:1505808031615375,date:2017-09-19 16:00:31,qt:navigate,msg:redis connect success
req_id:1505808031615375,date:2017-09-19 16:00:31,qt:navigate,msg:query info : null
req_id:1505808031740375,date:2017-09-19 16:00:31,qt:login,msg:query info : null
req_id:1505808039849750,date:2017-09-19 16:00:39,qt:login,msg:query info : null
req_id:1505808139834125,date:2017-09-19 16:02:19,qt:login,msg:query info : null
req_id:1505808172271625,date:2017-09-19 16:02:52,qt:login,msg:db_conf_key db1 Connect success !
req_id:1505808172271625,date:2017-09-19 16:02:52,qt:login,msg:SELECT `account`, `passwd`, `name`, `level` FROM `eval_admin` WHERE account = 'admin' 
req_id:1505808172271625,date:2017-09-19 16:02:52,qt:login,msg:query info : null
req_id:1505808172381000,date:2017-09-19 16:02:52,qt:list,msg:db_conf_key db1 Connect success !
req_id:1505808172381000,date:2017-09-19 16:02:52,qt:list,msg:SELECT `id`, `title` FROM `que_title` limit 0, 20
req_id:1505808172381000,date:2017-09-19 16:02:52,qt:list,msg:query info : null
req_id:1505808172412250,date:2017-09-19 16:02:52,qt:status,msg:db_conf_key db1 Connect success !
req_id:1505808172412250,date:2017-09-19 16:02:52,qt:status,msg:SELECT count(*) num FROM que_question
req_id:1505808172412250,date:2017-09-19 16:02:52,qt:status,msg:db_conf_key db1 Connect success !
req_id:1505808172412250,date:2017-09-19 16:02:52,qt:status,msg:SELECT count(*) num FROM que_title
req_id:1505808172412250,date:2017-09-19 16:02:52,qt:status,msg:query info : null
req_id:1505808172490375,date:2017-09-19 16:02:52,qt:login,msg:query info : null
req_id:1505808175427875,date:2017-09-19 16:02:55,qt:status,msg:db_conf_key db1 Connect success !
req_id:1505808175427875,date:2017-09-19 16:02:55,qt:status,msg:SELECT count(*) num FROM que_question
req_id:1505808175427875,date:2017-09-19 16:02:55,qt:status,msg:db_conf_key db1 Connect success !
req_id:1505808175427875,date:2017-09-19 16:02:55,qt:status,msg:SELECT max(test_times) max_times FROM que_test_times WHERE questionnaire_id = 1
req_id:1505808175427875,date:2017-09-19 16:02:55,qt:status,msg:db_conf_key db1 Connect success !
req_id:1505808175427875,date:2017-09-19 16:02:55,qt:status,msg:SELECT count(*) num FROM que_title_question WHERE questionnaire_id = 1
req_id:1505808175427875,date:2017-09-19 16:02:55,qt:status,msg:query info : null
req_id:1505808175443500,date:2017-09-19 16:02:55,qt:questionnaire,msg:redis connect success
req_id:1505808175443500,date:2017-09-19 16:02:55,qt:questionnaire,msg:db_conf_key db1 Connect success !
req_id:1505808175443500,date:2017-09-19 16:02:55,qt:questionnaire,msg:SELECT `id`, `title` FROM `que_title` WHERE id = '1' 
req_id:1505808175443500,date:2017-09-19 16:02:55,qt:questionnaire,msg:SELECT `questionnaire_id`, `question_id` FROM `que_title_question` WHERE questionnaire_id = '1' 
req_id:1505808175443500,date:2017-09-19 16:02:55,qt:questionnaire,msg:db_conf_key db1 Connect success !
req_id:1505808175443500,date:2017-09-19 16:02:55,qt:questionnaire,msg:SELECT `id`, `content`, `type` FROM `que_question` WHERE id in (1,3,4,5,6,7,8,9,10,11,12,13,14,15,16,17,18,19,20,21,22,23,24,25,26,27,28,29,30,31,32,33,34,35,36,37,38,39,40,41,42,43,44,45,46,47,48,49,50,51,52,53,54,55,56,57,58,59,60,61,62,63,64,65,66,67,68,69,70,71,75) 
req_id:1505808175443500,date:2017-09-19 16:02:55,qt:questionnaire,msg:db_conf_key db1 Connect success !
req_id:1505808175443500,date:2017-09-19 16:02:55,qt:questionnaire,msg:SELECT `id`, `content`, `question_id`, `order` FROM `que_option` WHERE question_id in (1,3,4,5,6,7,8,9,10,11,12,13,14,15,16,17,18,19,20,21,22,23,24,25,26,27,28,29,30,31,32,33,34,35,36,37,38,39,40,41,42,43,44,45,46,47,48,49,50,51,52,53,54,55,56,57,58,59,60,61,62,63,64,65,66,67,68,69,70,71,75) 
req_id:1505808175443500,date:2017-09-19 16:02:55,qt:questionnaire,msg:query info : null
req_id:1505808175506000,date:2017-09-19 16:02:55,qt:list,msg:db_conf_key db1 Connect success !
req_id:1505808175506000,date:2017-09-19 16:02:55,qt:list,msg:SELECT `id`, `content`, `type` FROM que_question WHERE `id` NOT IN ( SELECT `question_id` FROM que_title_question WHERE `questionnaire_id` =1) LIMIT 0, 15
req_id:1505808175506000,date:2017-09-19 16:02:55,qt:list,msg:query info : null
req_id:1505808175599750,date:2017-09-19 16:02:55,qt:login,msg:query info : null
req_id:150580818468500,date:2017-09-19 16:03:04,qt:list,msg:db_conf_key db1 Connect success !
req_id:150580818468500,date:2017-09-19 16:03:04,qt:list,msg:SELECT `id`, `content`, `type` FROM que_question WHERE `id` NOT IN ( SELECT `question_id` FROM que_title_question WHERE `questionnaire_id` =1) LIMIT 15, 15
req_id:150580818468500,date:2017-09-19 16:03:04,qt:list,msg:query info : null
req_id:1505808185256000,date:2017-09-19 16:03:05,qt:list,msg:db_conf_key db1 Connect success !
req_id:1505808185256000,date:2017-09-19 16:03:05,qt:list,msg:SELECT `id`, `content`, `type` FROM que_question WHERE `id` NOT IN ( SELECT `question_id` FROM que_title_question WHERE `questionnaire_id` =1) LIMIT 30, 15
req_id:1505808185256000,date:2017-09-19 16:03:05,qt:list,msg:query info : null
req_id:1505808188662250,date:2017-09-19 16:03:08,qt:list,msg:db_conf_key db1 Connect success !
req_id:1505808188662250,date:2017-09-19 16:03:08,qt:list,msg:SELECT `id`, `content`, `type` FROM que_question WHERE `id` NOT IN ( SELECT `question_id` FROM que_title_question WHERE `questionnaire_id` =1) LIMIT 45, 15
req_id:1505808188662250,date:2017-09-19 16:03:08,qt:list,msg:query info : null
req_id:1505808191131000,date:2017-09-19 16:03:11,qt:login,msg:query info : null
req_id:1505808191146625,date:2017-09-19 16:03:11,qt:login,msg:query info : null
req_id:1505808191224750,date:2017-09-19 16:03:11,qt:login,msg:query info : null
