req_id:149291999479968,date:2017-04-23 11:59:54,qt:login,msg:db_conf_key db1 Connect success !
req_id:149291999479968,date:2017-04-23 11:59:54,qt:login,msg:SELECT `account`, `passwd`, `name`, `level` FROM `eval_admin` WHERE account = 'admin' 
req_id:149291999479968,date:2017-04-23 11:59:54,qt:login,msg:query info : null
req_id:1492919994423718,date:2017-04-23 11:59:54,qt:list,msg:db_conf_key db1 Connect success !
req_id:1492919994423718,date:2017-04-23 11:59:54,qt:list,msg:SELECT `id`, `title` FROM `que_title` limit 0, 20
req_id:1492919994423718,date:2017-04-23 11:59:54,qt:list,msg:query info : null
req_id:1492919994564343,date:2017-04-23 11:59:54,qt:status,msg:db_conf_key db1 Connect success !
req_id:1492919994564343,date:2017-04-23 11:59:54,qt:status,msg:SELECT count(*) num FROM que_question
req_id:1492919994564343,date:2017-04-23 11:59:54,qt:status,msg:db_conf_key db1 Connect success !
req_id:1492919994564343,date:2017-04-23 11:59:54,qt:status,msg:SELECT count(*) num FROM que_title
req_id:1492919994564343,date:2017-04-23 11:59:54,qt:status,msg:query info : null
req_id:1492919997611218,date:2017-04-23 11:59:57,qt:list,msg:db_conf_key db1 Connect success !
req_id:1492919997611218,date:2017-04-23 11:59:57,qt:list,msg:SELECT `id`, `content`, `type` FROM `que_question` limit 0, 10
req_id:1492919997611218,date:2017-04-23 11:59:57,qt:list,msg:db_conf_key db1 Connect success !
req_id:1492919997611218,date:2017-04-23 11:59:57,qt:list,msg:SELECT `id`, `content`, `question_id`, `order` FROM `que_option` WHERE question_id in (1,2,3,4,5,6,7,8,9,10) 
req_id:1492919997611218,date:2017-04-23 11:59:57,qt:list,msg:query info : null
req_id:1492919997720593,date:2017-04-23 11:59:57,qt:status,msg:db_conf_key db1 Connect success !
req_id:1492919997720593,date:2017-04-23 11:59:57,qt:status,msg:SELECT count(*) num FROM que_question
req_id:1492919997720593,date:2017-04-23 11:59:57,qt:status,msg:db_conf_key db1 Connect success !
req_id:1492919997720593,date:2017-04-23 11:59:57,qt:status,msg:SELECT count(*) num FROM que_title
req_id:1492919997720593,date:2017-04-23 11:59:57,qt:status,msg:query info : null
req_id:149291999979968,date:2017-04-23 11:59:59,qt:list,msg:db_conf_key db1 Connect success !
req_id:149291999979968,date:2017-04-23 11:59:59,qt:list,msg:SELECT `id`, `title` FROM `que_title` limit 0, 20
req_id:149291999979968,date:2017-04-23 11:59:59,qt:list,msg:query info : null
req_id:1492919999111218,date:2017-04-23 11:59:59,qt:status,msg:db_conf_key db1 Connect success !
req_id:1492919999111218,date:2017-04-23 11:59:59,qt:status,msg:SELECT count(*) num FROM que_question
req_id:1492919999111218,date:2017-04-23 11:59:59,qt:status,msg:db_conf_key db1 Connect success !
req_id:1492919999111218,date:2017-04-23 11:59:59,qt:status,msg:SELECT count(*) num FROM que_title
req_id:1492919999111218,date:2017-04-23 11:59:59,qt:status,msg:query info : null
req_id:1492920000158093,date:2017-04-23 12:00:00,qt:list,msg:db_conf_key db1 Connect success !
req_id:1492920000158093,date:2017-04-23 12:00:00,qt:list,msg:SELECT `id`, `content`, `type` FROM `que_question` limit 0, 10
req_id:1492920000158093,date:2017-04-23 12:00:00,qt:list,msg:db_conf_key db1 Connect success !
req_id:1492920000158093,date:2017-04-23 12:00:00,qt:list,msg:SELECT `id`, `content`, `question_id`, `order` FROM `que_option` WHERE question_id in (1,2,3,4,5,6,7,8,9,10) 
req_id:1492920000158093,date:2017-04-23 12:00:00,qt:list,msg:query info : null
req_id:1492920000204968,date:2017-04-23 12:00:00,qt:status,msg:db_conf_key db1 Connect success !
req_id:1492920000204968,date:2017-04-23 12:00:00,qt:status,msg:SELECT count(*) num FROM que_question
req_id:1492920000204968,date:2017-04-23 12:00:00,qt:status,msg:db_conf_key db1 Connect success !
req_id:1492920000204968,date:2017-04-23 12:00:00,qt:status,msg:SELECT count(*) num FROM que_title
req_id:1492920000204968,date:2017-04-23 12:00:00,qt:status,msg:query info : null
req_id:1492920005533093,date:2017-04-23 12:00:05,qt:list,msg:db_conf_key db1 Connect success !
req_id:1492920005533093,date:2017-04-23 12:00:05,qt:list,msg:SELECT `id`, `content`, `type` FROM `que_question` limit 0, 10
req_id:1492920005533093,date:2017-04-23 12:00:05,qt:list,msg:db_conf_key db1 Connect success !
req_id:1492920005533093,date:2017-04-23 12:00:05,qt:list,msg:SELECT `id`, `content`, `question_id`, `order` FROM `que_option` WHERE question_id in (1,2,3,4,5,6,7,8,9,10) 
req_id:1492920005533093,date:2017-04-23 12:00:05,qt:list,msg:query info : null
req_id:1492920005595593,date:2017-04-23 12:00:05,qt:status,msg:db_conf_key db1 Connect success !
req_id:1492920005595593,date:2017-04-23 12:00:05,qt:status,msg:SELECT count(*) num FROM que_question
req_id:1492920005595593,date:2017-04-23 12:00:05,qt:status,msg:db_conf_key db1 Connect success !
req_id:1492920005595593,date:2017-04-23 12:00:05,qt:status,msg:SELECT count(*) num FROM que_title
req_id:1492920005595593,date:2017-04-23 12:00:05,qt:status,msg:query info : null
req_id:1492920009173718,date:2017-04-23 12:00:09,qt:list,msg:db_conf_key db1 Connect success !
req_id:1492920009173718,date:2017-04-23 12:00:09,qt:list,msg:SELECT `id`, `content`, `type` FROM `que_question` limit 0, 10
req_id:1492920009173718,date:2017-04-23 12:00:09,qt:list,msg:db_conf_key db1 Connect success !
req_id:1492920009173718,date:2017-04-23 12:00:09,qt:list,msg:SELECT `id`, `content`, `question_id`, `order` FROM `que_option` WHERE question_id in (1,2,3,4,5,6,7,8,9,10) 
req_id:1492920009173718,date:2017-04-23 12:00:09,qt:list,msg:query info : null
req_id:1492920009220593,date:2017-04-23 12:00:09,qt:status,msg:db_conf_key db1 Connect success !
req_id:1492920009220593,date:2017-04-23 12:00:09,qt:status,msg:SELECT count(*) num FROM que_question
req_id:1492920009220593,date:2017-04-23 12:00:09,qt:status,msg:db_conf_key db1 Connect success !
req_id:1492920009220593,date:2017-04-23 12:00:09,qt:status,msg:SELECT count(*) num FROM que_title
req_id:1492920009220593,date:2017-04-23 12:00:09,qt:status,msg:query info : null
req_id:1492920010376843,date:2017-04-23 12:00:10,qt:list,msg:db_conf_key db1 Connect success !
req_id:1492920010376843,date:2017-04-23 12:00:10,qt:list,msg:SELECT `id`, `title` FROM `que_title` limit 0, 20
req_id:1492920010376843,date:2017-04-23 12:00:10,qt:list,msg:query info : null
req_id:1492920010439343,date:2017-04-23 12:00:10,qt:status,msg:db_conf_key db1 Connect success !
req_id:1492920010439343,date:2017-04-23 12:00:10,qt:status,msg:SELECT count(*) num FROM que_question
req_id:1492920010439343,date:2017-04-23 12:00:10,qt:status,msg:db_conf_key db1 Connect success !
req_id:1492920010439343,date:2017-04-23 12:00:10,qt:status,msg:SELECT count(*) num FROM que_title
req_id:1492920010439343,date:2017-04-23 12:00:10,qt:status,msg:query info : null
req_id:1492920015251843,date:2017-04-23 12:00:15,qt:status,msg:db_conf_key db1 Connect success !
req_id:1492920015251843,date:2017-04-23 12:00:15,qt:status,msg:SELECT count(*) num FROM que_question
req_id:1492920015251843,date:2017-04-23 12:00:15,qt:status,msg:db_conf_key db1 Connect success !
req_id:1492920015251843,date:2017-04-23 12:00:15,qt:status,msg:SELECT count(*) num FROM que_title
req_id:1492920015251843,date:2017-04-23 12:00:15,qt:status,msg:query info : null
req_id:1492920017876843,date:2017-04-23 12:00:17,qt:login,msg:query info : null
req_id:1492920046970593,date:2017-04-23 12:00:47,qt:login,msg:db_conf_key db1 Connect success !
req_id:1492920046970593,date:2017-04-23 12:00:47,qt:login,msg:SELECT `id`, `account`, `passwd`, `name`, `parent_id` FROM `eval_department` WHERE account = 'xujian' 
req_id:1492920046970593,date:2017-04-23 12:00:47,qt:login,msg:query info : null
req_id:1492920047173718,date:2017-04-23 12:00:47,qt:login,msg:query info : null
req_id:1492920047204968,date:2017-04-23 12:00:47,qt:list,msg:db_conf_key db1 Connect success !
req_id:1492920047204968,date:2017-04-23 12:00:47,qt:list,msg:SELECT `id`, `content`, `weight`, `parent_id` FROM `eval_index`
req_id:1492920047204968,date:2017-04-23 12:00:47,qt:list,msg:query info : null
req_id:1492920064954968,date:2017-04-23 12:01:04,qt:login,msg:query info : null
req_id:1492920073595593,date:2017-04-23 12:01:13,qt:login,msg:db_conf_key db1 Connect success !
req_id:1492920073595593,date:2017-04-23 12:01:13,qt:login,msg:SELECT `id`, `account`, `passwd`, `name`, `parent_id` FROM `eval_department` WHERE account = 'suzhou' 
req_id:1492920073595593,date:2017-04-23 12:01:13,qt:login,msg:query info : null
req_id:1492920073689343,date:2017-04-23 12:01:13,qt:login,msg:query info : null
req_id:1492920073704968,date:2017-04-23 12:01:13,qt:list,msg:db_conf_key db1 Connect success !
req_id:1492920073704968,date:2017-04-23 12:01:13,qt:list,msg:SELECT `id`, `content`, `weight`, `parent_id` FROM `eval_index`
req_id:1492920073704968,date:2017-04-23 12:01:13,qt:list,msg:query info : null
req_id:1492920084298718,date:2017-04-23 12:01:24,qt:login,msg:query info : null
req_id:1492920116392468,date:2017-04-23 12:01:56,qt:login,msg:db_conf_key db1 Connect success !
req_id:1492920116392468,date:2017-04-23 12:01:56,qt:login,msg:SELECT `id`, `account`, `passwd`, `name`, `parent_id` FROM `eval_department` WHERE account = 'wuzhou' 
req_id:1492920116392468,date:2017-04-23 12:01:56,qt:login,msg:query info : null
req_id:1492920116454968,date:2017-04-23 12:01:56,qt:login,msg:query info : null
req_id:1492920116486218,date:2017-04-23 12:01:56,qt:list,msg:db_conf_key db1 Connect success !
req_id:1492920116486218,date:2017-04-23 12:01:56,qt:list,msg:SELECT `id`, `content`, `weight`, `parent_id` FROM `eval_index`
req_id:1492920116486218,date:2017-04-23 12:01:56,qt:list,msg:query info : null
req_id:1492920135783093,date:2017-04-23 12:02:15,qt:login,msg:query info : null
req_id:1492920135908093,date:2017-04-23 12:02:15,qt:list,msg:db_conf_key db1 Connect success !
req_id:1492920135908093,date:2017-04-23 12:02:15,qt:list,msg:SELECT `id`, `content`, `weight`, `parent_id` FROM `eval_index`
req_id:1492920135908093,date:2017-04-23 12:02:16,qt:list,msg:query info : null
req_id:149292014217468,date:2017-04-23 12:02:22,qt:login,msg:query info : null
req_id:1492920150329968,date:2017-04-23 12:02:30,qt:login,msg:db_conf_key db1 Connect success !
req_id:1492920150329968,date:2017-04-23 12:02:30,qt:login,msg:SELECT `id`, `account`, `passwd`, `name`, `parent_id` FROM `eval_department` WHERE account = 'wuzhou' 
req_id:1492920150329968,date:2017-04-23 12:02:30,qt:login,msg:query info : null
req_id:1492920150423718,date:2017-04-23 12:02:30,qt:login,msg:query info : null
req_id:1492920150454968,date:2017-04-23 12:02:30,qt:list,msg:db_conf_key db1 Connect success !
req_id:1492920150454968,date:2017-04-23 12:02:30,qt:list,msg:SELECT `id`, `content`, `weight`, `parent_id` FROM `eval_index`
req_id:1492920150454968,date:2017-04-23 12:02:30,qt:list,msg:query info : null
req_id:1492920187814343,date:2017-04-23 12:03:07,qt:login,msg:query info : null
req_id:1492920187829968,date:2017-04-23 12:03:07,qt:list,msg:db_conf_key db1 Connect success !
req_id:1492920187829968,date:2017-04-23 12:03:07,qt:list,msg:SELECT `id`, `content`, `weight`, `parent_id` FROM `eval_index`
req_id:1492920187829968,date:2017-04-23 12:03:07,qt:list,msg:query info : null
req_id:1492920189954968,date:2017-04-23 12:03:09,qt:login,msg:query info : null
req_id:1492920192126843,date:2017-04-23 12:03:12,qt:login,msg:query info : null
req_id:1492920192173718,date:2017-04-23 12:03:12,qt:list,msg:db_conf_key db1 Connect success !
req_id:1492920192173718,date:2017-04-23 12:03:12,qt:list,msg:SELECT `id`, `content`, `weight`, `parent_id` FROM `eval_index`
req_id:1492920192173718,date:2017-04-23 12:03:12,qt:list,msg:query info : null
req_id:149292036279968,date:2017-04-23 12:06:02,qt:list,msg:db_conf_key db1 Connect success !
req_id:149292036279968,date:2017-04-23 12:06:02,qt:list,msg:SELECT `id`, `title` FROM `que_title` limit 0, 20
req_id:149292036279968,date:2017-04-23 12:06:02,qt:list,msg:query info : null
req_id:149292038348718,date:2017-04-23 12:06:24,qt:questionnaire,msg:db_conf_key db1 Connect success !
req_id:149292038348718,date:2017-04-23 12:06:24,qt:questionnaire,msg:SELECT `id`, `title` FROM `que_title` WHERE id = '1' 
req_id:149292038348718,date:2017-04-23 12:06:24,qt:questionnaire,msg:SELECT `questionnaire_id`, `question_id` FROM `que_title_question` WHERE questionnaire_id = '1' 
req_id:149292038348718,date:2017-04-23 12:06:24,qt:questionnaire,msg:db_conf_key db1 Connect success !
req_id:149292038348718,date:2017-04-23 12:06:24,qt:questionnaire,msg:SELECT `id`, `content`, `type` FROM `que_question` WHERE id in (3,4,5,6,7,8,9,10,11,12,13,14,15,16,17,18,19,20,21,22,23,24,25,26,27,28,29,30,31,32,33,34,35,36,37,38,39,40,41,42,43,44,45,46,47,48,49,50,51,52,53,54,55,56,57,58,59,60,61,62,63,64,65,66,67,68,69,70,71,75) 
req_id:149292038348718,date:2017-04-23 12:06:24,qt:questionnaire,msg:db_conf_key db1 Connect success !
req_id:149292038348718,date:2017-04-23 12:06:24,qt:questionnaire,msg:SELECT `id`, `content`, `question_id`, `order` FROM `que_option` WHERE question_id in (3,4,5,6,7,8,9,10,11,12,13,14,15,16,17,18,19,20,21,22,23,24,25,26,27,28,29,30,31,32,33,34,35,36,37,38,39,40,41,42,43,44,45,46,47,48,49,50,51,52,53,54,55,56,57,58,59,60,61,62,63,64,65,66,67,68,69,70,71,75) 
req_id:1492921177751843,date:2017-04-23 12:19:37,qt:login,msg:db_conf_key db1 Connect success !
req_id:1492921177751843,date:2017-04-23 12:19:37,qt:login,msg:SELECT `account`, `passwd`, `name` FROM `eval_student` WHERE account = '01010101' 
req_id:1492921177751843,date:2017-04-23 12:19:37,qt:login,msg:query info : null
req_id:1492921182939343,date:2017-04-23 12:19:42,qt:login,msg:db_conf_key db1 Connect success !
req_id:1492921182939343,date:2017-04-23 12:19:42,qt:login,msg:SELECT `account`, `passwd`, `name` FROM `eval_student` WHERE account = '01010101' 
req_id:1492921182939343,date:2017-04-23 12:19:42,qt:login,msg:query info : null
req_id:1492921193751843,date:2017-04-23 12:19:53,qt:login,msg:db_conf_key db1 Connect success !
req_id:1492921193751843,date:2017-04-23 12:19:53,qt:login,msg:SELECT `account`, `passwd`, `name` FROM `eval_student` WHERE account = '01010101' 
req_id:1492921193751843,date:2017-04-23 12:19:53,qt:login,msg:query info : null
req_id:1492921224736218,date:2017-04-23 12:20:24,qt:login,msg:db_conf_key db1 Connect success !
req_id:1492921224736218,date:2017-04-23 12:20:24,qt:login,msg:SELECT `id`, `account`, `passwd`, `name`, `edu_depart_id` FROM `eval_school` WHERE account = 'szyz' 
req_id:1492921224736218,date:2017-04-23 12:20:24,qt:login,msg:query info : null
req_id:1492921224845593,date:2017-04-23 12:20:24,qt:login,msg:query info : null
req_id:1492921224876843,date:2017-04-23 12:20:24,qt:list,msg:db_conf_key db1 Connect success !
req_id:1492921224876843,date:2017-04-23 12:20:24,qt:list,msg:SELECT `id`, `content`, `weight`, `parent_id` FROM `eval_index`
req_id:1492921224876843,date:2017-04-23 12:20:24,qt:list,msg:query info : null
req_id:1492921235845593,date:2017-04-23 12:20:35,qt:login,msg:db_conf_key db1 Connect success !
req_id:1492921235845593,date:2017-04-23 12:20:35,qt:login,msg:SELECT `account`, `passwd`, `name` FROM `eval_student` WHERE account = '01010101' 
req_id:1492921235845593,date:2017-04-23 12:20:35,qt:login,msg:query info : null
req_id:1492921460517468,date:2017-04-23 12:24:20,qt:login,msg:query info : null
req_id:1492921460548718,date:2017-04-23 12:24:20,qt:list,msg:db_conf_key db1 Connect success !
req_id:1492921460548718,date:2017-04-23 12:24:20,qt:list,msg:SELECT `id`, `content`, `weight`, `parent_id` FROM `eval_index`
req_id:1492921460548718,date:2017-04-23 12:24:20,qt:list,msg:query info : null
req_id:1492922461376843,date:2017-04-23 12:41:01,qt:login,msg:query info : null
req_id:1492922461408093,date:2017-04-23 12:41:01,qt:list,msg:db_conf_key db1 Connect success !
req_id:1492922461408093,date:2017-04-23 12:41:01,qt:list,msg:SELECT `id`, `content`, `weight`, `parent_id` FROM `eval_index`
req_id:1492922461408093,date:2017-04-23 12:41:01,qt:list,msg:query info : null
req_id:1492922466439343,date:2017-04-23 12:41:07,qt:questionnaire,msg:db_conf_key db1 Connect success !
req_id:1492922466439343,date:2017-04-23 12:41:07,qt:questionnaire,msg:SELECT `id`, `title` FROM `que_title` WHERE id = '1' 
req_id:1492922466439343,date:2017-04-23 12:41:07,qt:questionnaire,msg:SELECT `questionnaire_id`, `question_id` FROM `que_title_question` WHERE questionnaire_id = '1' 
req_id:1492922466439343,date:2017-04-23 12:41:07,qt:questionnaire,msg:db_conf_key db1 Connect success !
req_id:1492922466439343,date:2017-04-23 12:41:07,qt:questionnaire,msg:SELECT `id`, `content`, `type` FROM `que_question` WHERE id in (3,4,5,6,7,8,9,10,11,12,13,14,15,16,17,18,19,20,21,22,23,24,25,26,27,28,29,30,31,32,33,34,35,36,37,38,39,40,41,42,43,44,45,46,47,48,49,50,51,52,53,54,55,56,57,58,59,60,61,62,63,64,65,66,67,68,69,70,71,75) 
req_id:1492922466439343,date:2017-04-23 12:41:07,qt:questionnaire,msg:db_conf_key db1 Connect success !
req_id:1492922466439343,date:2017-04-23 12:41:07,qt:questionnaire,msg:SELECT `id`, `content`, `question_id`, `order` FROM `que_option` WHERE question_id in (3,4,5,6,7,8,9,10,11,12,13,14,15,16,17,18,19,20,21,22,23,24,25,26,27,28,29,30,31,32,33,34,35,36,37,38,39,40,41,42,43,44,45,46,47,48,49,50,51,52,53,54,55,56,57,58,59,60,61,62,63,64,65,66,67,68,69,70,71,75) 
req_id:1492925385470593,date:2017-04-23 13:29:45,qt:login,msg:query info : null
req_id:1492925385486218,date:2017-04-23 13:29:45,qt:list,msg:db_conf_key db1 Connect success !
req_id:1492925385486218,date:2017-04-23 13:29:45,qt:list,msg:SELECT `id`, `content`, `weight`, `parent_id` FROM `eval_index`
req_id:1492925385486218,date:2017-04-23 13:29:45,qt:list,msg:query info : null
req_id:1492925422908093,date:2017-04-23 13:30:22,qt:login,msg:query info : null
req_id:1492925422939343,date:2017-04-23 13:30:22,qt:list,msg:db_conf_key db1 Connect success !
req_id:1492925422939343,date:2017-04-23 13:30:22,qt:list,msg:SELECT `id`, `content`, `weight`, `parent_id` FROM `eval_index`
req_id:1492925422939343,date:2017-04-23 13:30:22,qt:list,msg:query info : null
req_id:149292543879968,date:2017-04-23 13:30:38,qt:login,msg:query info : null
req_id:149292546164343,date:2017-04-23 13:31:01,qt:login,msg:db_conf_key db1 Connect success !
req_id:149292546164343,date:2017-04-23 13:31:01,qt:login,msg:SELECT `id`, `account`, `passwd`, `name`, `parent_id` FROM `eval_department` WHERE account = 'wuzhong' 
req_id:149292546164343,date:2017-04-23 13:31:01,qt:login,msg:query info : null
req_id:1492925461173718,date:2017-04-23 13:31:01,qt:login,msg:query info : null
req_id:1492925461204968,date:2017-04-23 13:31:01,qt:list,msg:db_conf_key db1 Connect success !
req_id:1492925461204968,date:2017-04-23 13:31:01,qt:list,msg:SELECT `id`, `content`, `weight`, `parent_id` FROM `eval_index`
req_id:1492925461204968,date:2017-04-23 13:31:01,qt:list,msg:query info : null
req_id:1492925542783093,date:2017-04-23 13:32:22,qt:login,msg:query info : null
req_id:149292554417468,date:2017-04-23 13:32:24,qt:list,msg:db_conf_key db1 Connect success !
req_id:149292554417468,date:2017-04-23 13:32:24,qt:list,msg:SELECT `id`, `content`, `weight`, `parent_id` FROM `eval_index`
req_id:149292554417468,date:2017-04-23 13:32:24,qt:list,msg:query info : null
req_id:149292713879968,date:2017-04-23 13:58:58,qt:evaluation,msg:redis connect success
req_id:149292713879968,date:2017-04-23 13:58:58,qt:evaluation,msg:db_conf_key db1 Connect success !
req_id:149292713879968,date:2017-04-23 13:58:58,qt:evaluation,msg:SELECT `id`, `name` FROM `eval_department` WHERE parent_id = '5' 
req_id:149292713879968,date:2017-04-23 13:58:58,qt:evaluation,msg:db_conf_key db1 Connect success !
req_id:149292713879968,date:2017-04-23 13:58:58,qt:evaluation,msg:SELECT `score`, `gender`, `test_times`, `edu_depart_id`, `school_id`, `grade`, `class`, `sno` FROM `eval_evaluation` WHERE edu_depart_id = 6  AND test_times = '1' 
req_id:149292713879968,date:2017-04-23 13:58:58,qt:evaluation,msg:db_conf_key db1 Connect success !
req_id:149292713879968,date:2017-04-23 13:58:58,qt:evaluation,msg:SELECT `score`, `gender`, `test_times`, `edu_depart_id`, `school_id`, `grade`, `class`, `sno` FROM `eval_evaluation` WHERE edu_depart_id = 7  AND test_times = '1' 
req_id:149292713879968,date:2017-04-23 13:58:58,qt:evaluation,msg:db_conf_key db1 Connect success !
req_id:149292713879968,date:2017-04-23 13:58:58,qt:evaluation,msg:SELECT `id`, `content`, `weight`, `parent_id` FROM `eval_index`
req_id:149292713879968,date:2017-04-23 13:58:58,qt:evaluation,msg:query info : null
req_id:1492927151423718,date:2017-04-23 13:59:11,qt:login,msg:db_conf_key db1 Connect success !
req_id:1492927151423718,date:2017-04-23 13:59:11,qt:login,msg:SELECT `id`, `account`, `passwd`, `name`, `parent_id` FROM `eval_department` WHERE account = 'wuzhong' 
req_id:1492927151423718,date:2017-04-23 13:59:11,qt:login,msg:query info : null
req_id:1492927151501843,date:2017-04-23 13:59:11,qt:login,msg:query info : null
req_id:1492927151533093,date:2017-04-23 13:59:11,qt:list,msg:db_conf_key db1 Connect success !
req_id:1492927151533093,date:2017-04-23 13:59:11,qt:list,msg:SELECT `id`, `content`, `weight`, `parent_id` FROM `eval_index`
req_id:1492927151533093,date:2017-04-23 13:59:11,qt:list,msg:query info : null
req_id:1492927151564343,date:2017-04-23 13:59:11,qt:navigate,msg:redis connect success
req_id:1492927151564343,date:2017-04-23 13:59:11,qt:navigate,msg:db_conf_key db1 Connect success !
req_id:1492927151564343,date:2017-04-23 13:59:11,qt:navigate,msg:SELECT `id`, `name` FROM `eval_department` WHERE parent_id = '6' 
req_id:1492927151564343,date:2017-04-23 13:59:11,qt:navigate,msg:db_conf_key db1 Connect success !
req_id:1492927151564343,date:2017-04-23 13:59:11,qt:navigate,msg:SELECT `id`, `name` FROM `eval_school`
req_id:1492927151564343,date:2017-04-23 13:59:11,qt:navigate,msg:db_conf_key db1 Connect success !
req_id:1492927151564343,date:2017-04-23 13:59:11,qt:navigate,msg:SELECT distinct `edu_depart_id`, `school_id`, `grade`, `class` FROM `eval_evaluation` WHERE edu_depart_id = '6' 
req_id:1492927151564343,date:2017-04-23 13:59:11,qt:navigate,msg:query info : null
req_id:1492927151626843,date:2017-04-23 13:59:11,qt:evaluation,msg:redis connect success
req_id:1492927151626843,date:2017-04-23 13:59:11,qt:evaluation,msg:db_conf_key db1 Connect success !
req_id:1492927151626843,date:2017-04-23 13:59:11,qt:evaluation,msg:SELECT `score`, `gender`, `test_times`, `edu_depart_id`, `school_id`, `grade`, `class`, `sno` FROM `eval_evaluation` WHERE edu_depart_id = '6'  AND test_times = '1' 
req_id:1492927151626843,date:2017-04-23 13:59:11,qt:evaluation,msg:db_conf_key db1 Connect success !
req_id:1492927151626843,date:2017-04-23 13:59:11,qt:evaluation,msg:SELECT `id`, `content`, `weight`, `parent_id` FROM `eval_index`
req_id:1492927151626843,date:2017-04-23 13:59:11,qt:evaluation,msg:query info : null
req_id:1492927155986218,date:2017-04-23 13:59:15,qt:evaluation,msg:redis connect success
req_id:1492927155986218,date:2017-04-23 13:59:16,qt:evaluation,msg:db_conf_key db1 Connect success !
req_id:1492927155986218,date:2017-04-23 13:59:16,qt:evaluation,msg:SELECT `score`, `gender`, `test_times`, `edu_depart_id`, `school_id`, `grade`, `class`, `sno` FROM `eval_evaluation` WHERE edu_depart_id = '6'  AND test_times = '1' 
req_id:1492927155986218,date:2017-04-23 13:59:16,qt:evaluation,msg:db_conf_key db1 Connect success !
req_id:1492927155986218,date:2017-04-23 13:59:16,qt:evaluation,msg:SELECT `id`, `content`, `weight`, `parent_id` FROM `eval_index`
req_id:1492927155986218,date:2017-04-23 13:59:16,qt:evaluation,msg:query info : null
req_id:1492927157673718,date:2017-04-23 13:59:17,qt:login,msg:query info : null
req_id:1492927170314343,date:2017-04-23 13:59:30,qt:login,msg:db_conf_key db1 Connect success !
req_id:1492927170314343,date:2017-04-23 13:59:30,qt:login,msg:SELECT `id`, `account`, `passwd`, `name`, `parent_id` FROM `eval_department` WHERE account = 'suzhou' 
req_id:1492927170314343,date:2017-04-23 13:59:30,qt:login,msg:query info : null
req_id:1492927170376843,date:2017-04-23 13:59:30,qt:login,msg:query info : null
req_id:1492927170392468,date:2017-04-23 13:59:30,qt:list,msg:db_conf_key db1 Connect success !
req_id:1492927170392468,date:2017-04-23 13:59:30,qt:list,msg:SELECT `id`, `content`, `weight`, `parent_id` FROM `eval_index`
req_id:1492927170392468,date:2017-04-23 13:59:30,qt:list,msg:query info : null
req_id:1492927170423718,date:2017-04-23 13:59:30,qt:navigate,msg:redis connect success
req_id:1492927170423718,date:2017-04-23 13:59:30,qt:navigate,msg:db_conf_key db1 Connect success !
req_id:1492927170423718,date:2017-04-23 13:59:30,qt:navigate,msg:SELECT `id`, `name` FROM `eval_department` WHERE parent_id = '5' 
req_id:1492927170423718,date:2017-04-23 13:59:30,qt:navigate,msg:db_conf_key db1 Connect success !
req_id:1492927170423718,date:2017-04-23 13:59:30,qt:navigate,msg:SELECT `id`, `name` FROM `eval_school`
req_id:1492927170423718,date:2017-04-23 13:59:30,qt:navigate,msg:db_conf_key db1 Connect success !
req_id:1492927170423718,date:2017-04-23 13:59:30,qt:navigate,msg:SELECT distinct `edu_depart_id`, `school_id`, `grade`, `class` FROM `eval_evaluation` WHERE edu_depart_id = '6' 
req_id:1492927170423718,date:2017-04-23 13:59:30,qt:navigate,msg:SELECT distinct `edu_depart_id`, `school_id`, `grade`, `class` FROM `eval_evaluation` WHERE edu_depart_id = '7' 
req_id:1492927170423718,date:2017-04-23 13:59:30,qt:navigate,msg:query info : null
req_id:1492927171814343,date:2017-04-23 13:59:31,qt:login,msg:query info : null
req_id:1492927171845593,date:2017-04-23 13:59:31,qt:evaluation,msg:redis connect success
req_id:1492927171845593,date:2017-04-23 13:59:31,qt:evaluation,msg:db_conf_key db1 Connect success !
req_id:1492927171845593,date:2017-04-23 13:59:31,qt:evaluation,msg:SELECT `id`, `name` FROM `eval_department` WHERE parent_id = '5' 
req_id:1492927171845593,date:2017-04-23 13:59:31,qt:evaluation,msg:db_conf_key db1 Connect success !
req_id:1492927171845593,date:2017-04-23 13:59:31,qt:evaluation,msg:SELECT `score`, `gender`, `test_times`, `edu_depart_id`, `school_id`, `grade`, `class`, `sno` FROM `eval_evaluation` WHERE edu_depart_id = 6  AND test_times = '1' 
req_id:1492927171845593,date:2017-04-23 13:59:31,qt:evaluation,msg:db_conf_key db1 Connect success !
req_id:1492927171845593,date:2017-04-23 13:59:31,qt:evaluation,msg:SELECT `score`, `gender`, `test_times`, `edu_depart_id`, `school_id`, `grade`, `class`, `sno` FROM `eval_evaluation` WHERE edu_depart_id = 7  AND test_times = '1' 
req_id:1492927171845593,date:2017-04-23 13:59:31,qt:evaluation,msg:db_conf_key db1 Connect success !
req_id:1492927171845593,date:2017-04-23 13:59:31,qt:evaluation,msg:SELECT `id`, `content`, `weight`, `parent_id` FROM `eval_index`
req_id:1492927171845593,date:2017-04-23 13:59:31,qt:evaluation,msg:query info : null
req_id:1492927178376843,date:2017-04-23 13:59:38,qt:login,msg:db_conf_key db1 Connect success !
req_id:1492927178376843,date:2017-04-23 13:59:38,qt:login,msg:SELECT `id`, `account`, `passwd`, `name`, `parent_id` FROM `eval_department` WHERE account = 'suzhou' 
req_id:1492927178376843,date:2017-04-23 13:59:38,qt:login,msg:query info : null
req_id:1492927178454968,date:2017-04-23 13:59:38,qt:login,msg:query info : null
req_id:1492927178470593,date:2017-04-23 13:59:38,qt:list,msg:db_conf_key db1 Connect success !
req_id:1492927178470593,date:2017-04-23 13:59:38,qt:list,msg:SELECT `id`, `content`, `weight`, `parent_id` FROM `eval_index`
req_id:1492927178470593,date:2017-04-23 13:59:38,qt:list,msg:query info : null
req_id:1492927178486218,date:2017-04-23 13:59:38,qt:navigate,msg:redis connect success
req_id:1492927178486218,date:2017-04-23 13:59:38,qt:navigate,msg:query info : null
req_id:1492927179861218,date:2017-04-23 13:59:39,qt:login,msg:query info : null
req_id:1492927179876843,date:2017-04-23 13:59:39,qt:evaluation,msg:redis connect success
req_id:1492927179876843,date:2017-04-23 13:59:39,qt:evaluation,msg:query info : null
req_id:14929272621843,date:2017-04-23 14:01:02,qt:login,msg:db_conf_key db1 Connect success !
req_id:14929272621843,date:2017-04-23 14:01:02,qt:login,msg:SELECT `id`, `account`, `passwd`, `name`, `parent_id` FROM `eval_department` WHERE account = 'suzhou' 
req_id:14929272621843,date:2017-04-23 14:01:02,qt:login,msg:query info : null
req_id:149292726279968,date:2017-04-23 14:01:02,qt:login,msg:query info : null
req_id:1492927262111218,date:2017-04-23 14:01:02,qt:list,msg:db_conf_key db1 Connect success !
req_id:1492927262111218,date:2017-04-23 14:01:02,qt:list,msg:SELECT `id`, `content`, `weight`, `parent_id` FROM `eval_index`
req_id:1492927262111218,date:2017-04-23 14:01:02,qt:list,msg:query info : null
req_id:1492927262142468,date:2017-04-23 14:01:02,qt:navigate,msg:redis connect success
req_id:1492927262142468,date:2017-04-23 14:01:02,qt:navigate,msg:query info : null
req_id:1492927264923718,date:2017-04-23 14:01:04,qt:login,msg:query info : null
req_id:1492927264939343,date:2017-04-23 14:01:04,qt:evaluation,msg:redis connect success
req_id:1492927264939343,date:2017-04-23 14:01:04,qt:evaluation,msg:query info : null
req_id:149292740179968,date:2017-04-23 14:03:21,qt:login,msg:query info : null
req_id:1492927401111218,date:2017-04-23 14:03:21,qt:list,msg:db_conf_key db1 Connect success !
req_id:1492927401111218,date:2017-04-23 14:03:21,qt:list,msg:SELECT `id`, `content`, `weight`, `parent_id` FROM `eval_index`
req_id:1492927401111218,date:2017-04-23 14:03:21,qt:list,msg:query info : null
req_id:1492927401142468,date:2017-04-23 14:03:21,qt:navigate,msg:redis connect success
req_id:1492927401142468,date:2017-04-23 14:03:21,qt:navigate,msg:query info : null
req_id:1492927402736218,date:2017-04-23 14:03:22,qt:login,msg:query info : null
req_id:1492927402767468,date:2017-04-23 14:03:22,qt:evaluation,msg:redis connect success
req_id:1492927402767468,date:2017-04-23 14:03:22,qt:evaluation,msg:query info : null
req_id:1492927404283093,date:2017-04-23 14:03:24,qt:login,msg:query info : null
req_id:1492927404298718,date:2017-04-23 14:03:24,qt:list,msg:db_conf_key db1 Connect success !
req_id:1492927404298718,date:2017-04-23 14:03:24,qt:list,msg:SELECT `id`, `content`, `weight`, `parent_id` FROM `eval_index`
req_id:1492927404298718,date:2017-04-23 14:03:24,qt:list,msg:query info : null
req_id:1492927404314343,date:2017-04-23 14:03:24,qt:navigate,msg:redis connect success
req_id:1492927404314343,date:2017-04-23 14:03:24,qt:navigate,msg:query info : null
req_id:1492927406236218,date:2017-04-23 14:03:26,qt:login,msg:query info : null
req_id:1492927406251843,date:2017-04-23 14:03:26,qt:evaluation,msg:redis connect success
req_id:1492927406251843,date:2017-04-23 14:03:26,qt:evaluation,msg:query info : null
req_id:149292740864343,date:2017-04-23 14:03:28,qt:login,msg:query info : null
req_id:149292740879968,date:2017-04-23 14:03:28,qt:list,msg:db_conf_key db1 Connect success !
req_id:149292740879968,date:2017-04-23 14:03:28,qt:list,msg:SELECT `id`, `content`, `weight`, `parent_id` FROM `eval_index`
req_id:149292740879968,date:2017-04-23 14:03:28,qt:list,msg:query info : null
req_id:1492927408111218,date:2017-04-23 14:03:28,qt:navigate,msg:redis connect success
req_id:1492927408111218,date:2017-04-23 14:03:28,qt:navigate,msg:query info : null
req_id:1492927410798718,date:2017-04-23 14:03:30,qt:login,msg:query info : null
req_id:1492927410829968,date:2017-04-23 14:03:30,qt:evaluation,msg:redis connect success
req_id:1492927410829968,date:2017-04-23 14:03:30,qt:evaluation,msg:query info : null
req_id:1492927413876843,date:2017-04-23 14:03:33,qt:login,msg:query info : null
req_id:1492927413908093,date:2017-04-23 14:03:33,qt:evaluation,msg:redis connect success
req_id:1492927413908093,date:2017-04-23 14:03:33,qt:evaluation,msg:query info : null
req_id:1492927416158093,date:2017-04-23 14:03:36,qt:login,msg:query info : null
req_id:1492927416189343,date:2017-04-23 14:03:36,qt:evaluation,msg:redis connect success
req_id:1492927416189343,date:2017-04-23 14:03:36,qt:evaluation,msg:query info : null
req_id:1492927420423718,date:2017-04-23 14:03:40,qt:login,msg:query info : null
req_id:1492927420439343,date:2017-04-23 14:03:40,qt:evaluation,msg:redis connect success
req_id:1492927420439343,date:2017-04-23 14:03:40,qt:evaluation,msg:db_conf_key db1 Connect success !
req_id:1492927420439343,date:2017-04-23 14:03:40,qt:evaluation,msg:SELECT `id`, `name` FROM `eval_department` WHERE parent_id = '5' 
req_id:1492927420439343,date:2017-04-23 14:03:40,qt:evaluation,msg:db_conf_key db1 Connect success !
req_id:1492927420439343,date:2017-04-23 14:03:40,qt:evaluation,msg:SELECT `score`, `gender`, `test_times`, `edu_depart_id`, `school_id`, `grade`, `class`, `sno` FROM `eval_evaluation` WHERE edu_depart_id = 6  AND test_times = '1' 
req_id:1492927420439343,date:2017-04-23 14:03:40,qt:evaluation,msg:db_conf_key db1 Connect success !
req_id:1492927420439343,date:2017-04-23 14:03:40,qt:evaluation,msg:SELECT `score`, `gender`, `test_times`, `edu_depart_id`, `school_id`, `grade`, `class`, `sno` FROM `eval_evaluation` WHERE edu_depart_id = 7  AND test_times = '1' 
req_id:1492927420439343,date:2017-04-23 14:03:40,qt:evaluation,msg:db_conf_key db1 Connect success !
req_id:1492927420439343,date:2017-04-23 14:03:40,qt:evaluation,msg:SELECT `id`, `content`, `weight`, `parent_id` FROM `eval_index`
req_id:1492927420439343,date:2017-04-23 14:03:40,qt:evaluation,msg:query info : null
req_id:1492927423392468,date:2017-04-23 14:03:43,qt:login,msg:query info : null
req_id:1492927423423718,date:2017-04-23 14:03:43,qt:evaluation,msg:redis connect success
req_id:1492927423423718,date:2017-04-23 14:03:43,qt:evaluation,msg:db_conf_key db1 Connect success !
req_id:1492927423423718,date:2017-04-23 14:03:43,qt:evaluation,msg:SELECT `id`, `name` FROM `eval_department` WHERE parent_id = '5' 
req_id:1492927423423718,date:2017-04-23 14:03:43,qt:evaluation,msg:db_conf_key db1 Connect success !
req_id:1492927423423718,date:2017-04-23 14:03:43,qt:evaluation,msg:SELECT `score`, `gender`, `test_times`, `edu_depart_id`, `school_id`, `grade`, `class`, `sno` FROM `eval_evaluation` WHERE edu_depart_id = 6  AND test_times = '1' 
req_id:1492927423423718,date:2017-04-23 14:03:43,qt:evaluation,msg:db_conf_key db1 Connect success !
req_id:1492927423423718,date:2017-04-23 14:03:43,qt:evaluation,msg:SELECT `score`, `gender`, `test_times`, `edu_depart_id`, `school_id`, `grade`, `class`, `sno` FROM `eval_evaluation` WHERE edu_depart_id = 7  AND test_times = '1' 
req_id:1492927423423718,date:2017-04-23 14:03:43,qt:evaluation,msg:db_conf_key db1 Connect success !
req_id:1492927423423718,date:2017-04-23 14:03:43,qt:evaluation,msg:SELECT `id`, `content`, `weight`, `parent_id` FROM `eval_index`
req_id:1492927423423718,date:2017-04-23 14:03:43,qt:evaluation,msg:query info : null
req_id:1492927452939343,date:2017-04-23 14:04:12,qt:login,msg:query info : null
req_id:1492927452954968,date:2017-04-23 14:04:12,qt:list,msg:db_conf_key db1 Connect success !
req_id:1492927452954968,date:2017-04-23 14:04:12,qt:list,msg:SELECT `id`, `content`, `weight`, `parent_id` FROM `eval_index`
req_id:1492927452954968,date:2017-04-23 14:04:12,qt:list,msg:query info : null
req_id:1492927452986218,date:2017-04-23 14:04:13,qt:navigate,msg:redis connect success
req_id:1492927452986218,date:2017-04-23 14:04:13,qt:navigate,msg:query info : null
req_id:1492927453970593,date:2017-04-23 14:04:13,qt:login,msg:query info : null
req_id:1492927453986218,date:2017-04-23 14:04:13,qt:evaluation,msg:redis connect success
req_id:1492927453986218,date:2017-04-23 14:04:14,qt:evaluation,msg:query info : null
req_id:1492927455314343,date:2017-04-23 14:04:15,qt:login,msg:query info : null
req_id:1492927455329968,date:2017-04-23 14:04:15,qt:list,msg:db_conf_key db1 Connect success !
req_id:1492927455329968,date:2017-04-23 14:04:15,qt:list,msg:SELECT `id`, `content`, `weight`, `parent_id` FROM `eval_index`
req_id:1492927455329968,date:2017-04-23 14:04:15,qt:list,msg:query info : null
req_id:1492927455376843,date:2017-04-23 14:04:15,qt:navigate,msg:redis connect success
req_id:1492927455376843,date:2017-04-23 14:04:15,qt:navigate,msg:query info : null
req_id:1492927456298718,date:2017-04-23 14:04:16,qt:login,msg:query info : null
req_id:1492927456314343,date:2017-04-23 14:04:16,qt:evaluation,msg:redis connect success
req_id:1492927456314343,date:2017-04-23 14:04:16,qt:evaluation,msg:query info : null
req_id:1492927457970593,date:2017-04-23 14:04:17,qt:login,msg:query info : null
req_id:1492927457986218,date:2017-04-23 14:04:18,qt:list,msg:db_conf_key db1 Connect success !
req_id:1492927457986218,date:2017-04-23 14:04:18,qt:list,msg:SELECT `id`, `content`, `weight`, `parent_id` FROM `eval_index`
req_id:1492927457986218,date:2017-04-23 14:04:18,qt:list,msg:query info : null
req_id:149292745817468,date:2017-04-23 14:04:18,qt:navigate,msg:redis connect success
req_id:149292745817468,date:2017-04-23 14:04:18,qt:navigate,msg:query info : null
req_id:149292745833093,date:2017-04-23 14:04:18,qt:login,msg:query info : null
req_id:149292745848718,date:2017-04-23 14:04:18,qt:evaluation,msg:redis connect success
req_id:149292745848718,date:2017-04-23 14:04:18,qt:evaluation,msg:query info : null
req_id:1492927460954968,date:2017-04-23 14:04:20,qt:login,msg:query info : null
req_id:1492927460970593,date:2017-04-23 14:04:21,qt:evaluation,msg:redis connect success
req_id:1492927460970593,date:2017-04-23 14:04:21,qt:evaluation,msg:db_conf_key db1 Connect success !
req_id:1492927460970593,date:2017-04-23 14:04:21,qt:evaluation,msg:SELECT `id`, `name` FROM `eval_department` WHERE parent_id = '5' 
req_id:1492927460970593,date:2017-04-23 14:04:21,qt:evaluation,msg:db_conf_key db1 Connect success !
req_id:1492927460970593,date:2017-04-23 14:04:21,qt:evaluation,msg:SELECT `score`, `gender`, `test_times`, `edu_depart_id`, `school_id`, `grade`, `class`, `sno` FROM `eval_evaluation` WHERE edu_depart_id = 6  AND test_times = '1' 
req_id:1492927460970593,date:2017-04-23 14:04:21,qt:evaluation,msg:db_conf_key db1 Connect success !
req_id:1492927460970593,date:2017-04-23 14:04:21,qt:evaluation,msg:SELECT `score`, `gender`, `test_times`, `edu_depart_id`, `school_id`, `grade`, `class`, `sno` FROM `eval_evaluation` WHERE edu_depart_id = 7  AND test_times = '1' 
req_id:1492927460970593,date:2017-04-23 14:04:21,qt:evaluation,msg:db_conf_key db1 Connect success !
req_id:1492927460970593,date:2017-04-23 14:04:21,qt:evaluation,msg:SELECT `id`, `content`, `weight`, `parent_id` FROM `eval_index`
req_id:1492927460970593,date:2017-04-23 14:04:21,qt:evaluation,msg:query info : null
req_id:1492927463345593,date:2017-04-23 14:04:23,qt:login,msg:query info : null
req_id:1492927463392468,date:2017-04-23 14:04:23,qt:evaluation,msg:redis connect success
req_id:1492927463392468,date:2017-04-23 14:04:23,qt:evaluation,msg:db_conf_key db1 Connect success !
req_id:1492927463392468,date:2017-04-23 14:04:23,qt:evaluation,msg:SELECT `id`, `name` FROM `eval_department` WHERE parent_id = '5' 
req_id:1492927463392468,date:2017-04-23 14:04:23,qt:evaluation,msg:db_conf_key db1 Connect success !
req_id:1492927463392468,date:2017-04-23 14:04:23,qt:evaluation,msg:SELECT `score`, `gender`, `test_times`, `edu_depart_id`, `school_id`, `grade`, `class`, `sno` FROM `eval_evaluation` WHERE edu_depart_id = 6  AND test_times = '1' 
req_id:1492927463392468,date:2017-04-23 14:04:23,qt:evaluation,msg:db_conf_key db1 Connect success !
req_id:1492927463392468,date:2017-04-23 14:04:23,qt:evaluation,msg:SELECT `score`, `gender`, `test_times`, `edu_depart_id`, `school_id`, `grade`, `class`, `sno` FROM `eval_evaluation` WHERE edu_depart_id = 7  AND test_times = '1' 
req_id:1492927463392468,date:2017-04-23 14:04:23,qt:evaluation,msg:db_conf_key db1 Connect success !
req_id:1492927463392468,date:2017-04-23 14:04:23,qt:evaluation,msg:SELECT `id`, `content`, `weight`, `parent_id` FROM `eval_index`
req_id:1492927463392468,date:2017-04-23 14:04:23,qt:evaluation,msg:query info : null
req_id:1492927470783093,date:2017-04-23 14:04:30,qt:login,msg:db_conf_key db1 Connect success !
req_id:1492927470783093,date:2017-04-23 14:04:30,qt:login,msg:SELECT `id`, `account`, `passwd`, `name`, `parent_id` FROM `eval_department` WHERE account = 'suzhou' 
req_id:1492927470783093,date:2017-04-23 14:04:30,qt:login,msg:query info : null
req_id:1492927470861218,date:2017-04-23 14:04:30,qt:login,msg:query info : null
req_id:1492927470876843,date:2017-04-23 14:04:30,qt:list,msg:db_conf_key db1 Connect success !
req_id:1492927470876843,date:2017-04-23 14:04:30,qt:list,msg:SELECT `id`, `content`, `weight`, `parent_id` FROM `eval_index`
req_id:1492927470876843,date:2017-04-23 14:04:30,qt:list,msg:query info : null
req_id:1492927470923718,date:2017-04-23 14:04:30,qt:navigate,msg:redis connect success
req_id:1492927470923718,date:2017-04-23 14:04:30,qt:navigate,msg:query info : null
req_id:1492927470970593,date:2017-04-23 14:04:30,qt:login,msg:query info : null
req_id:1492927470986218,date:2017-04-23 14:04:31,qt:evaluation,msg:redis connect success
req_id:1492927470986218,date:2017-04-23 14:04:31,qt:evaluation,msg:query info : null
req_id:1492927489251843,date:2017-04-23 14:04:49,qt:login,msg:db_conf_key db1 Connect success !
req_id:1492927489251843,date:2017-04-23 14:04:49,qt:login,msg:SELECT `account`, `passwd`, `name`, `level` FROM `eval_admin` WHERE account = 'admin' 
req_id:1492927489251843,date:2017-04-23 14:04:49,qt:login,msg:query info : null
req_id:1492927489376843,date:2017-04-23 14:04:49,qt:list,msg:db_conf_key db1 Connect success !
req_id:1492927489376843,date:2017-04-23 14:04:49,qt:list,msg:SELECT `id`, `title` FROM `que_title` limit 0, 20
req_id:1492927489376843,date:2017-04-23 14:04:49,qt:list,msg:query info : null
req_id:1492927489408093,date:2017-04-23 14:04:49,qt:status,msg:db_conf_key db1 Connect success !
req_id:1492927489408093,date:2017-04-23 14:04:49,qt:status,msg:SELECT count(*) num FROM que_question
req_id:1492927489408093,date:2017-04-23 14:04:49,qt:status,msg:db_conf_key db1 Connect success !
req_id:1492927489408093,date:2017-04-23 14:04:49,qt:status,msg:SELECT count(*) num FROM que_title
req_id:1492927489408093,date:2017-04-23 14:04:49,qt:status,msg:query info : null
req_id:1492927525533093,date:2017-04-23 14:05:25,qt:login,msg:db_conf_key db1 Connect success !
req_id:1492927525533093,date:2017-04-23 14:05:25,qt:login,msg:SELECT `id`, `account`, `passwd`, `name`, `edu_depart_id` FROM `eval_school` WHERE account = '01010101' 
req_id:1492927525533093,date:2017-04-23 14:05:25,qt:login,msg:query info : null
req_id:1492927525626843,date:2017-04-23 14:05:25,qt:login,msg:query info : null
req_id:1492927525642468,date:2017-04-23 14:05:25,qt:list,msg:db_conf_key db1 Connect success !
req_id:1492927525642468,date:2017-04-23 14:05:25,qt:list,msg:SELECT `id`, `content`, `weight`, `parent_id` FROM `eval_index`
req_id:1492927525642468,date:2017-04-23 14:05:25,qt:list,msg:query info : null
req_id:1492927525704968,date:2017-04-23 14:05:25,qt:navigate,msg:redis connect success
req_id:1492927525704968,date:2017-04-23 14:05:25,qt:navigate,msg:query info : null
req_id:1492927540345593,date:2017-04-23 14:05:40,qt:login,msg:db_conf_key db1 Connect success !
req_id:1492927540345593,date:2017-04-23 14:05:40,qt:login,msg:SELECT `account`, `passwd`, `name` FROM `eval_student` WHERE account = '01010101' 
req_id:1492927540345593,date:2017-04-23 14:05:40,qt:login,msg:query info : null
req_id:1492927545376843,date:2017-04-23 14:05:45,qt:login,msg:db_conf_key db1 Connect success !
req_id:1492927545376843,date:2017-04-23 14:05:45,qt:login,msg:SELECT `account`, `passwd`, `name` FROM `eval_student` WHERE account = '01010101' 
req_id:1492927545376843,date:2017-04-23 14:05:45,qt:login,msg:query info : null
req_id:1492927555501843,date:2017-04-23 14:05:55,qt:login,msg:db_conf_key db1 Connect success !
req_id:1492927555501843,date:2017-04-23 14:05:55,qt:login,msg:SELECT `account`, `passwd`, `name` FROM `eval_student` WHERE account = '01010101' 
req_id:1492927555501843,date:2017-04-23 14:05:55,qt:login,msg:query info : null
req_id:1492927559611218,date:2017-04-23 14:05:59,qt:login,msg:db_conf_key db1 Connect success !
req_id:1492927559611218,date:2017-04-23 14:05:59,qt:login,msg:SELECT `account`, `passwd`, `name` FROM `eval_student` WHERE account = '01010101' 
req_id:1492927559611218,date:2017-04-23 14:05:59,qt:login,msg:query info : null
req_id:1492927576564343,date:2017-04-23 14:06:16,qt:login,msg:db_conf_key db1 Connect success !
req_id:1492927576564343,date:2017-04-23 14:06:16,qt:login,msg:SELECT `id`, `account`, `passwd`, `name`, `edu_depart_id` FROM `eval_school` WHERE account = 'szyz' 
req_id:1492927576564343,date:2017-04-23 14:06:16,qt:login,msg:query info : null
req_id:1492927576658093,date:2017-04-23 14:06:16,qt:login,msg:query info : null
req_id:1492927576689343,date:2017-04-23 14:06:16,qt:list,msg:db_conf_key db1 Connect success !
req_id:1492927576689343,date:2017-04-23 14:06:16,qt:list,msg:SELECT `id`, `content`, `weight`, `parent_id` FROM `eval_index`
req_id:1492927576689343,date:2017-04-23 14:06:16,qt:list,msg:query info : null
req_id:1492927576720593,date:2017-04-23 14:06:16,qt:navigate,msg:redis connect success
req_id:1492927576720593,date:2017-04-23 14:06:16,qt:navigate,msg:db_conf_key db1 Connect success !
req_id:1492927576720593,date:2017-04-23 14:06:16,qt:navigate,msg:SELECT `id`, `edu_depart_id` FROM `eval_school` WHERE id in  (12) 
req_id:1492927576720593,date:2017-04-23 14:06:16,qt:navigate,msg:db_conf_key db1 Connect success !
req_id:1492927576720593,date:2017-04-23 14:06:16,qt:navigate,msg:SELECT distinct `edu_depart_id`, `school_id`, `grade`, `class` FROM `eval_evaluation` WHERE edu_depart_id = '6'  AND school_id = '12' 
req_id:1492927576720593,date:2017-04-23 14:06:16,qt:navigate,msg:query info : null
req_id:1492927576767468,date:2017-04-23 14:06:16,qt:evaluation,msg:redis connect success
req_id:1492927576767468,date:2017-04-23 14:06:16,qt:evaluation,msg:db_conf_key db1 Connect success !
req_id:1492927576767468,date:2017-04-23 14:06:16,qt:evaluation,msg:SELECT `score`, `gender`, `test_times`, `edu_depart_id`, `school_id`, `grade`, `class`, `sno` FROM `eval_evaluation` WHERE edu_depart_id = '6'  AND school_id = '12'  AND test_times = '1' 
req_id:1492927576767468,date:2017-04-23 14:06:16,qt:evaluation,msg:db_conf_key db1 Connect success !
req_id:1492927576767468,date:2017-04-23 14:06:16,qt:evaluation,msg:SELECT `id`, `content`, `weight`, `parent_id` FROM `eval_index`
req_id:1492927576767468,date:2017-04-23 14:06:16,qt:evaluation,msg:query info : null
req_id:1492927580704968,date:2017-04-23 14:06:20,qt:login,msg:query info : null
req_id:1492927588845593,date:2017-04-23 14:06:28,qt:login,msg:query info : null
req_id:1492927588861218,date:2017-04-23 14:06:28,qt:list,msg:db_conf_key db1 Connect success !
req_id:1492927588861218,date:2017-04-23 14:06:28,qt:list,msg:SELECT `id`, `content`, `weight`, `parent_id` FROM `eval_index`
req_id:1492927588861218,date:2017-04-23 14:06:28,qt:list,msg:query info : null
req_id:1492927588923718,date:2017-04-23 14:06:28,qt:navigate,msg:redis connect success
req_id:1492927588923718,date:2017-04-23 14:06:28,qt:navigate,msg:query info : null
req_id:1492927588954968,date:2017-04-23 14:06:28,qt:evaluation,msg:redis connect success
req_id:1492927588954968,date:2017-04-23 14:06:28,qt:evaluation,msg:query info : null
req_id:1492927597626843,date:2017-04-23 14:06:37,qt:login,msg:db_conf_key db1 Connect success !
req_id:1492927597626843,date:2017-04-23 14:06:37,qt:login,msg:SELECT `id`, `account`, `passwd`, `name`, `edu_depart_id` FROM `eval_school` WHERE account = '01010101' 
req_id:1492927597626843,date:2017-04-23 14:06:37,qt:login,msg:query info : null
req_id:1492927597720593,date:2017-04-23 14:06:37,qt:login,msg:query info : null
req_id:1492927597736218,date:2017-04-23 14:06:37,qt:list,msg:db_conf_key db1 Connect success !
req_id:1492927597736218,date:2017-04-23 14:06:37,qt:list,msg:SELECT `id`, `content`, `weight`, `parent_id` FROM `eval_index`
req_id:1492927597736218,date:2017-04-23 14:06:37,qt:list,msg:query info : null
req_id:1492927597783093,date:2017-04-23 14:06:37,qt:navigate,msg:redis connect success
req_id:1492927597783093,date:2017-04-23 14:06:37,qt:navigate,msg:query info : null
req_id:1492927646798718,date:2017-04-23 14:07:26,qt:login,msg:db_conf_key db1 Connect success !
req_id:1492927646798718,date:2017-04-23 14:07:26,qt:login,msg:SELECT `id`, `account`, `passwd`, `name`, `edu_depart_id` FROM `eval_school` WHERE account = '01010101' 
req_id:1492927646798718,date:2017-04-23 14:07:26,qt:login,msg:query info : null
req_id:1492927670720593,date:2017-04-23 14:07:50,qt:login,msg:db_conf_key db1 Connect success !
req_id:1492927670720593,date:2017-04-23 14:07:50,qt:login,msg:SELECT `account`, `passwd`, `name` FROM `eval_student` WHERE account = '01010101' 
req_id:1492927670720593,date:2017-04-23 14:07:50,qt:login,msg:query info : null
req_id:1492927703439343,date:2017-04-23 14:08:23,qt:login,msg:db_conf_key db1 Connect success !
req_id:1492927703439343,date:2017-04-23 14:08:23,qt:login,msg:SELECT `id`, `account`, `passwd`, `name`, `edu_depart_id` FROM `eval_school` WHERE account = '01010101' 
req_id:1492927703439343,date:2017-04-23 14:08:23,qt:login,msg:query info : null
req_id:1492927707314343,date:2017-04-23 14:08:27,qt:login,msg:db_conf_key db1 Connect success !
req_id:1492927707314343,date:2017-04-23 14:08:27,qt:login,msg:SELECT `account`, `passwd`, `name` FROM `eval_student` WHERE account = '01010101' 
req_id:1492927707314343,date:2017-04-23 14:08:27,qt:login,msg:query info : null
req_id:1492927773189343,date:2017-04-23 14:09:33,qt:login,msg:query info : null
req_id:1492928487727429,date:2017-04-23 14:21:27,qt:register,msg:db_conf_key db1 Connect success !
req_id:1492928487727429,date:2017-04-23 14:21:27,qt:register,msg:INSERT INTO `eval_student`(`account`, `passwd`, `gender`, `school_id`, `grade`, `class`, `create_time`) VALUES('01010105','01010105','男','12','高一','高一(01)班','2017-04-23 14:21:27')
req_id:1492928487727429,date:2017-04-23 14:21:27,qt:register,msg:query info : null
req_id:1492928575847546,date:2017-04-23 14:22:55,qt:register,msg:db_conf_key db1 Connect success !
req_id:1492928575847546,date:2017-04-23 14:22:55,qt:register,msg:INSERT INTO `eval_student`(`account`, `passwd`, `gender`, `school_id`, `grade`, `class`, `create_time`) VALUES('01010105','01010105','男','12','高一','高一（3）','2017-04-23 14:22:55')
req_id:1492928575847546,date:2017-04-23 14:22:55,qt:register,msg:query info : null
req_id:1492928586565320,date:2017-04-23 14:23:06,qt:register,msg:db_conf_key db1 Connect success !
req_id:1492928586565320,date:2017-04-23 14:23:06,qt:register,msg:INSERT INTO `eval_student`(`account`, `passwd`, `gender`, `school_id`, `grade`, `class`, `create_time`) VALUES('yyn','01010105','男','12','高一','高一（3）','2017-04-23 14:23:06')
req_id:1492928586565320,date:2017-04-23 14:23:06,qt:register,msg:query info : null
req_id:1492928663645398,date:2017-04-23 14:24:23,qt:register,msg:db_conf_key db1 Connect success !
req_id:1492928663645398,date:2017-04-23 14:24:23,qt:register,msg:INSERT INTO `eval_student`(`account`, `passwd`, `gender`, `school_id`, `grade`, `class`, `create_time`) VALUES('yangyaning','123456','男','12','高一','高一(01)班','2017-04-23 14:24:23')
req_id:1492928663645398,date:2017-04-23 14:24:23,qt:register,msg:query info : null
req_id:1492928693379773,date:2017-04-23 14:24:53,qt:register,msg:db_conf_key db1 Connect success !
req_id:1492928693379773,date:2017-04-23 14:24:53,qt:register,msg:INSERT INTO `eval_student`(`account`, `passwd`, `gender`, `school_id`, `grade`, `class`, `create_time`) VALUES('yangyan','123456','男','12','高一','高一(01)班','2017-04-23 14:24:53')
req_id:1492928693379773,date:2017-04-23 14:24:53,qt:register,msg:query info : null
