req_id:1502222510521796,date:2017-08-09 04:01:50,qt:default,msg:query info : null
req_id:1502241358412421,date:2017-08-09 09:15:58,qt:login,msg:query info : null
req_id:15022413726171,date:2017-08-09 09:16:12,qt:login,msg:db_conf_key db1 Connect success !
req_id:15022413726171,date:2017-08-09 09:16:12,qt:login,msg:SELECT `id`, `account`, `passwd`, `name`, `parent_id` FROM `eval_department` WHERE account = 'yanshi' 
req_id:15022413726171,date:2017-08-09 09:16:12,qt:login,msg:query info : null
req_id:1502241372162421,date:2017-08-09 09:16:12,qt:login,msg:query info : null
req_id:1502241372178046,date:2017-08-09 09:16:12,qt:list,msg:db_conf_key db1 Connect success !
req_id:1502241372178046,date:2017-08-09 09:16:12,qt:list,msg:SELECT `id`, `content`, `weight`, `parent_id` FROM `eval_index`
req_id:1502241372178046,date:2017-08-09 09:16:12,qt:list,msg:query info : null
req_id:1502241372224921,date:2017-08-09 09:16:12,qt:navigate,msg:redis connect success
req_id:1502241372224921,date:2017-08-09 09:16:12,qt:navigate,msg:db_conf_key db1 Connect success !
req_id:1502241372224921,date:2017-08-09 09:16:12,qt:navigate,msg:SELECT `id`, `name` FROM `eval_department` WHERE parent_id = '5' 
req_id:1502241372224921,date:2017-08-09 09:16:12,qt:navigate,msg:db_conf_key db1 Connect success !
req_id:1502241372224921,date:2017-08-09 09:16:12,qt:navigate,msg:SELECT `id`, `name` FROM `eval_school`
req_id:1502241372224921,date:2017-08-09 09:16:12,qt:navigate,msg:db_conf_key db1 Connect success !
req_id:1502241372224921,date:2017-08-09 09:16:12,qt:navigate,msg:SELECT distinct `edu_depart_id`, `school_id`, `grade`, `class` FROM `eval_evaluation` WHERE edu_depart_id = '6' 
req_id:1502241372224921,date:2017-08-09 09:16:12,qt:navigate,msg:query info : null
req_id:1502241372396796,date:2017-08-09 09:16:12,qt:login,msg:query info : null
req_id:1502241372412421,date:2017-08-09 09:16:12,qt:evaluation,msg:redis connect success
req_id:1502241372412421,date:2017-08-09 09:16:12,qt:evaluation,msg:db_conf_key db1 Connect success !
req_id:1502241372412421,date:2017-08-09 09:16:12,qt:evaluation,msg:SELECT `id`, `name` FROM `eval_department` WHERE parent_id = '5' 
req_id:1502241372412421,date:2017-08-09 09:16:12,qt:evaluation,msg:db_conf_key db1 Connect success !
req_id:1502241372412421,date:2017-08-09 09:16:12,qt:evaluation,msg:SELECT `score`, `gender`, `test_times`, `edu_depart_id`, `school_id`, `grade`, `class`, `sno` FROM `eval_evaluation` WHERE edu_depart_id = 6  AND test_times = '1' 
req_id:1502241372412421,date:2017-08-09 09:16:12,qt:evaluation,msg:db_conf_key db1 Connect success !
req_id:1502241372412421,date:2017-08-09 09:16:12,qt:evaluation,msg:SELECT `id`, `content`, `weight`, `parent_id` FROM `eval_index`
req_id:1502241372412421,date:2017-08-09 09:16:12,qt:evaluation,msg:query info : null
req_id:1502241372928046,date:2017-08-09 09:16:12,qt:login,msg:query info : null
req_id:1502241374381171,date:2017-08-09 09:16:14,qt:login,msg:query info : null
req_id:1502241374381171,date:2017-08-09 09:16:14,qt:login,msg:query info : null
req_id:1502241374459296,date:2017-08-09 09:16:14,qt:login,msg:query info : null
req_id:1502286656443671,date:2017-08-09 21:50:56,qt:default,msg:query info : null
