req_id:1505262675104375,date:2017-09-13 08:31:15,qt:login,msg:query info : null
req_id:1505262675120000,date:2017-09-13 08:31:15,qt:list,msg:db_conf_key db1 Connect success !
req_id:1505262675120000,date:2017-09-13 08:31:15,qt:list,msg:SELECT `id`, `content`, `weight`, `parent_id` FROM `eval_index`
req_id:1505262675120000,date:2017-09-13 08:31:15,qt:list,msg:query info : null
req_id:1505262675151250,date:2017-09-13 08:31:15,qt:navigate,msg:redis connect success
req_id:1505262675151250,date:2017-09-13 08:31:15,qt:navigate,msg:query info : null
req_id:1505262675245000,date:2017-09-13 08:31:15,qt:login,msg:query info : null
req_id:1505262700260625,date:2017-09-13 08:31:40,qt:login,msg:query info : null
req_id:1505262700323125,date:2017-09-13 08:31:40,qt:list,msg:db_conf_key db1 Connect success !
req_id:1505262700323125,date:2017-09-13 08:31:40,qt:list,msg:SELECT `id`, `content`, `weight`, `parent_id` FROM `eval_index`
req_id:1505262700323125,date:2017-09-13 08:31:40,qt:list,msg:query info : null
req_id:1505262700385625,date:2017-09-13 08:31:40,qt:navigate,msg:redis connect success
req_id:1505262700385625,date:2017-09-13 08:31:40,qt:navigate,msg:query info : null
req_id:1505262700573125,date:2017-09-13 08:31:40,qt:login,msg:query info : null
req_id:1505290360354375,date:2017-09-13 16:12:40,qt:login,msg:query info : null
req_id:1505290632151250,date:2017-09-13 16:17:12,qt:login,msg:query info : null
req_id:1505290636307500,date:2017-09-13 16:17:16,qt:login,msg:query info : null
req_id:1505290637479375,date:2017-09-13 16:17:17,qt:login,msg:query info : null
req_id:1505290705479375,date:2017-09-13 16:18:25,qt:login,msg:db_conf_key db1 Connect success !
req_id:1505290705479375,date:2017-09-13 16:18:25,qt:login,msg:SELECT `id`, `account`, `passwd`, `name`, `parent_id` FROM `eval_department` WHERE account = 'yanshi' 
req_id:1505290705479375,date:2017-09-13 16:18:25,qt:login,msg:query info : null
req_id:1505290705573125,date:2017-09-13 16:18:25,qt:login,msg:query info : null
req_id:1505290705588750,date:2017-09-13 16:18:25,qt:list,msg:db_conf_key db1 Connect success !
req_id:1505290705588750,date:2017-09-13 16:18:25,qt:list,msg:SELECT `id`, `content`, `weight`, `parent_id` FROM `eval_index`
req_id:1505290705588750,date:2017-09-13 16:18:25,qt:list,msg:query info : null
req_id:1505290705604375,date:2017-09-13 16:18:25,qt:navigate,msg:redis connect success
req_id:1505290705604375,date:2017-09-13 16:18:25,qt:navigate,msg:db_conf_key db1 Connect success !
req_id:1505290705604375,date:2017-09-13 16:18:25,qt:navigate,msg:SELECT `id`, `name` FROM `eval_department` WHERE parent_id = '5' 
req_id:1505290705604375,date:2017-09-13 16:18:25,qt:navigate,msg:db_conf_key db1 Connect success !
req_id:1505290705604375,date:2017-09-13 16:18:25,qt:navigate,msg:SELECT `id`, `name` FROM `eval_school`
req_id:1505290705604375,date:2017-09-13 16:18:25,qt:navigate,msg:db_conf_key db1 Connect success !
req_id:1505290705604375,date:2017-09-13 16:18:25,qt:navigate,msg:SELECT distinct `edu_depart_id`, `school_id`, `grade`, `class` FROM `eval_evaluation` WHERE edu_depart_id = '6' 
req_id:1505290705604375,date:2017-09-13 16:18:25,qt:navigate,msg:query info : null
req_id:1505290705635625,date:2017-09-13 16:18:25,qt:login,msg:query info : null
req_id:1505290705635625,date:2017-09-13 16:18:25,qt:evaluation,msg:redis connect success
req_id:1505290705635625,date:2017-09-13 16:18:25,qt:evaluation,msg:db_conf_key db1 Connect success !
req_id:1505290705635625,date:2017-09-13 16:18:25,qt:evaluation,msg:SELECT `id`, `name` FROM `eval_department` WHERE parent_id = '5' 
req_id:1505290705635625,date:2017-09-13 16:18:25,qt:evaluation,msg:db_conf_key db1 Connect success !
req_id:1505290705635625,date:2017-09-13 16:18:25,qt:evaluation,msg:SELECT `score`, `gender`, `test_times`, `edu_depart_id`, `school_id`, `grade`, `class`, `sno` FROM `eval_evaluation` WHERE edu_depart_id = 6  AND test_times = '1' 
req_id:1505290705635625,date:2017-09-13 16:18:25,qt:evaluation,msg:db_conf_key db1 Connect success !
req_id:1505290705635625,date:2017-09-13 16:18:25,qt:evaluation,msg:SELECT `id`, `content`, `weight`, `parent_id` FROM `eval_index`
req_id:1505290705635625,date:2017-09-13 16:18:25,qt:evaluation,msg:query info : null
req_id:1505290706198125,date:2017-09-13 16:18:26,qt:login,msg:query info : null
req_id:1505290733776250,date:2017-09-13 16:18:53,qt:login,msg:query info : null
req_id:1505290733791875,date:2017-09-13 16:18:53,qt:evaluation,msg:redis connect success
req_id:1505290733791875,date:2017-09-13 16:18:53,qt:evaluation,msg:db_conf_key db1 Connect success !
req_id:1505290733791875,date:2017-09-13 16:18:53,qt:evaluation,msg:SELECT `id`, `name` FROM `eval_department` WHERE parent_id = '5' 
req_id:1505290733791875,date:2017-09-13 16:18:53,qt:evaluation,msg:db_conf_key db1 Connect success !
req_id:1505290733791875,date:2017-09-13 16:18:53,qt:evaluation,msg:SELECT `score`, `gender`, `test_times`, `edu_depart_id`, `school_id`, `grade`, `class`, `sno` FROM `eval_evaluation` WHERE edu_depart_id = 6  AND test_times = '1' 
req_id:1505290733791875,date:2017-09-13 16:18:53,qt:evaluation,msg:db_conf_key db1 Connect success !
req_id:1505290733791875,date:2017-09-13 16:18:53,qt:evaluation,msg:SELECT `id`, `content`, `weight`, `parent_id` FROM `eval_index`
req_id:1505290733791875,date:2017-09-13 16:18:53,qt:evaluation,msg:query info : null
req_id:1505290736432500,date:2017-09-13 16:18:56,qt:login,msg:query info : null
req_id:1505290736448125,date:2017-09-13 16:18:56,qt:evaluation,msg:redis connect success
req_id:1505290736448125,date:2017-09-13 16:18:56,qt:evaluation,msg:query info : null
req_id:1505290753213750,date:2017-09-13 16:19:13,qt:login,msg:query info : null
req_id:1505290753229375,date:2017-09-13 16:19:13,qt:evaluation,msg:redis connect success
req_id:1505290753229375,date:2017-09-13 16:19:13,qt:evaluation,msg:db_conf_key db1 Connect success !
req_id:1505290753229375,date:2017-09-13 16:19:13,qt:evaluation,msg:SELECT `id`, `name` FROM `eval_department` WHERE parent_id = '5' 
req_id:1505290753229375,date:2017-09-13 16:19:13,qt:evaluation,msg:db_conf_key db1 Connect success !
req_id:1505290753229375,date:2017-09-13 16:19:13,qt:evaluation,msg:SELECT `score`, `gender`, `test_times`, `edu_depart_id`, `school_id`, `grade`, `class`, `sno` FROM `eval_evaluation` WHERE edu_depart_id = 6  AND test_times = '1' 
req_id:1505290753229375,date:2017-09-13 16:19:13,qt:evaluation,msg:db_conf_key db1 Connect success !
req_id:1505290753229375,date:2017-09-13 16:19:13,qt:evaluation,msg:SELECT `id`, `content`, `weight`, `parent_id` FROM `eval_index`
req_id:1505290753229375,date:2017-09-13 16:19:13,qt:evaluation,msg:query info : null
req_id:1505290871198125,date:2017-09-13 16:21:11,qt:login,msg:query info : null
req_id:1505290871213750,date:2017-09-13 16:21:11,qt:evaluation,msg:redis connect success
req_id:1505290871213750,date:2017-09-13 16:21:11,qt:evaluation,msg:db_conf_key db1 Connect success !
req_id:1505290871213750,date:2017-09-13 16:21:11,qt:evaluation,msg:SELECT `id`, `name` FROM `eval_department` WHERE parent_id = '5' 
req_id:1505290871213750,date:2017-09-13 16:21:11,qt:evaluation,msg:db_conf_key db1 Connect success !
req_id:1505290871213750,date:2017-09-13 16:21:11,qt:evaluation,msg:SELECT `score`, `gender`, `test_times`, `edu_depart_id`, `school_id`, `grade`, `class`, `sno` FROM `eval_evaluation` WHERE edu_depart_id = 6  AND test_times = '1' 
req_id:1505290871213750,date:2017-09-13 16:21:11,qt:evaluation,msg:db_conf_key db1 Connect success !
req_id:1505290871213750,date:2017-09-13 16:21:11,qt:evaluation,msg:SELECT `id`, `content`, `weight`, `parent_id` FROM `eval_index`
req_id:1505290871213750,date:2017-09-13 16:21:11,qt:evaluation,msg:query info : null
req_id:1505290930948125,date:2017-09-13 16:22:10,qt:login,msg:query info : null
req_id:1505290930963750,date:2017-09-13 16:22:10,qt:login,msg:query info : null
req_id:150529093173125,date:2017-09-13 16:22:11,qt:login,msg:query info : null
req_id:1505290932604375,date:2017-09-13 16:22:12,qt:login,msg:query info : null
req_id:1505290933666875,date:2017-09-13 16:22:13,qt:login,msg:query info : null
req_id:150529093626250,date:2017-09-13 16:22:16,qt:login,msg:query info : null
req_id:150529099041875,date:2017-09-13 16:23:10,qt:login,msg:query info : null
req_id:1505290995260625,date:2017-09-13 16:23:15,qt:login,msg:query info : null
req_id:1505290995885625,date:2017-09-13 16:23:15,qt:login,msg:query info : null
req_id:1505294630946171,date:2017-09-13 17:23:50,qt:login,msg:query info : null
