req_id:1489628904188023,date:2017-03-16 09:48:24,qt:questionnaire,msg:mysql errno: 1062, mysql error :Duplicate entry '2-e' for key 'question_id_order'
req_id:1489651552594273,date:2017-03-16 16:05:52,qt:status,msg:params are illegal
req_id:1489651802781773,date:2017-03-16 16:10:02,qt:list,msg:mysql errno: 1064, mysql error :You have an error in your SQL syntax; check the manual that corresponds to your MySQL server version for the right syntax to use near '-10, undefined' at line 1
req_id:1489651828531773,date:2017-03-16 16:10:28,qt:list,msg:mysql errno: 1064, mysql error :You have an error in your SQL syntax; check the manual that corresponds to your MySQL server version for the right syntax to use near '-10, undefined' at line 1
req_id:1489651883813023,date:2017-03-16 16:11:23,qt:list,msg:mysql errno: 1064, mysql error :You have an error in your SQL syntax; check the manual that corresponds to your MySQL server version for the right syntax to use near '-10, undefined' at line 1
req_id:1489651900750523,date:2017-03-16 16:11:40,qt:list,msg:mysql errno: 1064, mysql error :You have an error in your SQL syntax; check the manual that corresponds to your MySQL server version for the right syntax to use near '-10, undefined' at line 1
req_id:1489652246766148,date:2017-03-16 16:17:26,qt:list,msg:mysql errno: 1064, mysql error :You have an error in your SQL syntax; check the manual that corresponds to your MySQL server version for the right syntax to use near '-10, undefined' at line 1
req_id:1489652267922398,date:2017-03-16 16:17:47,qt:list,msg:mysql errno: 1064, mysql error :You have an error in your SQL syntax; check the manual that corresponds to your MySQL server version for the right syntax to use near '-10, undefined' at line 1
req_id:1489665853609898,date:2017-03-16 20:04:13,qt:edit,msg:params are illegal
req_id:1489665965625523,date:2017-03-16 20:06:05,qt:edit,msg:params are illegal
req_id:1489666003438023,date:2017-03-16 20:06:43,qt:edit,msg:params are illegal
req_id:1489666553313023,date:2017-03-16 20:15:53,qt:edit,msg:params are illegal
req_id:1489667121156773,date:2017-03-16 20:25:21,qt:edit,msg:params are illegal
req_id:1489667164531773,date:2017-03-16 20:26:04,qt:edit,msg:params are illegal
req_id:148966730863023,date:2017-03-16 20:28:28,qt:edit,msg:params are illegal
req_id:1489667334750523,date:2017-03-16 20:28:54,qt:edit,msg:params are illegal
req_id:1489667475672398,date:2017-03-16 20:31:15,qt:edit,msg:params are illegal
req_id:1489667493375523,date:2017-03-16 20:31:33,qt:edit,msg:params are illegal
req_id:1489667526125523,date:2017-03-16 20:32:06,qt:edit,msg:params are illegal
req_id:1489667569359898,date:2017-03-16 20:32:49,qt:edit,msg:params are illegal
req_id:1489667890188023,date:2017-03-16 20:38:10,qt:edit,msg:params are illegal
req_id:1489667900359898,date:2017-03-16 20:38:20,qt:edit,msg:params are illegal
req_id:148966795394273,date:2017-03-16 20:39:13,qt:edit,msg:params are illegal
req_id:1489669543156773,date:2017-03-16 21:05:43,qt:questionnaire,msg:params are illegal
req_id:148966980131773,date:2017-03-16 21:10:01,qt:questionnaire,msg:params are illegal
req_id:1489669818656773,date:2017-03-16 21:10:18,qt:questionnaire,msg:params are illegal
req_id:1489669820922398,date:2017-03-16 21:10:20,qt:questionnaire,msg:params are illegal
req_id:1489669859813023,date:2017-03-16 21:10:59,qt:questionnaire,msg:params are illegal
req_id:1489669869688023,date:2017-03-16 21:11:09,qt:questionnaire,msg:params are illegal
req_id:1489669983891148,date:2017-03-16 21:13:03,qt:questionnaire,msg:questionnaireId 5 questions do not exists
req_id:1489670005422398,date:2017-03-16 21:13:25,qt:questionnaire,msg:params are illegal
req_id:1489670024219273,date:2017-03-16 21:13:44,qt:questionnaire,msg:params are illegal
req_id:1489670067344273,date:2017-03-16 21:14:27,qt:questionnaire,msg:params are illegal
req_id:1489670087703648,date:2017-03-16 21:14:47,qt:questionnaire,msg:params are illegal
req_id:1489670095344273,date:2017-03-16 21:14:55,qt:questionnaire,msg:params are illegal
req_id:1489670109641148,date:2017-03-16 21:15:09,qt:questionnaire,msg:params are illegal
req_id:1489670139734898,date:2017-03-16 21:15:39,qt:questionnaire,msg:questionnaireId 5 questions do not exists
req_id:1489670147594273,date:2017-03-16 21:15:47,qt:questionnaire,msg:params are illegal
req_id:1489670246594273,date:2017-03-16 21:17:26,qt:questionnaire,msg:params are illegal
req_id:1489670252734898,date:2017-03-16 21:17:32,qt:questionnaire,msg:questionnaireId 6 questions do not exists
req_id:1489670272250523,date:2017-03-16 21:17:52,qt:questionnaire,msg:params are illegal
req_id:1489670318438023,date:2017-03-16 21:18:38,qt:questionnaire,msg:params are illegal
req_id:1489670327172398,date:2017-03-16 21:18:47,qt:questionnaire,msg:questionnaireId 6 questions do not exists
req_id:1489670349938023,date:2017-03-16 21:19:09,qt:questionnaire,msg:params are illegal
req_id:1489671492922398,date:2017-03-16 21:38:12,qt:questionnaire,msg:params are illegal
req_id:1489671501266148,date:2017-03-16 21:38:21,qt:questionnaire,msg:params are illegal
req_id:1489672757219273,date:2017-03-16 21:59:17,qt:questionnaire,msg:params are illegal
req_id:1489672764141148,date:2017-03-16 21:59:24,qt:questionnaire,msg:params are illegal
