req_id:1490054677904812,date:2017-03-21 08:04:37,qt:default,msg:query info : null
req_id:1490057880853054,date:2017-03-21 08:58:00,qt:questionnaire,msg:db_conf_key db1 Connect success !
req_id:1490057880853054,date:2017-03-21 08:58:00,qt:questionnaire,msg:SELECT `id`, `title` FROM `que_title` WHERE id = '1' 
req_id:1490057880853054,date:2017-03-21 08:58:00,qt:questionnaire,msg:SELECT `questionnaire_id`, `question_id` FROM `que_title_question` WHERE questionnaire_id = '1' 
req_id:1490057880853054,date:2017-03-21 08:58:00,qt:questionnaire,msg:db_conf_key db1 Connect success !
req_id:1490057880853054,date:2017-03-21 08:58:00,qt:questionnaire,msg:SELECT `id`, `content`, `type` FROM `que_question` WHERE id in (1,2,3,4,5,6,7,8,9,10,11,12,13,14,15,16,17,18,19,20,21,22,23,24,25,26,27,28,29,30,31,32,33,34,35,36,37,38,39,40,41,42,43,44,45,46,47,48,49,50,51,52,53,54,55,56,57,58,59,60,61,62,63,64) 
req_id:1490057880853054,date:2017-03-21 08:58:00,qt:questionnaire,msg:db_conf_key db1 Connect success !
req_id:1490057880853054,date:2017-03-21 08:58:00,qt:questionnaire,msg:SELECT `id`, `content`, `question_id`, `order` FROM `que_option` WHERE question_id in (1,2,3,4,5,6,7,8,9,10,11,12,13,14,15,16,17,18,19,20,21,22,23,24,25,26,27,28,29,30,31,32,33,34,35,36,37,38,39,40,41,42,43,44,45,46,47,48,49,50,51,52,53,54,55,56,57,58,59,60,61,62,63,64) 
req_id:1490057880853054,date:2017-03-21 08:58:00,qt:questionnaire,msg:query info : null
req_id:1490057900798367,date:2017-03-21 08:58:20,qt:questionnaire,msg:db_conf_key db1 Connect success !
req_id:1490057900798367,date:2017-03-21 08:58:20,qt:questionnaire,msg:SELECT `id`, `title` FROM `que_title` WHERE id = '1' 
req_id:1490057900798367,date:2017-03-21 08:58:20,qt:questionnaire,msg:SELECT `questionnaire_id`, `question_id` FROM `que_title_question` WHERE questionnaire_id = '1' 
req_id:1490057900798367,date:2017-03-21 08:58:20,qt:questionnaire,msg:db_conf_key db1 Connect success !
req_id:1490057900798367,date:2017-03-21 08:58:20,qt:questionnaire,msg:SELECT `id`, `content`, `type` FROM `que_question` WHERE id in (1,2,3,4,5,6,7,8,9,10,11,12,13,14,15,16,17,18,19,20,21,22,23,24,25,26,27,28,29,30,31,32,33,34,35,36,37,38,39,40,41,42,43,44,45,46,47,48,49,50,51,52,53,54,55,56,57,58,59,60,61,62,63,64) 
req_id:1490057900798367,date:2017-03-21 08:58:20,qt:questionnaire,msg:db_conf_key db1 Connect success !
req_id:1490057900798367,date:2017-03-21 08:58:20,qt:questionnaire,msg:SELECT `id`, `content`, `question_id`, `order` FROM `que_option` WHERE question_id in (1,2,3,4,5,6,7,8,9,10,11,12,13,14,15,16,17,18,19,20,21,22,23,24,25,26,27,28,29,30,31,32,33,34,35,36,37,38,39,40,41,42,43,44,45,46,47,48,49,50,51,52,53,54,55,56,57,58,59,60,61,62,63,64) 
req_id:1490057900798367,date:2017-03-21 08:58:20,qt:questionnaire,msg:query info : null
req_id:1490058012183132,date:2017-03-21 09:00:12,qt:questionnaire,msg:db_conf_key db1 Connect success !
req_id:1490058012183132,date:2017-03-21 09:00:12,qt:questionnaire,msg:SELECT `id`, `title` FROM `que_title` WHERE id = '1' 
req_id:1490058012183132,date:2017-03-21 09:00:12,qt:questionnaire,msg:SELECT `questionnaire_id`, `question_id` FROM `que_title_question` WHERE questionnaire_id = '1' 
req_id:1490058012183132,date:2017-03-21 09:00:12,qt:questionnaire,msg:db_conf_key db1 Connect success !
req_id:1490058012183132,date:2017-03-21 09:00:12,qt:questionnaire,msg:SELECT `id`, `content`, `type` FROM `que_question` WHERE id in (1,2,3,4,5,6,7,8,9,10,11,12,13,14,15,16,17,18,19,20,21,22,23,24,25,26,27,28,29,30,31,32,33,34,35,36,37,38,39,40,41,42,43,44,45,46,47,48,49,50,51,52,53,54,55,56,57,58,59,60,61,62,63,64) 
req_id:1490058012183132,date:2017-03-21 09:00:12,qt:questionnaire,msg:db_conf_key db1 Connect success !
req_id:1490058012183132,date:2017-03-21 09:00:12,qt:questionnaire,msg:SELECT `id`, `content`, `question_id`, `order` FROM `que_option` WHERE question_id in (1,2,3,4,5,6,7,8,9,10,11,12,13,14,15,16,17,18,19,20,21,22,23,24,25,26,27,28,29,30,31,32,33,34,35,36,37,38,39,40,41,42,43,44,45,46,47,48,49,50,51,52,53,54,55,56,57,58,59,60,61,62,63,64) 
req_id:1490058012183132,date:2017-03-21 09:00:12,qt:questionnaire,msg:query info : null
req_id:1490058058655789,date:2017-03-21 09:00:58,qt:questionnaire,msg:db_conf_key db1 Connect success !
req_id:1490058058655789,date:2017-03-21 09:00:58,qt:questionnaire,msg:SELECT `id`, `title` FROM `que_title` WHERE id = '1' 
req_id:1490058058655789,date:2017-03-21 09:00:58,qt:questionnaire,msg:SELECT `questionnaire_id`, `question_id` FROM `que_title_question` WHERE questionnaire_id = '1' 
req_id:1490058058655789,date:2017-03-21 09:00:58,qt:questionnaire,msg:db_conf_key db1 Connect success !
req_id:1490058058655789,date:2017-03-21 09:00:58,qt:questionnaire,msg:SELECT `id`, `content`, `type` FROM `que_question` WHERE id in (1,2,3,4,5,6,7,8,9,10,11,12,13,14,15,16,17,18,19,20,21,22,23,24,25,26,27,28,29,30,31,32,33,34,35,36,37,38,39,40,41,42,43,44,45,46,47,48,49,50,51,52,53,54,55,56,57,58,59,60,61,62,63,64) 
req_id:1490058058655789,date:2017-03-21 09:00:58,qt:questionnaire,msg:db_conf_key db1 Connect success !
req_id:1490058058655789,date:2017-03-21 09:00:58,qt:questionnaire,msg:SELECT `id`, `content`, `question_id`, `order` FROM `que_option` WHERE question_id in (1,2,3,4,5,6,7,8,9,10,11,12,13,14,15,16,17,18,19,20,21,22,23,24,25,26,27,28,29,30,31,32,33,34,35,36,37,38,39,40,41,42,43,44,45,46,47,48,49,50,51,52,53,54,55,56,57,58,59,60,61,62,63,64) 
req_id:1490058058655789,date:2017-03-21 09:00:58,qt:questionnaire,msg:query info : null
req_id:1490058077637234,date:2017-03-21 09:01:17,qt:questionnaire,msg:db_conf_key db1 Connect success !
req_id:1490058077637234,date:2017-03-21 09:01:17,qt:questionnaire,msg:SELECT `id`, `title` FROM `que_title` WHERE id = '1' 
req_id:1490058077637234,date:2017-03-21 09:01:17,qt:questionnaire,msg:SELECT `questionnaire_id`, `question_id` FROM `que_title_question` WHERE questionnaire_id = '1' 
req_id:1490058077637234,date:2017-03-21 09:01:17,qt:questionnaire,msg:db_conf_key db1 Connect success !
req_id:1490058077637234,date:2017-03-21 09:01:17,qt:questionnaire,msg:SELECT `id`, `content`, `type` FROM `que_question` WHERE id in (1,2,3,4,5,6,7,8,9,10,11,12,13,14,15,16,17,18,19,20,21,22,23,24,25,26,27,28,29,30,31,32,33,34,35,36,37,38,39,40,41,42,43,44,45,46,47,48,49,50,51,52,53,54,55,56,57,58,59,60,61,62,63,64) 
req_id:1490058077637234,date:2017-03-21 09:01:17,qt:questionnaire,msg:db_conf_key db1 Connect success !
req_id:1490058077637234,date:2017-03-21 09:01:17,qt:questionnaire,msg:SELECT `id`, `content`, `question_id`, `order` FROM `que_option` WHERE question_id in (1,2,3,4,5,6,7,8,9,10,11,12,13,14,15,16,17,18,19,20,21,22,23,24,25,26,27,28,29,30,31,32,33,34,35,36,37,38,39,40,41,42,43,44,45,46,47,48,49,50,51,52,53,54,55,56,57,58,59,60,61,62,63,64) 
req_id:1490058077637234,date:2017-03-21 09:01:17,qt:questionnaire,msg:query info : null
req_id:149005807932742,date:2017-03-21 09:01:19,qt:questionnaire,msg:db_conf_key db1 Connect success !
req_id:149005807932742,date:2017-03-21 09:01:19,qt:questionnaire,msg:SELECT `id`, `title` FROM `que_title` WHERE id = '1' 
req_id:149005807932742,date:2017-03-21 09:01:19,qt:questionnaire,msg:SELECT `questionnaire_id`, `question_id` FROM `que_title_question` WHERE questionnaire_id = '1' 
req_id:149005807932742,date:2017-03-21 09:01:19,qt:questionnaire,msg:db_conf_key db1 Connect success !
req_id:149005807932742,date:2017-03-21 09:01:19,qt:questionnaire,msg:SELECT `id`, `content`, `type` FROM `que_question` WHERE id in (1,2,3,4,5,6,7,8,9,10,11,12,13,14,15,16,17,18,19,20,21,22,23,24,25,26,27,28,29,30,31,32,33,34,35,36,37,38,39,40,41,42,43,44,45,46,47,48,49,50,51,52,53,54,55,56,57,58,59,60,61,62,63,64) 
req_id:149005807932742,date:2017-03-21 09:01:19,qt:questionnaire,msg:db_conf_key db1 Connect success !
req_id:149005807932742,date:2017-03-21 09:01:19,qt:questionnaire,msg:SELECT `id`, `content`, `question_id`, `order` FROM `que_option` WHERE question_id in (1,2,3,4,5,6,7,8,9,10,11,12,13,14,15,16,17,18,19,20,21,22,23,24,25,26,27,28,29,30,31,32,33,34,35,36,37,38,39,40,41,42,43,44,45,46,47,48,49,50,51,52,53,54,55,56,57,58,59,60,61,62,63,64) 
req_id:149005807932742,date:2017-03-21 09:01:19,qt:questionnaire,msg:query info : null
req_id:1490058286888210,date:2017-03-21 09:04:46,qt:questionnaire,msg:db_conf_key db1 Connect success !
req_id:1490058286888210,date:2017-03-21 09:04:46,qt:questionnaire,msg:SELECT `id`, `title` FROM `que_title` WHERE id = '1' 
req_id:1490058286888210,date:2017-03-21 09:04:46,qt:questionnaire,msg:SELECT `questionnaire_id`, `question_id` FROM `que_title_question` WHERE questionnaire_id = '1' 
req_id:1490058286888210,date:2017-03-21 09:04:46,qt:questionnaire,msg:db_conf_key db1 Connect success !
req_id:1490058286888210,date:2017-03-21 09:04:46,qt:questionnaire,msg:SELECT `id`, `content`, `type` FROM `que_question` WHERE id in (1,2,3,4,5,6,7,8,9,10,11,12,13,14,15,16,17,18,19,20,21,22,23,24,25,26,27,28,29,30,31,32,33,34,35,36,37,38,39,40,41,42,43,44,45,46,47,48,49,50,51,52,53,54,55,56,57,58,59,60,61,62,63,64) 
req_id:1490058286888210,date:2017-03-21 09:04:46,qt:questionnaire,msg:db_conf_key db1 Connect success !
req_id:1490058286888210,date:2017-03-21 09:04:46,qt:questionnaire,msg:SELECT `id`, `content`, `question_id`, `order` FROM `que_option` WHERE question_id in (1,2,3,4,5,6,7,8,9,10,11,12,13,14,15,16,17,18,19,20,21,22,23,24,25,26,27,28,29,30,31,32,33,34,35,36,37,38,39,40,41,42,43,44,45,46,47,48,49,50,51,52,53,54,55,56,57,58,59,60,61,62,63,64) 
req_id:1490058286888210,date:2017-03-21 09:04:46,qt:questionnaire,msg:query info : null
req_id:1490058718168484,date:2017-03-21 09:11:58,qt:list,msg:db_conf_key db1 Connect success !
req_id:1490058718168484,date:2017-03-21 09:11:58,qt:list,msg:SELECT `id`, `content`, `type` FROM `que_question` limit 0, 10
req_id:1490058718168484,date:2017-03-21 09:11:58,qt:list,msg:db_conf_key db1 Connect success !
req_id:1490058718168484,date:2017-03-21 09:11:58,qt:list,msg:SELECT `id`, `content`, `question_id`, `order` FROM `que_option` WHERE question_id in (1,2,3,4,5,6,7,8,9,10) 
req_id:1490058718168484,date:2017-03-21 09:11:58,qt:list,msg:query info : null
req_id:1490058718260281,date:2017-03-21 09:11:58,qt:status,msg:db_conf_key db1 Connect success !
req_id:1490058718260281,date:2017-03-21 09:11:58,qt:status,msg:SELECT count(*) num FROM que_question
req_id:1490058718260281,date:2017-03-21 09:11:58,qt:status,msg:db_conf_key db1 Connect success !
req_id:1490058718260281,date:2017-03-21 09:11:58,qt:status,msg:SELECT count(*) num FROM que_title
req_id:1490058718260281,date:2017-03-21 09:11:58,qt:status,msg:query info : null
req_id:1490058718439968,date:2017-03-21 09:11:58,qt:list,msg:db_conf_key db1 Connect success !
req_id:1490058718439968,date:2017-03-21 09:11:58,qt:list,msg:SELECT `id`, `content`, `type` FROM `que_question` limit 0, 10
req_id:1490058718439968,date:2017-03-21 09:11:58,qt:list,msg:db_conf_key db1 Connect success !
req_id:1490058718439968,date:2017-03-21 09:11:58,qt:list,msg:SELECT `id`, `content`, `question_id`, `order` FROM `que_option` WHERE question_id in (1,2,3,4,5,6,7,8,9,10) 
req_id:1490058718439968,date:2017-03-21 09:11:58,qt:list,msg:query info : null
req_id:1490058718511257,date:2017-03-21 09:11:58,qt:status,msg:db_conf_key db1 Connect success !
req_id:1490058718511257,date:2017-03-21 09:11:58,qt:status,msg:SELECT count(*) num FROM que_question
req_id:1490058718511257,date:2017-03-21 09:11:58,qt:status,msg:db_conf_key db1 Connect success !
req_id:1490058718511257,date:2017-03-21 09:11:58,qt:status,msg:SELECT count(*) num FROM que_title
req_id:1490058718511257,date:2017-03-21 09:11:58,qt:status,msg:query info : null
req_id:1490058724793484,date:2017-03-21 09:12:04,qt:questionnaire,msg:db_conf_key db1 Connect success !
req_id:1490058724793484,date:2017-03-21 09:12:04,qt:questionnaire,msg:SELECT `id`, `title` FROM `que_title` WHERE id = '1' 
req_id:1490058724793484,date:2017-03-21 09:12:04,qt:questionnaire,msg:SELECT `questionnaire_id`, `question_id` FROM `que_title_question` WHERE questionnaire_id = '1' 
req_id:1490058724793484,date:2017-03-21 09:12:04,qt:questionnaire,msg:db_conf_key db1 Connect success !
req_id:1490058724793484,date:2017-03-21 09:12:04,qt:questionnaire,msg:SELECT `id`, `content`, `type` FROM `que_question` WHERE id in (1,2,3,4,5,6,7,8,9,10,11,12,13,14,15,16,17,18,19,20,21,22,23,24,25,26,27,28,29,30,31,32,33,34,35,36,37,38,39,40,41,42,43,44,45,46,47,48,49,50,51,52,53,54,55,56,57,58,59,60,61,62,63,64) 
req_id:1490058724793484,date:2017-03-21 09:12:04,qt:questionnaire,msg:db_conf_key db1 Connect success !
req_id:1490058724793484,date:2017-03-21 09:12:04,qt:questionnaire,msg:SELECT `id`, `content`, `question_id`, `order` FROM `que_option` WHERE question_id in (1,2,3,4,5,6,7,8,9,10,11,12,13,14,15,16,17,18,19,20,21,22,23,24,25,26,27,28,29,30,31,32,33,34,35,36,37,38,39,40,41,42,43,44,45,46,47,48,49,50,51,52,53,54,55,56,57,58,59,60,61,62,63,64) 
req_id:1490058724793484,date:2017-03-21 09:12:04,qt:questionnaire,msg:query info : null
req_id:1490058897475125,date:2017-03-21 09:14:57,qt:questionnaire,msg:db_conf_key db1 Connect success !
req_id:1490058897475125,date:2017-03-21 09:14:57,qt:questionnaire,msg:SELECT `id`, `title` FROM `que_title` WHERE id = '2' 
req_id:1490058897475125,date:2017-03-21 09:14:57,qt:questionnaire,msg:SELECT `questionnaire_id`, `question_id` FROM `que_title_question` WHERE questionnaire_id = '2' 
req_id:1490058897475125,date:2017-03-21 09:14:57,qt:questionnaire,msg:db_conf_key db1 Connect success !
req_id:1490058897475125,date:2017-03-21 09:14:57,qt:questionnaire,msg:SELECT `id`, `content`, `type` FROM `que_question` WHERE id in (65,66,67,68,69,70,71,72,73,74,75,76,77,78,79,80,81,82,83,84,85,86,87,88,89,90,91,92,93,94,95,96,97,98,99,100,101,102,103,104,105,106,107,108,109,110,111,112,113,114,115,116,117,118,119,120,121,122,123,124,125,126,127,128,129,130,131,132,133,134,135,136,137,138,139,140,141,142,143,144,145,146,147,148,149) 
req_id:1490058897475125,date:2017-03-21 09:14:57,qt:questionnaire,msg:db_conf_key db1 Connect success !
req_id:1490058897475125,date:2017-03-21 09:14:57,qt:questionnaire,msg:SELECT `id`, `content`, `question_id`, `order` FROM `que_option` WHERE question_id in (65,66,67,68,69,70,71,72,73,74,75,76,77,78,79,80,81,82,83,84,85,86,87,88,89,90,91,92,93,94,95,96,97,98,99,100,101,102,103,104,105,106,107,108,109,110,111,112,113,114,115,116,117,118,119,120,121,122,123,124,125,126,127,128,129,130,131,132,133,134,135,136,137,138,139,140,141,142,143,144,145,146,147,148,149) 
req_id:1490058897475125,date:2017-03-21 09:14:57,qt:questionnaire,msg:query info : null
req_id:1490058905878445,date:2017-03-21 09:15:05,qt:questionnaire,msg:db_conf_key db1 Connect success !
req_id:1490058905878445,date:2017-03-21 09:15:05,qt:questionnaire,msg:SELECT `id`, `title` FROM `que_title` WHERE id = '2' 
req_id:1490058905878445,date:2017-03-21 09:15:05,qt:questionnaire,msg:SELECT `questionnaire_id`, `question_id` FROM `que_title_question` WHERE questionnaire_id = '2' 
req_id:1490058905878445,date:2017-03-21 09:15:05,qt:questionnaire,msg:db_conf_key db1 Connect success !
req_id:1490058905878445,date:2017-03-21 09:15:05,qt:questionnaire,msg:SELECT `id`, `content`, `type` FROM `que_question` WHERE id in (65,66,67,68,69,70,71,72,73,74,75,76,77,78,79,80,81,82,83,84,85,86,87,88,89,90,91,92,93,94,95,96,97,98,99,100,101,102,103,104,105,106,107,108,109,110,111,112,113,114,115,116,117,118,119,120,121,122,123,124,125,126,127,128,129,130,131,132,133,134,135,136,137,138,139,140,141,142,143,144,145,146,147,148,149) 
req_id:1490058905878445,date:2017-03-21 09:15:05,qt:questionnaire,msg:db_conf_key db1 Connect success !
req_id:1490058905878445,date:2017-03-21 09:15:05,qt:questionnaire,msg:SELECT `id`, `content`, `question_id`, `order` FROM `que_option` WHERE question_id in (65,66,67,68,69,70,71,72,73,74,75,76,77,78,79,80,81,82,83,84,85,86,87,88,89,90,91,92,93,94,95,96,97,98,99,100,101,102,103,104,105,106,107,108,109,110,111,112,113,114,115,116,117,118,119,120,121,122,123,124,125,126,127,128,129,130,131,132,133,134,135,136,137,138,139,140,141,142,143,144,145,146,147,148,149) 
req_id:1490058905878445,date:2017-03-21 09:15:05,qt:questionnaire,msg:query info : null
req_id:149007761972781,date:2017-03-21 14:26:59,qt:questionnaire,msg:db_conf_key db1 Connect success !
req_id:149007761972781,date:2017-03-21 14:26:59,qt:questionnaire,msg:SELECT `id`, `title` FROM `que_title` WHERE id = '2' 
req_id:149007761972781,date:2017-03-21 14:26:59,qt:questionnaire,msg:SELECT `questionnaire_id`, `question_id` FROM `que_title_question` WHERE questionnaire_id = '2' 
req_id:149007761972781,date:2017-03-21 14:26:59,qt:questionnaire,msg:db_conf_key db1 Connect success !
req_id:149007761972781,date:2017-03-21 14:26:59,qt:questionnaire,msg:SELECT `id`, `content`, `type` FROM `que_question` WHERE id in (65,66,67,68,69,70,71,72,73,74,75,76,77,78,79,80,81,82,83,84,85,86,87,88,89,90,91,92,93,94,95,96,97,98,99,100,101,102,103,104,105,106,107,108,109,110,111,112,113,114,115,116,117,118,119,120,121,122,123,124,125,126,127,128,129,130,131,132,133,134,135,136,137,138,139,140,141,142,143,144,145,146,147,148,149) 
req_id:149007761972781,date:2017-03-21 14:26:59,qt:questionnaire,msg:db_conf_key db1 Connect success !
req_id:149007761972781,date:2017-03-21 14:26:59,qt:questionnaire,msg:SELECT `id`, `content`, `question_id`, `order` FROM `que_option` WHERE question_id in (65,66,67,68,69,70,71,72,73,74,75,76,77,78,79,80,81,82,83,84,85,86,87,88,89,90,91,92,93,94,95,96,97,98,99,100,101,102,103,104,105,106,107,108,109,110,111,112,113,114,115,116,117,118,119,120,121,122,123,124,125,126,127,128,129,130,131,132,133,134,135,136,137,138,139,140,141,142,143,144,145,146,147,148,149) 
req_id:149007761972781,date:2017-03-21 14:26:59,qt:questionnaire,msg:query info : null
req_id:1490077830699734,date:2017-03-21 14:30:30,qt:questionnaire,msg:db_conf_key db1 Connect success !
req_id:1490077830699734,date:2017-03-21 14:30:30,qt:questionnaire,msg:SELECT `id`, `title` FROM `que_title` WHERE id = '2' 
req_id:1490077830699734,date:2017-03-21 14:30:30,qt:questionnaire,msg:SELECT `questionnaire_id`, `question_id` FROM `que_title_question` WHERE questionnaire_id = '2' 
req_id:1490077830699734,date:2017-03-21 14:30:30,qt:questionnaire,msg:db_conf_key db1 Connect success !
req_id:1490077830699734,date:2017-03-21 14:30:30,qt:questionnaire,msg:SELECT `id`, `content`, `type` FROM `que_question` WHERE id in (65,66,67,68,69,70,71,72,73,74,75,76,77,78,79,80,81,82,83,84,85,86,87,88,89,90,91,92,93,94,95,96,97,98,99,100,101,102,103,104,105,106,107,108,109,110,111,112,113,114,115,116,117,118,119,120,121,122,123,124,125,126,127,128,129,130,131,132,133,134,135,136,137,138,139,140,141,142,143,144,145,146,147,148,149) 
req_id:1490077830699734,date:2017-03-21 14:30:30,qt:questionnaire,msg:db_conf_key db1 Connect success !
req_id:1490077830699734,date:2017-03-21 14:30:30,qt:questionnaire,msg:SELECT `id`, `content`, `question_id`, `order` FROM `que_option` WHERE question_id in (65,66,67,68,69,70,71,72,73,74,75,76,77,78,79,80,81,82,83,84,85,86,87,88,89,90,91,92,93,94,95,96,97,98,99,100,101,102,103,104,105,106,107,108,109,110,111,112,113,114,115,116,117,118,119,120,121,122,123,124,125,126,127,128,129,130,131,132,133,134,135,136,137,138,139,140,141,142,143,144,145,146,147,148,149) 
req_id:1490077830699734,date:2017-03-21 14:30:30,qt:questionnaire,msg:query info : null
req_id:1490078019380398,date:2017-03-21 14:33:39,qt:questionnaire,msg:db_conf_key db1 Connect success !
req_id:1490078019380398,date:2017-03-21 14:33:39,qt:questionnaire,msg:SELECT `id`, `title` FROM `que_title` WHERE id = '2' 
req_id:1490078019380398,date:2017-03-21 14:33:39,qt:questionnaire,msg:SELECT `questionnaire_id`, `question_id` FROM `que_title_question` WHERE questionnaire_id = '2' 
req_id:1490078019380398,date:2017-03-21 14:33:39,qt:questionnaire,msg:db_conf_key db1 Connect success !
req_id:1490078019380398,date:2017-03-21 14:33:39,qt:questionnaire,msg:SELECT `id`, `content`, `type` FROM `que_question` WHERE id in (65,66,67,68,69,70,71,72,73,74,75,76,77,78,79,80,81,82,83,84,85,86,87,88,89,90,91,92,93,94,95,96,97,98,99,100,101,102,103,104,105,106,107,108,109,110,111,112,113,114,115,116,117,118,119,120,121,122,123,124,125,126,127,128,129,130,131,132,133,134,135,136,137,138,139,140,141,142,143,144,145,146,147,148,149) 
req_id:1490078019380398,date:2017-03-21 14:33:39,qt:questionnaire,msg:db_conf_key db1 Connect success !
req_id:1490078019380398,date:2017-03-21 14:33:39,qt:questionnaire,msg:SELECT `id`, `content`, `question_id`, `order` FROM `que_option` WHERE question_id in (65,66,67,68,69,70,71,72,73,74,75,76,77,78,79,80,81,82,83,84,85,86,87,88,89,90,91,92,93,94,95,96,97,98,99,100,101,102,103,104,105,106,107,108,109,110,111,112,113,114,115,116,117,118,119,120,121,122,123,124,125,126,127,128,129,130,131,132,133,134,135,136,137,138,139,140,141,142,143,144,145,146,147,148,149) 
req_id:1490078019380398,date:2017-03-21 14:33:39,qt:questionnaire,msg:query info : null
req_id:1490078170717312,date:2017-03-21 14:36:10,qt:questionnaire,msg:db_conf_key db1 Connect success !
req_id:1490078170717312,date:2017-03-21 14:36:10,qt:questionnaire,msg:SELECT `id`, `title` FROM `que_title` WHERE id = '2' 
req_id:1490078170717312,date:2017-03-21 14:36:10,qt:questionnaire,msg:SELECT `questionnaire_id`, `question_id` FROM `que_title_question` WHERE questionnaire_id = '2' 
req_id:1490078170717312,date:2017-03-21 14:36:10,qt:questionnaire,msg:db_conf_key db1 Connect success !
req_id:1490078170717312,date:2017-03-21 14:36:10,qt:questionnaire,msg:SELECT `id`, `content`, `type` FROM `que_question` WHERE id in (65,66,67,68,69,70,71,72,73,74,75,76,77,78,79,80,81,82,83,84,85,86,87,88,89,90,91,92,93,94,95,96,97,98,99,100,101,102,103,104,105,106,107,108,109,110,111,112,113,114,115,116,117,118,119,120,121,122,123,124,125,126,127,128,129,130,131,132,133,134,135,136,137,138,139,140,141,142,143,144,145,146,147,148,149) 
req_id:1490078170717312,date:2017-03-21 14:36:10,qt:questionnaire,msg:db_conf_key db1 Connect success !
req_id:1490078170717312,date:2017-03-21 14:36:10,qt:questionnaire,msg:SELECT `id`, `content`, `question_id`, `order` FROM `que_option` WHERE question_id in (65,66,67,68,69,70,71,72,73,74,75,76,77,78,79,80,81,82,83,84,85,86,87,88,89,90,91,92,93,94,95,96,97,98,99,100,101,102,103,104,105,106,107,108,109,110,111,112,113,114,115,116,117,118,119,120,121,122,123,124,125,126,127,128,129,130,131,132,133,134,135,136,137,138,139,140,141,142,143,144,145,146,147,148,149) 
req_id:1490078170717312,date:2017-03-21 14:36:10,qt:questionnaire,msg:query info : null
req_id:1490078219438992,date:2017-03-21 14:36:59,qt:questionnaire,msg:db_conf_key db1 Connect success !
req_id:1490078219438992,date:2017-03-21 14:36:59,qt:questionnaire,msg:SELECT `id`, `title` FROM `que_title` WHERE id = '2' 
req_id:1490078219438992,date:2017-03-21 14:36:59,qt:questionnaire,msg:SELECT `questionnaire_id`, `question_id` FROM `que_title_question` WHERE questionnaire_id = '2' 
req_id:1490078219438992,date:2017-03-21 14:36:59,qt:questionnaire,msg:db_conf_key db1 Connect success !
req_id:1490078219438992,date:2017-03-21 14:36:59,qt:questionnaire,msg:SELECT `id`, `content`, `type` FROM `que_question` WHERE id in (65,66,67,68,69,70,71,72,73,74,75,76,77,78,79,80,81,82,83,84,85,86,87,88,89,90,91,92,93,94,95,96,97,98,99,100,101,102,103,104,105,106,107,108,109,110,111,112,113,114,115,116,117,118,119,120,121,122,123,124,125,126,127,128,129,130,131,132,133,134,135,136,137,138,139,140,141,142,143,144,145,146,147,148,149) 
req_id:1490078219438992,date:2017-03-21 14:36:59,qt:questionnaire,msg:db_conf_key db1 Connect success !
req_id:1490078219438992,date:2017-03-21 14:36:59,qt:questionnaire,msg:SELECT `id`, `content`, `question_id`, `order` FROM `que_option` WHERE question_id in (65,66,67,68,69,70,71,72,73,74,75,76,77,78,79,80,81,82,83,84,85,86,87,88,89,90,91,92,93,94,95,96,97,98,99,100,101,102,103,104,105,106,107,108,109,110,111,112,113,114,115,116,117,118,119,120,121,122,123,124,125,126,127,128,129,130,131,132,133,134,135,136,137,138,139,140,141,142,143,144,145,146,147,148,149) 
req_id:1490078219438992,date:2017-03-21 14:36:59,qt:questionnaire,msg:query info : null
req_id:1490078273288601,date:2017-03-21 14:37:53,qt:questionnaire,msg:db_conf_key db1 Connect success !
req_id:1490078273288601,date:2017-03-21 14:37:53,qt:questionnaire,msg:SELECT `id`, `title` FROM `que_title` WHERE id = '2' 
req_id:1490078273288601,date:2017-03-21 14:37:53,qt:questionnaire,msg:SELECT `questionnaire_id`, `question_id` FROM `que_title_question` WHERE questionnaire_id = '2' 
req_id:1490078273288601,date:2017-03-21 14:37:53,qt:questionnaire,msg:db_conf_key db1 Connect success !
req_id:1490078273288601,date:2017-03-21 14:37:53,qt:questionnaire,msg:SELECT `id`, `content`, `type` FROM `que_question` WHERE id in (65,66,67,68,69,70,71,72,73,74,75,76,77,78,79,80,81,82,83,84,85,86,87,88,89,90,91,92,93,94,95,96,97,98,99,100,101,102,103,104,105,106,107,108,109,110,111,112,113,114,115,116,117,118,119,120,121,122,123,124,125,126,127,128,129,130,131,132,133,134,135,136,137,138,139,140,141,142,143,144,145,146,147,148,149) 
req_id:1490078273288601,date:2017-03-21 14:37:53,qt:questionnaire,msg:db_conf_key db1 Connect success !
req_id:1490078273288601,date:2017-03-21 14:37:53,qt:questionnaire,msg:SELECT `id`, `content`, `question_id`, `order` FROM `que_option` WHERE question_id in (65,66,67,68,69,70,71,72,73,74,75,76,77,78,79,80,81,82,83,84,85,86,87,88,89,90,91,92,93,94,95,96,97,98,99,100,101,102,103,104,105,106,107,108,109,110,111,112,113,114,115,116,117,118,119,120,121,122,123,124,125,126,127,128,129,130,131,132,133,134,135,136,137,138,139,140,141,142,143,144,145,146,147,148,149) 
req_id:1490078273288601,date:2017-03-21 14:37:53,qt:questionnaire,msg:query info : null
req_id:1490078350601101,date:2017-03-21 14:39:10,qt:questionnaire,msg:db_conf_key db1 Connect success !
req_id:1490078350601101,date:2017-03-21 14:39:10,qt:questionnaire,msg:SELECT `id`, `title` FROM `que_title` WHERE id = '2' 
req_id:1490078350601101,date:2017-03-21 14:39:10,qt:questionnaire,msg:SELECT `questionnaire_id`, `question_id` FROM `que_title_question` WHERE questionnaire_id = '2' 
req_id:1490078350601101,date:2017-03-21 14:39:10,qt:questionnaire,msg:db_conf_key db1 Connect success !
req_id:1490078350601101,date:2017-03-21 14:39:10,qt:questionnaire,msg:SELECT `id`, `content`, `type` FROM `que_question` WHERE id in (65,66,67,68,69,70,71,72,73,74,75,76,77,78,79,80,81,82,83,84,85,86,87,88,89,90,91,92,93,94,95,96,97,98,99,100,101,102,103,104,105,106,107,108,109,110,111,112,113,114,115,116,117,118,119,120,121,122,123,124,125,126,127,128,129,130,131,132,133,134,135,136,137,138,139,140,141,142,143,144,145,146,147,148,149) 
req_id:1490078350601101,date:2017-03-21 14:39:10,qt:questionnaire,msg:db_conf_key db1 Connect success !
req_id:1490078350601101,date:2017-03-21 14:39:10,qt:questionnaire,msg:SELECT `id`, `content`, `question_id`, `order` FROM `que_option` WHERE question_id in (65,66,67,68,69,70,71,72,73,74,75,76,77,78,79,80,81,82,83,84,85,86,87,88,89,90,91,92,93,94,95,96,97,98,99,100,101,102,103,104,105,106,107,108,109,110,111,112,113,114,115,116,117,118,119,120,121,122,123,124,125,126,127,128,129,130,131,132,133,134,135,136,137,138,139,140,141,142,143,144,145,146,147,148,149) 
req_id:1490078350601101,date:2017-03-21 14:39:10,qt:questionnaire,msg:query info : null
req_id:1490078376590359,date:2017-03-21 14:39:36,qt:questionnaire,msg:db_conf_key db1 Connect success !
req_id:1490078376590359,date:2017-03-21 14:39:36,qt:questionnaire,msg:SELECT `id`, `title` FROM `que_title` WHERE id = '2' 
req_id:1490078376590359,date:2017-03-21 14:39:36,qt:questionnaire,msg:SELECT `questionnaire_id`, `question_id` FROM `que_title_question` WHERE questionnaire_id = '2' 
req_id:1490078376590359,date:2017-03-21 14:39:36,qt:questionnaire,msg:db_conf_key db1 Connect success !
req_id:1490078376590359,date:2017-03-21 14:39:36,qt:questionnaire,msg:SELECT `id`, `content`, `type` FROM `que_question` WHERE id in (65,66,67,68,69,70,71,72,73,74,75,76,77,78,79,80,81,82,83,84,85,86,87,88,89,90,91,92,93,94,95,96,97,98,99,100,101,102,103,104,105,106,107,108,109,110,111,112,113,114,115,116,117,118,119,120,121,122,123,124,125,126,127,128,129,130,131,132,133,134,135,136,137,138,139,140,141,142,143,144,145,146,147,148,149) 
req_id:1490078376590359,date:2017-03-21 14:39:36,qt:questionnaire,msg:db_conf_key db1 Connect success !
req_id:1490078376590359,date:2017-03-21 14:39:36,qt:questionnaire,msg:SELECT `id`, `content`, `question_id`, `order` FROM `que_option` WHERE question_id in (65,66,67,68,69,70,71,72,73,74,75,76,77,78,79,80,81,82,83,84,85,86,87,88,89,90,91,92,93,94,95,96,97,98,99,100,101,102,103,104,105,106,107,108,109,110,111,112,113,114,115,116,117,118,119,120,121,122,123,124,125,126,127,128,129,130,131,132,133,134,135,136,137,138,139,140,141,142,143,144,145,146,147,148,149) 
req_id:1490078376590359,date:2017-03-21 14:39:36,qt:questionnaire,msg:query info : null
req_id:1490078447296414,date:2017-03-21 14:40:47,qt:questionnaire,msg:db_conf_key db1 Connect success !
req_id:1490078447296414,date:2017-03-21 14:40:47,qt:questionnaire,msg:SELECT `id`, `title` FROM `que_title` WHERE id = '2' 
req_id:1490078447296414,date:2017-03-21 14:40:47,qt:questionnaire,msg:SELECT `questionnaire_id`, `question_id` FROM `que_title_question` WHERE questionnaire_id = '2' 
req_id:1490078447296414,date:2017-03-21 14:40:47,qt:questionnaire,msg:db_conf_key db1 Connect success !
req_id:1490078447296414,date:2017-03-21 14:40:47,qt:questionnaire,msg:SELECT `id`, `content`, `type` FROM `que_question` WHERE id in (65,66,67,68,69,70,71,72,73,74,75,76,77,78,79,80,81,82,83,84,85,86,87,88,89,90,91,92,93,94,95,96,97,98,99,100,101,102,103,104,105,106,107,108,109,110,111,112,113,114,115,116,117,118,119,120,121,122,123,124,125,126,127,128,129,130,131,132,133,134,135,136,137,138,139,140,141,142,143,144,145,146,147,148,149) 
req_id:1490078447296414,date:2017-03-21 14:40:47,qt:questionnaire,msg:db_conf_key db1 Connect success !
req_id:1490078447296414,date:2017-03-21 14:40:47,qt:questionnaire,msg:SELECT `id`, `content`, `question_id`, `order` FROM `que_option` WHERE question_id in (65,66,67,68,69,70,71,72,73,74,75,76,77,78,79,80,81,82,83,84,85,86,87,88,89,90,91,92,93,94,95,96,97,98,99,100,101,102,103,104,105,106,107,108,109,110,111,112,113,114,115,116,117,118,119,120,121,122,123,124,125,126,127,128,129,130,131,132,133,134,135,136,137,138,139,140,141,142,143,144,145,146,147,148,149) 
req_id:1490078447296414,date:2017-03-21 14:40:47,qt:questionnaire,msg:query info : null
req_id:149007844867898,date:2017-03-21 14:40:48,qt:questionnaire,msg:db_conf_key db1 Connect success !
req_id:149007844867898,date:2017-03-21 14:40:48,qt:questionnaire,msg:SELECT `id`, `title` FROM `que_title` WHERE id = '2' 
req_id:149007844867898,date:2017-03-21 14:40:48,qt:questionnaire,msg:SELECT `questionnaire_id`, `question_id` FROM `que_title_question` WHERE questionnaire_id = '2' 
req_id:149007844867898,date:2017-03-21 14:40:48,qt:questionnaire,msg:db_conf_key db1 Connect success !
req_id:149007844867898,date:2017-03-21 14:40:48,qt:questionnaire,msg:SELECT `id`, `content`, `type` FROM `que_question` WHERE id in (65,66,67,68,69,70,71,72,73,74,75,76,77,78,79,80,81,82,83,84,85,86,87,88,89,90,91,92,93,94,95,96,97,98,99,100,101,102,103,104,105,106,107,108,109,110,111,112,113,114,115,116,117,118,119,120,121,122,123,124,125,126,127,128,129,130,131,132,133,134,135,136,137,138,139,140,141,142,143,144,145,146,147,148,149) 
req_id:149007844867898,date:2017-03-21 14:40:48,qt:questionnaire,msg:db_conf_key db1 Connect success !
req_id:149007844867898,date:2017-03-21 14:40:48,qt:questionnaire,msg:SELECT `id`, `content`, `question_id`, `order` FROM `que_option` WHERE question_id in (65,66,67,68,69,70,71,72,73,74,75,76,77,78,79,80,81,82,83,84,85,86,87,88,89,90,91,92,93,94,95,96,97,98,99,100,101,102,103,104,105,106,107,108,109,110,111,112,113,114,115,116,117,118,119,120,121,122,123,124,125,126,127,128,129,130,131,132,133,134,135,136,137,138,139,140,141,142,143,144,145,146,147,148,149) 
req_id:149007844867898,date:2017-03-21 14:40:48,qt:questionnaire,msg:query info : null
req_id:1490078476160671,date:2017-03-21 14:41:16,qt:questionnaire,msg:db_conf_key db1 Connect success !
req_id:1490078476160671,date:2017-03-21 14:41:16,qt:questionnaire,msg:SELECT `id`, `title` FROM `que_title` WHERE id = '2' 
req_id:1490078476160671,date:2017-03-21 14:41:16,qt:questionnaire,msg:SELECT `questionnaire_id`, `question_id` FROM `que_title_question` WHERE questionnaire_id = '2' 
req_id:1490078476160671,date:2017-03-21 14:41:16,qt:questionnaire,msg:db_conf_key db1 Connect success !
req_id:1490078476160671,date:2017-03-21 14:41:16,qt:questionnaire,msg:SELECT `id`, `content`, `type` FROM `que_question` WHERE id in (65,66,67,68,69,70,71,72,73,74,75,76,77,78,79,80,81,82,83,84,85,86,87,88,89,90,91,92,93,94,95,96,97,98,99,100,101,102,103,104,105,106,107,108,109,110,111,112,113,114,115,116,117,118,119,120,121,122,123,124,125,126,127,128,129,130,131,132,133,134,135,136,137,138,139,140,141,142,143,144,145,146,147,148,149) 
req_id:1490078476160671,date:2017-03-21 14:41:16,qt:questionnaire,msg:db_conf_key db1 Connect success !
req_id:1490078476160671,date:2017-03-21 14:41:16,qt:questionnaire,msg:SELECT `id`, `content`, `question_id`, `order` FROM `que_option` WHERE question_id in (65,66,67,68,69,70,71,72,73,74,75,76,77,78,79,80,81,82,83,84,85,86,87,88,89,90,91,92,93,94,95,96,97,98,99,100,101,102,103,104,105,106,107,108,109,110,111,112,113,114,115,116,117,118,119,120,121,122,123,124,125,126,127,128,129,130,131,132,133,134,135,136,137,138,139,140,141,142,143,144,145,146,147,148,149) 
req_id:1490078476160671,date:2017-03-21 14:41:16,qt:questionnaire,msg:query info : null
req_id:1490078477187039,date:2017-03-21 14:41:17,qt:questionnaire,msg:db_conf_key db1 Connect success !
req_id:1490078477187039,date:2017-03-21 14:41:17,qt:questionnaire,msg:SELECT `id`, `title` FROM `que_title` WHERE id = '2' 
req_id:1490078477187039,date:2017-03-21 14:41:17,qt:questionnaire,msg:SELECT `questionnaire_id`, `question_id` FROM `que_title_question` WHERE questionnaire_id = '2' 
req_id:1490078477187039,date:2017-03-21 14:41:17,qt:questionnaire,msg:db_conf_key db1 Connect success !
req_id:1490078477187039,date:2017-03-21 14:41:17,qt:questionnaire,msg:SELECT `id`, `content`, `type` FROM `que_question` WHERE id in (65,66,67,68,69,70,71,72,73,74,75,76,77,78,79,80,81,82,83,84,85,86,87,88,89,90,91,92,93,94,95,96,97,98,99,100,101,102,103,104,105,106,107,108,109,110,111,112,113,114,115,116,117,118,119,120,121,122,123,124,125,126,127,128,129,130,131,132,133,134,135,136,137,138,139,140,141,142,143,144,145,146,147,148,149) 
req_id:1490078477187039,date:2017-03-21 14:41:17,qt:questionnaire,msg:db_conf_key db1 Connect success !
req_id:1490078477187039,date:2017-03-21 14:41:17,qt:questionnaire,msg:SELECT `id`, `content`, `question_id`, `order` FROM `que_option` WHERE question_id in (65,66,67,68,69,70,71,72,73,74,75,76,77,78,79,80,81,82,83,84,85,86,87,88,89,90,91,92,93,94,95,96,97,98,99,100,101,102,103,104,105,106,107,108,109,110,111,112,113,114,115,116,117,118,119,120,121,122,123,124,125,126,127,128,129,130,131,132,133,134,135,136,137,138,139,140,141,142,143,144,145,146,147,148,149) 
req_id:1490078477187039,date:2017-03-21 14:41:17,qt:questionnaire,msg:query info : null
req_id:1490078544383328,date:2017-03-21 14:42:24,qt:questionnaire,msg:db_conf_key db1 Connect success !
req_id:1490078544383328,date:2017-03-21 14:42:24,qt:questionnaire,msg:SELECT `id`, `title` FROM `que_title` WHERE id = '2' 
req_id:1490078544383328,date:2017-03-21 14:42:24,qt:questionnaire,msg:SELECT `questionnaire_id`, `question_id` FROM `que_title_question` WHERE questionnaire_id = '2' 
req_id:1490078544383328,date:2017-03-21 14:42:24,qt:questionnaire,msg:db_conf_key db1 Connect success !
req_id:1490078544383328,date:2017-03-21 14:42:24,qt:questionnaire,msg:SELECT `id`, `content`, `type` FROM `que_question` WHERE id in (65,66,67,68,69,70,71,72,73,74,75,76,77,78,79,80,81,82,83,84,85,86,87,88,89,90,91,92,93,94,95,96,97,98,99,100,101,102,103,104,105,106,107,108,109,110,111,112,113,114,115,116,117,118,119,120,121,122,123,124,125,126,127,128,129,130,131,132,133,134,135,136,137,138,139,140,141,142,143,144,145,146,147,148,149) 
req_id:1490078544383328,date:2017-03-21 14:42:24,qt:questionnaire,msg:db_conf_key db1 Connect success !
req_id:1490078544383328,date:2017-03-21 14:42:24,qt:questionnaire,msg:SELECT `id`, `content`, `question_id`, `order` FROM `que_option` WHERE question_id in (65,66,67,68,69,70,71,72,73,74,75,76,77,78,79,80,81,82,83,84,85,86,87,88,89,90,91,92,93,94,95,96,97,98,99,100,101,102,103,104,105,106,107,108,109,110,111,112,113,114,115,116,117,118,119,120,121,122,123,124,125,126,127,128,129,130,131,132,133,134,135,136,137,138,139,140,141,142,143,144,145,146,147,148,149) 
req_id:1490078544383328,date:2017-03-21 14:42:24,qt:questionnaire,msg:query info : null
req_id:1490078570882351,date:2017-03-21 14:42:50,qt:questionnaire,msg:db_conf_key db1 Connect success !
req_id:1490078570882351,date:2017-03-21 14:42:50,qt:questionnaire,msg:SELECT `id`, `title` FROM `que_title` WHERE id = '2' 
req_id:1490078570882351,date:2017-03-21 14:42:50,qt:questionnaire,msg:SELECT `questionnaire_id`, `question_id` FROM `que_title_question` WHERE questionnaire_id = '2' 
req_id:1490078570882351,date:2017-03-21 14:42:50,qt:questionnaire,msg:db_conf_key db1 Connect success !
req_id:1490078570882351,date:2017-03-21 14:42:50,qt:questionnaire,msg:SELECT `id`, `content`, `type` FROM `que_question` WHERE id in (65,66,67,68,69,70,71,72,73,74,75,76,77,78,79,80,81,82,83,84,85,86,87,88,89,90,91,92,93,94,95,96,97,98,99,100,101,102,103,104,105,106,107,108,109,110,111,112,113,114,115,116,117,118,119,120,121,122,123,124,125,126,127,128,129,130,131,132,133,134,135,136,137,138,139,140,141,142,143,144,145,146,147,148,149) 
req_id:1490078570882351,date:2017-03-21 14:42:50,qt:questionnaire,msg:db_conf_key db1 Connect success !
req_id:1490078570882351,date:2017-03-21 14:42:50,qt:questionnaire,msg:SELECT `id`, `content`, `question_id`, `order` FROM `que_option` WHERE question_id in (65,66,67,68,69,70,71,72,73,74,75,76,77,78,79,80,81,82,83,84,85,86,87,88,89,90,91,92,93,94,95,96,97,98,99,100,101,102,103,104,105,106,107,108,109,110,111,112,113,114,115,116,117,118,119,120,121,122,123,124,125,126,127,128,129,130,131,132,133,134,135,136,137,138,139,140,141,142,143,144,145,146,147,148,149) 
req_id:1490078570882351,date:2017-03-21 14:42:50,qt:questionnaire,msg:query info : null
req_id:14900786282468,date:2017-03-21 14:43:48,qt:questionnaire,msg:db_conf_key db1 Connect success !
req_id:14900786282468,date:2017-03-21 14:43:48,qt:questionnaire,msg:SELECT `id`, `title` FROM `que_title` WHERE id = '2' 
req_id:14900786282468,date:2017-03-21 14:43:48,qt:questionnaire,msg:SELECT `questionnaire_id`, `question_id` FROM `que_title_question` WHERE questionnaire_id = '2' 
req_id:14900786282468,date:2017-03-21 14:43:48,qt:questionnaire,msg:db_conf_key db1 Connect success !
req_id:14900786282468,date:2017-03-21 14:43:48,qt:questionnaire,msg:SELECT `id`, `content`, `type` FROM `que_question` WHERE id in (65,66,67,68,69,70,71,72,73,74,75,76,77,78,79,80,81,82,83,84,85,86,87,88,89,90,91,92,93,94,95,96,97,98,99,100,101,102,103,104,105,106,107,108,109,110,111,112,113,114,115,116,117,118,119,120,121,122,123,124,125,126,127,128,129,130,131,132,133,134,135,136,137,138,139,140,141,142,143,144,145,146,147,148,149) 
req_id:14900786282468,date:2017-03-21 14:43:48,qt:questionnaire,msg:db_conf_key db1 Connect success !
req_id:14900786282468,date:2017-03-21 14:43:48,qt:questionnaire,msg:SELECT `id`, `content`, `question_id`, `order` FROM `que_option` WHERE question_id in (65,66,67,68,69,70,71,72,73,74,75,76,77,78,79,80,81,82,83,84,85,86,87,88,89,90,91,92,93,94,95,96,97,98,99,100,101,102,103,104,105,106,107,108,109,110,111,112,113,114,115,116,117,118,119,120,121,122,123,124,125,126,127,128,129,130,131,132,133,134,135,136,137,138,139,140,141,142,143,144,145,146,147,148,149) 
req_id:14900786282468,date:2017-03-21 14:43:48,qt:questionnaire,msg:query info : null
req_id:1490078628851101,date:2017-03-21 14:43:48,qt:questionnaire,msg:db_conf_key db1 Connect success !
req_id:1490078628851101,date:2017-03-21 14:43:48,qt:questionnaire,msg:SELECT `id`, `title` FROM `que_title` WHERE id = '2' 
req_id:1490078628851101,date:2017-03-21 14:43:48,qt:questionnaire,msg:SELECT `questionnaire_id`, `question_id` FROM `que_title_question` WHERE questionnaire_id = '2' 
req_id:1490078628851101,date:2017-03-21 14:43:48,qt:questionnaire,msg:db_conf_key db1 Connect success !
req_id:1490078628851101,date:2017-03-21 14:43:48,qt:questionnaire,msg:SELECT `id`, `content`, `type` FROM `que_question` WHERE id in (65,66,67,68,69,70,71,72,73,74,75,76,77,78,79,80,81,82,83,84,85,86,87,88,89,90,91,92,93,94,95,96,97,98,99,100,101,102,103,104,105,106,107,108,109,110,111,112,113,114,115,116,117,118,119,120,121,122,123,124,125,126,127,128,129,130,131,132,133,134,135,136,137,138,139,140,141,142,143,144,145,146,147,148,149) 
req_id:1490078628851101,date:2017-03-21 14:43:48,qt:questionnaire,msg:db_conf_key db1 Connect success !
req_id:1490078628851101,date:2017-03-21 14:43:48,qt:questionnaire,msg:SELECT `id`, `content`, `question_id`, `order` FROM `que_option` WHERE question_id in (65,66,67,68,69,70,71,72,73,74,75,76,77,78,79,80,81,82,83,84,85,86,87,88,89,90,91,92,93,94,95,96,97,98,99,100,101,102,103,104,105,106,107,108,109,110,111,112,113,114,115,116,117,118,119,120,121,122,123,124,125,126,127,128,129,130,131,132,133,134,135,136,137,138,139,140,141,142,143,144,145,146,147,148,149) 
req_id:1490078628851101,date:2017-03-21 14:43:48,qt:questionnaire,msg:query info : null
req_id:1490078629424343,date:2017-03-21 14:43:49,qt:questionnaire,msg:db_conf_key db1 Connect success !
req_id:1490078629424343,date:2017-03-21 14:43:49,qt:questionnaire,msg:SELECT `id`, `title` FROM `que_title` WHERE id = '2' 
req_id:1490078629424343,date:2017-03-21 14:43:49,qt:questionnaire,msg:SELECT `questionnaire_id`, `question_id` FROM `que_title_question` WHERE questionnaire_id = '2' 
req_id:1490078629424343,date:2017-03-21 14:43:49,qt:questionnaire,msg:db_conf_key db1 Connect success !
req_id:1490078629424343,date:2017-03-21 14:43:49,qt:questionnaire,msg:SELECT `id`, `content`, `type` FROM `que_question` WHERE id in (65,66,67,68,69,70,71,72,73,74,75,76,77,78,79,80,81,82,83,84,85,86,87,88,89,90,91,92,93,94,95,96,97,98,99,100,101,102,103,104,105,106,107,108,109,110,111,112,113,114,115,116,117,118,119,120,121,122,123,124,125,126,127,128,129,130,131,132,133,134,135,136,137,138,139,140,141,142,143,144,145,146,147,148,149) 
req_id:1490078629424343,date:2017-03-21 14:43:49,qt:questionnaire,msg:db_conf_key db1 Connect success !
req_id:1490078629424343,date:2017-03-21 14:43:49,qt:questionnaire,msg:SELECT `id`, `content`, `question_id`, `order` FROM `que_option` WHERE question_id in (65,66,67,68,69,70,71,72,73,74,75,76,77,78,79,80,81,82,83,84,85,86,87,88,89,90,91,92,93,94,95,96,97,98,99,100,101,102,103,104,105,106,107,108,109,110,111,112,113,114,115,116,117,118,119,120,121,122,123,124,125,126,127,128,129,130,131,132,133,134,135,136,137,138,139,140,141,142,143,144,145,146,147,148,149) 
req_id:1490078629424343,date:2017-03-21 14:43:49,qt:questionnaire,msg:query info : null
req_id:1490078730633328,date:2017-03-21 14:45:30,qt:questionnaire,msg:db_conf_key db1 Connect success !
req_id:1490078730633328,date:2017-03-21 14:45:30,qt:questionnaire,msg:SELECT `id`, `title` FROM `que_title` WHERE id = '2' 
req_id:1490078730633328,date:2017-03-21 14:45:30,qt:questionnaire,msg:SELECT `questionnaire_id`, `question_id` FROM `que_title_question` WHERE questionnaire_id = '2' 
req_id:1490078730633328,date:2017-03-21 14:45:30,qt:questionnaire,msg:db_conf_key db1 Connect success !
req_id:1490078730633328,date:2017-03-21 14:45:30,qt:questionnaire,msg:SELECT `id`, `content`, `type` FROM `que_question` WHERE id in (65,66,67,68,69,70,71,72,73,74,75,76,77,78,79,80,81,82,83,84,85,86,87,88,89,90,91,92,93,94,95,96,97,98,99,100,101,102,103,104,105,106,107,108,109,110,111,112,113,114,115,116,117,118,119,120,121,122,123,124,125,126,127,128,129,130,131,132,133,134,135,136,137,138,139,140,141,142,143,144,145,146,147,148,149) 
req_id:1490078730633328,date:2017-03-21 14:45:30,qt:questionnaire,msg:db_conf_key db1 Connect success !
req_id:1490078730633328,date:2017-03-21 14:45:30,qt:questionnaire,msg:SELECT `id`, `content`, `question_id`, `order` FROM `que_option` WHERE question_id in (65,66,67,68,69,70,71,72,73,74,75,76,77,78,79,80,81,82,83,84,85,86,87,88,89,90,91,92,93,94,95,96,97,98,99,100,101,102,103,104,105,106,107,108,109,110,111,112,113,114,115,116,117,118,119,120,121,122,123,124,125,126,127,128,129,130,131,132,133,134,135,136,137,138,139,140,141,142,143,144,145,146,147,148,149) 
req_id:1490078730633328,date:2017-03-21 14:45:30,qt:questionnaire,msg:query info : null
req_id:1490078770651882,date:2017-03-21 14:46:10,qt:questionnaire,msg:db_conf_key db1 Connect success !
req_id:1490078770651882,date:2017-03-21 14:46:10,qt:questionnaire,msg:SELECT `id`, `title` FROM `que_title` WHERE id = '2' 
req_id:1490078770651882,date:2017-03-21 14:46:10,qt:questionnaire,msg:SELECT `questionnaire_id`, `question_id` FROM `que_title_question` WHERE questionnaire_id = '2' 
req_id:1490078770651882,date:2017-03-21 14:46:10,qt:questionnaire,msg:db_conf_key db1 Connect success !
req_id:1490078770651882,date:2017-03-21 14:46:10,qt:questionnaire,msg:SELECT `id`, `content`, `type` FROM `que_question` WHERE id in (65,66,67,68,69,70,71,72,73,74,75,76,77,78,79,80,81,82,83,84,85,86,87,88,89,90,91,92,93,94,95,96,97,98,99,100,101,102,103,104,105,106,107,108,109,110,111,112,113,114,115,116,117,118,119,120,121,122,123,124,125,126,127,128,129,130,131,132,133,134,135,136,137,138,139,140,141,142,143,144,145,146,147,148,149) 
req_id:1490078770651882,date:2017-03-21 14:46:10,qt:questionnaire,msg:db_conf_key db1 Connect success !
req_id:1490078770651882,date:2017-03-21 14:46:10,qt:questionnaire,msg:SELECT `id`, `content`, `question_id`, `order` FROM `que_option` WHERE question_id in (65,66,67,68,69,70,71,72,73,74,75,76,77,78,79,80,81,82,83,84,85,86,87,88,89,90,91,92,93,94,95,96,97,98,99,100,101,102,103,104,105,106,107,108,109,110,111,112,113,114,115,116,117,118,119,120,121,122,123,124,125,126,127,128,129,130,131,132,133,134,135,136,137,138,139,140,141,142,143,144,145,146,147,148,149) 
req_id:1490078770651882,date:2017-03-21 14:46:10,qt:questionnaire,msg:query info : null
req_id:1490078777441921,date:2017-03-21 14:46:17,qt:questionnaire,msg:db_conf_key db1 Connect success !
req_id:1490078777441921,date:2017-03-21 14:46:17,qt:questionnaire,msg:SELECT `id`, `title` FROM `que_title` WHERE id = '2' 
req_id:1490078777441921,date:2017-03-21 14:46:17,qt:questionnaire,msg:SELECT `questionnaire_id`, `question_id` FROM `que_title_question` WHERE questionnaire_id = '2' 
req_id:1490078777441921,date:2017-03-21 14:46:17,qt:questionnaire,msg:db_conf_key db1 Connect success !
req_id:1490078777441921,date:2017-03-21 14:46:17,qt:questionnaire,msg:SELECT `id`, `content`, `type` FROM `que_question` WHERE id in (65,66,67,68,69,70,71,72,73,74,75,76,77,78,79,80,81,82,83,84,85,86,87,88,89,90,91,92,93,94,95,96,97,98,99,100,101,102,103,104,105,106,107,108,109,110,111,112,113,114,115,116,117,118,119,120,121,122,123,124,125,126,127,128,129,130,131,132,133,134,135,136,137,138,139,140,141,142,143,144,145,146,147,148,149) 
req_id:1490078777441921,date:2017-03-21 14:46:17,qt:questionnaire,msg:db_conf_key db1 Connect success !
req_id:1490078777441921,date:2017-03-21 14:46:17,qt:questionnaire,msg:SELECT `id`, `content`, `question_id`, `order` FROM `que_option` WHERE question_id in (65,66,67,68,69,70,71,72,73,74,75,76,77,78,79,80,81,82,83,84,85,86,87,88,89,90,91,92,93,94,95,96,97,98,99,100,101,102,103,104,105,106,107,108,109,110,111,112,113,114,115,116,117,118,119,120,121,122,123,124,125,126,127,128,129,130,131,132,133,134,135,136,137,138,139,140,141,142,143,144,145,146,147,148,149) 
req_id:1490078777441921,date:2017-03-21 14:46:17,qt:questionnaire,msg:query info : null
req_id:1490078789110867,date:2017-03-21 14:46:29,qt:questionnaire,msg:db_conf_key db1 Connect success !
req_id:1490078789110867,date:2017-03-21 14:46:29,qt:questionnaire,msg:SELECT `id`, `title` FROM `que_title` WHERE id = '2' 
req_id:1490078789110867,date:2017-03-21 14:46:29,qt:questionnaire,msg:SELECT `questionnaire_id`, `question_id` FROM `que_title_question` WHERE questionnaire_id = '2' 
req_id:1490078789110867,date:2017-03-21 14:46:29,qt:questionnaire,msg:db_conf_key db1 Connect success !
req_id:1490078789110867,date:2017-03-21 14:46:29,qt:questionnaire,msg:SELECT `id`, `content`, `type` FROM `que_question` WHERE id in (65,66,67,68,69,70,71,72,73,74,75,76,77,78,79,80,81,82,83,84,85,86,87,88,89,90,91,92,93,94,95,96,97,98,99,100,101,102,103,104,105,106,107,108,109,110,111,112,113,114,115,116,117,118,119,120,121,122,123,124,125,126,127,128,129,130,131,132,133,134,135,136,137,138,139,140,141,142,143,144,145,146,147,148,149) 
req_id:1490078789110867,date:2017-03-21 14:46:29,qt:questionnaire,msg:db_conf_key db1 Connect success !
req_id:1490078789110867,date:2017-03-21 14:46:29,qt:questionnaire,msg:SELECT `id`, `content`, `question_id`, `order` FROM `que_option` WHERE question_id in (65,66,67,68,69,70,71,72,73,74,75,76,77,78,79,80,81,82,83,84,85,86,87,88,89,90,91,92,93,94,95,96,97,98,99,100,101,102,103,104,105,106,107,108,109,110,111,112,113,114,115,116,117,118,119,120,121,122,123,124,125,126,127,128,129,130,131,132,133,134,135,136,137,138,139,140,141,142,143,144,145,146,147,148,149) 
req_id:1490078789110867,date:2017-03-21 14:46:29,qt:questionnaire,msg:query info : null
req_id:1490078790219265,date:2017-03-21 14:46:30,qt:questionnaire,msg:db_conf_key db1 Connect success !
req_id:1490078790219265,date:2017-03-21 14:46:30,qt:questionnaire,msg:SELECT `id`, `title` FROM `que_title` WHERE id = '2' 
req_id:1490078790219265,date:2017-03-21 14:46:30,qt:questionnaire,msg:SELECT `questionnaire_id`, `question_id` FROM `que_title_question` WHERE questionnaire_id = '2' 
req_id:1490078790219265,date:2017-03-21 14:46:30,qt:questionnaire,msg:db_conf_key db1 Connect success !
req_id:1490078790219265,date:2017-03-21 14:46:30,qt:questionnaire,msg:SELECT `id`, `content`, `type` FROM `que_question` WHERE id in (65,66,67,68,69,70,71,72,73,74,75,76,77,78,79,80,81,82,83,84,85,86,87,88,89,90,91,92,93,94,95,96,97,98,99,100,101,102,103,104,105,106,107,108,109,110,111,112,113,114,115,116,117,118,119,120,121,122,123,124,125,126,127,128,129,130,131,132,133,134,135,136,137,138,139,140,141,142,143,144,145,146,147,148,149) 
req_id:1490078790219265,date:2017-03-21 14:46:30,qt:questionnaire,msg:db_conf_key db1 Connect success !
req_id:1490078790219265,date:2017-03-21 14:46:30,qt:questionnaire,msg:SELECT `id`, `content`, `question_id`, `order` FROM `que_option` WHERE question_id in (65,66,67,68,69,70,71,72,73,74,75,76,77,78,79,80,81,82,83,84,85,86,87,88,89,90,91,92,93,94,95,96,97,98,99,100,101,102,103,104,105,106,107,108,109,110,111,112,113,114,115,116,117,118,119,120,121,122,123,124,125,126,127,128,129,130,131,132,133,134,135,136,137,138,139,140,141,142,143,144,145,146,147,148,149) 
req_id:1490078790219265,date:2017-03-21 14:46:30,qt:questionnaire,msg:query info : null
req_id:149007882181570,date:2017-03-21 14:47:01,qt:questionnaire,msg:db_conf_key db1 Connect success !
req_id:149007882181570,date:2017-03-21 14:47:01,qt:questionnaire,msg:SELECT `id`, `title` FROM `que_title` WHERE id = '2' 
req_id:149007882181570,date:2017-03-21 14:47:01,qt:questionnaire,msg:SELECT `questionnaire_id`, `question_id` FROM `que_title_question` WHERE questionnaire_id = '2' 
req_id:149007882181570,date:2017-03-21 14:47:01,qt:questionnaire,msg:db_conf_key db1 Connect success !
req_id:149007882181570,date:2017-03-21 14:47:01,qt:questionnaire,msg:SELECT `id`, `content`, `type` FROM `que_question` WHERE id in (65,66,67,68,69,70,71,72,73,74,75,76,77,78,79,80,81,82,83,84,85,86,87,88,89,90,91,92,93,94,95,96,97,98,99,100,101,102,103,104,105,106,107,108,109,110,111,112,113,114,115,116,117,118,119,120,121,122,123,124,125,126,127,128,129,130,131,132,133,134,135,136,137,138,139,140,141,142,143,144,145,146,147,148,149) 
req_id:149007882181570,date:2017-03-21 14:47:01,qt:questionnaire,msg:db_conf_key db1 Connect success !
req_id:149007882181570,date:2017-03-21 14:47:01,qt:questionnaire,msg:SELECT `id`, `content`, `question_id`, `order` FROM `que_option` WHERE question_id in (65,66,67,68,69,70,71,72,73,74,75,76,77,78,79,80,81,82,83,84,85,86,87,88,89,90,91,92,93,94,95,96,97,98,99,100,101,102,103,104,105,106,107,108,109,110,111,112,113,114,115,116,117,118,119,120,121,122,123,124,125,126,127,128,129,130,131,132,133,134,135,136,137,138,139,140,141,142,143,144,145,146,147,148,149) 
req_id:149007882181570,date:2017-03-21 14:47:01,qt:questionnaire,msg:query info : null
req_id:1490078849794460,date:2017-03-21 14:47:29,qt:questionnaire,msg:db_conf_key db1 Connect success !
req_id:1490078849794460,date:2017-03-21 14:47:29,qt:questionnaire,msg:SELECT `id`, `title` FROM `que_title` WHERE id = '2' 
req_id:1490078849794460,date:2017-03-21 14:47:29,qt:questionnaire,msg:SELECT `questionnaire_id`, `question_id` FROM `que_title_question` WHERE questionnaire_id = '2' 
req_id:1490078849794460,date:2017-03-21 14:47:29,qt:questionnaire,msg:db_conf_key db1 Connect success !
req_id:1490078849794460,date:2017-03-21 14:47:29,qt:questionnaire,msg:SELECT `id`, `content`, `type` FROM `que_question` WHERE id in (65,66,67,68,69,70,71,72,73,74,75,76,77,78,79,80,81,82,83,84,85,86,87,88,89,90,91,92,93,94,95,96,97,98,99,100,101,102,103,104,105,106,107,108,109,110,111,112,113,114,115,116,117,118,119,120,121,122,123,124,125,126,127,128,129,130,131,132,133,134,135,136,137,138,139,140,141,142,143,144,145,146,147,148,149) 
req_id:1490078849794460,date:2017-03-21 14:47:29,qt:questionnaire,msg:db_conf_key db1 Connect success !
req_id:1490078849794460,date:2017-03-21 14:47:29,qt:questionnaire,msg:SELECT `id`, `content`, `question_id`, `order` FROM `que_option` WHERE question_id in (65,66,67,68,69,70,71,72,73,74,75,76,77,78,79,80,81,82,83,84,85,86,87,88,89,90,91,92,93,94,95,96,97,98,99,100,101,102,103,104,105,106,107,108,109,110,111,112,113,114,115,116,117,118,119,120,121,122,123,124,125,126,127,128,129,130,131,132,133,134,135,136,137,138,139,140,141,142,143,144,145,146,147,148,149) 
req_id:1490078849794460,date:2017-03-21 14:47:29,qt:questionnaire,msg:query info : null
req_id:1490078872122585,date:2017-03-21 14:47:52,qt:questionnaire,msg:db_conf_key db1 Connect success !
req_id:1490078872122585,date:2017-03-21 14:47:52,qt:questionnaire,msg:SELECT `id`, `title` FROM `que_title` WHERE id = '2' 
req_id:1490078872122585,date:2017-03-21 14:47:52,qt:questionnaire,msg:SELECT `questionnaire_id`, `question_id` FROM `que_title_question` WHERE questionnaire_id = '2' 
req_id:1490078872122585,date:2017-03-21 14:47:52,qt:questionnaire,msg:db_conf_key db1 Connect success !
req_id:1490078872122585,date:2017-03-21 14:47:52,qt:questionnaire,msg:SELECT `id`, `content`, `type` FROM `que_question` WHERE id in (65,66,67,68,69,70,71,72,73,74,75,76,77,78,79,80,81,82,83,84,85,86,87,88,89,90,91,92,93,94,95,96,97,98,99,100,101,102,103,104,105,106,107,108,109,110,111,112,113,114,115,116,117,118,119,120,121,122,123,124,125,126,127,128,129,130,131,132,133,134,135,136,137,138,139,140,141,142,143,144,145,146,147,148,149) 
req_id:1490078872122585,date:2017-03-21 14:47:52,qt:questionnaire,msg:db_conf_key db1 Connect success !
req_id:1490078872122585,date:2017-03-21 14:47:52,qt:questionnaire,msg:SELECT `id`, `content`, `question_id`, `order` FROM `que_option` WHERE question_id in (65,66,67,68,69,70,71,72,73,74,75,76,77,78,79,80,81,82,83,84,85,86,87,88,89,90,91,92,93,94,95,96,97,98,99,100,101,102,103,104,105,106,107,108,109,110,111,112,113,114,115,116,117,118,119,120,121,122,123,124,125,126,127,128,129,130,131,132,133,134,135,136,137,138,139,140,141,142,143,144,145,146,147,148,149) 
req_id:1490078872122585,date:2017-03-21 14:47:52,qt:questionnaire,msg:query info : null
req_id:1490078934674343,date:2017-03-21 14:48:54,qt:questionnaire,msg:db_conf_key db1 Connect success !
req_id:1490078934674343,date:2017-03-21 14:48:54,qt:questionnaire,msg:SELECT `id`, `title` FROM `que_title` WHERE id = '2' 
req_id:1490078934674343,date:2017-03-21 14:48:54,qt:questionnaire,msg:SELECT `questionnaire_id`, `question_id` FROM `que_title_question` WHERE questionnaire_id = '2' 
req_id:1490078934674343,date:2017-03-21 14:48:54,qt:questionnaire,msg:db_conf_key db1 Connect success !
req_id:1490078934674343,date:2017-03-21 14:48:54,qt:questionnaire,msg:SELECT `id`, `content`, `type` FROM `que_question` WHERE id in (65,66,67,68,69,70,71,72,73,74,75,76,77,78,79,80,81,82,83,84,85,86,87,88,89,90,91,92,93,94,95,96,97,98,99,100,101,102,103,104,105,106,107,108,109,110,111,112,113,114,115,116,117,118,119,120,121,122,123,124,125,126,127,128,129,130,131,132,133,134,135,136,137,138,139,140,141,142,143,144,145,146,147,148,149) 
req_id:1490078934674343,date:2017-03-21 14:48:54,qt:questionnaire,msg:db_conf_key db1 Connect success !
req_id:1490078934674343,date:2017-03-21 14:48:54,qt:questionnaire,msg:SELECT `id`, `content`, `question_id`, `order` FROM `que_option` WHERE question_id in (65,66,67,68,69,70,71,72,73,74,75,76,77,78,79,80,81,82,83,84,85,86,87,88,89,90,91,92,93,94,95,96,97,98,99,100,101,102,103,104,105,106,107,108,109,110,111,112,113,114,115,116,117,118,119,120,121,122,123,124,125,126,127,128,129,130,131,132,133,134,135,136,137,138,139,140,141,142,143,144,145,146,147,148,149) 
req_id:1490078934674343,date:2017-03-21 14:48:54,qt:questionnaire,msg:query info : null
req_id:1490078949996609,date:2017-03-21 14:49:10,qt:questionnaire,msg:db_conf_key db1 Connect success !
req_id:1490078949996609,date:2017-03-21 14:49:10,qt:questionnaire,msg:SELECT `id`, `title` FROM `que_title` WHERE id = '2' 
req_id:1490078949996609,date:2017-03-21 14:49:10,qt:questionnaire,msg:SELECT `questionnaire_id`, `question_id` FROM `que_title_question` WHERE questionnaire_id = '2' 
req_id:1490078949996609,date:2017-03-21 14:49:10,qt:questionnaire,msg:db_conf_key db1 Connect success !
req_id:1490078949996609,date:2017-03-21 14:49:10,qt:questionnaire,msg:SELECT `id`, `content`, `type` FROM `que_question` WHERE id in (65,66,67,68,69,70,71,72,73,74,75,76,77,78,79,80,81,82,83,84,85,86,87,88,89,90,91,92,93,94,95,96,97,98,99,100,101,102,103,104,105,106,107,108,109,110,111,112,113,114,115,116,117,118,119,120,121,122,123,124,125,126,127,128,129,130,131,132,133,134,135,136,137,138,139,140,141,142,143,144,145,146,147,148,149) 
req_id:1490078949996609,date:2017-03-21 14:49:10,qt:questionnaire,msg:db_conf_key db1 Connect success !
req_id:1490078949996609,date:2017-03-21 14:49:10,qt:questionnaire,msg:SELECT `id`, `content`, `question_id`, `order` FROM `que_option` WHERE question_id in (65,66,67,68,69,70,71,72,73,74,75,76,77,78,79,80,81,82,83,84,85,86,87,88,89,90,91,92,93,94,95,96,97,98,99,100,101,102,103,104,105,106,107,108,109,110,111,112,113,114,115,116,117,118,119,120,121,122,123,124,125,126,127,128,129,130,131,132,133,134,135,136,137,138,139,140,141,142,143,144,145,146,147,148,149) 
req_id:1490078949996609,date:2017-03-21 14:49:10,qt:questionnaire,msg:query info : null
req_id:1490079009405789,date:2017-03-21 14:50:09,qt:questionnaire,msg:db_conf_key db1 Connect success !
req_id:1490079009405789,date:2017-03-21 14:50:09,qt:questionnaire,msg:SELECT `id`, `title` FROM `que_title` WHERE id = '2' 
req_id:1490079009405789,date:2017-03-21 14:50:09,qt:questionnaire,msg:SELECT `questionnaire_id`, `question_id` FROM `que_title_question` WHERE questionnaire_id = '2' 
req_id:1490079009405789,date:2017-03-21 14:50:09,qt:questionnaire,msg:db_conf_key db1 Connect success !
req_id:1490079009405789,date:2017-03-21 14:50:09,qt:questionnaire,msg:SELECT `id`, `content`, `type` FROM `que_question` WHERE id in (65,66,67,68,69,70,71,72,73,74,75,76,77,78,79,80,81,82,83,84,85,86,87,88,89,90,91,92,93,94,95,96,97,98,99,100,101,102,103,104,105,106,107,108,109,110,111,112,113,114,115,116,117,118,119,120,121,122,123,124,125,126,127,128,129,130,131,132,133,134,135,136,137,138,139,140,141,142,143,144,145,146,147,148,149) 
req_id:1490079009405789,date:2017-03-21 14:50:09,qt:questionnaire,msg:db_conf_key db1 Connect success !
req_id:1490079009405789,date:2017-03-21 14:50:09,qt:questionnaire,msg:SELECT `id`, `content`, `question_id`, `order` FROM `que_option` WHERE question_id in (65,66,67,68,69,70,71,72,73,74,75,76,77,78,79,80,81,82,83,84,85,86,87,88,89,90,91,92,93,94,95,96,97,98,99,100,101,102,103,104,105,106,107,108,109,110,111,112,113,114,115,116,117,118,119,120,121,122,123,124,125,126,127,128,129,130,131,132,133,134,135,136,137,138,139,140,141,142,143,144,145,146,147,148,149) 
req_id:1490079009405789,date:2017-03-21 14:50:09,qt:questionnaire,msg:query info : null
req_id:1490079010558132,date:2017-03-21 14:50:10,qt:questionnaire,msg:db_conf_key db1 Connect success !
req_id:1490079010558132,date:2017-03-21 14:50:10,qt:questionnaire,msg:SELECT `id`, `title` FROM `que_title` WHERE id = '2' 
req_id:1490079010558132,date:2017-03-21 14:50:10,qt:questionnaire,msg:SELECT `questionnaire_id`, `question_id` FROM `que_title_question` WHERE questionnaire_id = '2' 
req_id:1490079010558132,date:2017-03-21 14:50:10,qt:questionnaire,msg:db_conf_key db1 Connect success !
req_id:1490079010558132,date:2017-03-21 14:50:10,qt:questionnaire,msg:SELECT `id`, `content`, `type` FROM `que_question` WHERE id in (65,66,67,68,69,70,71,72,73,74,75,76,77,78,79,80,81,82,83,84,85,86,87,88,89,90,91,92,93,94,95,96,97,98,99,100,101,102,103,104,105,106,107,108,109,110,111,112,113,114,115,116,117,118,119,120,121,122,123,124,125,126,127,128,129,130,131,132,133,134,135,136,137,138,139,140,141,142,143,144,145,146,147,148,149) 
req_id:1490079010558132,date:2017-03-21 14:50:10,qt:questionnaire,msg:db_conf_key db1 Connect success !
req_id:1490079010558132,date:2017-03-21 14:50:10,qt:questionnaire,msg:SELECT `id`, `content`, `question_id`, `order` FROM `que_option` WHERE question_id in (65,66,67,68,69,70,71,72,73,74,75,76,77,78,79,80,81,82,83,84,85,86,87,88,89,90,91,92,93,94,95,96,97,98,99,100,101,102,103,104,105,106,107,108,109,110,111,112,113,114,115,116,117,118,119,120,121,122,123,124,125,126,127,128,129,130,131,132,133,134,135,136,137,138,139,140,141,142,143,144,145,146,147,148,149) 
req_id:1490079010558132,date:2017-03-21 14:50:10,qt:questionnaire,msg:query info : null
req_id:1490079158364773,date:2017-03-21 14:52:38,qt:questionnaire,msg:db_conf_key db1 Connect success !
req_id:1490079158364773,date:2017-03-21 14:52:38,qt:questionnaire,msg:SELECT `id`, `title` FROM `que_title` WHERE id = '2' 
req_id:1490079158364773,date:2017-03-21 14:52:38,qt:questionnaire,msg:SELECT `questionnaire_id`, `question_id` FROM `que_title_question` WHERE questionnaire_id = '2' 
req_id:1490079158364773,date:2017-03-21 14:52:38,qt:questionnaire,msg:db_conf_key db1 Connect success !
req_id:1490079158364773,date:2017-03-21 14:52:38,qt:questionnaire,msg:SELECT `id`, `content`, `type` FROM `que_question` WHERE id in (65,66,67,68,69,70,71,72,73,74,75,76,77,78,79,80,81,82,83,84,85,86,87,88,89,90,91,92,93,94,95,96,97,98,99,100,101,102,103,104,105,106,107,108,109,110,111,112,113,114,115,116,117,118,119,120,121,122,123,124,125,126,127,128,129,130,131,132,133,134,135,136,137,138,139,140,141,142,143,144,145,146,147,148,149) 
req_id:1490079158364773,date:2017-03-21 14:52:38,qt:questionnaire,msg:db_conf_key db1 Connect success !
req_id:1490079158364773,date:2017-03-21 14:52:38,qt:questionnaire,msg:SELECT `id`, `content`, `question_id`, `order` FROM `que_option` WHERE question_id in (65,66,67,68,69,70,71,72,73,74,75,76,77,78,79,80,81,82,83,84,85,86,87,88,89,90,91,92,93,94,95,96,97,98,99,100,101,102,103,104,105,106,107,108,109,110,111,112,113,114,115,116,117,118,119,120,121,122,123,124,125,126,127,128,129,130,131,132,133,134,135,136,137,138,139,140,141,142,143,144,145,146,147,148,149) 
req_id:1490079158364773,date:2017-03-21 14:52:38,qt:questionnaire,msg:query info : null
req_id:1490079160884304,date:2017-03-21 14:52:40,qt:questionnaire,msg:db_conf_key db1 Connect success !
req_id:1490079160884304,date:2017-03-21 14:52:40,qt:questionnaire,msg:SELECT `id`, `title` FROM `que_title` WHERE id = '2' 
req_id:1490079160884304,date:2017-03-21 14:52:40,qt:questionnaire,msg:SELECT `questionnaire_id`, `question_id` FROM `que_title_question` WHERE questionnaire_id = '2' 
req_id:1490079160884304,date:2017-03-21 14:52:40,qt:questionnaire,msg:db_conf_key db1 Connect success !
req_id:1490079160884304,date:2017-03-21 14:52:40,qt:questionnaire,msg:SELECT `id`, `content`, `type` FROM `que_question` WHERE id in (65,66,67,68,69,70,71,72,73,74,75,76,77,78,79,80,81,82,83,84,85,86,87,88,89,90,91,92,93,94,95,96,97,98,99,100,101,102,103,104,105,106,107,108,109,110,111,112,113,114,115,116,117,118,119,120,121,122,123,124,125,126,127,128,129,130,131,132,133,134,135,136,137,138,139,140,141,142,143,144,145,146,147,148,149) 
req_id:1490079160884304,date:2017-03-21 14:52:40,qt:questionnaire,msg:db_conf_key db1 Connect success !
req_id:1490079160884304,date:2017-03-21 14:52:40,qt:questionnaire,msg:SELECT `id`, `content`, `question_id`, `order` FROM `que_option` WHERE question_id in (65,66,67,68,69,70,71,72,73,74,75,76,77,78,79,80,81,82,83,84,85,86,87,88,89,90,91,92,93,94,95,96,97,98,99,100,101,102,103,104,105,106,107,108,109,110,111,112,113,114,115,116,117,118,119,120,121,122,123,124,125,126,127,128,129,130,131,132,133,134,135,136,137,138,139,140,141,142,143,144,145,146,147,148,149) 
req_id:1490079160884304,date:2017-03-21 14:52:40,qt:questionnaire,msg:query info : null
req_id:1490079162877468,date:2017-03-21 14:52:42,qt:questionnaire,msg:db_conf_key db1 Connect success !
req_id:1490079162877468,date:2017-03-21 14:52:42,qt:questionnaire,msg:SELECT `id`, `title` FROM `que_title` WHERE id = '2' 
req_id:1490079162877468,date:2017-03-21 14:52:42,qt:questionnaire,msg:SELECT `questionnaire_id`, `question_id` FROM `que_title_question` WHERE questionnaire_id = '2' 
req_id:1490079162877468,date:2017-03-21 14:52:42,qt:questionnaire,msg:db_conf_key db1 Connect success !
req_id:1490079162877468,date:2017-03-21 14:52:42,qt:questionnaire,msg:SELECT `id`, `content`, `type` FROM `que_question` WHERE id in (65,66,67,68,69,70,71,72,73,74,75,76,77,78,79,80,81,82,83,84,85,86,87,88,89,90,91,92,93,94,95,96,97,98,99,100,101,102,103,104,105,106,107,108,109,110,111,112,113,114,115,116,117,118,119,120,121,122,123,124,125,126,127,128,129,130,131,132,133,134,135,136,137,138,139,140,141,142,143,144,145,146,147,148,149) 
req_id:1490079162877468,date:2017-03-21 14:52:42,qt:questionnaire,msg:db_conf_key db1 Connect success !
req_id:1490079162877468,date:2017-03-21 14:52:42,qt:questionnaire,msg:SELECT `id`, `content`, `question_id`, `order` FROM `que_option` WHERE question_id in (65,66,67,68,69,70,71,72,73,74,75,76,77,78,79,80,81,82,83,84,85,86,87,88,89,90,91,92,93,94,95,96,97,98,99,100,101,102,103,104,105,106,107,108,109,110,111,112,113,114,115,116,117,118,119,120,121,122,123,124,125,126,127,128,129,130,131,132,133,134,135,136,137,138,139,140,141,142,143,144,145,146,147,148,149) 
req_id:1490079162877468,date:2017-03-21 14:52:42,qt:questionnaire,msg:query info : null
req_id:1490079192346218,date:2017-03-21 14:53:12,qt:questionnaire,msg:db_conf_key db1 Connect success !
req_id:1490079192346218,date:2017-03-21 14:53:12,qt:questionnaire,msg:SELECT `id`, `title` FROM `que_title` WHERE id = '2' 
req_id:1490079192346218,date:2017-03-21 14:53:12,qt:questionnaire,msg:SELECT `questionnaire_id`, `question_id` FROM `que_title_question` WHERE questionnaire_id = '2' 
req_id:1490079192346218,date:2017-03-21 14:53:12,qt:questionnaire,msg:db_conf_key db1 Connect success !
req_id:1490079192346218,date:2017-03-21 14:53:12,qt:questionnaire,msg:SELECT `id`, `content`, `type` FROM `que_question` WHERE id in (65,66,67,68,69,70,71,72,73,74,75,76,77,78,79,80,81,82,83,84,85,86,87,88,89,90,91,92,93,94,95,96,97,98,99,100,101,102,103,104,105,106,107,108,109,110,111,112,113,114,115,116,117,118,119,120,121,122,123,124,125,126,127,128,129,130,131,132,133,134,135,136,137,138,139,140,141,142,143,144,145,146,147,148,149) 
req_id:1490079192346218,date:2017-03-21 14:53:12,qt:questionnaire,msg:db_conf_key db1 Connect success !
req_id:1490079192346218,date:2017-03-21 14:53:12,qt:questionnaire,msg:SELECT `id`, `content`, `question_id`, `order` FROM `que_option` WHERE question_id in (65,66,67,68,69,70,71,72,73,74,75,76,77,78,79,80,81,82,83,84,85,86,87,88,89,90,91,92,93,94,95,96,97,98,99,100,101,102,103,104,105,106,107,108,109,110,111,112,113,114,115,116,117,118,119,120,121,122,123,124,125,126,127,128,129,130,131,132,133,134,135,136,137,138,139,140,141,142,143,144,145,146,147,148,149) 
req_id:1490079192346218,date:2017-03-21 14:53:12,qt:questionnaire,msg:query info : null
req_id:1490079200252468,date:2017-03-21 14:53:20,qt:questionnaire,msg:db_conf_key db1 Connect success !
req_id:1490079200252468,date:2017-03-21 14:53:20,qt:questionnaire,msg:SELECT `id`, `title` FROM `que_title` WHERE id = '2' 
req_id:1490079200252468,date:2017-03-21 14:53:20,qt:questionnaire,msg:SELECT `questionnaire_id`, `question_id` FROM `que_title_question` WHERE questionnaire_id = '2' 
req_id:1490079200252468,date:2017-03-21 14:53:20,qt:questionnaire,msg:db_conf_key db1 Connect success !
req_id:1490079200252468,date:2017-03-21 14:53:20,qt:questionnaire,msg:SELECT `id`, `content`, `type` FROM `que_question` WHERE id in (65,66,67,68,69,70,71,72,73,74,75,76,77,78,79,80,81,82,83,84,85,86,87,88,89,90,91,92,93,94,95,96,97,98,99,100,101,102,103,104,105,106,107,108,109,110,111,112,113,114,115,116,117,118,119,120,121,122,123,124,125,126,127,128,129,130,131,132,133,134,135,136,137,138,139,140,141,142,143,144,145,146,147,148,149) 
req_id:1490079200252468,date:2017-03-21 14:53:20,qt:questionnaire,msg:db_conf_key db1 Connect success !
req_id:1490079200252468,date:2017-03-21 14:53:20,qt:questionnaire,msg:SELECT `id`, `content`, `question_id`, `order` FROM `que_option` WHERE question_id in (65,66,67,68,69,70,71,72,73,74,75,76,77,78,79,80,81,82,83,84,85,86,87,88,89,90,91,92,93,94,95,96,97,98,99,100,101,102,103,104,105,106,107,108,109,110,111,112,113,114,115,116,117,118,119,120,121,122,123,124,125,126,127,128,129,130,131,132,133,134,135,136,137,138,139,140,141,142,143,144,145,146,147,148,149) 
req_id:1490079200252468,date:2017-03-21 14:53:20,qt:questionnaire,msg:query info : null
req_id:1490079201503445,date:2017-03-21 14:53:21,qt:questionnaire,msg:db_conf_key db1 Connect success !
req_id:1490079201503445,date:2017-03-21 14:53:21,qt:questionnaire,msg:SELECT `id`, `title` FROM `que_title` WHERE id = '2' 
req_id:1490079201503445,date:2017-03-21 14:53:21,qt:questionnaire,msg:SELECT `questionnaire_id`, `question_id` FROM `que_title_question` WHERE questionnaire_id = '2' 
req_id:1490079201503445,date:2017-03-21 14:53:21,qt:questionnaire,msg:db_conf_key db1 Connect success !
req_id:1490079201503445,date:2017-03-21 14:53:21,qt:questionnaire,msg:SELECT `id`, `content`, `type` FROM `que_question` WHERE id in (65,66,67,68,69,70,71,72,73,74,75,76,77,78,79,80,81,82,83,84,85,86,87,88,89,90,91,92,93,94,95,96,97,98,99,100,101,102,103,104,105,106,107,108,109,110,111,112,113,114,115,116,117,118,119,120,121,122,123,124,125,126,127,128,129,130,131,132,133,134,135,136,137,138,139,140,141,142,143,144,145,146,147,148,149) 
req_id:1490079201503445,date:2017-03-21 14:53:21,qt:questionnaire,msg:db_conf_key db1 Connect success !
req_id:1490079201503445,date:2017-03-21 14:53:21,qt:questionnaire,msg:SELECT `id`, `content`, `question_id`, `order` FROM `que_option` WHERE question_id in (65,66,67,68,69,70,71,72,73,74,75,76,77,78,79,80,81,82,83,84,85,86,87,88,89,90,91,92,93,94,95,96,97,98,99,100,101,102,103,104,105,106,107,108,109,110,111,112,113,114,115,116,117,118,119,120,121,122,123,124,125,126,127,128,129,130,131,132,133,134,135,136,137,138,139,140,141,142,143,144,145,146,147,148,149) 
req_id:1490079201503445,date:2017-03-21 14:53:21,qt:questionnaire,msg:query info : null
req_id:1490081390215359,date:2017-03-21 15:29:50,qt:questionnaire,msg:db_conf_key db1 Connect success !
req_id:1490081390215359,date:2017-03-21 15:29:50,qt:questionnaire,msg:SELECT `id`, `title` FROM `que_title` WHERE id = '2' 
req_id:1490081390215359,date:2017-03-21 15:29:50,qt:questionnaire,msg:SELECT `questionnaire_id`, `question_id` FROM `que_title_question` WHERE questionnaire_id = '2' 
req_id:1490081390215359,date:2017-03-21 15:29:50,qt:questionnaire,msg:db_conf_key db1 Connect success !
req_id:1490081390215359,date:2017-03-21 15:29:50,qt:questionnaire,msg:SELECT `id`, `content`, `type` FROM `que_question` WHERE id in (65,66,67,68,69,70,71,72,73,74,75,76,77,78,79,80,81,82,83,84,85,86,87,88,89,90,91,92,93,94,95,96,97,98,99,100,101,102,103,104,105,106,107,108,109,110,111,112,113,114,115,116,117,118,119,120,121,122,123,124,125,126,127,128,129,130,131,132,133,134,135,136,137,138,139,140,141,142,143,144,145,146,147,148,149) 
req_id:1490081390215359,date:2017-03-21 15:29:50,qt:questionnaire,msg:db_conf_key db1 Connect success !
req_id:1490081390215359,date:2017-03-21 15:29:50,qt:questionnaire,msg:SELECT `id`, `content`, `question_id`, `order` FROM `que_option` WHERE question_id in (65,66,67,68,69,70,71,72,73,74,75,76,77,78,79,80,81,82,83,84,85,86,87,88,89,90,91,92,93,94,95,96,97,98,99,100,101,102,103,104,105,106,107,108,109,110,111,112,113,114,115,116,117,118,119,120,121,122,123,124,125,126,127,128,129,130,131,132,133,134,135,136,137,138,139,140,141,142,143,144,145,146,147,148,149) 
req_id:1490081390215359,date:2017-03-21 15:29:50,qt:questionnaire,msg:query info : null
req_id:1490081413715359,date:2017-03-21 15:30:13,qt:questionnaire,msg:db_conf_key db1 Connect success !
req_id:1490081413715359,date:2017-03-21 15:30:13,qt:questionnaire,msg:SELECT `id`, `title` FROM `que_title` WHERE id = '2' 
req_id:1490081413715359,date:2017-03-21 15:30:13,qt:questionnaire,msg:SELECT `questionnaire_id`, `question_id` FROM `que_title_question` WHERE questionnaire_id = '2' 
req_id:1490081413715359,date:2017-03-21 15:30:13,qt:questionnaire,msg:db_conf_key db1 Connect success !
req_id:1490081413715359,date:2017-03-21 15:30:13,qt:questionnaire,msg:SELECT `id`, `content`, `type` FROM `que_question` WHERE id in (65,66,67,68,69,70,71,72,73,74,75,76,77,78,79,80,81,82,83,84,85,86,87,88,89,90,91,92,93,94,95,96,97,98,99,100,101,102,103,104,105,106,107,108,109,110,111,112,113,114,115,116,117,118,119,120,121,122,123,124,125,126,127,128,129,130,131,132,133,134,135,136,137,138,139,140,141,142,143,144,145,146,147,148,149) 
req_id:1490081413715359,date:2017-03-21 15:30:13,qt:questionnaire,msg:db_conf_key db1 Connect success !
req_id:1490081413715359,date:2017-03-21 15:30:13,qt:questionnaire,msg:SELECT `id`, `content`, `question_id`, `order` FROM `que_option` WHERE question_id in (65,66,67,68,69,70,71,72,73,74,75,76,77,78,79,80,81,82,83,84,85,86,87,88,89,90,91,92,93,94,95,96,97,98,99,100,101,102,103,104,105,106,107,108,109,110,111,112,113,114,115,116,117,118,119,120,121,122,123,124,125,126,127,128,129,130,131,132,133,134,135,136,137,138,139,140,141,142,143,144,145,146,147,148,149) 
req_id:1490081413715359,date:2017-03-21 15:30:13,qt:questionnaire,msg:query info : null
req_id:149008142154226,date:2017-03-21 15:30:21,qt:questionnaire,msg:db_conf_key db1 Connect success !
req_id:149008142154226,date:2017-03-21 15:30:21,qt:questionnaire,msg:SELECT `id`, `title` FROM `que_title` WHERE id = '2' 
req_id:149008142154226,date:2017-03-21 15:30:21,qt:questionnaire,msg:SELECT `questionnaire_id`, `question_id` FROM `que_title_question` WHERE questionnaire_id = '2' 
req_id:149008142154226,date:2017-03-21 15:30:21,qt:questionnaire,msg:db_conf_key db1 Connect success !
req_id:149008142154226,date:2017-03-21 15:30:21,qt:questionnaire,msg:SELECT `id`, `content`, `type` FROM `que_question` WHERE id in (65,66,67,68,69,70,71,72,73,74,75,76,77,78,79,80,81,82,83,84,85,86,87,88,89,90,91,92,93,94,95,96,97,98,99,100,101,102,103,104,105,106,107,108,109,110,111,112,113,114,115,116,117,118,119,120,121,122,123,124,125,126,127,128,129,130,131,132,133,134,135,136,137,138,139,140,141,142,143,144,145,146,147,148,149) 
req_id:149008142154226,date:2017-03-21 15:30:21,qt:questionnaire,msg:db_conf_key db1 Connect success !
req_id:149008142154226,date:2017-03-21 15:30:21,qt:questionnaire,msg:SELECT `id`, `content`, `question_id`, `order` FROM `que_option` WHERE question_id in (65,66,67,68,69,70,71,72,73,74,75,76,77,78,79,80,81,82,83,84,85,86,87,88,89,90,91,92,93,94,95,96,97,98,99,100,101,102,103,104,105,106,107,108,109,110,111,112,113,114,115,116,117,118,119,120,121,122,123,124,125,126,127,128,129,130,131,132,133,134,135,136,137,138,139,140,141,142,143,144,145,146,147,148,149) 
req_id:149008142154226,date:2017-03-21 15:30:21,qt:questionnaire,msg:query info : null
