req_id:1505174365385625,date:2017-09-12 07:59:25,qt:login,msg:query info : null
req_id:1505174365401250,date:2017-09-12 07:59:25,qt:list,msg:db_conf_key db1 Connect success !
req_id:1505174365401250,date:2017-09-12 07:59:25,qt:list,msg:SELECT `id`, `content`, `weight`, `parent_id` FROM `eval_index`
req_id:1505174365401250,date:2017-09-12 07:59:25,qt:list,msg:query info : null
req_id:1505174365432500,date:2017-09-12 07:59:25,qt:navigate,msg:redis connect success
req_id:1505174365432500,date:2017-09-12 07:59:25,qt:navigate,msg:query info : null
req_id:1505174365541875,date:2017-09-12 07:59:25,qt:login,msg:query info : null
req_id:1505174416416875,date:2017-09-12 08:00:16,qt:login,msg:query info : null
req_id:1505174416448125,date:2017-09-12 08:00:16,qt:login,msg:query info : null
req_id:1505174416635625,date:2017-09-12 08:00:16,qt:login,msg:query info : null
req_id:1505174420791875,date:2017-09-12 08:00:20,qt:login,msg:db_conf_key db1 Connect success !
req_id:1505174420791875,date:2017-09-12 08:00:20,qt:login,msg:SELECT `id`, `account`, `passwd`, `name`, `parent_id` FROM `eval_department` WHERE account = 'yanshi' 
req_id:1505174420791875,date:2017-09-12 08:00:20,qt:login,msg:query info : null
req_id:1505174420916875,date:2017-09-12 08:00:20,qt:login,msg:query info : null
req_id:1505174420948125,date:2017-09-12 08:00:20,qt:list,msg:db_conf_key db1 Connect success !
req_id:1505174420948125,date:2017-09-12 08:00:20,qt:list,msg:SELECT `id`, `content`, `weight`, `parent_id` FROM `eval_index`
req_id:1505174420948125,date:2017-09-12 08:00:20,qt:list,msg:query info : null
req_id:1505174420979375,date:2017-09-12 08:00:20,qt:navigate,msg:redis connect success
req_id:1505174420979375,date:2017-09-12 08:00:20,qt:navigate,msg:db_conf_key db1 Connect success !
req_id:1505174420979375,date:2017-09-12 08:00:20,qt:navigate,msg:SELECT `id`, `name` FROM `eval_department` WHERE parent_id = '5' 
req_id:1505174420979375,date:2017-09-12 08:00:20,qt:navigate,msg:db_conf_key db1 Connect success !
req_id:1505174420979375,date:2017-09-12 08:00:20,qt:navigate,msg:SELECT `id`, `name` FROM `eval_school`
req_id:1505174420979375,date:2017-09-12 08:00:20,qt:navigate,msg:db_conf_key db1 Connect success !
req_id:1505174420979375,date:2017-09-12 08:00:20,qt:navigate,msg:SELECT distinct `edu_depart_id`, `school_id`, `grade`, `class` FROM `eval_evaluation` WHERE edu_depart_id = '6' 
req_id:1505174420979375,date:2017-09-12 08:00:20,qt:navigate,msg:query info : null
req_id:150517442141875,date:2017-09-12 08:00:21,qt:login,msg:query info : null
req_id:150517442157500,date:2017-09-12 08:00:21,qt:evaluation,msg:redis connect success
req_id:150517442157500,date:2017-09-12 08:00:21,qt:evaluation,msg:db_conf_key db1 Connect success !
req_id:150517442157500,date:2017-09-12 08:00:21,qt:evaluation,msg:SELECT `id`, `name` FROM `eval_department` WHERE parent_id = '5' 
req_id:150517442157500,date:2017-09-12 08:00:21,qt:evaluation,msg:db_conf_key db1 Connect success !
req_id:150517442157500,date:2017-09-12 08:00:21,qt:evaluation,msg:SELECT `score`, `gender`, `test_times`, `edu_depart_id`, `school_id`, `grade`, `class`, `sno` FROM `eval_evaluation` WHERE edu_depart_id = 6  AND test_times = '1' 
req_id:150517442157500,date:2017-09-12 08:00:21,qt:evaluation,msg:db_conf_key db1 Connect success !
req_id:150517442157500,date:2017-09-12 08:00:21,qt:evaluation,msg:SELECT `id`, `content`, `weight`, `parent_id` FROM `eval_index`
req_id:150517442157500,date:2017-09-12 08:00:21,qt:evaluation,msg:query info : null
req_id:1505174421604375,date:2017-09-12 08:00:21,qt:login,msg:query info : null
req_id:1505183152401250,date:2017-09-12 10:25:52,qt:login,msg:query info : null
req_id:1505183426151250,date:2017-09-12 10:30:26,qt:login,msg:query info : null
req_id:1505197838166875,date:2017-09-12 14:30:38,qt:login,msg:query info : null
req_id:1505197838182500,date:2017-09-12 14:30:38,qt:evaluation,msg:redis connect success
req_id:1505197838182500,date:2017-09-12 14:30:38,qt:evaluation,msg:db_conf_key db1 Connect success !
req_id:1505197838182500,date:2017-09-12 14:30:38,qt:evaluation,msg:SELECT `id`, `name` FROM `eval_department` WHERE parent_id = '5' 
req_id:1505197838182500,date:2017-09-12 14:30:38,qt:evaluation,msg:db_conf_key db1 Connect success !
req_id:1505197838182500,date:2017-09-12 14:30:38,qt:evaluation,msg:SELECT `score`, `gender`, `test_times`, `edu_depart_id`, `school_id`, `grade`, `class`, `sno` FROM `eval_evaluation` WHERE edu_depart_id = 6  AND test_times = '1' 
req_id:1505197838182500,date:2017-09-12 14:30:38,qt:evaluation,msg:db_conf_key db1 Connect success !
req_id:1505197838182500,date:2017-09-12 14:30:38,qt:evaluation,msg:SELECT `id`, `content`, `weight`, `parent_id` FROM `eval_index`
req_id:1505197838182500,date:2017-09-12 14:30:38,qt:evaluation,msg:query info : null
req_id:1505197840323125,date:2017-09-12 14:30:40,qt:login,msg:query info : null
req_id:1505197840323125,date:2017-09-12 14:30:40,qt:evaluation,msg:redis connect success
req_id:1505197840323125,date:2017-09-12 14:30:40,qt:evaluation,msg:db_conf_key db1 Connect success !
req_id:1505197840323125,date:2017-09-12 14:30:40,qt:evaluation,msg:SELECT `id`, `name` FROM `eval_department` WHERE parent_id = '5' 
req_id:1505197840323125,date:2017-09-12 14:30:40,qt:evaluation,msg:db_conf_key db1 Connect success !
req_id:1505197840323125,date:2017-09-12 14:30:40,qt:evaluation,msg:SELECT `score`, `gender`, `test_times`, `edu_depart_id`, `school_id`, `grade`, `class`, `sno` FROM `eval_evaluation` WHERE edu_depart_id = 6  AND test_times = '1' 
req_id:1505197840323125,date:2017-09-12 14:30:40,qt:evaluation,msg:db_conf_key db1 Connect success !
req_id:1505197840323125,date:2017-09-12 14:30:40,qt:evaluation,msg:SELECT `id`, `content`, `weight`, `parent_id` FROM `eval_index`
req_id:1505197840323125,date:2017-09-12 14:30:40,qt:evaluation,msg:query info : null
req_id:1505206586651250,date:2017-09-12 16:56:26,qt:login,msg:query info : null
req_id:1505207182151250,date:2017-09-12 17:06:22,qt:login,msg:query info : null
req_id:1505207182166875,date:2017-09-12 17:06:22,qt:evaluation,msg:redis connect success
req_id:1505207182166875,date:2017-09-12 17:06:22,qt:evaluation,msg:db_conf_key db1 Connect success !
req_id:1505207182166875,date:2017-09-12 17:06:22,qt:evaluation,msg:SELECT `id`, `name` FROM `eval_department` WHERE parent_id = '5' 
req_id:1505207182166875,date:2017-09-12 17:06:22,qt:evaluation,msg:db_conf_key db1 Connect success !
req_id:1505207182166875,date:2017-09-12 17:06:22,qt:evaluation,msg:SELECT `score`, `gender`, `test_times`, `edu_depart_id`, `school_id`, `grade`, `class`, `sno` FROM `eval_evaluation` WHERE edu_depart_id = 6  AND test_times = '1' 
req_id:1505207182166875,date:2017-09-12 17:06:22,qt:evaluation,msg:db_conf_key db1 Connect success !
req_id:1505207182166875,date:2017-09-12 17:06:22,qt:evaluation,msg:SELECT `id`, `content`, `weight`, `parent_id` FROM `eval_index`
req_id:1505207182166875,date:2017-09-12 17:06:22,qt:evaluation,msg:query info : null
