req_id:1492476474727875,date:2017-04-18 08:47:54,qt:login,msg:query info : null
req_id:1492476474759125,date:2017-04-18 08:47:54,qt:list,msg:db_conf_key db1 Connect success !
req_id:1492476474759125,date:2017-04-18 08:47:54,qt:list,msg:SELECT `id`, `content`, `weight`, `parent_id` FROM `eval_index`
req_id:1492476474759125,date:2017-04-18 08:47:54,qt:list,msg:query info : null
req_id:1492476474790375,date:2017-04-18 08:47:54,qt:navigate,msg:redis connect success
req_id:1492476474790375,date:2017-04-18 08:47:54,qt:navigate,msg:query info : null
req_id:1492476495212250,date:2017-04-18 08:48:15,qt:login,msg:db_conf_key db1 Connect success !
req_id:1492476495212250,date:2017-04-18 08:48:15,qt:login,msg:SELECT `id`, `account`, `passwd`, `name`, `parent_id` FROM `eval_department` WHERE account = 'wuzhong' 
req_id:1492476495212250,date:2017-04-18 08:48:15,qt:login,msg:query info : null
req_id:1492476495227875,date:2017-04-18 08:48:15,qt:login,msg:query info : null
req_id:1492476498665375,date:2017-04-18 08:48:18,qt:login,msg:query info : null
req_id:1492476498681000,date:2017-04-18 08:48:18,qt:list,msg:db_conf_key db1 Connect success !
req_id:1492476498681000,date:2017-04-18 08:48:18,qt:list,msg:SELECT `id`, `content`, `weight`, `parent_id` FROM `eval_index`
req_id:1492476498681000,date:2017-04-18 08:48:18,qt:list,msg:query info : null
req_id:1492476498712250,date:2017-04-18 08:48:18,qt:navigate,msg:redis connect success
req_id:1492476498712250,date:2017-04-18 08:48:18,qt:navigate,msg:db_conf_key db1 Connect success !
req_id:1492476498712250,date:2017-04-18 08:48:18,qt:navigate,msg:SELECT `id`, `name` FROM `eval_department` WHERE parent_id = '6' 
req_id:1492476498712250,date:2017-04-18 08:48:18,qt:navigate,msg:db_conf_key db1 Connect success !
req_id:1492476498712250,date:2017-04-18 08:48:18,qt:navigate,msg:SELECT `id`, `name` FROM `eval_school`
req_id:1492476498712250,date:2017-04-18 08:48:18,qt:navigate,msg:db_conf_key db1 Connect success !
req_id:1492476498712250,date:2017-04-18 08:48:18,qt:navigate,msg:SELECT distinct `edu_depart_id`, `school_id`, `grade`, `class` FROM `eval_evaluation` WHERE edu_depart_id = '6' 
req_id:1492476498712250,date:2017-04-18 08:48:18,qt:navigate,msg:query info : null
req_id:1492476498790375,date:2017-04-18 08:48:18,qt:evaluation,msg:redis connect success
req_id:1492476498790375,date:2017-04-18 08:48:18,qt:evaluation,msg:db_conf_key db1 Connect success !
req_id:1492476498790375,date:2017-04-18 08:48:18,qt:evaluation,msg:SELECT `score`, `gender`, `test_times`, `edu_depart_id`, `school_id`, `grade`, `class`, `sno` FROM `eval_evaluation` WHERE edu_depart_id = '6'  AND test_times = '1' 
req_id:1492476498790375,date:2017-04-18 08:48:18,qt:evaluation,msg:db_conf_key db1 Connect success !
req_id:1492476498790375,date:2017-04-18 08:48:18,qt:evaluation,msg:SELECT `id`, `content`, `weight`, `parent_id` FROM `eval_index`
req_id:1492476498790375,date:2017-04-18 08:48:18,qt:evaluation,msg:query info : null
req_id:149247651971625,date:2017-04-18 08:48:39,qt:login,msg:query info : null
req_id:149247651987250,date:2017-04-18 08:48:39,qt:list,msg:db_conf_key db1 Connect success !
req_id:149247651987250,date:2017-04-18 08:48:39,qt:list,msg:SELECT `id`, `content`, `weight`, `parent_id` FROM `eval_index`
req_id:149247651987250,date:2017-04-18 08:48:39,qt:list,msg:query info : null
req_id:1492476519102875,date:2017-04-18 08:48:39,qt:navigate,msg:redis connect success
req_id:1492476519102875,date:2017-04-18 08:48:39,qt:navigate,msg:query info : null
req_id:1492476519134125,date:2017-04-18 08:48:39,qt:evaluation,msg:redis connect success
req_id:1492476519134125,date:2017-04-18 08:48:39,qt:evaluation,msg:db_conf_key db1 Connect success !
req_id:1492476519134125,date:2017-04-18 08:48:39,qt:evaluation,msg:SELECT `score`, `gender`, `test_times`, `edu_depart_id`, `school_id`, `grade`, `class`, `sno` FROM `eval_evaluation` WHERE edu_depart_id = '6'  AND test_times = '1' 
req_id:1492476519134125,date:2017-04-18 08:48:39,qt:evaluation,msg:db_conf_key db1 Connect success !
req_id:1492476519134125,date:2017-04-18 08:48:39,qt:evaluation,msg:SELECT `id`, `content`, `weight`, `parent_id` FROM `eval_index`
req_id:1492476519134125,date:2017-04-18 08:48:39,qt:evaluation,msg:query info : null
req_id:1492476522821625,date:2017-04-18 08:48:42,qt:login,msg:query info : null
req_id:1492476522852875,date:2017-04-18 08:48:42,qt:result,msg:redis connect success
req_id:1492476522852875,date:2017-04-18 08:48:42,qt:result,msg:db_conf_key db1 Connect success !
req_id:1492476522852875,date:2017-04-18 08:48:42,qt:result,msg:SELECT `id`, `account`, `name`, `parent_id` FROM `eval_department` WHERE id = '6' 
req_id:1492476522852875,date:2017-04-18 08:48:42,qt:result,msg:db_conf_key db1 Connect success !
req_id:1492476522852875,date:2017-04-18 08:48:42,qt:result,msg:SELECT `id`, `name` FROM `eval_department` WHERE parent_id = '5' 
req_id:1492476522852875,date:2017-04-18 08:48:42,qt:result,msg:db_conf_key db1 Connect success !
req_id:1492476522852875,date:2017-04-18 08:48:42,qt:result,msg:SELECT `score`, `gender`, `test_times`, `edu_depart_id`, `school_id`, `grade`, `class`, `sno` FROM `eval_evaluation` WHERE edu_depart_id = 6  AND test_times = 1 
req_id:1492476522852875,date:2017-04-18 08:48:42,qt:result,msg:db_conf_key db1 Connect success !
req_id:1492476522852875,date:2017-04-18 08:48:42,qt:result,msg:SELECT `score`, `gender`, `test_times`, `edu_depart_id`, `school_id`, `grade`, `class`, `sno` FROM `eval_evaluation` WHERE edu_depart_id = 7  AND test_times = 1 
req_id:1492476522852875,date:2017-04-18 08:48:42,qt:result,msg:db_conf_key db1 Connect success !
req_id:1492476522852875,date:2017-04-18 08:48:42,qt:result,msg:SELECT `id`, `name` FROM `eval_department` WHERE parent_id = '5' 
req_id:1492476522852875,date:2017-04-18 08:48:42,qt:result,msg:db_conf_key db1 Connect success !
req_id:1492476522852875,date:2017-04-18 08:48:42,qt:result,msg:SELECT `id`, `content`, `weight`, `parent_id` FROM `eval_index`
req_id:1492476522852875,date:2017-04-18 08:48:42,qt:result,msg:query info : null
req_id:1492476524759125,date:2017-04-18 08:48:44,qt:login,msg:query info : null
req_id:1492476524790375,date:2017-04-18 08:48:44,qt:list,msg:db_conf_key db1 Connect success !
req_id:1492476524790375,date:2017-04-18 08:48:44,qt:list,msg:SELECT `id`, `content`, `weight`, `parent_id` FROM `eval_index`
req_id:1492476524790375,date:2017-04-18 08:48:44,qt:list,msg:query info : null
req_id:1492476524821625,date:2017-04-18 08:48:44,qt:navigate,msg:redis connect success
req_id:1492476524821625,date:2017-04-18 08:48:44,qt:navigate,msg:query info : null
req_id:1492476524868500,date:2017-04-18 08:48:44,qt:evaluation,msg:redis connect success
req_id:1492476524868500,date:2017-04-18 08:48:44,qt:evaluation,msg:query info : null
req_id:1492476558852875,date:2017-04-18 08:49:18,qt:evaluation,msg:redis connect success
req_id:1492476558852875,date:2017-04-18 08:49:18,qt:evaluation,msg:query info : null
req_id:1492476559884125,date:2017-04-18 08:49:19,qt:evaluation,msg:redis connect success
req_id:1492476559884125,date:2017-04-18 08:49:19,qt:evaluation,msg:query info : null
req_id:149247656756000,date:2017-04-18 08:49:27,qt:login,msg:query info : null
req_id:149247656771625,date:2017-04-18 08:49:27,qt:result,msg:redis connect success
req_id:149247656771625,date:2017-04-18 08:49:27,qt:result,msg:query info : null
