req_id:1496926007958625,date:2017-06-08 20:46:47,qt:login,msg:query info : null
req_id:1496926112818000,date:2017-06-08 20:48:32,qt:login,msg:query info : null
req_id:1496926125568000,date:2017-06-08 20:48:45,qt:login,msg:db_conf_key db1 Connect success !
req_id:1496926125568000,date:2017-06-08 20:48:45,qt:login,msg:SELECT `id`, `account`, `passwd`, `name`, `parent_id` FROM `eval_department` WHERE account = 'wuzhong' 
req_id:1496926125568000,date:2017-06-08 20:48:45,qt:login,msg:query info : null
req_id:1496926125911750,date:2017-06-08 20:48:45,qt:login,msg:query info : null
req_id:1496926125974250,date:2017-06-08 20:48:45,qt:list,msg:db_conf_key db1 Connect success !
req_id:1496926125974250,date:2017-06-08 20:48:45,qt:list,msg:SELECT `id`, `content`, `weight`, `parent_id` FROM `eval_index`
req_id:1496926125974250,date:2017-06-08 20:48:45,qt:list,msg:query info : null
req_id:14969261265500,date:2017-06-08 20:48:46,qt:navigate,msg:redis connect success
req_id:14969261265500,date:2017-06-08 20:48:46,qt:navigate,msg:db_conf_key db1 Connect success !
req_id:14969261265500,date:2017-06-08 20:48:46,qt:navigate,msg:SELECT `id`, `name` FROM `eval_department` WHERE parent_id = '6' 
req_id:14969261265500,date:2017-06-08 20:48:46,qt:navigate,msg:db_conf_key db1 Connect success !
req_id:14969261265500,date:2017-06-08 20:48:46,qt:navigate,msg:SELECT `id`, `name` FROM `eval_school`
req_id:14969261265500,date:2017-06-08 20:48:46,qt:navigate,msg:db_conf_key db1 Connect success !
req_id:14969261265500,date:2017-06-08 20:48:46,qt:navigate,msg:SELECT distinct `edu_depart_id`, `school_id`, `grade`, `class` FROM `eval_evaluation` WHERE edu_depart_id = '6' 
req_id:14969261265500,date:2017-06-08 20:48:46,qt:navigate,msg:query info : null
req_id:149692612668000,date:2017-06-08 20:48:46,qt:evaluation,msg:redis connect success
req_id:149692612668000,date:2017-06-08 20:48:46,qt:evaluation,msg:db_conf_key db1 Connect success !
req_id:149692612668000,date:2017-06-08 20:48:46,qt:evaluation,msg:SELECT `score`, `gender`, `test_times`, `edu_depart_id`, `school_id`, `grade`, `class`, `sno` FROM `eval_evaluation` WHERE edu_depart_id = '6'  AND test_times = '1' 
req_id:149692612668000,date:2017-06-08 20:48:46,qt:evaluation,msg:db_conf_key db1 Connect success !
req_id:149692612668000,date:2017-06-08 20:48:46,qt:evaluation,msg:SELECT `id`, `content`, `weight`, `parent_id` FROM `eval_index`
req_id:149692612668000,date:2017-06-08 20:48:46,qt:evaluation,msg:query info : null
req_id:1496926126552375,date:2017-06-08 20:48:46,qt:login,msg:query info : null
req_id:1496926135568000,date:2017-06-08 20:48:55,qt:login,msg:query info : null
req_id:1496926135583625,date:2017-06-08 20:48:55,qt:result,msg:redis connect success
req_id:1496926135583625,date:2017-06-08 20:48:55,qt:result,msg:db_conf_key db1 Connect success !
req_id:1496926135583625,date:2017-06-08 20:48:55,qt:result,msg:SELECT `id`, `account`, `name`, `parent_id` FROM `eval_department` WHERE id = '6' 
req_id:1496926135583625,date:2017-06-08 20:48:55,qt:result,msg:db_conf_key db1 Connect success !
req_id:1496926135583625,date:2017-06-08 20:48:55,qt:result,msg:SELECT `id`, `name` FROM `eval_department` WHERE parent_id = '5' 
req_id:1496926135583625,date:2017-06-08 20:48:55,qt:result,msg:db_conf_key db1 Connect success !
req_id:1496926135583625,date:2017-06-08 20:48:55,qt:result,msg:SELECT `score`, `gender`, `test_times`, `edu_depart_id`, `school_id`, `grade`, `class`, `sno` FROM `eval_evaluation` WHERE edu_depart_id = 6  AND test_times = 1 
req_id:1496926135583625,date:2017-06-08 20:48:55,qt:result,msg:db_conf_key db1 Connect success !
req_id:1496926135583625,date:2017-06-08 20:48:55,qt:result,msg:SELECT `id`, `name` FROM `eval_department` WHERE parent_id = '5' 
req_id:1496926135583625,date:2017-06-08 20:48:55,qt:result,msg:db_conf_key db1 Connect success !
req_id:1496926135583625,date:2017-06-08 20:48:55,qt:result,msg:SELECT `id`, `content`, `weight`, `parent_id` FROM `eval_index`
req_id:1496926135583625,date:2017-06-08 20:48:55,qt:result,msg:query info : null
req_id:1496926135818000,date:2017-06-08 20:48:55,qt:login,msg:query info : null
req_id:1496926136739875,date:2017-06-08 20:48:56,qt:login,msg:query info : null
req_id:1496926136755500,date:2017-06-08 20:48:56,qt:list,msg:db_conf_key db1 Connect success !
req_id:1496926136755500,date:2017-06-08 20:48:56,qt:list,msg:SELECT `id`, `content`, `weight`, `parent_id` FROM `eval_index`
req_id:1496926136755500,date:2017-06-08 20:48:56,qt:list,msg:query info : null
req_id:1496926136771125,date:2017-06-08 20:48:56,qt:navigate,msg:redis connect success
req_id:1496926136771125,date:2017-06-08 20:48:56,qt:navigate,msg:query info : null
req_id:1496926136786750,date:2017-06-08 20:48:56,qt:evaluation,msg:redis connect success
req_id:1496926136786750,date:2017-06-08 20:48:56,qt:evaluation,msg:db_conf_key db1 Connect success !
req_id:1496926136786750,date:2017-06-08 20:48:56,qt:evaluation,msg:SELECT `score`, `gender`, `test_times`, `edu_depart_id`, `school_id`, `grade`, `class`, `sno` FROM `eval_evaluation` WHERE edu_depart_id = '6'  AND test_times = '1' 
req_id:1496926136786750,date:2017-06-08 20:48:56,qt:evaluation,msg:db_conf_key db1 Connect success !
req_id:1496926136786750,date:2017-06-08 20:48:56,qt:evaluation,msg:SELECT `id`, `content`, `weight`, `parent_id` FROM `eval_index`
req_id:1496926136786750,date:2017-06-08 20:48:56,qt:evaluation,msg:query info : null
req_id:14969261375500,date:2017-06-08 20:48:57,qt:login,msg:query info : null
req_id:1496926140161750,date:2017-06-08 20:49:00,qt:evaluation,msg:redis connect success
req_id:1496926140161750,date:2017-06-08 20:49:00,qt:evaluation,msg:db_conf_key db1 Connect success !
req_id:1496926140161750,date:2017-06-08 20:49:00,qt:evaluation,msg:SELECT `score`, `gender`, `test_times`, `edu_depart_id`, `school_id`, `grade`, `class`, `sno` FROM `eval_evaluation` WHERE edu_depart_id = '6'  AND test_times = '1' 
req_id:1496926140161750,date:2017-06-08 20:49:00,qt:evaluation,msg:db_conf_key db1 Connect success !
req_id:1496926140161750,date:2017-06-08 20:49:00,qt:evaluation,msg:SELECT `id`, `name` FROM `eval_school`
req_id:1496926140161750,date:2017-06-08 20:49:00,qt:evaluation,msg:db_conf_key db1 Connect success !
req_id:1496926140161750,date:2017-06-08 20:49:00,qt:evaluation,msg:SELECT `id`, `content`, `weight`, `parent_id` FROM `eval_index`
req_id:1496926140161750,date:2017-06-08 20:49:00,qt:evaluation,msg:query info : null
