req_id:1488768487599382,date:2017-03-06 10:48:07,qt:questionnaire,msg:db_conf_key db1 Connect success !
req_id:1488768487599382,date:2017-03-06 10:48:07,qt:questionnaire,msg:SELECT `id`, `title` FROM `que_title` WHERE id = '1' 
req_id:1488768487599382,date:2017-03-06 10:48:07,qt:questionnaire,msg:SELECT `questionnaire_id`, `question_id` FROM `que_title_question` WHERE questionnaire_id = '1' 
req_id:1488768487599382,date:2017-03-06 10:48:07,qt:questionnaire,msg:db_conf_key db1 Connect success !
req_id:1488768487599382,date:2017-03-06 10:48:07,qt:questionnaire,msg:SELECT `id`, `content`, `type` FROM `que_question` WHERE id in (1,2) 
req_id:1488768487599382,date:2017-03-06 10:48:07,qt:questionnaire,msg:db_conf_key db1 Connect success !
req_id:1488768487599382,date:2017-03-06 10:48:07,qt:questionnaire,msg:SELECT `id`, `content`, `question_id`, `order` FROM `que_option` WHERE question_id in (1,2) 
req_id:1488768487599382,date:2017-03-06 10:48:07,qt:questionnaire,msg:query info : null
req_id:1488768694724382,date:2017-03-06 10:51:34,qt:questionnaire,msg:db_conf_key db1 Connect success !
req_id:1488768694724382,date:2017-03-06 10:51:34,qt:questionnaire,msg:INSERT INTO `que_title_question`(`questionnaire_id`, `question_id`, `create_time`) VALUES('1','2','2017-03-06 10:51:34'),('1','1','2017-03-06 10:51:34')
req_id:1488768694724382,date:2017-03-06 10:51:34,qt:questionnaire,msg:query info : null
req_id:1488773260115007,date:2017-03-06 12:07:40,qt:list,msg:db_conf_key db1 Connect success !
req_id:1488773260115007,date:2017-03-06 12:07:40,qt:list,msg:SELECT `id`, `content`, `weight`, `parent_id` FROM `eval_index`
req_id:1488773260115007,date:2017-03-06 12:07:40,qt:list,msg:SELECT `question_id`, `index_id` FROM `eval_question_index`
req_id:1488773260115007,date:2017-03-06 12:07:40,qt:list,msg:query info : null
req_id:1488773262458757,date:2017-03-06 12:07:42,qt:list,msg:db_conf_key db1 Connect success !
req_id:1488773262458757,date:2017-03-06 12:07:42,qt:list,msg:SELECT `id`, `content`, `weight`, `parent_id` FROM `eval_index`
req_id:1488773262458757,date:2017-03-06 12:07:42,qt:list,msg:SELECT `question_id`, `index_id` FROM `eval_question_index`
req_id:1488773262458757,date:2017-03-06 12:07:42,qt:list,msg:query info : null
req_id:1488773263318132,date:2017-03-06 12:07:43,qt:list,msg:db_conf_key db1 Connect success !
req_id:1488773263318132,date:2017-03-06 12:07:43,qt:list,msg:SELECT `id`, `content`, `weight`, `parent_id` FROM `eval_index`
req_id:1488773263318132,date:2017-03-06 12:07:43,qt:list,msg:SELECT `question_id`, `index_id` FROM `eval_question_index`
req_id:1488773263318132,date:2017-03-06 12:07:43,qt:list,msg:query info : null
req_id:1488773270318132,date:2017-03-06 12:07:50,qt:list,msg:db_conf_key db1 Connect success !
req_id:1488773270318132,date:2017-03-06 12:07:50,qt:list,msg:SELECT `id`, `content`, `weight`, `parent_id` FROM `eval_index`
req_id:1488773270318132,date:2017-03-06 12:07:50,qt:list,msg:SELECT `question_id`, `index_id` FROM `eval_question_index`
req_id:1488773270318132,date:2017-03-06 12:07:50,qt:list,msg:query info : null
req_id:1488805679536882,date:2017-03-06 21:07:59,qt:list,msg:db_conf_key db1 Connect success !
req_id:1488805679536882,date:2017-03-06 21:07:59,qt:list,msg:SELECT `id`, `content`, `weight`, `parent_id` FROM `eval_index`
req_id:1488805679536882,date:2017-03-06 21:07:59,qt:list,msg:SELECT `question_id`, `index_id` FROM `eval_question_index`
req_id:1488805679536882,date:2017-03-06 21:07:59,qt:list,msg:query info : null
req_id:1488805684646257,date:2017-03-06 21:08:04,qt:list,msg:db_conf_key db1 Connect success !
req_id:1488805684646257,date:2017-03-06 21:08:04,qt:list,msg:SELECT `id`, `content`, `weight`, `parent_id` FROM `eval_index`
req_id:1488805684646257,date:2017-03-06 21:08:04,qt:list,msg:SELECT `question_id`, `index_id` FROM `eval_question_index`
req_id:1488805684646257,date:2017-03-06 21:08:04,qt:list,msg:query info : null
req_id:1488805686193132,date:2017-03-06 21:08:06,qt:list,msg:db_conf_key db1 Connect success !
req_id:1488805686193132,date:2017-03-06 21:08:06,qt:list,msg:SELECT `id`, `content`, `weight`, `parent_id` FROM `eval_index`
req_id:1488805686193132,date:2017-03-06 21:08:06,qt:list,msg:SELECT `question_id`, `index_id` FROM `eval_question_index`
req_id:1488805686193132,date:2017-03-06 21:08:06,qt:list,msg:query info : null
req_id:1488805687583757,date:2017-03-06 21:08:07,qt:list,msg:db_conf_key db1 Connect success !
req_id:1488805687583757,date:2017-03-06 21:08:07,qt:list,msg:SELECT `id`, `content`, `weight`, `parent_id` FROM `eval_index`
req_id:1488805687583757,date:2017-03-06 21:08:07,qt:list,msg:SELECT `question_id`, `index_id` FROM `eval_question_index`
req_id:1488805687583757,date:2017-03-06 21:08:07,qt:list,msg:query info : null
req_id:1488805690755632,date:2017-03-06 21:08:10,qt:list,msg:db_conf_key db1 Connect success !
req_id:1488805690755632,date:2017-03-06 21:08:10,qt:list,msg:SELECT `id`, `content`, `weight`, `parent_id` FROM `eval_index`
req_id:1488805690755632,date:2017-03-06 21:08:10,qt:list,msg:SELECT `question_id`, `index_id` FROM `eval_question_index`
req_id:1488805690755632,date:2017-03-06 21:08:10,qt:list,msg:query info : null
req_id:1488805704224382,date:2017-03-06 21:08:24,qt:list,msg:db_conf_key db1 Connect success !
req_id:1488805704224382,date:2017-03-06 21:08:24,qt:list,msg:SELECT `id`, `content`, `weight`, `parent_id` FROM `eval_index`
req_id:1488805704224382,date:2017-03-06 21:08:24,qt:list,msg:SELECT `question_id`, `index_id` FROM `eval_question_index`
req_id:1488805704224382,date:2017-03-06 21:08:24,qt:list,msg:query info : null
req_id:1488805705271257,date:2017-03-06 21:08:25,qt:list,msg:db_conf_key db1 Connect success !
req_id:1488805705271257,date:2017-03-06 21:08:25,qt:list,msg:SELECT `id`, `content`, `weight`, `parent_id` FROM `eval_index`
req_id:1488805705271257,date:2017-03-06 21:08:25,qt:list,msg:SELECT `question_id`, `index_id` FROM `eval_question_index`
req_id:1488805705271257,date:2017-03-06 21:08:25,qt:list,msg:query info : null
req_id:1488805706177507,date:2017-03-06 21:08:26,qt:list,msg:db_conf_key db1 Connect success !
req_id:1488805706177507,date:2017-03-06 21:08:26,qt:list,msg:SELECT `id`, `content`, `weight`, `parent_id` FROM `eval_index`
req_id:1488805706177507,date:2017-03-06 21:08:26,qt:list,msg:SELECT `question_id`, `index_id` FROM `eval_question_index`
req_id:1488805706177507,date:2017-03-06 21:08:26,qt:list,msg:query info : null
req_id:1488807247818132,date:2017-03-06 21:34:07,qt:list,msg:db_conf_key db1 Connect success !
req_id:1488807247818132,date:2017-03-06 21:34:07,qt:list,msg:SELECT `id`, `content`, `weight`, `parent_id` FROM `eval_index`
req_id:1488807247818132,date:2017-03-06 21:34:07,qt:list,msg:SELECT `question_id`, `index_id` FROM `eval_question_index`
req_id:1488807247818132,date:2017-03-06 21:34:07,qt:list,msg:query info : null
req_id:1488807249911882,date:2017-03-06 21:34:09,qt:list,msg:db_conf_key db1 Connect success !
req_id:1488807249911882,date:2017-03-06 21:34:09,qt:list,msg:SELECT `id`, `content`, `weight`, `parent_id` FROM `eval_index`
req_id:1488807249911882,date:2017-03-06 21:34:09,qt:list,msg:SELECT `question_id`, `index_id` FROM `eval_question_index`
req_id:1488807249911882,date:2017-03-06 21:34:09,qt:list,msg:query info : null
req_id:1488807251521257,date:2017-03-06 21:34:11,qt:list,msg:db_conf_key db1 Connect success !
req_id:1488807251521257,date:2017-03-06 21:34:11,qt:list,msg:SELECT `id`, `content`, `weight`, `parent_id` FROM `eval_index`
req_id:1488807251521257,date:2017-03-06 21:34:11,qt:list,msg:SELECT `question_id`, `index_id` FROM `eval_question_index`
req_id:1488807251521257,date:2017-03-06 21:34:11,qt:list,msg:query info : null
req_id:148880725336882,date:2017-03-06 21:34:13,qt:list,msg:db_conf_key db1 Connect success !
req_id:148880725336882,date:2017-03-06 21:34:13,qt:list,msg:SELECT `id`, `content`, `weight`, `parent_id` FROM `eval_index`
req_id:148880725336882,date:2017-03-06 21:34:13,qt:list,msg:SELECT `question_id`, `index_id` FROM `eval_question_index`
req_id:148880725336882,date:2017-03-06 21:34:13,qt:list,msg:query info : null
